[2023-10-31T20:36:29.198+0000] {processor.py:157} INFO - Started process (PID=169) to work on /opt/airflow/dags/dag.py
[2023-10-31T20:36:29.199+0000] {processor.py:829} INFO - Processing file /opt/airflow/dags/dag.py for tasks to queue
[2023-10-31T20:36:29.200+0000] {logging_mixin.py:151} INFO - [2023-10-31T20:36:29.200+0000] {dagbag.py:539} INFO - Filling up the DagBag from /opt/airflow/dags/dag.py
[2023-10-31T20:36:31.910+0000] {processor.py:839} INFO - DAG(s) dict_keys(['random_names']) retrieved from /opt/airflow/dags/dag.py
[2023-10-31T20:36:34.165+0000] {logging_mixin.py:151} INFO - [2023-10-31T20:36:34.165+0000] {security.py:708} INFO - Not syncing DAG-level permissions for DAG 'DAG:random_names' as access control is unset.
[2023-10-31T20:36:34.166+0000] {logging_mixin.py:151} INFO - [2023-10-31T20:36:34.166+0000] {dag.py:2915} INFO - Sync 1 DAGs
[2023-10-31T20:36:34.410+0000] {logging_mixin.py:151} INFO - [2023-10-31T20:36:34.410+0000] {dag.py:3696} INFO - Setting next_dagrun for random_names to 2023-10-31T20:30:00+00:00, run_after=2023-10-31T20:35:00+00:00
[2023-10-31T20:36:34.578+0000] {processor.py:179} INFO - Processing /opt/airflow/dags/dag.py took 5.383 seconds
[2023-10-31T20:37:04.779+0000] {processor.py:157} INFO - Started process (PID=181) to work on /opt/airflow/dags/dag.py
[2023-10-31T20:37:04.882+0000] {processor.py:829} INFO - Processing file /opt/airflow/dags/dag.py for tasks to queue
[2023-10-31T20:37:04.884+0000] {logging_mixin.py:151} INFO - [2023-10-31T20:37:04.883+0000] {dagbag.py:539} INFO - Filling up the DagBag from /opt/airflow/dags/dag.py
[2023-10-31T20:37:05.593+0000] {processor.py:839} INFO - DAG(s) dict_keys(['random_names']) retrieved from /opt/airflow/dags/dag.py
[2023-10-31T20:37:05.815+0000] {logging_mixin.py:151} INFO - [2023-10-31T20:37:05.815+0000] {dag.py:2915} INFO - Sync 1 DAGs
[2023-10-31T20:37:05.861+0000] {logging_mixin.py:151} INFO - [2023-10-31T20:37:05.861+0000] {dag.py:3696} INFO - Setting next_dagrun for random_names to 2023-10-31T20:30:00+00:00, run_after=2023-10-31T20:35:00+00:00
[2023-10-31T20:37:05.907+0000] {processor.py:179} INFO - Processing /opt/airflow/dags/dag.py took 1.138 seconds
[2023-10-31T20:37:36.110+0000] {processor.py:157} INFO - Started process (PID=193) to work on /opt/airflow/dags/dag.py
[2023-10-31T20:37:36.203+0000] {processor.py:829} INFO - Processing file /opt/airflow/dags/dag.py for tasks to queue
[2023-10-31T20:37:36.205+0000] {logging_mixin.py:151} INFO - [2023-10-31T20:37:36.204+0000] {dagbag.py:539} INFO - Filling up the DagBag from /opt/airflow/dags/dag.py
[2023-10-31T20:37:37.495+0000] {processor.py:839} INFO - DAG(s) dict_keys(['random_names']) retrieved from /opt/airflow/dags/dag.py
[2023-10-31T20:37:38.109+0000] {logging_mixin.py:151} INFO - [2023-10-31T20:37:38.108+0000] {dag.py:2915} INFO - Sync 1 DAGs
[2023-10-31T20:37:38.199+0000] {logging_mixin.py:151} INFO - [2023-10-31T20:37:38.198+0000] {dag.py:3696} INFO - Setting next_dagrun for random_names to 2023-10-31T20:30:00+00:00, run_after=2023-10-31T20:35:00+00:00
[2023-10-31T20:37:38.464+0000] {processor.py:179} INFO - Processing /opt/airflow/dags/dag.py took 2.356 seconds
[2023-10-31T20:38:08.706+0000] {processor.py:157} INFO - Started process (PID=205) to work on /opt/airflow/dags/dag.py
[2023-10-31T20:38:08.822+0000] {processor.py:829} INFO - Processing file /opt/airflow/dags/dag.py for tasks to queue
[2023-10-31T20:38:08.825+0000] {logging_mixin.py:151} INFO - [2023-10-31T20:38:08.824+0000] {dagbag.py:539} INFO - Filling up the DagBag from /opt/airflow/dags/dag.py
[2023-10-31T20:38:13.785+0000] {processor.py:839} INFO - DAG(s) dict_keys(['random_names']) retrieved from /opt/airflow/dags/dag.py
[2023-10-31T20:38:13.806+0000] {logging_mixin.py:151} INFO - [2023-10-31T20:38:13.805+0000] {dag.py:2915} INFO - Sync 1 DAGs
[2023-10-31T20:38:13.824+0000] {logging_mixin.py:151} INFO - [2023-10-31T20:38:13.824+0000] {dag.py:3696} INFO - Setting next_dagrun for random_names to 2023-10-31T20:30:00+00:00, run_after=2023-10-31T20:35:00+00:00
[2023-10-31T20:38:13.915+0000] {processor.py:179} INFO - Processing /opt/airflow/dags/dag.py took 5.215 seconds
[2023-10-31T20:38:45.057+0000] {processor.py:157} INFO - Started process (PID=217) to work on /opt/airflow/dags/dag.py
[2023-10-31T20:38:45.201+0000] {processor.py:829} INFO - Processing file /opt/airflow/dags/dag.py for tasks to queue
[2023-10-31T20:38:45.203+0000] {logging_mixin.py:151} INFO - [2023-10-31T20:38:45.203+0000] {dagbag.py:539} INFO - Filling up the DagBag from /opt/airflow/dags/dag.py
[2023-10-31T20:38:49.338+0000] {processor.py:839} INFO - DAG(s) dict_keys(['random_names']) retrieved from /opt/airflow/dags/dag.py
[2023-10-31T20:38:51.366+0000] {logging_mixin.py:151} INFO - [2023-10-31T20:38:51.365+0000] {dag.py:2915} INFO - Sync 1 DAGs
[2023-10-31T20:38:51.546+0000] {logging_mixin.py:151} INFO - [2023-10-31T20:38:51.546+0000] {dag.py:3696} INFO - Setting next_dagrun for random_names to 2023-10-31T20:35:00+00:00, run_after=2023-10-31T20:40:00+00:00
[2023-10-31T20:38:52.182+0000] {processor.py:179} INFO - Processing /opt/airflow/dags/dag.py took 7.134 seconds
[2023-10-31T20:39:24.451+0000] {processor.py:157} INFO - Started process (PID=233) to work on /opt/airflow/dags/dag.py
[2023-10-31T20:39:24.711+0000] {processor.py:829} INFO - Processing file /opt/airflow/dags/dag.py for tasks to queue
[2023-10-31T20:39:24.714+0000] {logging_mixin.py:151} INFO - [2023-10-31T20:39:24.713+0000] {dagbag.py:539} INFO - Filling up the DagBag from /opt/airflow/dags/dag.py
[2023-10-31T20:39:36.543+0000] {processor.py:839} INFO - DAG(s) dict_keys(['random_names']) retrieved from /opt/airflow/dags/dag.py
[2023-10-31T20:39:37.857+0000] {logging_mixin.py:151} INFO - [2023-10-31T20:39:37.857+0000] {dag.py:2915} INFO - Sync 1 DAGs
[2023-10-31T20:39:38.265+0000] {logging_mixin.py:151} INFO - [2023-10-31T20:39:38.264+0000] {dag.py:3696} INFO - Setting next_dagrun for random_names to 2023-10-31T20:35:00+00:00, run_after=2023-10-31T20:40:00+00:00
[2023-10-31T20:39:38.551+0000] {processor.py:179} INFO - Processing /opt/airflow/dags/dag.py took 14.111 seconds
[2023-10-31T20:40:08.910+0000] {processor.py:157} INFO - Started process (PID=251) to work on /opt/airflow/dags/dag.py
[2023-10-31T20:40:09.008+0000] {processor.py:829} INFO - Processing file /opt/airflow/dags/dag.py for tasks to queue
[2023-10-31T20:40:09.009+0000] {logging_mixin.py:151} INFO - [2023-10-31T20:40:09.009+0000] {dagbag.py:539} INFO - Filling up the DagBag from /opt/airflow/dags/dag.py
[2023-10-31T20:40:11.192+0000] {processor.py:839} INFO - DAG(s) dict_keys(['random_names']) retrieved from /opt/airflow/dags/dag.py
[2023-10-31T20:40:21.137+0000] {logging_mixin.py:151} INFO - [2023-10-31T20:40:21.136+0000] {dag.py:2915} INFO - Sync 1 DAGs
[2023-10-31T20:40:21.274+0000] {logging_mixin.py:151} INFO - [2023-10-31T20:40:21.274+0000] {dag.py:3696} INFO - Setting next_dagrun for random_names to 2023-10-31T20:40:00+00:00, run_after=2023-10-31T20:45:00+00:00
[2023-10-31T20:40:21.870+0000] {processor.py:179} INFO - Processing /opt/airflow/dags/dag.py took 12.965 seconds
[2023-10-31T20:40:52.262+0000] {processor.py:157} INFO - Started process (PID=263) to work on /opt/airflow/dags/dag.py
[2023-10-31T20:40:52.399+0000] {processor.py:829} INFO - Processing file /opt/airflow/dags/dag.py for tasks to queue
[2023-10-31T20:40:52.401+0000] {logging_mixin.py:151} INFO - [2023-10-31T20:40:52.400+0000] {dagbag.py:539} INFO - Filling up the DagBag from /opt/airflow/dags/dag.py
[2023-10-31T20:40:53.439+0000] {processor.py:839} INFO - DAG(s) dict_keys(['random_names']) retrieved from /opt/airflow/dags/dag.py
[2023-10-31T20:40:54.357+0000] {logging_mixin.py:151} INFO - [2023-10-31T20:40:54.357+0000] {dag.py:2915} INFO - Sync 1 DAGs
[2023-10-31T20:40:54.387+0000] {logging_mixin.py:151} INFO - [2023-10-31T20:40:54.387+0000] {dag.py:3696} INFO - Setting next_dagrun for random_names to 2023-10-31T20:40:00+00:00, run_after=2023-10-31T20:45:00+00:00
[2023-10-31T20:40:54.495+0000] {processor.py:179} INFO - Processing /opt/airflow/dags/dag.py took 2.242 seconds
[2023-10-31T20:41:24.825+0000] {processor.py:157} INFO - Started process (PID=275) to work on /opt/airflow/dags/dag.py
[2023-10-31T20:41:24.843+0000] {processor.py:829} INFO - Processing file /opt/airflow/dags/dag.py for tasks to queue
[2023-10-31T20:41:24.843+0000] {logging_mixin.py:151} INFO - [2023-10-31T20:41:24.843+0000] {dagbag.py:539} INFO - Filling up the DagBag from /opt/airflow/dags/dag.py
[2023-10-31T20:41:25.186+0000] {processor.py:839} INFO - DAG(s) dict_keys(['random_names']) retrieved from /opt/airflow/dags/dag.py
[2023-10-31T20:41:25.359+0000] {logging_mixin.py:151} INFO - [2023-10-31T20:41:25.359+0000] {dag.py:2915} INFO - Sync 1 DAGs
[2023-10-31T20:41:25.388+0000] {logging_mixin.py:151} INFO - [2023-10-31T20:41:25.388+0000] {dag.py:3696} INFO - Setting next_dagrun for random_names to 2023-10-31T20:40:00+00:00, run_after=2023-10-31T20:45:00+00:00
[2023-10-31T20:41:25.466+0000] {processor.py:179} INFO - Processing /opt/airflow/dags/dag.py took 0.649 seconds
[2023-10-31T20:41:55.761+0000] {processor.py:157} INFO - Started process (PID=287) to work on /opt/airflow/dags/dag.py
[2023-10-31T20:41:55.773+0000] {processor.py:829} INFO - Processing file /opt/airflow/dags/dag.py for tasks to queue
[2023-10-31T20:41:55.775+0000] {logging_mixin.py:151} INFO - [2023-10-31T20:41:55.774+0000] {dagbag.py:539} INFO - Filling up the DagBag from /opt/airflow/dags/dag.py
[2023-10-31T20:41:55.896+0000] {processor.py:839} INFO - DAG(s) dict_keys(['random_names']) retrieved from /opt/airflow/dags/dag.py
[2023-10-31T20:41:55.914+0000] {logging_mixin.py:151} INFO - [2023-10-31T20:41:55.914+0000] {dag.py:2915} INFO - Sync 1 DAGs
[2023-10-31T20:41:55.932+0000] {logging_mixin.py:151} INFO - [2023-10-31T20:41:55.931+0000] {dag.py:3696} INFO - Setting next_dagrun for random_names to 2023-10-31T20:40:00+00:00, run_after=2023-10-31T20:45:00+00:00
[2023-10-31T20:41:55.972+0000] {processor.py:179} INFO - Processing /opt/airflow/dags/dag.py took 0.223 seconds
[2023-10-31T20:42:26.236+0000] {processor.py:157} INFO - Started process (PID=299) to work on /opt/airflow/dags/dag.py
[2023-10-31T20:42:26.258+0000] {processor.py:829} INFO - Processing file /opt/airflow/dags/dag.py for tasks to queue
[2023-10-31T20:42:26.261+0000] {logging_mixin.py:151} INFO - [2023-10-31T20:42:26.260+0000] {dagbag.py:539} INFO - Filling up the DagBag from /opt/airflow/dags/dag.py
[2023-10-31T20:42:26.628+0000] {processor.py:839} INFO - DAG(s) dict_keys(['random_names']) retrieved from /opt/airflow/dags/dag.py
[2023-10-31T20:42:26.955+0000] {logging_mixin.py:151} INFO - [2023-10-31T20:42:26.954+0000] {dag.py:2915} INFO - Sync 1 DAGs
[2023-10-31T20:42:26.994+0000] {logging_mixin.py:151} INFO - [2023-10-31T20:42:26.994+0000] {dag.py:3696} INFO - Setting next_dagrun for random_names to 2023-10-31T20:40:00+00:00, run_after=2023-10-31T20:45:00+00:00
[2023-10-31T20:42:27.046+0000] {processor.py:179} INFO - Processing /opt/airflow/dags/dag.py took 0.823 seconds
[2023-10-31T20:42:57.175+0000] {processor.py:157} INFO - Started process (PID=311) to work on /opt/airflow/dags/dag.py
[2023-10-31T20:42:57.197+0000] {processor.py:829} INFO - Processing file /opt/airflow/dags/dag.py for tasks to queue
[2023-10-31T20:42:57.199+0000] {logging_mixin.py:151} INFO - [2023-10-31T20:42:57.198+0000] {dagbag.py:539} INFO - Filling up the DagBag from /opt/airflow/dags/dag.py
[2023-10-31T20:42:57.637+0000] {processor.py:839} INFO - DAG(s) dict_keys(['random_names']) retrieved from /opt/airflow/dags/dag.py
[2023-10-31T20:42:57.997+0000] {logging_mixin.py:151} INFO - [2023-10-31T20:42:57.997+0000] {dag.py:2915} INFO - Sync 1 DAGs
[2023-10-31T20:42:58.158+0000] {logging_mixin.py:151} INFO - [2023-10-31T20:42:58.157+0000] {dag.py:3696} INFO - Setting next_dagrun for random_names to 2023-10-31T20:40:00+00:00, run_after=2023-10-31T20:45:00+00:00
[2023-10-31T20:42:58.251+0000] {processor.py:179} INFO - Processing /opt/airflow/dags/dag.py took 1.080 seconds
[2023-10-31T20:43:28.428+0000] {processor.py:157} INFO - Started process (PID=323) to work on /opt/airflow/dags/dag.py
[2023-10-31T20:43:28.536+0000] {processor.py:829} INFO - Processing file /opt/airflow/dags/dag.py for tasks to queue
[2023-10-31T20:43:28.537+0000] {logging_mixin.py:151} INFO - [2023-10-31T20:43:28.537+0000] {dagbag.py:539} INFO - Filling up the DagBag from /opt/airflow/dags/dag.py
[2023-10-31T20:43:28.708+0000] {processor.py:839} INFO - DAG(s) dict_keys(['random_names']) retrieved from /opt/airflow/dags/dag.py
[2023-10-31T20:43:29.195+0000] {logging_mixin.py:151} INFO - [2023-10-31T20:43:29.195+0000] {dag.py:2915} INFO - Sync 1 DAGs
[2023-10-31T20:43:29.454+0000] {logging_mixin.py:151} INFO - [2023-10-31T20:43:29.454+0000] {dag.py:3696} INFO - Setting next_dagrun for random_names to 2023-10-31T20:40:00+00:00, run_after=2023-10-31T20:45:00+00:00
[2023-10-31T20:43:29.606+0000] {processor.py:179} INFO - Processing /opt/airflow/dags/dag.py took 1.189 seconds
[2023-10-31T20:43:59.985+0000] {processor.py:157} INFO - Started process (PID=335) to work on /opt/airflow/dags/dag.py
[2023-10-31T20:44:00.086+0000] {processor.py:829} INFO - Processing file /opt/airflow/dags/dag.py for tasks to queue
[2023-10-31T20:44:00.165+0000] {logging_mixin.py:151} INFO - [2023-10-31T20:44:00.088+0000] {dagbag.py:539} INFO - Filling up the DagBag from /opt/airflow/dags/dag.py
[2023-10-31T20:44:01.682+0000] {processor.py:839} INFO - DAG(s) dict_keys(['random_names']) retrieved from /opt/airflow/dags/dag.py
[2023-10-31T20:44:03.107+0000] {logging_mixin.py:151} INFO - [2023-10-31T20:44:03.107+0000] {dag.py:2915} INFO - Sync 1 DAGs
[2023-10-31T20:44:03.614+0000] {logging_mixin.py:151} INFO - [2023-10-31T20:44:03.614+0000] {dag.py:3696} INFO - Setting next_dagrun for random_names to 2023-10-31T20:40:00+00:00, run_after=2023-10-31T20:45:00+00:00
[2023-10-31T20:44:03.786+0000] {processor.py:179} INFO - Processing /opt/airflow/dags/dag.py took 3.861 seconds
[2023-10-31T20:44:37.227+0000] {processor.py:157} INFO - Started process (PID=347) to work on /opt/airflow/dags/dag.py
[2023-10-31T20:44:37.454+0000] {processor.py:829} INFO - Processing file /opt/airflow/dags/dag.py for tasks to queue
[2023-10-31T20:44:37.457+0000] {logging_mixin.py:151} INFO - [2023-10-31T20:44:37.456+0000] {dagbag.py:539} INFO - Filling up the DagBag from /opt/airflow/dags/dag.py
[2023-10-31T20:44:50.982+0000] {processor.py:839} INFO - DAG(s) dict_keys(['random_names']) retrieved from /opt/airflow/dags/dag.py
[2023-10-31T20:45:07.815+0000] {logging_mixin.py:151} INFO - [2023-10-31T20:45:07.633+0000] {dag.py:2915} INFO - Sync 1 DAGs
[2023-10-31T20:45:09.890+0000] {logging_mixin.py:151} INFO - [2023-10-31T20:45:09.890+0000] {dag.py:3696} INFO - Setting next_dagrun for random_names to 2023-10-31T20:40:00+00:00, run_after=2023-10-31T20:45:00+00:00
[2023-10-31T20:45:10.935+0000] {processor.py:179} INFO - Processing /opt/airflow/dags/dag.py took 33.906 seconds
[2023-10-31T20:45:41.970+0000] {processor.py:157} INFO - Started process (PID=365) to work on /opt/airflow/dags/dag.py
[2023-10-31T20:45:42.367+0000] {processor.py:829} INFO - Processing file /opt/airflow/dags/dag.py for tasks to queue
[2023-10-31T20:45:42.370+0000] {logging_mixin.py:151} INFO - [2023-10-31T20:45:42.369+0000] {dagbag.py:539} INFO - Filling up the DagBag from /opt/airflow/dags/dag.py
[2023-10-31T20:45:49.751+0000] {processor.py:839} INFO - DAG(s) dict_keys(['random_names']) retrieved from /opt/airflow/dags/dag.py
[2023-10-31T20:46:17.607+0000] {logging_mixin.py:151} INFO - [2023-10-31T20:46:17.606+0000] {dag.py:2915} INFO - Sync 1 DAGs
[2023-10-31T20:46:19.986+0000] {logging_mixin.py:151} INFO - [2023-10-31T20:46:19.986+0000] {dag.py:3696} INFO - Setting next_dagrun for random_names to 2023-10-31T20:40:00+00:00, run_after=2023-10-31T20:45:00+00:00
[2023-10-31T20:46:21.481+0000] {processor.py:179} INFO - Processing /opt/airflow/dags/dag.py took 39.517 seconds
[2023-10-31T20:46:52.301+0000] {processor.py:157} INFO - Started process (PID=377) to work on /opt/airflow/dags/dag.py
[2023-10-31T20:46:52.940+0000] {processor.py:829} INFO - Processing file /opt/airflow/dags/dag.py for tasks to queue
[2023-10-31T20:46:52.943+0000] {logging_mixin.py:151} INFO - [2023-10-31T20:46:52.942+0000] {dagbag.py:539} INFO - Filling up the DagBag from /opt/airflow/dags/dag.py
[2023-10-31T20:46:57.751+0000] {processor.py:839} INFO - DAG(s) dict_keys(['random_names']) retrieved from /opt/airflow/dags/dag.py
[2023-10-31T20:47:03.404+0000] {logging_mixin.py:151} INFO - [2023-10-31T20:47:03.403+0000] {dag.py:2915} INFO - Sync 1 DAGs
[2023-10-31T20:47:03.547+0000] {logging_mixin.py:151} INFO - [2023-10-31T20:47:03.547+0000] {dag.py:3696} INFO - Setting next_dagrun for random_names to 2023-10-31T20:40:00+00:00, run_after=2023-10-31T20:45:00+00:00
[2023-10-31T20:47:03.996+0000] {processor.py:179} INFO - Processing /opt/airflow/dags/dag.py took 11.705 seconds
[2023-10-31T20:47:34.577+0000] {processor.py:157} INFO - Started process (PID=390) to work on /opt/airflow/dags/dag.py
[2023-10-31T20:47:34.592+0000] {processor.py:829} INFO - Processing file /opt/airflow/dags/dag.py for tasks to queue
[2023-10-31T20:47:34.594+0000] {logging_mixin.py:151} INFO - [2023-10-31T20:47:34.593+0000] {dagbag.py:539} INFO - Filling up the DagBag from /opt/airflow/dags/dag.py
[2023-10-31T20:47:35.000+0000] {processor.py:839} INFO - DAG(s) dict_keys(['random_names']) retrieved from /opt/airflow/dags/dag.py
[2023-10-31T20:47:35.058+0000] {logging_mixin.py:151} INFO - [2023-10-31T20:47:35.058+0000] {dag.py:2915} INFO - Sync 1 DAGs
[2023-10-31T20:47:35.079+0000] {logging_mixin.py:151} INFO - [2023-10-31T20:47:35.079+0000] {dag.py:3696} INFO - Setting next_dagrun for random_names to 2023-10-31T20:40:00+00:00, run_after=2023-10-31T20:45:00+00:00
[2023-10-31T20:47:35.122+0000] {processor.py:179} INFO - Processing /opt/airflow/dags/dag.py took 0.550 seconds
[2023-10-31T20:48:45.511+0000] {processor.py:157} INFO - Started process (PID=402) to work on /opt/airflow/dags/dag.py
[2023-10-31T20:48:46.997+0000] {processor.py:829} INFO - Processing file /opt/airflow/dags/dag.py for tasks to queue
[2023-10-31T20:48:46.999+0000] {logging_mixin.py:151} INFO - [2023-10-31T20:48:46.999+0000] {dagbag.py:539} INFO - Filling up the DagBag from /opt/airflow/dags/dag.py
