[2023-11-01T11:42:39.927+0000] {processor.py:157} INFO - Started process (PID=168) to work on /opt/airflow/dags/dag.py
[2023-11-01T11:42:39.927+0000] {processor.py:829} INFO - Processing file /opt/airflow/dags/dag.py for tasks to queue
[2023-11-01T11:42:39.928+0000] {logging_mixin.py:151} INFO - [2023-11-01T11:42:39.928+0000] {dagbag.py:539} INFO - Filling up the DagBag from /opt/airflow/dags/dag.py
[2023-11-01T11:42:40.718+0000] {processor.py:839} INFO - DAG(s) dict_keys(['random_names']) retrieved from /opt/airflow/dags/dag.py
[2023-11-01T11:42:44.914+0000] {logging_mixin.py:151} INFO - [2023-11-01T11:42:44.914+0000] {security.py:708} INFO - Not syncing DAG-level permissions for DAG 'DAG:random_names' as access control is unset.
[2023-11-01T11:42:44.914+0000] {logging_mixin.py:151} INFO - [2023-11-01T11:42:44.914+0000] {dag.py:2915} INFO - Sync 1 DAGs
[2023-11-01T11:42:45.172+0000] {logging_mixin.py:151} INFO - [2023-11-01T11:42:45.172+0000] {dag.py:3696} INFO - Setting next_dagrun for random_names to 2023-11-01T11:35:00+00:00, run_after=2023-11-01T11:40:00+00:00
[2023-11-01T11:42:45.521+0000] {processor.py:179} INFO - Processing /opt/airflow/dags/dag.py took 5.596 seconds
[2023-11-01T11:43:15.715+0000] {processor.py:157} INFO - Started process (PID=181) to work on /opt/airflow/dags/dag.py
[2023-11-01T11:43:15.911+0000] {processor.py:829} INFO - Processing file /opt/airflow/dags/dag.py for tasks to queue
[2023-11-01T11:43:15.913+0000] {logging_mixin.py:151} INFO - [2023-11-01T11:43:15.912+0000] {dagbag.py:539} INFO - Filling up the DagBag from /opt/airflow/dags/dag.py
[2023-11-01T11:43:16.077+0000] {processor.py:839} INFO - DAG(s) dict_keys(['random_names']) retrieved from /opt/airflow/dags/dag.py
[2023-11-01T11:43:16.094+0000] {logging_mixin.py:151} INFO - [2023-11-01T11:43:16.094+0000] {dag.py:2915} INFO - Sync 1 DAGs
[2023-11-01T11:43:16.115+0000] {logging_mixin.py:151} INFO - [2023-11-01T11:43:16.115+0000] {dag.py:3696} INFO - Setting next_dagrun for random_names to 2023-11-01T11:35:00+00:00, run_after=2023-11-01T11:40:00+00:00
[2023-11-01T11:43:16.184+0000] {processor.py:179} INFO - Processing /opt/airflow/dags/dag.py took 0.471 seconds
[2023-11-01T11:43:46.565+0000] {processor.py:157} INFO - Started process (PID=193) to work on /opt/airflow/dags/dag.py
[2023-11-01T11:43:46.592+0000] {processor.py:829} INFO - Processing file /opt/airflow/dags/dag.py for tasks to queue
[2023-11-01T11:43:46.593+0000] {logging_mixin.py:151} INFO - [2023-11-01T11:43:46.593+0000] {dagbag.py:539} INFO - Filling up the DagBag from /opt/airflow/dags/dag.py
[2023-11-01T11:43:47.095+0000] {processor.py:839} INFO - DAG(s) dict_keys(['random_names']) retrieved from /opt/airflow/dags/dag.py
[2023-11-01T11:43:47.313+0000] {logging_mixin.py:151} INFO - [2023-11-01T11:43:47.312+0000] {dag.py:2915} INFO - Sync 1 DAGs
[2023-11-01T11:43:47.342+0000] {logging_mixin.py:151} INFO - [2023-11-01T11:43:47.342+0000] {dag.py:3696} INFO - Setting next_dagrun for random_names to 2023-11-01T11:35:00+00:00, run_after=2023-11-01T11:40:00+00:00
[2023-11-01T11:43:47.369+0000] {processor.py:179} INFO - Processing /opt/airflow/dags/dag.py took 0.807 seconds
[2023-11-01T11:44:17.827+0000] {processor.py:157} INFO - Started process (PID=204) to work on /opt/airflow/dags/dag.py
[2023-11-01T11:44:18.151+0000] {processor.py:829} INFO - Processing file /opt/airflow/dags/dag.py for tasks to queue
[2023-11-01T11:44:18.154+0000] {logging_mixin.py:151} INFO - [2023-11-01T11:44:18.153+0000] {dagbag.py:539} INFO - Filling up the DagBag from /opt/airflow/dags/dag.py
[2023-11-01T11:44:19.122+0000] {processor.py:839} INFO - DAG(s) dict_keys(['random_names']) retrieved from /opt/airflow/dags/dag.py
[2023-11-01T11:44:19.244+0000] {logging_mixin.py:151} INFO - [2023-11-01T11:44:19.244+0000] {dag.py:2915} INFO - Sync 1 DAGs
[2023-11-01T11:44:19.266+0000] {logging_mixin.py:151} INFO - [2023-11-01T11:44:19.266+0000] {dag.py:3696} INFO - Setting next_dagrun for random_names to 2023-11-01T11:35:00+00:00, run_after=2023-11-01T11:40:00+00:00
[2023-11-01T11:44:19.304+0000] {processor.py:179} INFO - Processing /opt/airflow/dags/dag.py took 1.483 seconds
[2023-11-01T11:44:49.523+0000] {processor.py:157} INFO - Started process (PID=218) to work on /opt/airflow/dags/dag.py
[2023-11-01T11:44:49.732+0000] {processor.py:829} INFO - Processing file /opt/airflow/dags/dag.py for tasks to queue
[2023-11-01T11:44:49.735+0000] {logging_mixin.py:151} INFO - [2023-11-01T11:44:49.734+0000] {dagbag.py:539} INFO - Filling up the DagBag from /opt/airflow/dags/dag.py
[2023-11-01T11:44:52.333+0000] {processor.py:839} INFO - DAG(s) dict_keys(['random_names']) retrieved from /opt/airflow/dags/dag.py
[2023-11-01T11:44:53.732+0000] {logging_mixin.py:151} INFO - [2023-11-01T11:44:53.731+0000] {dag.py:2915} INFO - Sync 1 DAGs
[2023-11-01T11:44:53.753+0000] {logging_mixin.py:151} INFO - [2023-11-01T11:44:53.753+0000] {dag.py:3696} INFO - Setting next_dagrun for random_names to 2023-11-01T11:40:00+00:00, run_after=2023-11-01T11:45:00+00:00
[2023-11-01T11:44:53.886+0000] {processor.py:179} INFO - Processing /opt/airflow/dags/dag.py took 4.367 seconds
[2023-11-01T11:45:24.478+0000] {processor.py:157} INFO - Started process (PID=234) to work on /opt/airflow/dags/dag.py
[2023-11-01T11:45:24.486+0000] {processor.py:829} INFO - Processing file /opt/airflow/dags/dag.py for tasks to queue
[2023-11-01T11:45:24.487+0000] {logging_mixin.py:151} INFO - [2023-11-01T11:45:24.487+0000] {dagbag.py:539} INFO - Filling up the DagBag from /opt/airflow/dags/dag.py
[2023-11-01T11:45:24.665+0000] {processor.py:839} INFO - DAG(s) dict_keys(['random_names']) retrieved from /opt/airflow/dags/dag.py
[2023-11-01T11:45:24.687+0000] {logging_mixin.py:151} INFO - [2023-11-01T11:45:24.687+0000] {dag.py:2915} INFO - Sync 1 DAGs
[2023-11-01T11:45:24.710+0000] {logging_mixin.py:151} INFO - [2023-11-01T11:45:24.710+0000] {dag.py:3696} INFO - Setting next_dagrun for random_names to 2023-11-01T11:45:00+00:00, run_after=2023-11-01T11:50:00+00:00
[2023-11-01T11:45:24.779+0000] {processor.py:179} INFO - Processing /opt/airflow/dags/dag.py took 0.312 seconds
[2023-11-01T11:45:54.932+0000] {processor.py:157} INFO - Started process (PID=250) to work on /opt/airflow/dags/dag.py
[2023-11-01T11:45:54.986+0000] {processor.py:829} INFO - Processing file /opt/airflow/dags/dag.py for tasks to queue
[2023-11-01T11:45:54.988+0000] {logging_mixin.py:151} INFO - [2023-11-01T11:45:54.987+0000] {dagbag.py:539} INFO - Filling up the DagBag from /opt/airflow/dags/dag.py
[2023-11-01T11:45:55.070+0000] {processor.py:839} INFO - DAG(s) dict_keys(['random_names']) retrieved from /opt/airflow/dags/dag.py
[2023-11-01T11:45:55.094+0000] {logging_mixin.py:151} INFO - [2023-11-01T11:45:55.094+0000] {dag.py:2915} INFO - Sync 1 DAGs
[2023-11-01T11:45:55.118+0000] {logging_mixin.py:151} INFO - [2023-11-01T11:45:55.118+0000] {dag.py:3696} INFO - Setting next_dagrun for random_names to 2023-11-01T11:45:00+00:00, run_after=2023-11-01T11:50:00+00:00
[2023-11-01T11:45:55.137+0000] {processor.py:179} INFO - Processing /opt/airflow/dags/dag.py took 0.216 seconds
[2023-11-01T11:46:25.320+0000] {processor.py:157} INFO - Started process (PID=264) to work on /opt/airflow/dags/dag.py
[2023-11-01T11:46:25.349+0000] {processor.py:829} INFO - Processing file /opt/airflow/dags/dag.py for tasks to queue
[2023-11-01T11:46:25.350+0000] {logging_mixin.py:151} INFO - [2023-11-01T11:46:25.350+0000] {dagbag.py:539} INFO - Filling up the DagBag from /opt/airflow/dags/dag.py
[2023-11-01T11:46:25.411+0000] {processor.py:839} INFO - DAG(s) dict_keys(['random_names']) retrieved from /opt/airflow/dags/dag.py
[2023-11-01T11:46:25.437+0000] {logging_mixin.py:151} INFO - [2023-11-01T11:46:25.436+0000] {dag.py:2915} INFO - Sync 1 DAGs
[2023-11-01T11:46:25.471+0000] {logging_mixin.py:151} INFO - [2023-11-01T11:46:25.471+0000] {dag.py:3696} INFO - Setting next_dagrun for random_names to 2023-11-01T11:45:00+00:00, run_after=2023-11-01T11:50:00+00:00
[2023-11-01T11:46:25.621+0000] {processor.py:179} INFO - Processing /opt/airflow/dags/dag.py took 0.305 seconds
[2023-11-01T11:50:30.252+0000] {processor.py:157} INFO - Started process (PID=168) to work on /opt/airflow/dags/dag.py
[2023-11-01T11:50:30.268+0000] {processor.py:829} INFO - Processing file /opt/airflow/dags/dag.py for tasks to queue
[2023-11-01T11:50:30.269+0000] {logging_mixin.py:151} INFO - [2023-11-01T11:50:30.268+0000] {dagbag.py:539} INFO - Filling up the DagBag from /opt/airflow/dags/dag.py
[2023-11-01T11:50:30.524+0000] {processor.py:839} INFO - DAG(s) dict_keys(['random_names']) retrieved from /opt/airflow/dags/dag.py
[2023-11-01T11:50:30.911+0000] {logging_mixin.py:151} INFO - [2023-11-01T11:50:30.910+0000] {security.py:708} INFO - Not syncing DAG-level permissions for DAG 'DAG:random_names' as access control is unset.
[2023-11-01T11:50:30.911+0000] {logging_mixin.py:151} INFO - [2023-11-01T11:50:30.911+0000] {dag.py:2915} INFO - Sync 1 DAGs
[2023-11-01T11:50:30.953+0000] {logging_mixin.py:151} INFO - [2023-11-01T11:50:30.953+0000] {dag.py:3696} INFO - Setting next_dagrun for random_names to 2023-11-01T11:45:00+00:00, run_after=2023-11-01T11:50:00+00:00
[2023-11-01T11:50:31.003+0000] {processor.py:179} INFO - Processing /opt/airflow/dags/dag.py took 0.754 seconds
[2023-11-01T11:51:01.194+0000] {processor.py:157} INFO - Started process (PID=184) to work on /opt/airflow/dags/dag.py
[2023-11-01T11:51:01.217+0000] {processor.py:829} INFO - Processing file /opt/airflow/dags/dag.py for tasks to queue
[2023-11-01T11:51:01.219+0000] {logging_mixin.py:151} INFO - [2023-11-01T11:51:01.218+0000] {dagbag.py:539} INFO - Filling up the DagBag from /opt/airflow/dags/dag.py
[2023-11-01T11:51:01.464+0000] {processor.py:839} INFO - DAG(s) dict_keys(['random_names']) retrieved from /opt/airflow/dags/dag.py
[2023-11-01T11:51:01.697+0000] {logging_mixin.py:151} INFO - [2023-11-01T11:51:01.697+0000] {dag.py:2915} INFO - Sync 1 DAGs
[2023-11-01T11:51:01.754+0000] {logging_mixin.py:151} INFO - [2023-11-01T11:51:01.754+0000] {dag.py:3696} INFO - Setting next_dagrun for random_names to 2023-11-01T11:50:00+00:00, run_after=2023-11-01T11:55:00+00:00
[2023-11-01T11:51:01.850+0000] {processor.py:179} INFO - Processing /opt/airflow/dags/dag.py took 0.659 seconds
[2023-11-01T11:51:31.976+0000] {processor.py:157} INFO - Started process (PID=196) to work on /opt/airflow/dags/dag.py
[2023-11-01T11:51:32.114+0000] {processor.py:829} INFO - Processing file /opt/airflow/dags/dag.py for tasks to queue
[2023-11-01T11:51:32.116+0000] {logging_mixin.py:151} INFO - [2023-11-01T11:51:32.115+0000] {dagbag.py:539} INFO - Filling up the DagBag from /opt/airflow/dags/dag.py
[2023-11-01T11:51:33.014+0000] {processor.py:839} INFO - DAG(s) dict_keys(['random_names']) retrieved from /opt/airflow/dags/dag.py
[2023-11-01T11:51:33.180+0000] {logging_mixin.py:151} INFO - [2023-11-01T11:51:33.179+0000] {dag.py:2915} INFO - Sync 1 DAGs
[2023-11-01T11:51:33.212+0000] {logging_mixin.py:151} INFO - [2023-11-01T11:51:33.212+0000] {dag.py:3696} INFO - Setting next_dagrun for random_names to 2023-11-01T11:50:00+00:00, run_after=2023-11-01T11:55:00+00:00
[2023-11-01T11:51:33.274+0000] {processor.py:179} INFO - Processing /opt/airflow/dags/dag.py took 1.301 seconds
[2023-11-01T11:52:03.552+0000] {processor.py:157} INFO - Started process (PID=208) to work on /opt/airflow/dags/dag.py
[2023-11-01T11:52:03.761+0000] {processor.py:829} INFO - Processing file /opt/airflow/dags/dag.py for tasks to queue
[2023-11-01T11:52:03.765+0000] {logging_mixin.py:151} INFO - [2023-11-01T11:52:03.763+0000] {dagbag.py:539} INFO - Filling up the DagBag from /opt/airflow/dags/dag.py
[2023-11-01T11:52:06.146+0000] {processor.py:839} INFO - DAG(s) dict_keys(['random_names']) retrieved from /opt/airflow/dags/dag.py
[2023-11-01T11:52:06.341+0000] {logging_mixin.py:151} INFO - [2023-11-01T11:52:06.341+0000] {dag.py:2915} INFO - Sync 1 DAGs
[2023-11-01T11:52:06.384+0000] {logging_mixin.py:151} INFO - [2023-11-01T11:52:06.383+0000] {dag.py:3696} INFO - Setting next_dagrun for random_names to 2023-11-01T11:50:00+00:00, run_after=2023-11-01T11:55:00+00:00
[2023-11-01T11:52:06.450+0000] {processor.py:179} INFO - Processing /opt/airflow/dags/dag.py took 2.902 seconds
[2023-11-01T11:52:36.739+0000] {processor.py:157} INFO - Started process (PID=223) to work on /opt/airflow/dags/dag.py
[2023-11-01T11:52:36.760+0000] {processor.py:829} INFO - Processing file /opt/airflow/dags/dag.py for tasks to queue
[2023-11-01T11:52:36.761+0000] {logging_mixin.py:151} INFO - [2023-11-01T11:52:36.760+0000] {dagbag.py:539} INFO - Filling up the DagBag from /opt/airflow/dags/dag.py
[2023-11-01T11:52:36.936+0000] {processor.py:839} INFO - DAG(s) dict_keys(['random_names']) retrieved from /opt/airflow/dags/dag.py
[2023-11-01T11:52:37.051+0000] {logging_mixin.py:151} INFO - [2023-11-01T11:52:37.050+0000] {dag.py:2915} INFO - Sync 1 DAGs
[2023-11-01T11:52:37.092+0000] {logging_mixin.py:151} INFO - [2023-11-01T11:52:37.092+0000] {dag.py:3696} INFO - Setting next_dagrun for random_names to 2023-11-01T11:50:00+00:00, run_after=2023-11-01T11:55:00+00:00
[2023-11-01T11:52:37.133+0000] {processor.py:179} INFO - Processing /opt/airflow/dags/dag.py took 0.399 seconds
[2023-11-01T11:53:07.365+0000] {processor.py:157} INFO - Started process (PID=235) to work on /opt/airflow/dags/dag.py
[2023-11-01T11:53:07.371+0000] {processor.py:829} INFO - Processing file /opt/airflow/dags/dag.py for tasks to queue
[2023-11-01T11:53:07.373+0000] {logging_mixin.py:151} INFO - [2023-11-01T11:53:07.372+0000] {dagbag.py:539} INFO - Filling up the DagBag from /opt/airflow/dags/dag.py
[2023-11-01T11:53:07.519+0000] {processor.py:839} INFO - DAG(s) dict_keys(['random_names']) retrieved from /opt/airflow/dags/dag.py
[2023-11-01T11:53:07.538+0000] {logging_mixin.py:151} INFO - [2023-11-01T11:53:07.538+0000] {dag.py:2915} INFO - Sync 1 DAGs
[2023-11-01T11:53:07.559+0000] {logging_mixin.py:151} INFO - [2023-11-01T11:53:07.558+0000] {dag.py:3696} INFO - Setting next_dagrun for random_names to 2023-11-01T11:50:00+00:00, run_after=2023-11-01T11:55:00+00:00
[2023-11-01T11:53:07.575+0000] {processor.py:179} INFO - Processing /opt/airflow/dags/dag.py took 0.220 seconds
[2023-11-01T11:53:37.804+0000] {processor.py:157} INFO - Started process (PID=247) to work on /opt/airflow/dags/dag.py
[2023-11-01T11:53:37.806+0000] {processor.py:829} INFO - Processing file /opt/airflow/dags/dag.py for tasks to queue
[2023-11-01T11:53:37.808+0000] {logging_mixin.py:151} INFO - [2023-11-01T11:53:37.807+0000] {dagbag.py:539} INFO - Filling up the DagBag from /opt/airflow/dags/dag.py
[2023-11-01T11:53:37.967+0000] {processor.py:839} INFO - DAG(s) dict_keys(['random_names']) retrieved from /opt/airflow/dags/dag.py
[2023-11-01T11:53:37.987+0000] {logging_mixin.py:151} INFO - [2023-11-01T11:53:37.987+0000] {dag.py:2915} INFO - Sync 1 DAGs
[2023-11-01T11:53:38.006+0000] {logging_mixin.py:151} INFO - [2023-11-01T11:53:38.006+0000] {dag.py:3696} INFO - Setting next_dagrun for random_names to 2023-11-01T11:50:00+00:00, run_after=2023-11-01T11:55:00+00:00
[2023-11-01T11:53:38.063+0000] {processor.py:179} INFO - Processing /opt/airflow/dags/dag.py took 0.268 seconds
[2023-11-01T11:54:08.278+0000] {processor.py:157} INFO - Started process (PID=259) to work on /opt/airflow/dags/dag.py
[2023-11-01T11:54:08.280+0000] {processor.py:829} INFO - Processing file /opt/airflow/dags/dag.py for tasks to queue
[2023-11-01T11:54:08.282+0000] {logging_mixin.py:151} INFO - [2023-11-01T11:54:08.281+0000] {dagbag.py:539} INFO - Filling up the DagBag from /opt/airflow/dags/dag.py
[2023-11-01T11:54:08.344+0000] {processor.py:839} INFO - DAG(s) dict_keys(['random_names']) retrieved from /opt/airflow/dags/dag.py
[2023-11-01T11:54:08.365+0000] {logging_mixin.py:151} INFO - [2023-11-01T11:54:08.365+0000] {dag.py:2915} INFO - Sync 1 DAGs
[2023-11-01T11:54:08.389+0000] {logging_mixin.py:151} INFO - [2023-11-01T11:54:08.389+0000] {dag.py:3696} INFO - Setting next_dagrun for random_names to 2023-11-01T11:50:00+00:00, run_after=2023-11-01T11:55:00+00:00
[2023-11-01T11:54:08.403+0000] {processor.py:179} INFO - Processing /opt/airflow/dags/dag.py took 0.136 seconds
[2023-11-01T11:54:38.462+0000] {processor.py:157} INFO - Started process (PID=271) to work on /opt/airflow/dags/dag.py
[2023-11-01T11:54:38.470+0000] {processor.py:829} INFO - Processing file /opt/airflow/dags/dag.py for tasks to queue
[2023-11-01T11:54:38.471+0000] {logging_mixin.py:151} INFO - [2023-11-01T11:54:38.470+0000] {dagbag.py:539} INFO - Filling up the DagBag from /opt/airflow/dags/dag.py
[2023-11-01T11:54:38.658+0000] {processor.py:839} INFO - DAG(s) dict_keys(['random_names']) retrieved from /opt/airflow/dags/dag.py
[2023-11-01T11:54:38.715+0000] {logging_mixin.py:151} INFO - [2023-11-01T11:54:38.714+0000] {dag.py:2915} INFO - Sync 1 DAGs
[2023-11-01T11:54:38.739+0000] {logging_mixin.py:151} INFO - [2023-11-01T11:54:38.739+0000] {dag.py:3696} INFO - Setting next_dagrun for random_names to 2023-11-01T11:50:00+00:00, run_after=2023-11-01T11:55:00+00:00
[2023-11-01T11:54:38.791+0000] {processor.py:179} INFO - Processing /opt/airflow/dags/dag.py took 0.332 seconds
[2023-11-01T11:55:09.001+0000] {processor.py:157} INFO - Started process (PID=286) to work on /opt/airflow/dags/dag.py
[2023-11-01T11:55:09.023+0000] {processor.py:829} INFO - Processing file /opt/airflow/dags/dag.py for tasks to queue
[2023-11-01T11:55:09.024+0000] {logging_mixin.py:151} INFO - [2023-11-01T11:55:09.023+0000] {dagbag.py:539} INFO - Filling up the DagBag from /opt/airflow/dags/dag.py
[2023-11-01T11:55:09.485+0000] {processor.py:839} INFO - DAG(s) dict_keys(['random_names']) retrieved from /opt/airflow/dags/dag.py
[2023-11-01T11:55:09.598+0000] {logging_mixin.py:151} INFO - [2023-11-01T11:55:09.597+0000] {dag.py:2915} INFO - Sync 1 DAGs
[2023-11-01T11:55:09.633+0000] {logging_mixin.py:151} INFO - [2023-11-01T11:55:09.633+0000] {dag.py:3696} INFO - Setting next_dagrun for random_names to 2023-11-01T11:55:00+00:00, run_after=2023-11-01T12:00:00+00:00
[2023-11-01T11:55:09.668+0000] {processor.py:179} INFO - Processing /opt/airflow/dags/dag.py took 0.671 seconds
[2023-11-01T11:55:39.914+0000] {processor.py:157} INFO - Started process (PID=298) to work on /opt/airflow/dags/dag.py
[2023-11-01T11:55:39.938+0000] {processor.py:829} INFO - Processing file /opt/airflow/dags/dag.py for tasks to queue
[2023-11-01T11:55:39.940+0000] {logging_mixin.py:151} INFO - [2023-11-01T11:55:39.940+0000] {dagbag.py:539} INFO - Filling up the DagBag from /opt/airflow/dags/dag.py
[2023-11-01T11:55:40.004+0000] {processor.py:839} INFO - DAG(s) dict_keys(['random_names']) retrieved from /opt/airflow/dags/dag.py
[2023-11-01T11:55:40.026+0000] {logging_mixin.py:151} INFO - [2023-11-01T11:55:40.025+0000] {dag.py:2915} INFO - Sync 1 DAGs
[2023-11-01T11:55:40.044+0000] {logging_mixin.py:151} INFO - [2023-11-01T11:55:40.044+0000] {dag.py:3696} INFO - Setting next_dagrun for random_names to 2023-11-01T11:55:00+00:00, run_after=2023-11-01T12:00:00+00:00
[2023-11-01T11:55:40.077+0000] {processor.py:179} INFO - Processing /opt/airflow/dags/dag.py took 0.173 seconds
[2023-11-01T11:56:10.142+0000] {processor.py:157} INFO - Started process (PID=310) to work on /opt/airflow/dags/dag.py
[2023-11-01T11:56:10.156+0000] {processor.py:829} INFO - Processing file /opt/airflow/dags/dag.py for tasks to queue
[2023-11-01T11:56:10.159+0000] {logging_mixin.py:151} INFO - [2023-11-01T11:56:10.158+0000] {dagbag.py:539} INFO - Filling up the DagBag from /opt/airflow/dags/dag.py
[2023-11-01T11:56:10.590+0000] {processor.py:839} INFO - DAG(s) dict_keys(['random_names']) retrieved from /opt/airflow/dags/dag.py
[2023-11-01T11:56:10.721+0000] {logging_mixin.py:151} INFO - [2023-11-01T11:56:10.720+0000] {dag.py:2915} INFO - Sync 1 DAGs
[2023-11-01T11:56:10.757+0000] {logging_mixin.py:151} INFO - [2023-11-01T11:56:10.757+0000] {dag.py:3696} INFO - Setting next_dagrun for random_names to 2023-11-01T11:55:00+00:00, run_after=2023-11-01T12:00:00+00:00
[2023-11-01T11:56:10.772+0000] {processor.py:179} INFO - Processing /opt/airflow/dags/dag.py took 0.641 seconds
[2023-11-01T11:56:40.982+0000] {processor.py:157} INFO - Started process (PID=322) to work on /opt/airflow/dags/dag.py
[2023-11-01T11:56:41.023+0000] {processor.py:829} INFO - Processing file /opt/airflow/dags/dag.py for tasks to queue
[2023-11-01T11:56:41.024+0000] {logging_mixin.py:151} INFO - [2023-11-01T11:56:41.024+0000] {dagbag.py:539} INFO - Filling up the DagBag from /opt/airflow/dags/dag.py
[2023-11-01T11:56:41.086+0000] {processor.py:839} INFO - DAG(s) dict_keys(['random_names']) retrieved from /opt/airflow/dags/dag.py
[2023-11-01T11:56:41.106+0000] {logging_mixin.py:151} INFO - [2023-11-01T11:56:41.106+0000] {dag.py:2915} INFO - Sync 1 DAGs
[2023-11-01T11:56:41.125+0000] {logging_mixin.py:151} INFO - [2023-11-01T11:56:41.125+0000] {dag.py:3696} INFO - Setting next_dagrun for random_names to 2023-11-01T11:55:00+00:00, run_after=2023-11-01T12:00:00+00:00
[2023-11-01T11:56:41.143+0000] {processor.py:179} INFO - Processing /opt/airflow/dags/dag.py took 0.163 seconds
[2023-11-01T11:57:11.280+0000] {processor.py:157} INFO - Started process (PID=334) to work on /opt/airflow/dags/dag.py
[2023-11-01T11:57:11.314+0000] {processor.py:829} INFO - Processing file /opt/airflow/dags/dag.py for tasks to queue
[2023-11-01T11:57:11.319+0000] {logging_mixin.py:151} INFO - [2023-11-01T11:57:11.316+0000] {dagbag.py:539} INFO - Filling up the DagBag from /opt/airflow/dags/dag.py
[2023-11-01T11:57:11.391+0000] {processor.py:839} INFO - DAG(s) dict_keys(['random_names']) retrieved from /opt/airflow/dags/dag.py
[2023-11-01T11:57:11.412+0000] {logging_mixin.py:151} INFO - [2023-11-01T11:57:11.412+0000] {dag.py:2915} INFO - Sync 1 DAGs
[2023-11-01T11:57:11.432+0000] {logging_mixin.py:151} INFO - [2023-11-01T11:57:11.432+0000] {dag.py:3696} INFO - Setting next_dagrun for random_names to 2023-11-01T11:55:00+00:00, run_after=2023-11-01T12:00:00+00:00
[2023-11-01T11:57:11.475+0000] {processor.py:179} INFO - Processing /opt/airflow/dags/dag.py took 0.197 seconds
[2023-11-01T11:57:41.564+0000] {processor.py:157} INFO - Started process (PID=346) to work on /opt/airflow/dags/dag.py
[2023-11-01T11:57:41.572+0000] {processor.py:829} INFO - Processing file /opt/airflow/dags/dag.py for tasks to queue
[2023-11-01T11:57:41.572+0000] {logging_mixin.py:151} INFO - [2023-11-01T11:57:41.572+0000] {dagbag.py:539} INFO - Filling up the DagBag from /opt/airflow/dags/dag.py
[2023-11-01T11:57:41.612+0000] {processor.py:839} INFO - DAG(s) dict_keys(['random_names']) retrieved from /opt/airflow/dags/dag.py
[2023-11-01T11:57:41.631+0000] {logging_mixin.py:151} INFO - [2023-11-01T11:57:41.631+0000] {dag.py:2915} INFO - Sync 1 DAGs
[2023-11-01T11:57:41.651+0000] {logging_mixin.py:151} INFO - [2023-11-01T11:57:41.651+0000] {dag.py:3696} INFO - Setting next_dagrun for random_names to 2023-11-01T11:55:00+00:00, run_after=2023-11-01T12:00:00+00:00
[2023-11-01T11:57:41.673+0000] {processor.py:179} INFO - Processing /opt/airflow/dags/dag.py took 0.112 seconds
[2023-11-01T11:58:11.886+0000] {processor.py:157} INFO - Started process (PID=358) to work on /opt/airflow/dags/dag.py
[2023-11-01T11:58:11.989+0000] {processor.py:829} INFO - Processing file /opt/airflow/dags/dag.py for tasks to queue
[2023-11-01T11:58:11.991+0000] {logging_mixin.py:151} INFO - [2023-11-01T11:58:11.990+0000] {dagbag.py:539} INFO - Filling up the DagBag from /opt/airflow/dags/dag.py
[2023-11-01T11:58:12.369+0000] {processor.py:839} INFO - DAG(s) dict_keys(['random_names']) retrieved from /opt/airflow/dags/dag.py
[2023-11-01T11:58:12.483+0000] {logging_mixin.py:151} INFO - [2023-11-01T11:58:12.483+0000] {dag.py:2915} INFO - Sync 1 DAGs
[2023-11-01T11:58:12.508+0000] {logging_mixin.py:151} INFO - [2023-11-01T11:58:12.508+0000] {dag.py:3696} INFO - Setting next_dagrun for random_names to 2023-11-01T11:55:00+00:00, run_after=2023-11-01T12:00:00+00:00
[2023-11-01T11:58:12.549+0000] {processor.py:179} INFO - Processing /opt/airflow/dags/dag.py took 0.666 seconds
[2023-11-01T11:58:42.774+0000] {processor.py:157} INFO - Started process (PID=371) to work on /opt/airflow/dags/dag.py
[2023-11-01T11:58:42.846+0000] {processor.py:829} INFO - Processing file /opt/airflow/dags/dag.py for tasks to queue
[2023-11-01T11:58:42.849+0000] {logging_mixin.py:151} INFO - [2023-11-01T11:58:42.848+0000] {dagbag.py:539} INFO - Filling up the DagBag from /opt/airflow/dags/dag.py
[2023-11-01T11:58:43.309+0000] {processor.py:839} INFO - DAG(s) dict_keys(['random_names']) retrieved from /opt/airflow/dags/dag.py
[2023-11-01T11:58:43.443+0000] {logging_mixin.py:151} INFO - [2023-11-01T11:58:43.443+0000] {dag.py:2915} INFO - Sync 1 DAGs
[2023-11-01T11:58:43.469+0000] {logging_mixin.py:151} INFO - [2023-11-01T11:58:43.469+0000] {dag.py:3696} INFO - Setting next_dagrun for random_names to 2023-11-01T11:55:00+00:00, run_after=2023-11-01T12:00:00+00:00
[2023-11-01T11:58:43.512+0000] {processor.py:179} INFO - Processing /opt/airflow/dags/dag.py took 0.749 seconds
[2023-11-01T11:59:13.607+0000] {processor.py:157} INFO - Started process (PID=383) to work on /opt/airflow/dags/dag.py
[2023-11-01T11:59:13.647+0000] {processor.py:829} INFO - Processing file /opt/airflow/dags/dag.py for tasks to queue
[2023-11-01T11:59:13.648+0000] {logging_mixin.py:151} INFO - [2023-11-01T11:59:13.647+0000] {dagbag.py:539} INFO - Filling up the DagBag from /opt/airflow/dags/dag.py
[2023-11-01T11:59:13.816+0000] {processor.py:839} INFO - DAG(s) dict_keys(['random_names']) retrieved from /opt/airflow/dags/dag.py
[2023-11-01T11:59:14.015+0000] {logging_mixin.py:151} INFO - [2023-11-01T11:59:14.014+0000] {dag.py:2915} INFO - Sync 1 DAGs
[2023-11-01T11:59:14.085+0000] {logging_mixin.py:151} INFO - [2023-11-01T11:59:14.085+0000] {dag.py:3696} INFO - Setting next_dagrun for random_names to 2023-11-01T11:55:00+00:00, run_after=2023-11-01T12:00:00+00:00
[2023-11-01T11:59:14.143+0000] {processor.py:179} INFO - Processing /opt/airflow/dags/dag.py took 0.539 seconds
[2023-11-01T11:59:44.366+0000] {processor.py:157} INFO - Started process (PID=395) to work on /opt/airflow/dags/dag.py
[2023-11-01T11:59:44.447+0000] {processor.py:829} INFO - Processing file /opt/airflow/dags/dag.py for tasks to queue
[2023-11-01T11:59:44.450+0000] {logging_mixin.py:151} INFO - [2023-11-01T11:59:44.449+0000] {dagbag.py:539} INFO - Filling up the DagBag from /opt/airflow/dags/dag.py
[2023-11-01T11:59:44.491+0000] {processor.py:839} INFO - DAG(s) dict_keys(['random_names']) retrieved from /opt/airflow/dags/dag.py
[2023-11-01T11:59:44.511+0000] {logging_mixin.py:151} INFO - [2023-11-01T11:59:44.511+0000] {dag.py:2915} INFO - Sync 1 DAGs
[2023-11-01T11:59:44.531+0000] {logging_mixin.py:151} INFO - [2023-11-01T11:59:44.531+0000] {dag.py:3696} INFO - Setting next_dagrun for random_names to 2023-11-01T11:55:00+00:00, run_after=2023-11-01T12:00:00+00:00
[2023-11-01T11:59:44.555+0000] {processor.py:179} INFO - Processing /opt/airflow/dags/dag.py took 0.191 seconds
[2023-11-01T12:00:14.737+0000] {processor.py:157} INFO - Started process (PID=410) to work on /opt/airflow/dags/dag.py
[2023-11-01T12:00:14.884+0000] {processor.py:829} INFO - Processing file /opt/airflow/dags/dag.py for tasks to queue
[2023-11-01T12:00:14.888+0000] {logging_mixin.py:151} INFO - [2023-11-01T12:00:14.886+0000] {dagbag.py:539} INFO - Filling up the DagBag from /opt/airflow/dags/dag.py
[2023-11-01T12:00:14.956+0000] {processor.py:839} INFO - DAG(s) dict_keys(['random_names']) retrieved from /opt/airflow/dags/dag.py
[2023-11-01T12:00:15.227+0000] {logging_mixin.py:151} INFO - [2023-11-01T12:00:15.226+0000] {dag.py:2915} INFO - Sync 1 DAGs
[2023-11-01T12:00:15.265+0000] {logging_mixin.py:151} INFO - [2023-11-01T12:00:15.265+0000] {dag.py:3696} INFO - Setting next_dagrun for random_names to 2023-11-01T12:00:00+00:00, run_after=2023-11-01T12:05:00+00:00
[2023-11-01T12:00:15.310+0000] {processor.py:179} INFO - Processing /opt/airflow/dags/dag.py took 0.582 seconds
[2023-11-01T16:33:15.590+0000] {processor.py:157} INFO - Started process (PID=175) to work on /opt/airflow/dags/dag.py
[2023-11-01T16:33:16.785+0000] {processor.py:829} INFO - Processing file /opt/airflow/dags/dag.py for tasks to queue
[2023-11-01T16:33:16.788+0000] {logging_mixin.py:151} INFO - [2023-11-01T16:33:16.787+0000] {dagbag.py:539} INFO - Filling up the DagBag from /opt/airflow/dags/dag.py
[2023-11-01T16:33:22.243+0000] {processor.py:839} INFO - DAG(s) dict_keys(['random_names']) retrieved from /opt/airflow/dags/dag.py
[2023-11-01T16:33:28.327+0000] {logging_mixin.py:151} INFO - [2023-11-01T16:33:28.327+0000] {security.py:708} INFO - Not syncing DAG-level permissions for DAG 'DAG:random_names' as access control is unset.
[2023-11-01T16:33:28.328+0000] {logging_mixin.py:151} INFO - [2023-11-01T16:33:28.327+0000] {dag.py:2915} INFO - Sync 1 DAGs
[2023-11-01T16:33:28.439+0000] {logging_mixin.py:151} INFO - [2023-11-01T16:33:28.438+0000] {dag.py:3696} INFO - Setting next_dagrun for random_names to 2023-11-01T16:25:00+00:00, run_after=2023-11-01T16:30:00+00:00
[2023-11-01T16:33:28.790+0000] {processor.py:179} INFO - Processing /opt/airflow/dags/dag.py took 13.206 seconds
[2023-11-01T16:33:59.132+0000] {processor.py:157} INFO - Started process (PID=191) to work on /opt/airflow/dags/dag.py
[2023-11-01T16:33:59.349+0000] {processor.py:829} INFO - Processing file /opt/airflow/dags/dag.py for tasks to queue
[2023-11-01T16:33:59.351+0000] {logging_mixin.py:151} INFO - [2023-11-01T16:33:59.350+0000] {dagbag.py:539} INFO - Filling up the DagBag from /opt/airflow/dags/dag.py
[2023-11-01T16:34:01.410+0000] {processor.py:839} INFO - DAG(s) dict_keys(['random_names']) retrieved from /opt/airflow/dags/dag.py
[2023-11-01T16:34:02.940+0000] {logging_mixin.py:151} INFO - [2023-11-01T16:34:02.939+0000] {dag.py:2915} INFO - Sync 1 DAGs
[2023-11-01T16:34:02.984+0000] {logging_mixin.py:151} INFO - [2023-11-01T16:34:02.983+0000] {dag.py:3696} INFO - Setting next_dagrun for random_names to 2023-11-01T16:30:00+00:00, run_after=2023-11-01T16:35:00+00:00
[2023-11-01T16:34:03.083+0000] {processor.py:179} INFO - Processing /opt/airflow/dags/dag.py took 3.958 seconds
[2023-11-01T16:34:33.880+0000] {processor.py:157} INFO - Started process (PID=203) to work on /opt/airflow/dags/dag.py
[2023-11-01T16:34:34.147+0000] {processor.py:829} INFO - Processing file /opt/airflow/dags/dag.py for tasks to queue
[2023-11-01T16:34:34.149+0000] {logging_mixin.py:151} INFO - [2023-11-01T16:34:34.148+0000] {dagbag.py:539} INFO - Filling up the DagBag from /opt/airflow/dags/dag.py
[2023-11-01T16:34:45.323+0000] {processor.py:839} INFO - DAG(s) dict_keys(['random_names']) retrieved from /opt/airflow/dags/dag.py
[2023-11-01T16:34:50.193+0000] {logging_mixin.py:151} INFO - [2023-11-01T16:34:50.192+0000] {dag.py:2915} INFO - Sync 1 DAGs
[2023-11-01T16:34:50.239+0000] {logging_mixin.py:151} INFO - [2023-11-01T16:34:50.239+0000] {dag.py:3696} INFO - Setting next_dagrun for random_names to 2023-11-01T16:30:00+00:00, run_after=2023-11-01T16:35:00+00:00
[2023-11-01T16:34:51.097+0000] {processor.py:179} INFO - Processing /opt/airflow/dags/dag.py took 17.221 seconds
[2023-11-01T16:35:21.316+0000] {processor.py:157} INFO - Started process (PID=219) to work on /opt/airflow/dags/dag.py
[2023-11-01T16:35:21.383+0000] {processor.py:829} INFO - Processing file /opt/airflow/dags/dag.py for tasks to queue
[2023-11-01T16:35:21.384+0000] {logging_mixin.py:151} INFO - [2023-11-01T16:35:21.384+0000] {dagbag.py:539} INFO - Filling up the DagBag from /opt/airflow/dags/dag.py
[2023-11-01T16:35:21.546+0000] {processor.py:839} INFO - DAG(s) dict_keys(['random_names']) retrieved from /opt/airflow/dags/dag.py
[2023-11-01T16:35:21.565+0000] {logging_mixin.py:151} INFO - [2023-11-01T16:35:21.565+0000] {dag.py:2915} INFO - Sync 1 DAGs
[2023-11-01T16:35:21.586+0000] {logging_mixin.py:151} INFO - [2023-11-01T16:35:21.586+0000] {dag.py:3696} INFO - Setting next_dagrun for random_names to 2023-11-01T16:35:00+00:00, run_after=2023-11-01T16:40:00+00:00
[2023-11-01T16:35:21.693+0000] {processor.py:179} INFO - Processing /opt/airflow/dags/dag.py took 0.382 seconds
[2023-11-01T16:35:51.753+0000] {processor.py:157} INFO - Started process (PID=231) to work on /opt/airflow/dags/dag.py
[2023-11-01T16:35:51.754+0000] {processor.py:829} INFO - Processing file /opt/airflow/dags/dag.py for tasks to queue
[2023-11-01T16:35:51.755+0000] {logging_mixin.py:151} INFO - [2023-11-01T16:35:51.755+0000] {dagbag.py:539} INFO - Filling up the DagBag from /opt/airflow/dags/dag.py
[2023-11-01T16:35:51.900+0000] {processor.py:839} INFO - DAG(s) dict_keys(['random_names']) retrieved from /opt/airflow/dags/dag.py
[2023-11-01T16:35:51.918+0000] {logging_mixin.py:151} INFO - [2023-11-01T16:35:51.917+0000] {dag.py:2915} INFO - Sync 1 DAGs
[2023-11-01T16:35:51.935+0000] {logging_mixin.py:151} INFO - [2023-11-01T16:35:51.935+0000] {dag.py:3696} INFO - Setting next_dagrun for random_names to 2023-11-01T16:35:00+00:00, run_after=2023-11-01T16:40:00+00:00
[2023-11-01T16:35:51.954+0000] {processor.py:179} INFO - Processing /opt/airflow/dags/dag.py took 0.206 seconds
[2023-11-01T16:36:22.073+0000] {processor.py:157} INFO - Started process (PID=244) to work on /opt/airflow/dags/dag.py
[2023-11-01T16:36:22.249+0000] {processor.py:829} INFO - Processing file /opt/airflow/dags/dag.py for tasks to queue
[2023-11-01T16:36:22.252+0000] {logging_mixin.py:151} INFO - [2023-11-01T16:36:22.251+0000] {dagbag.py:539} INFO - Filling up the DagBag from /opt/airflow/dags/dag.py
[2023-11-01T16:36:22.420+0000] {processor.py:839} INFO - DAG(s) dict_keys(['random_names']) retrieved from /opt/airflow/dags/dag.py
[2023-11-01T16:36:22.507+0000] {logging_mixin.py:151} INFO - [2023-11-01T16:36:22.507+0000] {dag.py:2915} INFO - Sync 1 DAGs
[2023-11-01T16:36:22.535+0000] {logging_mixin.py:151} INFO - [2023-11-01T16:36:22.535+0000] {dag.py:3696} INFO - Setting next_dagrun for random_names to 2023-11-01T16:35:00+00:00, run_after=2023-11-01T16:40:00+00:00
[2023-11-01T16:36:22.697+0000] {processor.py:179} INFO - Processing /opt/airflow/dags/dag.py took 0.631 seconds
[2023-11-01T16:36:53.027+0000] {processor.py:157} INFO - Started process (PID=256) to work on /opt/airflow/dags/dag.py
[2023-11-01T16:36:53.028+0000] {processor.py:829} INFO - Processing file /opt/airflow/dags/dag.py for tasks to queue
[2023-11-01T16:36:53.028+0000] {logging_mixin.py:151} INFO - [2023-11-01T16:36:53.028+0000] {dagbag.py:539} INFO - Filling up the DagBag from /opt/airflow/dags/dag.py
[2023-11-01T16:36:53.814+0000] {processor.py:839} INFO - DAG(s) dict_keys(['random_names']) retrieved from /opt/airflow/dags/dag.py
[2023-11-01T16:36:53.922+0000] {logging_mixin.py:151} INFO - [2023-11-01T16:36:53.921+0000] {dag.py:2915} INFO - Sync 1 DAGs
[2023-11-01T16:36:53.949+0000] {logging_mixin.py:151} INFO - [2023-11-01T16:36:53.949+0000] {dag.py:3696} INFO - Setting next_dagrun for random_names to 2023-11-01T16:35:00+00:00, run_after=2023-11-01T16:40:00+00:00
[2023-11-01T16:36:54.015+0000] {processor.py:179} INFO - Processing /opt/airflow/dags/dag.py took 0.991 seconds
[2023-11-01T16:37:25.218+0000] {processor.py:157} INFO - Started process (PID=267) to work on /opt/airflow/dags/dag.py
[2023-11-01T16:37:25.343+0000] {processor.py:829} INFO - Processing file /opt/airflow/dags/dag.py for tasks to queue
[2023-11-01T16:37:25.345+0000] {logging_mixin.py:151} INFO - [2023-11-01T16:37:25.344+0000] {dagbag.py:539} INFO - Filling up the DagBag from /opt/airflow/dags/dag.py
[2023-11-01T16:37:28.039+0000] {processor.py:839} INFO - DAG(s) dict_keys(['random_names']) retrieved from /opt/airflow/dags/dag.py
[2023-11-01T16:37:29.864+0000] {logging_mixin.py:151} INFO - [2023-11-01T16:37:29.864+0000] {dag.py:2915} INFO - Sync 1 DAGs
[2023-11-01T16:37:29.910+0000] {logging_mixin.py:151} INFO - [2023-11-01T16:37:29.910+0000] {dag.py:3696} INFO - Setting next_dagrun for random_names to 2023-11-01T16:35:00+00:00, run_after=2023-11-01T16:40:00+00:00
[2023-11-01T16:37:30.009+0000] {processor.py:179} INFO - Processing /opt/airflow/dags/dag.py took 4.800 seconds
[2023-11-01T16:38:00.251+0000] {processor.py:157} INFO - Started process (PID=286) to work on /opt/airflow/dags/dag.py
[2023-11-01T16:38:00.425+0000] {processor.py:829} INFO - Processing file /opt/airflow/dags/dag.py for tasks to queue
[2023-11-01T16:38:00.428+0000] {logging_mixin.py:151} INFO - [2023-11-01T16:38:00.427+0000] {dagbag.py:539} INFO - Filling up the DagBag from /opt/airflow/dags/dag.py
[2023-11-01T16:38:00.500+0000] {processor.py:839} INFO - DAG(s) dict_keys(['random_names']) retrieved from /opt/airflow/dags/dag.py
[2023-11-01T16:38:00.521+0000] {logging_mixin.py:151} INFO - [2023-11-01T16:38:00.520+0000] {dag.py:2915} INFO - Sync 1 DAGs
[2023-11-01T16:38:00.539+0000] {logging_mixin.py:151} INFO - [2023-11-01T16:38:00.539+0000] {dag.py:3696} INFO - Setting next_dagrun for random_names to 2023-11-01T16:35:00+00:00, run_after=2023-11-01T16:40:00+00:00
[2023-11-01T16:38:00.621+0000] {processor.py:179} INFO - Processing /opt/airflow/dags/dag.py took 0.375 seconds
[2023-11-01T16:38:30.821+0000] {processor.py:157} INFO - Started process (PID=298) to work on /opt/airflow/dags/dag.py
[2023-11-01T16:38:30.916+0000] {processor.py:829} INFO - Processing file /opt/airflow/dags/dag.py for tasks to queue
[2023-11-01T16:38:30.919+0000] {logging_mixin.py:151} INFO - [2023-11-01T16:38:30.918+0000] {dagbag.py:539} INFO - Filling up the DagBag from /opt/airflow/dags/dag.py
[2023-11-01T16:38:31.030+0000] {processor.py:839} INFO - DAG(s) dict_keys(['random_names']) retrieved from /opt/airflow/dags/dag.py
[2023-11-01T16:38:31.098+0000] {logging_mixin.py:151} INFO - [2023-11-01T16:38:31.098+0000] {dag.py:2915} INFO - Sync 1 DAGs
[2023-11-01T16:38:31.137+0000] {logging_mixin.py:151} INFO - [2023-11-01T16:38:31.137+0000] {dag.py:3696} INFO - Setting next_dagrun for random_names to 2023-11-01T16:35:00+00:00, run_after=2023-11-01T16:40:00+00:00
[2023-11-01T16:38:31.177+0000] {processor.py:179} INFO - Processing /opt/airflow/dags/dag.py took 0.358 seconds
[2023-11-01T16:39:01.406+0000] {processor.py:157} INFO - Started process (PID=310) to work on /opt/airflow/dags/dag.py
[2023-11-01T16:39:01.436+0000] {processor.py:829} INFO - Processing file /opt/airflow/dags/dag.py for tasks to queue
[2023-11-01T16:39:01.437+0000] {logging_mixin.py:151} INFO - [2023-11-01T16:39:01.437+0000] {dagbag.py:539} INFO - Filling up the DagBag from /opt/airflow/dags/dag.py
[2023-11-01T16:39:01.497+0000] {processor.py:839} INFO - DAG(s) dict_keys(['random_names']) retrieved from /opt/airflow/dags/dag.py
[2023-11-01T16:39:01.519+0000] {logging_mixin.py:151} INFO - [2023-11-01T16:39:01.519+0000] {dag.py:2915} INFO - Sync 1 DAGs
[2023-11-01T16:39:01.542+0000] {logging_mixin.py:151} INFO - [2023-11-01T16:39:01.542+0000] {dag.py:3696} INFO - Setting next_dagrun for random_names to 2023-11-01T16:35:00+00:00, run_after=2023-11-01T16:40:00+00:00
[2023-11-01T16:39:01.593+0000] {processor.py:179} INFO - Processing /opt/airflow/dags/dag.py took 0.194 seconds
[2023-11-01T16:39:31.857+0000] {processor.py:157} INFO - Started process (PID=322) to work on /opt/airflow/dags/dag.py
[2023-11-01T16:39:31.878+0000] {processor.py:829} INFO - Processing file /opt/airflow/dags/dag.py for tasks to queue
[2023-11-01T16:39:31.879+0000] {logging_mixin.py:151} INFO - [2023-11-01T16:39:31.878+0000] {dagbag.py:539} INFO - Filling up the DagBag from /opt/airflow/dags/dag.py
[2023-11-01T16:39:32.096+0000] {processor.py:839} INFO - DAG(s) dict_keys(['random_names']) retrieved from /opt/airflow/dags/dag.py
[2023-11-01T16:39:32.118+0000] {logging_mixin.py:151} INFO - [2023-11-01T16:39:32.118+0000] {dag.py:2915} INFO - Sync 1 DAGs
[2023-11-01T16:39:32.137+0000] {logging_mixin.py:151} INFO - [2023-11-01T16:39:32.137+0000] {dag.py:3696} INFO - Setting next_dagrun for random_names to 2023-11-01T16:35:00+00:00, run_after=2023-11-01T16:40:00+00:00
[2023-11-01T16:39:32.169+0000] {processor.py:179} INFO - Processing /opt/airflow/dags/dag.py took 0.315 seconds
[2023-11-01T16:40:02.401+0000] {processor.py:157} INFO - Started process (PID=335) to work on /opt/airflow/dags/dag.py
[2023-11-01T16:40:02.525+0000] {processor.py:829} INFO - Processing file /opt/airflow/dags/dag.py for tasks to queue
[2023-11-01T16:40:02.526+0000] {logging_mixin.py:151} INFO - [2023-11-01T16:40:02.525+0000] {dagbag.py:539} INFO - Filling up the DagBag from /opt/airflow/dags/dag.py
[2023-11-01T16:40:02.573+0000] {processor.py:839} INFO - DAG(s) dict_keys(['random_names']) retrieved from /opt/airflow/dags/dag.py
[2023-11-01T16:40:02.881+0000] {logging_mixin.py:151} INFO - [2023-11-01T16:40:02.881+0000] {dag.py:2915} INFO - Sync 1 DAGs
[2023-11-01T16:40:02.919+0000] {logging_mixin.py:151} INFO - [2023-11-01T16:40:02.918+0000] {dag.py:3696} INFO - Setting next_dagrun for random_names to 2023-11-01T16:40:00+00:00, run_after=2023-11-01T16:45:00+00:00
[2023-11-01T16:40:03.216+0000] {processor.py:179} INFO - Processing /opt/airflow/dags/dag.py took 0.825 seconds
[2023-11-01T16:40:33.324+0000] {processor.py:157} INFO - Started process (PID=349) to work on /opt/airflow/dags/dag.py
[2023-11-01T16:40:33.438+0000] {processor.py:829} INFO - Processing file /opt/airflow/dags/dag.py for tasks to queue
[2023-11-01T16:40:33.440+0000] {logging_mixin.py:151} INFO - [2023-11-01T16:40:33.440+0000] {dagbag.py:539} INFO - Filling up the DagBag from /opt/airflow/dags/dag.py
[2023-11-01T16:40:33.508+0000] {processor.py:839} INFO - DAG(s) dict_keys(['random_names']) retrieved from /opt/airflow/dags/dag.py
[2023-11-01T16:40:34.271+0000] {logging_mixin.py:151} INFO - [2023-11-01T16:40:34.271+0000] {dag.py:2915} INFO - Sync 1 DAGs
[2023-11-01T16:40:34.295+0000] {logging_mixin.py:151} INFO - [2023-11-01T16:40:34.295+0000] {dag.py:3696} INFO - Setting next_dagrun for random_names to 2023-11-01T16:40:00+00:00, run_after=2023-11-01T16:45:00+00:00
[2023-11-01T16:40:34.368+0000] {processor.py:179} INFO - Processing /opt/airflow/dags/dag.py took 1.048 seconds
[2023-11-01T16:41:04.525+0000] {processor.py:157} INFO - Started process (PID=361) to work on /opt/airflow/dags/dag.py
[2023-11-01T16:41:04.534+0000] {processor.py:829} INFO - Processing file /opt/airflow/dags/dag.py for tasks to queue
[2023-11-01T16:41:04.535+0000] {logging_mixin.py:151} INFO - [2023-11-01T16:41:04.534+0000] {dagbag.py:539} INFO - Filling up the DagBag from /opt/airflow/dags/dag.py
[2023-11-01T16:41:04.586+0000] {processor.py:839} INFO - DAG(s) dict_keys(['random_names']) retrieved from /opt/airflow/dags/dag.py
[2023-11-01T16:41:04.606+0000] {logging_mixin.py:151} INFO - [2023-11-01T16:41:04.606+0000] {dag.py:2915} INFO - Sync 1 DAGs
[2023-11-01T16:41:04.626+0000] {logging_mixin.py:151} INFO - [2023-11-01T16:41:04.626+0000] {dag.py:3696} INFO - Setting next_dagrun for random_names to 2023-11-01T16:40:00+00:00, run_after=2023-11-01T16:45:00+00:00
[2023-11-01T16:41:04.688+0000] {processor.py:179} INFO - Processing /opt/airflow/dags/dag.py took 0.166 seconds
[2023-11-01T16:41:34.797+0000] {processor.py:157} INFO - Started process (PID=372) to work on /opt/airflow/dags/dag.py
[2023-11-01T16:41:34.834+0000] {processor.py:829} INFO - Processing file /opt/airflow/dags/dag.py for tasks to queue
[2023-11-01T16:41:34.835+0000] {logging_mixin.py:151} INFO - [2023-11-01T16:41:34.835+0000] {dagbag.py:539} INFO - Filling up the DagBag from /opt/airflow/dags/dag.py
[2023-11-01T16:41:34.914+0000] {processor.py:839} INFO - DAG(s) dict_keys(['random_names']) retrieved from /opt/airflow/dags/dag.py
[2023-11-01T16:41:34.944+0000] {logging_mixin.py:151} INFO - [2023-11-01T16:41:34.944+0000] {dag.py:2915} INFO - Sync 1 DAGs
[2023-11-01T16:41:34.968+0000] {logging_mixin.py:151} INFO - [2023-11-01T16:41:34.968+0000] {dag.py:3696} INFO - Setting next_dagrun for random_names to 2023-11-01T16:40:00+00:00, run_after=2023-11-01T16:45:00+00:00
[2023-11-01T16:41:35.103+0000] {processor.py:179} INFO - Processing /opt/airflow/dags/dag.py took 0.315 seconds
[2023-11-01T16:42:05.338+0000] {processor.py:157} INFO - Started process (PID=378) to work on /opt/airflow/dags/dag.py
[2023-11-01T16:42:05.478+0000] {processor.py:829} INFO - Processing file /opt/airflow/dags/dag.py for tasks to queue
[2023-11-01T16:42:05.481+0000] {logging_mixin.py:151} INFO - [2023-11-01T16:42:05.480+0000] {dagbag.py:539} INFO - Filling up the DagBag from /opt/airflow/dags/dag.py
[2023-11-01T16:42:05.554+0000] {processor.py:839} INFO - DAG(s) dict_keys(['random_names']) retrieved from /opt/airflow/dags/dag.py
[2023-11-01T16:42:05.577+0000] {logging_mixin.py:151} INFO - [2023-11-01T16:42:05.576+0000] {dag.py:2915} INFO - Sync 1 DAGs
[2023-11-01T16:42:05.599+0000] {logging_mixin.py:151} INFO - [2023-11-01T16:42:05.598+0000] {dag.py:3696} INFO - Setting next_dagrun for random_names to 2023-11-01T16:40:00+00:00, run_after=2023-11-01T16:45:00+00:00
[2023-11-01T16:42:05.628+0000] {processor.py:179} INFO - Processing /opt/airflow/dags/dag.py took 0.299 seconds
[2023-11-01T16:42:36.026+0000] {processor.py:157} INFO - Started process (PID=390) to work on /opt/airflow/dags/dag.py
[2023-11-01T16:42:36.281+0000] {processor.py:829} INFO - Processing file /opt/airflow/dags/dag.py for tasks to queue
[2023-11-01T16:42:36.284+0000] {logging_mixin.py:151} INFO - [2023-11-01T16:42:36.283+0000] {dagbag.py:539} INFO - Filling up the DagBag from /opt/airflow/dags/dag.py
[2023-11-01T16:42:37.436+0000] {processor.py:839} INFO - DAG(s) dict_keys(['random_names']) retrieved from /opt/airflow/dags/dag.py
[2023-11-01T16:42:40.808+0000] {logging_mixin.py:151} INFO - [2023-11-01T16:42:40.808+0000] {dag.py:2915} INFO - Sync 1 DAGs
[2023-11-01T16:42:41.074+0000] {logging_mixin.py:151} INFO - [2023-11-01T16:42:41.073+0000] {dag.py:3696} INFO - Setting next_dagrun for random_names to 2023-11-01T16:40:00+00:00, run_after=2023-11-01T16:45:00+00:00
[2023-11-01T16:42:41.351+0000] {processor.py:179} INFO - Processing /opt/airflow/dags/dag.py took 5.336 seconds
[2023-11-01T16:43:11.589+0000] {processor.py:157} INFO - Started process (PID=402) to work on /opt/airflow/dags/dag.py
[2023-11-01T16:43:11.682+0000] {processor.py:829} INFO - Processing file /opt/airflow/dags/dag.py for tasks to queue
[2023-11-01T16:43:11.684+0000] {logging_mixin.py:151} INFO - [2023-11-01T16:43:11.683+0000] {dagbag.py:539} INFO - Filling up the DagBag from /opt/airflow/dags/dag.py
[2023-11-01T16:43:11.847+0000] {processor.py:839} INFO - DAG(s) dict_keys(['random_names']) retrieved from /opt/airflow/dags/dag.py
[2023-11-01T16:43:11.894+0000] {logging_mixin.py:151} INFO - [2023-11-01T16:43:11.894+0000] {dag.py:2915} INFO - Sync 1 DAGs
[2023-11-01T16:43:11.916+0000] {logging_mixin.py:151} INFO - [2023-11-01T16:43:11.916+0000] {dag.py:3696} INFO - Setting next_dagrun for random_names to 2023-11-01T16:40:00+00:00, run_after=2023-11-01T16:45:00+00:00
[2023-11-01T16:43:12.010+0000] {processor.py:179} INFO - Processing /opt/airflow/dags/dag.py took 0.431 seconds
[2023-11-01T16:43:42.517+0000] {processor.py:157} INFO - Started process (PID=414) to work on /opt/airflow/dags/dag.py
[2023-11-01T16:43:42.544+0000] {processor.py:829} INFO - Processing file /opt/airflow/dags/dag.py for tasks to queue
[2023-11-01T16:43:42.545+0000] {logging_mixin.py:151} INFO - [2023-11-01T16:43:42.545+0000] {dagbag.py:539} INFO - Filling up the DagBag from /opt/airflow/dags/dag.py
[2023-11-01T16:43:42.999+0000] {processor.py:839} INFO - DAG(s) dict_keys(['random_names']) retrieved from /opt/airflow/dags/dag.py
[2023-11-01T16:43:43.090+0000] {logging_mixin.py:151} INFO - [2023-11-01T16:43:43.090+0000] {dag.py:2915} INFO - Sync 1 DAGs
[2023-11-01T16:43:43.176+0000] {logging_mixin.py:151} INFO - [2023-11-01T16:43:43.175+0000] {dag.py:3696} INFO - Setting next_dagrun for random_names to 2023-11-01T16:40:00+00:00, run_after=2023-11-01T16:45:00+00:00
[2023-11-01T16:43:43.284+0000] {processor.py:179} INFO - Processing /opt/airflow/dags/dag.py took 0.773 seconds
[2023-11-01T16:44:13.564+0000] {processor.py:157} INFO - Started process (PID=426) to work on /opt/airflow/dags/dag.py
[2023-11-01T16:44:13.966+0000] {processor.py:829} INFO - Processing file /opt/airflow/dags/dag.py for tasks to queue
[2023-11-01T16:44:13.969+0000] {logging_mixin.py:151} INFO - [2023-11-01T16:44:13.968+0000] {dagbag.py:539} INFO - Filling up the DagBag from /opt/airflow/dags/dag.py
[2023-11-01T16:44:15.004+0000] {processor.py:839} INFO - DAG(s) dict_keys(['random_names']) retrieved from /opt/airflow/dags/dag.py
[2023-11-01T16:44:15.146+0000] {logging_mixin.py:151} INFO - [2023-11-01T16:44:15.146+0000] {dag.py:2915} INFO - Sync 1 DAGs
[2023-11-01T16:44:15.198+0000] {logging_mixin.py:151} INFO - [2023-11-01T16:44:15.198+0000] {dag.py:3696} INFO - Setting next_dagrun for random_names to 2023-11-01T16:40:00+00:00, run_after=2023-11-01T16:45:00+00:00
[2023-11-01T16:44:15.245+0000] {processor.py:179} INFO - Processing /opt/airflow/dags/dag.py took 1.691 seconds
[2023-11-01T16:44:45.463+0000] {processor.py:157} INFO - Started process (PID=438) to work on /opt/airflow/dags/dag.py
[2023-11-01T16:44:45.492+0000] {processor.py:829} INFO - Processing file /opt/airflow/dags/dag.py for tasks to queue
[2023-11-01T16:44:45.503+0000] {logging_mixin.py:151} INFO - [2023-11-01T16:44:45.503+0000] {dagbag.py:539} INFO - Filling up the DagBag from /opt/airflow/dags/dag.py
[2023-11-01T16:44:45.551+0000] {processor.py:839} INFO - DAG(s) dict_keys(['random_names']) retrieved from /opt/airflow/dags/dag.py
[2023-11-01T16:44:45.571+0000] {logging_mixin.py:151} INFO - [2023-11-01T16:44:45.571+0000] {dag.py:2915} INFO - Sync 1 DAGs
[2023-11-01T16:44:45.590+0000] {logging_mixin.py:151} INFO - [2023-11-01T16:44:45.589+0000] {dag.py:3696} INFO - Setting next_dagrun for random_names to 2023-11-01T16:40:00+00:00, run_after=2023-11-01T16:45:00+00:00
[2023-11-01T16:44:45.708+0000] {processor.py:179} INFO - Processing /opt/airflow/dags/dag.py took 0.248 seconds
[2023-11-01T16:45:15.986+0000] {processor.py:157} INFO - Started process (PID=453) to work on /opt/airflow/dags/dag.py
[2023-11-01T16:45:16.106+0000] {processor.py:829} INFO - Processing file /opt/airflow/dags/dag.py for tasks to queue
[2023-11-01T16:45:16.110+0000] {logging_mixin.py:151} INFO - [2023-11-01T16:45:16.109+0000] {dagbag.py:539} INFO - Filling up the DagBag from /opt/airflow/dags/dag.py
[2023-11-01T16:45:16.187+0000] {processor.py:839} INFO - DAG(s) dict_keys(['random_names']) retrieved from /opt/airflow/dags/dag.py
[2023-11-01T16:45:16.355+0000] {logging_mixin.py:151} INFO - [2023-11-01T16:45:16.354+0000] {dag.py:2915} INFO - Sync 1 DAGs
[2023-11-01T16:45:16.383+0000] {logging_mixin.py:151} INFO - [2023-11-01T16:45:16.383+0000] {dag.py:3696} INFO - Setting next_dagrun for random_names to 2023-11-01T16:45:00+00:00, run_after=2023-11-01T16:50:00+00:00
[2023-11-01T16:45:16.452+0000] {processor.py:179} INFO - Processing /opt/airflow/dags/dag.py took 0.470 seconds
[2023-11-01T16:45:46.694+0000] {processor.py:157} INFO - Started process (PID=465) to work on /opt/airflow/dags/dag.py
[2023-11-01T16:45:46.735+0000] {processor.py:829} INFO - Processing file /opt/airflow/dags/dag.py for tasks to queue
[2023-11-01T16:45:46.738+0000] {logging_mixin.py:151} INFO - [2023-11-01T16:45:46.737+0000] {dagbag.py:539} INFO - Filling up the DagBag from /opt/airflow/dags/dag.py
[2023-11-01T16:45:46.807+0000] {processor.py:839} INFO - DAG(s) dict_keys(['random_names']) retrieved from /opt/airflow/dags/dag.py
[2023-11-01T16:45:46.828+0000] {logging_mixin.py:151} INFO - [2023-11-01T16:45:46.828+0000] {dag.py:2915} INFO - Sync 1 DAGs
[2023-11-01T16:45:46.849+0000] {logging_mixin.py:151} INFO - [2023-11-01T16:45:46.849+0000] {dag.py:3696} INFO - Setting next_dagrun for random_names to 2023-11-01T16:45:00+00:00, run_after=2023-11-01T16:50:00+00:00
[2023-11-01T16:45:46.874+0000] {processor.py:179} INFO - Processing /opt/airflow/dags/dag.py took 0.194 seconds
