[2023-10-30T11:17:48.909+0000] {processor.py:157} INFO - Started process (PID=169) to work on /opt/airflow/dags/dag.py
[2023-10-30T11:17:48.910+0000] {processor.py:829} INFO - Processing file /opt/airflow/dags/dag.py for tasks to queue
[2023-10-30T11:17:48.910+0000] {logging_mixin.py:151} INFO - [2023-10-30T11:17:48.910+0000] {dagbag.py:539} INFO - Filling up the DagBag from /opt/airflow/dags/dag.py
[2023-10-30T11:17:50.097+0000] {processor.py:839} INFO - DAG(s) dict_keys(['random_names']) retrieved from /opt/airflow/dags/dag.py
[2023-10-30T11:17:52.739+0000] {logging_mixin.py:151} INFO - [2023-10-30T11:17:52.739+0000] {security.py:708} INFO - Not syncing DAG-level permissions for DAG 'DAG:random_names' as access control is unset.
[2023-10-30T11:17:52.740+0000] {logging_mixin.py:151} INFO - [2023-10-30T11:17:52.740+0000] {dag.py:2915} INFO - Sync 1 DAGs
[2023-10-30T11:17:52.860+0000] {logging_mixin.py:151} INFO - [2023-10-30T11:17:52.859+0000] {dag.py:3696} INFO - Setting next_dagrun for random_names to 2023-10-30T11:10:00+00:00, run_after=2023-10-30T11:15:00+00:00
[2023-10-30T11:17:53.089+0000] {processor.py:179} INFO - Processing /opt/airflow/dags/dag.py took 4.183 seconds
[2023-10-30T11:18:23.169+0000] {processor.py:157} INFO - Started process (PID=183) to work on /opt/airflow/dags/dag.py
[2023-10-30T11:18:23.188+0000] {processor.py:829} INFO - Processing file /opt/airflow/dags/dag.py for tasks to queue
[2023-10-30T11:18:23.189+0000] {logging_mixin.py:151} INFO - [2023-10-30T11:18:23.189+0000] {dagbag.py:539} INFO - Filling up the DagBag from /opt/airflow/dags/dag.py
[2023-10-30T11:18:23.327+0000] {processor.py:839} INFO - DAG(s) dict_keys(['random_names']) retrieved from /opt/airflow/dags/dag.py
[2023-10-30T11:18:23.355+0000] {logging_mixin.py:151} INFO - [2023-10-30T11:18:23.355+0000] {dag.py:2915} INFO - Sync 1 DAGs
[2023-10-30T11:18:23.374+0000] {logging_mixin.py:151} INFO - [2023-10-30T11:18:23.374+0000] {dag.py:3696} INFO - Setting next_dagrun for random_names to 2023-10-30T11:15:00+00:00, run_after=2023-10-30T11:20:00+00:00
[2023-10-30T11:18:23.419+0000] {processor.py:179} INFO - Processing /opt/airflow/dags/dag.py took 0.254 seconds
[2023-10-30T11:18:53.583+0000] {processor.py:157} INFO - Started process (PID=195) to work on /opt/airflow/dags/dag.py
[2023-10-30T11:18:54.158+0000] {processor.py:829} INFO - Processing file /opt/airflow/dags/dag.py for tasks to queue
[2023-10-30T11:18:54.159+0000] {logging_mixin.py:151} INFO - [2023-10-30T11:18:54.158+0000] {dagbag.py:539} INFO - Filling up the DagBag from /opt/airflow/dags/dag.py
[2023-10-30T11:18:54.667+0000] {processor.py:839} INFO - DAG(s) dict_keys(['random_names']) retrieved from /opt/airflow/dags/dag.py
[2023-10-30T11:18:55.037+0000] {logging_mixin.py:151} INFO - [2023-10-30T11:18:55.037+0000] {dag.py:2915} INFO - Sync 1 DAGs
[2023-10-30T11:18:55.069+0000] {logging_mixin.py:151} INFO - [2023-10-30T11:18:55.069+0000] {dag.py:3696} INFO - Setting next_dagrun for random_names to 2023-10-30T11:15:00+00:00, run_after=2023-10-30T11:20:00+00:00
[2023-10-30T11:18:55.124+0000] {processor.py:179} INFO - Processing /opt/airflow/dags/dag.py took 1.545 seconds
[2023-10-30T11:19:25.379+0000] {processor.py:157} INFO - Started process (PID=207) to work on /opt/airflow/dags/dag.py
[2023-10-30T11:19:25.453+0000] {processor.py:829} INFO - Processing file /opt/airflow/dags/dag.py for tasks to queue
[2023-10-30T11:19:25.456+0000] {logging_mixin.py:151} INFO - [2023-10-30T11:19:25.455+0000] {dagbag.py:539} INFO - Filling up the DagBag from /opt/airflow/dags/dag.py
[2023-10-30T11:19:26.364+0000] {processor.py:839} INFO - DAG(s) dict_keys(['random_names']) retrieved from /opt/airflow/dags/dag.py
[2023-10-30T11:19:29.257+0000] {logging_mixin.py:151} INFO - [2023-10-30T11:19:29.256+0000] {dag.py:2915} INFO - Sync 1 DAGs
[2023-10-30T11:19:29.299+0000] {logging_mixin.py:151} INFO - [2023-10-30T11:19:29.299+0000] {dag.py:3696} INFO - Setting next_dagrun for random_names to 2023-10-30T11:15:00+00:00, run_after=2023-10-30T11:20:00+00:00
[2023-10-30T11:19:29.450+0000] {processor.py:179} INFO - Processing /opt/airflow/dags/dag.py took 4.081 seconds
[2023-10-30T11:19:59.629+0000] {processor.py:157} INFO - Started process (PID=221) to work on /opt/airflow/dags/dag.py
[2023-10-30T11:19:59.688+0000] {processor.py:829} INFO - Processing file /opt/airflow/dags/dag.py for tasks to queue
[2023-10-30T11:19:59.691+0000] {logging_mixin.py:151} INFO - [2023-10-30T11:19:59.690+0000] {dagbag.py:539} INFO - Filling up the DagBag from /opt/airflow/dags/dag.py
[2023-10-30T11:20:00.934+0000] {processor.py:839} INFO - DAG(s) dict_keys(['random_names']) retrieved from /opt/airflow/dags/dag.py
[2023-10-30T11:20:01.379+0000] {logging_mixin.py:151} INFO - [2023-10-30T11:20:01.378+0000] {dag.py:2915} INFO - Sync 1 DAGs
[2023-10-30T11:20:01.424+0000] {logging_mixin.py:151} INFO - [2023-10-30T11:20:01.424+0000] {dag.py:3696} INFO - Setting next_dagrun for random_names to 2023-10-30T11:20:00+00:00, run_after=2023-10-30T11:25:00+00:00
[2023-10-30T11:20:01.502+0000] {processor.py:179} INFO - Processing /opt/airflow/dags/dag.py took 1.885 seconds
[2023-10-30T11:20:31.750+0000] {processor.py:157} INFO - Started process (PID=238) to work on /opt/airflow/dags/dag.py
[2023-10-30T11:20:31.806+0000] {processor.py:829} INFO - Processing file /opt/airflow/dags/dag.py for tasks to queue
[2023-10-30T11:20:31.809+0000] {logging_mixin.py:151} INFO - [2023-10-30T11:20:31.808+0000] {dagbag.py:539} INFO - Filling up the DagBag from /opt/airflow/dags/dag.py
[2023-10-30T11:20:32.049+0000] {processor.py:839} INFO - DAG(s) dict_keys(['random_names']) retrieved from /opt/airflow/dags/dag.py
[2023-10-30T11:20:32.108+0000] {logging_mixin.py:151} INFO - [2023-10-30T11:20:32.108+0000] {dag.py:2915} INFO - Sync 1 DAGs
[2023-10-30T11:20:32.139+0000] {logging_mixin.py:151} INFO - [2023-10-30T11:20:32.138+0000] {dag.py:3696} INFO - Setting next_dagrun for random_names to 2023-10-30T11:20:00+00:00, run_after=2023-10-30T11:25:00+00:00
[2023-10-30T11:20:32.200+0000] {processor.py:179} INFO - Processing /opt/airflow/dags/dag.py took 0.461 seconds
[2023-10-30T11:21:02.552+0000] {processor.py:157} INFO - Started process (PID=250) to work on /opt/airflow/dags/dag.py
[2023-10-30T11:21:02.553+0000] {processor.py:829} INFO - Processing file /opt/airflow/dags/dag.py for tasks to queue
[2023-10-30T11:21:02.554+0000] {logging_mixin.py:151} INFO - [2023-10-30T11:21:02.554+0000] {dagbag.py:539} INFO - Filling up the DagBag from /opt/airflow/dags/dag.py
[2023-10-30T11:21:02.629+0000] {processor.py:839} INFO - DAG(s) dict_keys(['random_names']) retrieved from /opt/airflow/dags/dag.py
[2023-10-30T11:21:02.653+0000] {logging_mixin.py:151} INFO - [2023-10-30T11:21:02.652+0000] {dag.py:2915} INFO - Sync 1 DAGs
[2023-10-30T11:21:02.676+0000] {logging_mixin.py:151} INFO - [2023-10-30T11:21:02.676+0000] {dag.py:3696} INFO - Setting next_dagrun for random_names to 2023-10-30T11:20:00+00:00, run_after=2023-10-30T11:25:00+00:00
[2023-10-30T11:21:02.710+0000] {processor.py:179} INFO - Processing /opt/airflow/dags/dag.py took 0.165 seconds
[2023-10-30T11:21:32.810+0000] {processor.py:157} INFO - Started process (PID=262) to work on /opt/airflow/dags/dag.py
[2023-10-30T11:21:32.811+0000] {processor.py:829} INFO - Processing file /opt/airflow/dags/dag.py for tasks to queue
[2023-10-30T11:21:32.813+0000] {logging_mixin.py:151} INFO - [2023-10-30T11:21:32.812+0000] {dagbag.py:539} INFO - Filling up the DagBag from /opt/airflow/dags/dag.py
[2023-10-30T11:21:33.139+0000] {processor.py:839} INFO - DAG(s) dict_keys(['random_names']) retrieved from /opt/airflow/dags/dag.py
[2023-10-30T11:21:33.275+0000] {logging_mixin.py:151} INFO - [2023-10-30T11:21:33.275+0000] {dag.py:2915} INFO - Sync 1 DAGs
[2023-10-30T11:21:33.314+0000] {logging_mixin.py:151} INFO - [2023-10-30T11:21:33.314+0000] {dag.py:3696} INFO - Setting next_dagrun for random_names to 2023-10-30T11:20:00+00:00, run_after=2023-10-30T11:25:00+00:00
[2023-10-30T11:21:33.352+0000] {processor.py:179} INFO - Processing /opt/airflow/dags/dag.py took 0.550 seconds
[2023-10-30T11:22:03.569+0000] {processor.py:157} INFO - Started process (PID=274) to work on /opt/airflow/dags/dag.py
[2023-10-30T11:22:03.570+0000] {processor.py:829} INFO - Processing file /opt/airflow/dags/dag.py for tasks to queue
[2023-10-30T11:22:03.571+0000] {logging_mixin.py:151} INFO - [2023-10-30T11:22:03.570+0000] {dagbag.py:539} INFO - Filling up the DagBag from /opt/airflow/dags/dag.py
[2023-10-30T11:22:03.758+0000] {processor.py:839} INFO - DAG(s) dict_keys(['random_names']) retrieved from /opt/airflow/dags/dag.py
[2023-10-30T11:22:03.782+0000] {logging_mixin.py:151} INFO - [2023-10-30T11:22:03.781+0000] {dag.py:2915} INFO - Sync 1 DAGs
[2023-10-30T11:22:03.814+0000] {logging_mixin.py:151} INFO - [2023-10-30T11:22:03.814+0000] {dag.py:3696} INFO - Setting next_dagrun for random_names to 2023-10-30T11:20:00+00:00, run_after=2023-10-30T11:25:00+00:00
[2023-10-30T11:22:03.885+0000] {processor.py:179} INFO - Processing /opt/airflow/dags/dag.py took 0.321 seconds
[2023-10-30T11:22:33.930+0000] {processor.py:157} INFO - Started process (PID=288) to work on /opt/airflow/dags/dag.py
[2023-10-30T11:22:33.972+0000] {processor.py:829} INFO - Processing file /opt/airflow/dags/dag.py for tasks to queue
[2023-10-30T11:22:33.975+0000] {logging_mixin.py:151} INFO - [2023-10-30T11:22:33.974+0000] {dagbag.py:539} INFO - Filling up the DagBag from /opt/airflow/dags/dag.py
[2023-10-30T11:22:34.044+0000] {processor.py:839} INFO - DAG(s) dict_keys(['random_names']) retrieved from /opt/airflow/dags/dag.py
[2023-10-30T11:22:34.122+0000] {logging_mixin.py:151} INFO - [2023-10-30T11:22:34.122+0000] {dag.py:2915} INFO - Sync 1 DAGs
[2023-10-30T11:22:34.143+0000] {logging_mixin.py:151} INFO - [2023-10-30T11:22:34.143+0000] {dag.py:3696} INFO - Setting next_dagrun for random_names to 2023-10-30T11:20:00+00:00, run_after=2023-10-30T11:25:00+00:00
[2023-10-30T11:22:34.204+0000] {processor.py:179} INFO - Processing /opt/airflow/dags/dag.py took 0.280 seconds
[2023-10-30T11:23:04.476+0000] {processor.py:157} INFO - Started process (PID=303) to work on /opt/airflow/dags/dag.py
[2023-10-30T11:23:04.477+0000] {processor.py:829} INFO - Processing file /opt/airflow/dags/dag.py for tasks to queue
[2023-10-30T11:23:04.479+0000] {logging_mixin.py:151} INFO - [2023-10-30T11:23:04.478+0000] {dagbag.py:539} INFO - Filling up the DagBag from /opt/airflow/dags/dag.py
[2023-10-30T11:23:04.892+0000] {processor.py:839} INFO - DAG(s) dict_keys(['random_names']) retrieved from /opt/airflow/dags/dag.py
[2023-10-30T11:23:05.024+0000] {logging_mixin.py:151} INFO - [2023-10-30T11:23:05.023+0000] {dag.py:2915} INFO - Sync 1 DAGs
[2023-10-30T11:23:05.060+0000] {logging_mixin.py:151} INFO - [2023-10-30T11:23:05.060+0000] {dag.py:3696} INFO - Setting next_dagrun for random_names to 2023-10-30T11:20:00+00:00, run_after=2023-10-30T11:25:00+00:00
[2023-10-30T11:23:05.115+0000] {processor.py:179} INFO - Processing /opt/airflow/dags/dag.py took 0.646 seconds
[2023-10-30T11:23:35.372+0000] {processor.py:157} INFO - Started process (PID=315) to work on /opt/airflow/dags/dag.py
[2023-10-30T11:23:35.398+0000] {processor.py:829} INFO - Processing file /opt/airflow/dags/dag.py for tasks to queue
[2023-10-30T11:23:35.400+0000] {logging_mixin.py:151} INFO - [2023-10-30T11:23:35.399+0000] {dagbag.py:539} INFO - Filling up the DagBag from /opt/airflow/dags/dag.py
[2023-10-30T11:23:35.480+0000] {processor.py:839} INFO - DAG(s) dict_keys(['random_names']) retrieved from /opt/airflow/dags/dag.py
[2023-10-30T11:23:35.505+0000] {logging_mixin.py:151} INFO - [2023-10-30T11:23:35.505+0000] {dag.py:2915} INFO - Sync 1 DAGs
[2023-10-30T11:23:35.537+0000] {logging_mixin.py:151} INFO - [2023-10-30T11:23:35.536+0000] {dag.py:3696} INFO - Setting next_dagrun for random_names to 2023-10-30T11:20:00+00:00, run_after=2023-10-30T11:25:00+00:00
[2023-10-30T11:23:35.587+0000] {processor.py:179} INFO - Processing /opt/airflow/dags/dag.py took 0.222 seconds
[2023-10-30T11:24:05.837+0000] {processor.py:157} INFO - Started process (PID=327) to work on /opt/airflow/dags/dag.py
[2023-10-30T11:24:05.839+0000] {processor.py:829} INFO - Processing file /opt/airflow/dags/dag.py for tasks to queue
[2023-10-30T11:24:05.841+0000] {logging_mixin.py:151} INFO - [2023-10-30T11:24:05.840+0000] {dagbag.py:539} INFO - Filling up the DagBag from /opt/airflow/dags/dag.py
[2023-10-30T11:24:05.893+0000] {processor.py:839} INFO - DAG(s) dict_keys(['random_names']) retrieved from /opt/airflow/dags/dag.py
[2023-10-30T11:24:05.916+0000] {logging_mixin.py:151} INFO - [2023-10-30T11:24:05.916+0000] {dag.py:2915} INFO - Sync 1 DAGs
[2023-10-30T11:24:05.939+0000] {logging_mixin.py:151} INFO - [2023-10-30T11:24:05.939+0000] {dag.py:3696} INFO - Setting next_dagrun for random_names to 2023-10-30T11:20:00+00:00, run_after=2023-10-30T11:25:00+00:00
[2023-10-30T11:24:05.964+0000] {processor.py:179} INFO - Processing /opt/airflow/dags/dag.py took 0.136 seconds
[2023-10-30T11:24:36.052+0000] {processor.py:157} INFO - Started process (PID=339) to work on /opt/airflow/dags/dag.py
[2023-10-30T11:24:36.086+0000] {processor.py:829} INFO - Processing file /opt/airflow/dags/dag.py for tasks to queue
[2023-10-30T11:24:36.088+0000] {logging_mixin.py:151} INFO - [2023-10-30T11:24:36.088+0000] {dagbag.py:539} INFO - Filling up the DagBag from /opt/airflow/dags/dag.py
[2023-10-30T11:24:36.162+0000] {processor.py:839} INFO - DAG(s) dict_keys(['random_names']) retrieved from /opt/airflow/dags/dag.py
[2023-10-30T11:24:36.184+0000] {logging_mixin.py:151} INFO - [2023-10-30T11:24:36.183+0000] {dag.py:2915} INFO - Sync 1 DAGs
[2023-10-30T11:24:36.209+0000] {logging_mixin.py:151} INFO - [2023-10-30T11:24:36.208+0000] {dag.py:3696} INFO - Setting next_dagrun for random_names to 2023-10-30T11:20:00+00:00, run_after=2023-10-30T11:25:00+00:00
[2023-10-30T11:24:36.257+0000] {processor.py:179} INFO - Processing /opt/airflow/dags/dag.py took 0.216 seconds
[2023-10-30T11:25:06.405+0000] {processor.py:157} INFO - Started process (PID=354) to work on /opt/airflow/dags/dag.py
[2023-10-30T11:25:06.407+0000] {processor.py:829} INFO - Processing file /opt/airflow/dags/dag.py for tasks to queue
[2023-10-30T11:25:06.408+0000] {logging_mixin.py:151} INFO - [2023-10-30T11:25:06.408+0000] {dagbag.py:539} INFO - Filling up the DagBag from /opt/airflow/dags/dag.py
[2023-10-30T11:25:06.474+0000] {processor.py:839} INFO - DAG(s) dict_keys(['random_names']) retrieved from /opt/airflow/dags/dag.py
[2023-10-30T11:25:06.498+0000] {logging_mixin.py:151} INFO - [2023-10-30T11:25:06.498+0000] {dag.py:2915} INFO - Sync 1 DAGs
[2023-10-30T11:25:06.524+0000] {logging_mixin.py:151} INFO - [2023-10-30T11:25:06.524+0000] {dag.py:3696} INFO - Setting next_dagrun for random_names to 2023-10-30T11:25:00+00:00, run_after=2023-10-30T11:30:00+00:00
[2023-10-30T11:25:06.582+0000] {processor.py:179} INFO - Processing /opt/airflow/dags/dag.py took 0.188 seconds
[2023-10-30T11:40:42.424+0000] {processor.py:157} INFO - Started process (PID=168) to work on /opt/airflow/dags/dag.py
[2023-10-30T11:40:42.431+0000] {processor.py:829} INFO - Processing file /opt/airflow/dags/dag.py for tasks to queue
[2023-10-30T11:40:42.432+0000] {logging_mixin.py:151} INFO - [2023-10-30T11:40:42.432+0000] {dagbag.py:539} INFO - Filling up the DagBag from /opt/airflow/dags/dag.py
[2023-10-30T11:40:43.868+0000] {processor.py:839} INFO - DAG(s) dict_keys(['random_names']) retrieved from /opt/airflow/dags/dag.py
[2023-10-30T11:40:45.620+0000] {logging_mixin.py:151} INFO - [2023-10-30T11:40:45.620+0000] {security.py:708} INFO - Not syncing DAG-level permissions for DAG 'DAG:random_names' as access control is unset.
[2023-10-30T11:40:45.620+0000] {logging_mixin.py:151} INFO - [2023-10-30T11:40:45.620+0000] {dag.py:2915} INFO - Sync 1 DAGs
[2023-10-30T11:40:45.774+0000] {logging_mixin.py:151} INFO - [2023-10-30T11:40:45.773+0000] {dag.py:3696} INFO - Setting next_dagrun for random_names to 2023-10-30T11:35:00+00:00, run_after=2023-10-30T11:40:00+00:00
[2023-10-30T11:40:46.117+0000] {processor.py:179} INFO - Processing /opt/airflow/dags/dag.py took 3.695 seconds
[2023-10-30T11:41:16.567+0000] {processor.py:157} INFO - Started process (PID=184) to work on /opt/airflow/dags/dag.py
[2023-10-30T11:41:16.603+0000] {processor.py:829} INFO - Processing file /opt/airflow/dags/dag.py for tasks to queue
[2023-10-30T11:41:16.605+0000] {logging_mixin.py:151} INFO - [2023-10-30T11:41:16.604+0000] {dagbag.py:539} INFO - Filling up the DagBag from /opt/airflow/dags/dag.py
[2023-10-30T11:41:17.440+0000] {processor.py:839} INFO - DAG(s) dict_keys(['random_names']) retrieved from /opt/airflow/dags/dag.py
[2023-10-30T11:41:17.538+0000] {logging_mixin.py:151} INFO - [2023-10-30T11:41:17.538+0000] {dag.py:2915} INFO - Sync 1 DAGs
[2023-10-30T11:41:17.558+0000] {logging_mixin.py:151} INFO - [2023-10-30T11:41:17.558+0000] {dag.py:3696} INFO - Setting next_dagrun for random_names to 2023-10-30T11:40:00+00:00, run_after=2023-10-30T11:45:00+00:00
[2023-10-30T11:41:17.628+0000] {processor.py:179} INFO - Processing /opt/airflow/dags/dag.py took 1.064 seconds
[2023-10-30T11:41:47.938+0000] {processor.py:157} INFO - Started process (PID=196) to work on /opt/airflow/dags/dag.py
[2023-10-30T11:41:48.033+0000] {processor.py:829} INFO - Processing file /opt/airflow/dags/dag.py for tasks to queue
[2023-10-30T11:41:48.034+0000] {logging_mixin.py:151} INFO - [2023-10-30T11:41:48.034+0000] {dagbag.py:539} INFO - Filling up the DagBag from /opt/airflow/dags/dag.py
[2023-10-30T11:41:48.483+0000] {processor.py:839} INFO - DAG(s) dict_keys(['random_names']) retrieved from /opt/airflow/dags/dag.py
[2023-10-30T11:41:48.917+0000] {logging_mixin.py:151} INFO - [2023-10-30T11:41:48.917+0000] {dag.py:2915} INFO - Sync 1 DAGs
[2023-10-30T11:41:48.960+0000] {logging_mixin.py:151} INFO - [2023-10-30T11:41:48.960+0000] {dag.py:3696} INFO - Setting next_dagrun for random_names to 2023-10-30T11:40:00+00:00, run_after=2023-10-30T11:45:00+00:00
[2023-10-30T11:41:49.077+0000] {processor.py:179} INFO - Processing /opt/airflow/dags/dag.py took 1.146 seconds
[2023-10-30T11:42:19.243+0000] {processor.py:157} INFO - Started process (PID=208) to work on /opt/airflow/dags/dag.py
[2023-10-30T11:42:19.561+0000] {processor.py:829} INFO - Processing file /opt/airflow/dags/dag.py for tasks to queue
[2023-10-30T11:42:19.563+0000] {logging_mixin.py:151} INFO - [2023-10-30T11:42:19.562+0000] {dagbag.py:539} INFO - Filling up the DagBag from /opt/airflow/dags/dag.py
[2023-10-30T11:42:22.475+0000] {processor.py:839} INFO - DAG(s) dict_keys(['random_names']) retrieved from /opt/airflow/dags/dag.py
[2023-10-30T11:42:24.957+0000] {logging_mixin.py:151} INFO - [2023-10-30T11:42:24.956+0000] {dag.py:2915} INFO - Sync 1 DAGs
[2023-10-30T11:42:24.998+0000] {logging_mixin.py:151} INFO - [2023-10-30T11:42:24.998+0000] {dag.py:3696} INFO - Setting next_dagrun for random_names to 2023-10-30T11:40:00+00:00, run_after=2023-10-30T11:45:00+00:00
[2023-10-30T11:42:25.662+0000] {processor.py:179} INFO - Processing /opt/airflow/dags/dag.py took 6.427 seconds
[2023-10-30T11:42:56.065+0000] {processor.py:157} INFO - Started process (PID=222) to work on /opt/airflow/dags/dag.py
[2023-10-30T11:42:56.072+0000] {processor.py:829} INFO - Processing file /opt/airflow/dags/dag.py for tasks to queue
[2023-10-30T11:42:56.073+0000] {logging_mixin.py:151} INFO - [2023-10-30T11:42:56.073+0000] {dagbag.py:539} INFO - Filling up the DagBag from /opt/airflow/dags/dag.py
[2023-10-30T11:42:56.220+0000] {processor.py:839} INFO - DAG(s) dict_keys(['random_names']) retrieved from /opt/airflow/dags/dag.py
[2023-10-30T11:42:56.240+0000] {logging_mixin.py:151} INFO - [2023-10-30T11:42:56.240+0000] {dag.py:2915} INFO - Sync 1 DAGs
[2023-10-30T11:42:56.259+0000] {logging_mixin.py:151} INFO - [2023-10-30T11:42:56.259+0000] {dag.py:3696} INFO - Setting next_dagrun for random_names to 2023-10-30T11:40:00+00:00, run_after=2023-10-30T11:45:00+00:00
[2023-10-30T11:42:56.318+0000] {processor.py:179} INFO - Processing /opt/airflow/dags/dag.py took 0.262 seconds
[2023-10-30T11:43:26.557+0000] {processor.py:157} INFO - Started process (PID=235) to work on /opt/airflow/dags/dag.py
[2023-10-30T11:43:26.570+0000] {processor.py:829} INFO - Processing file /opt/airflow/dags/dag.py for tasks to queue
[2023-10-30T11:43:26.570+0000] {logging_mixin.py:151} INFO - [2023-10-30T11:43:26.570+0000] {dagbag.py:539} INFO - Filling up the DagBag from /opt/airflow/dags/dag.py
[2023-10-30T11:43:26.963+0000] {processor.py:839} INFO - DAG(s) dict_keys(['random_names']) retrieved from /opt/airflow/dags/dag.py
[2023-10-30T11:43:27.078+0000] {logging_mixin.py:151} INFO - [2023-10-30T11:43:27.078+0000] {dag.py:2915} INFO - Sync 1 DAGs
[2023-10-30T11:43:27.115+0000] {logging_mixin.py:151} INFO - [2023-10-30T11:43:27.115+0000] {dag.py:3696} INFO - Setting next_dagrun for random_names to 2023-10-30T11:40:00+00:00, run_after=2023-10-30T11:45:00+00:00
[2023-10-30T11:43:27.151+0000] {processor.py:179} INFO - Processing /opt/airflow/dags/dag.py took 0.598 seconds
[2023-10-30T11:43:57.393+0000] {processor.py:157} INFO - Started process (PID=249) to work on /opt/airflow/dags/dag.py
[2023-10-30T11:43:57.395+0000] {processor.py:829} INFO - Processing file /opt/airflow/dags/dag.py for tasks to queue
[2023-10-30T11:43:57.399+0000] {logging_mixin.py:151} INFO - [2023-10-30T11:43:57.398+0000] {dagbag.py:539} INFO - Filling up the DagBag from /opt/airflow/dags/dag.py
[2023-10-30T11:43:57.793+0000] {processor.py:839} INFO - DAG(s) dict_keys(['random_names']) retrieved from /opt/airflow/dags/dag.py
[2023-10-30T11:43:57.932+0000] {logging_mixin.py:151} INFO - [2023-10-30T11:43:57.932+0000] {dag.py:2915} INFO - Sync 1 DAGs
[2023-10-30T11:43:57.962+0000] {logging_mixin.py:151} INFO - [2023-10-30T11:43:57.961+0000] {dag.py:3696} INFO - Setting next_dagrun for random_names to 2023-10-30T11:40:00+00:00, run_after=2023-10-30T11:45:00+00:00
[2023-10-30T11:43:58.020+0000] {processor.py:179} INFO - Processing /opt/airflow/dags/dag.py took 0.640 seconds
[2023-10-30T11:44:28.235+0000] {processor.py:157} INFO - Started process (PID=263) to work on /opt/airflow/dags/dag.py
[2023-10-30T11:44:28.268+0000] {processor.py:829} INFO - Processing file /opt/airflow/dags/dag.py for tasks to queue
[2023-10-30T11:44:28.269+0000] {logging_mixin.py:151} INFO - [2023-10-30T11:44:28.268+0000] {dagbag.py:539} INFO - Filling up the DagBag from /opt/airflow/dags/dag.py
[2023-10-30T11:44:28.368+0000] {processor.py:839} INFO - DAG(s) dict_keys(['random_names']) retrieved from /opt/airflow/dags/dag.py
[2023-10-30T11:44:28.462+0000] {logging_mixin.py:151} INFO - [2023-10-30T11:44:28.462+0000] {dag.py:2915} INFO - Sync 1 DAGs
[2023-10-30T11:44:28.498+0000] {logging_mixin.py:151} INFO - [2023-10-30T11:44:28.498+0000] {dag.py:3696} INFO - Setting next_dagrun for random_names to 2023-10-30T11:40:00+00:00, run_after=2023-10-30T11:45:00+00:00
[2023-10-30T11:44:28.558+0000] {processor.py:179} INFO - Processing /opt/airflow/dags/dag.py took 0.329 seconds
[2023-10-30T11:44:58.765+0000] {processor.py:157} INFO - Started process (PID=279) to work on /opt/airflow/dags/dag.py
[2023-10-30T11:44:58.780+0000] {processor.py:829} INFO - Processing file /opt/airflow/dags/dag.py for tasks to queue
[2023-10-30T11:44:58.781+0000] {logging_mixin.py:151} INFO - [2023-10-30T11:44:58.781+0000] {dagbag.py:539} INFO - Filling up the DagBag from /opt/airflow/dags/dag.py
[2023-10-30T11:44:59.040+0000] {processor.py:839} INFO - DAG(s) dict_keys(['random_names']) retrieved from /opt/airflow/dags/dag.py
[2023-10-30T11:44:59.171+0000] {logging_mixin.py:151} INFO - [2023-10-30T11:44:59.171+0000] {dag.py:2915} INFO - Sync 1 DAGs
[2023-10-30T11:44:59.202+0000] {logging_mixin.py:151} INFO - [2023-10-30T11:44:59.202+0000] {dag.py:3696} INFO - Setting next_dagrun for random_names to 2023-10-30T11:40:00+00:00, run_after=2023-10-30T11:45:00+00:00
[2023-10-30T11:44:59.239+0000] {processor.py:179} INFO - Processing /opt/airflow/dags/dag.py took 0.478 seconds
[2023-10-30T11:52:57.695+0000] {processor.py:157} INFO - Started process (PID=168) to work on /opt/airflow/dags/dag.py
[2023-10-30T11:52:57.705+0000] {processor.py:829} INFO - Processing file /opt/airflow/dags/dag.py for tasks to queue
[2023-10-30T11:52:57.705+0000] {logging_mixin.py:151} INFO - [2023-10-30T11:52:57.705+0000] {dagbag.py:539} INFO - Filling up the DagBag from /opt/airflow/dags/dag.py
[2023-10-30T11:52:58.162+0000] {processor.py:839} INFO - DAG(s) dict_keys(['random_names']) retrieved from /opt/airflow/dags/dag.py
[2023-10-30T11:52:58.654+0000] {logging_mixin.py:151} INFO - [2023-10-30T11:52:58.653+0000] {security.py:708} INFO - Not syncing DAG-level permissions for DAG 'DAG:random_names' as access control is unset.
[2023-10-30T11:52:58.654+0000] {logging_mixin.py:151} INFO - [2023-10-30T11:52:58.654+0000] {dag.py:2915} INFO - Sync 1 DAGs
[2023-10-30T11:52:58.674+0000] {logging_mixin.py:151} INFO - [2023-10-30T11:52:58.674+0000] {dag.py:3696} INFO - Setting next_dagrun for random_names to 2023-10-30T11:45:00+00:00, run_after=2023-10-30T11:50:00+00:00
[2023-10-30T11:52:58.764+0000] {processor.py:179} INFO - Processing /opt/airflow/dags/dag.py took 1.073 seconds
[2023-10-30T11:53:28.961+0000] {processor.py:157} INFO - Started process (PID=184) to work on /opt/airflow/dags/dag.py
[2023-10-30T11:53:29.104+0000] {processor.py:829} INFO - Processing file /opt/airflow/dags/dag.py for tasks to queue
[2023-10-30T11:53:29.107+0000] {logging_mixin.py:151} INFO - [2023-10-30T11:53:29.106+0000] {dagbag.py:539} INFO - Filling up the DagBag from /opt/airflow/dags/dag.py
[2023-10-30T11:53:30.722+0000] {processor.py:839} INFO - DAG(s) dict_keys(['random_names']) retrieved from /opt/airflow/dags/dag.py
[2023-10-30T11:53:31.285+0000] {logging_mixin.py:151} INFO - [2023-10-30T11:53:31.284+0000] {dag.py:2915} INFO - Sync 1 DAGs
[2023-10-30T11:53:31.330+0000] {logging_mixin.py:151} INFO - [2023-10-30T11:53:31.330+0000] {dag.py:3696} INFO - Setting next_dagrun for random_names to 2023-10-30T11:50:00+00:00, run_after=2023-10-30T11:55:00+00:00
[2023-10-30T11:53:31.404+0000] {processor.py:179} INFO - Processing /opt/airflow/dags/dag.py took 2.446 seconds
[2023-10-30T11:54:01.929+0000] {processor.py:157} INFO - Started process (PID=196) to work on /opt/airflow/dags/dag.py
[2023-10-30T11:54:02.065+0000] {processor.py:829} INFO - Processing file /opt/airflow/dags/dag.py for tasks to queue
[2023-10-30T11:54:02.067+0000] {logging_mixin.py:151} INFO - [2023-10-30T11:54:02.067+0000] {dagbag.py:539} INFO - Filling up the DagBag from /opt/airflow/dags/dag.py
[2023-10-30T11:54:03.051+0000] {processor.py:839} INFO - DAG(s) dict_keys(['random_names']) retrieved from /opt/airflow/dags/dag.py
[2023-10-30T11:54:06.162+0000] {logging_mixin.py:151} INFO - [2023-10-30T11:54:06.162+0000] {dag.py:2915} INFO - Sync 1 DAGs
[2023-10-30T11:54:06.193+0000] {logging_mixin.py:151} INFO - [2023-10-30T11:54:06.193+0000] {dag.py:3696} INFO - Setting next_dagrun for random_names to 2023-10-30T11:50:00+00:00, run_after=2023-10-30T11:55:00+00:00
[2023-10-30T11:54:06.460+0000] {processor.py:179} INFO - Processing /opt/airflow/dags/dag.py took 4.541 seconds
[2023-10-30T11:54:36.706+0000] {processor.py:157} INFO - Started process (PID=208) to work on /opt/airflow/dags/dag.py
[2023-10-30T11:54:36.731+0000] {processor.py:829} INFO - Processing file /opt/airflow/dags/dag.py for tasks to queue
[2023-10-30T11:54:36.732+0000] {logging_mixin.py:151} INFO - [2023-10-30T11:54:36.731+0000] {dagbag.py:539} INFO - Filling up the DagBag from /opt/airflow/dags/dag.py
[2023-10-30T11:54:37.175+0000] {processor.py:839} INFO - DAG(s) dict_keys(['random_names']) retrieved from /opt/airflow/dags/dag.py
[2023-10-30T11:54:37.227+0000] {logging_mixin.py:151} INFO - [2023-10-30T11:54:37.226+0000] {dag.py:2915} INFO - Sync 1 DAGs
[2023-10-30T11:54:37.249+0000] {logging_mixin.py:151} INFO - [2023-10-30T11:54:37.249+0000] {dag.py:3696} INFO - Setting next_dagrun for random_names to 2023-10-30T11:50:00+00:00, run_after=2023-10-30T11:55:00+00:00
[2023-10-30T11:54:37.312+0000] {processor.py:179} INFO - Processing /opt/airflow/dags/dag.py took 0.609 seconds
[2023-10-30T11:55:07.557+0000] {processor.py:157} INFO - Started process (PID=220) to work on /opt/airflow/dags/dag.py
[2023-10-30T11:55:07.566+0000] {processor.py:829} INFO - Processing file /opt/airflow/dags/dag.py for tasks to queue
[2023-10-30T11:55:07.568+0000] {logging_mixin.py:151} INFO - [2023-10-30T11:55:07.567+0000] {dagbag.py:539} INFO - Filling up the DagBag from /opt/airflow/dags/dag.py
[2023-10-30T11:55:07.839+0000] {processor.py:839} INFO - DAG(s) dict_keys(['random_names']) retrieved from /opt/airflow/dags/dag.py
[2023-10-30T11:55:07.869+0000] {logging_mixin.py:151} INFO - [2023-10-30T11:55:07.869+0000] {dag.py:2915} INFO - Sync 1 DAGs
[2023-10-30T11:55:07.895+0000] {logging_mixin.py:151} INFO - [2023-10-30T11:55:07.895+0000] {dag.py:3696} INFO - Setting next_dagrun for random_names to 2023-10-30T11:50:00+00:00, run_after=2023-10-30T11:55:00+00:00
[2023-10-30T11:55:07.950+0000] {processor.py:179} INFO - Processing /opt/airflow/dags/dag.py took 0.405 seconds
[2023-10-30T11:55:38.078+0000] {processor.py:157} INFO - Started process (PID=232) to work on /opt/airflow/dags/dag.py
[2023-10-30T11:55:38.089+0000] {processor.py:829} INFO - Processing file /opt/airflow/dags/dag.py for tasks to queue
[2023-10-30T11:55:38.091+0000] {logging_mixin.py:151} INFO - [2023-10-30T11:55:38.090+0000] {dagbag.py:539} INFO - Filling up the DagBag from /opt/airflow/dags/dag.py
[2023-10-30T11:55:38.245+0000] {processor.py:839} INFO - DAG(s) dict_keys(['random_names']) retrieved from /opt/airflow/dags/dag.py
[2023-10-30T11:55:38.261+0000] {logging_mixin.py:151} INFO - [2023-10-30T11:55:38.261+0000] {dag.py:2915} INFO - Sync 1 DAGs
[2023-10-30T11:55:38.278+0000] {logging_mixin.py:151} INFO - [2023-10-30T11:55:38.277+0000] {dag.py:3696} INFO - Setting next_dagrun for random_names to 2023-10-30T11:50:00+00:00, run_after=2023-10-30T11:55:00+00:00
[2023-10-30T11:55:38.300+0000] {processor.py:179} INFO - Processing /opt/airflow/dags/dag.py took 0.225 seconds
[2023-10-30T16:13:19.087+0000] {processor.py:157} INFO - Started process (PID=169) to work on /opt/airflow/dags/dag.py
[2023-10-30T16:13:19.221+0000] {processor.py:829} INFO - Processing file /opt/airflow/dags/dag.py for tasks to queue
[2023-10-30T16:13:19.222+0000] {logging_mixin.py:151} INFO - [2023-10-30T16:13:19.221+0000] {dagbag.py:539} INFO - Filling up the DagBag from /opt/airflow/dags/dag.py
[2023-10-30T16:13:19.555+0000] {processor.py:839} INFO - DAG(s) dict_keys(['random_names']) retrieved from /opt/airflow/dags/dag.py
[2023-10-30T16:13:20.010+0000] {logging_mixin.py:151} INFO - [2023-10-30T16:13:20.009+0000] {security.py:708} INFO - Not syncing DAG-level permissions for DAG 'DAG:random_names' as access control is unset.
[2023-10-30T16:13:20.010+0000] {logging_mixin.py:151} INFO - [2023-10-30T16:13:20.010+0000] {dag.py:2915} INFO - Sync 1 DAGs
[2023-10-30T16:13:20.036+0000] {logging_mixin.py:151} INFO - [2023-10-30T16:13:20.036+0000] {dag.py:3696} INFO - Setting next_dagrun for random_names to 2023-10-30T16:05:00+00:00, run_after=2023-10-30T16:10:00+00:00
[2023-10-30T16:13:20.122+0000] {processor.py:179} INFO - Processing /opt/airflow/dags/dag.py took 1.038 seconds
[2023-10-30T16:13:50.321+0000] {processor.py:157} INFO - Started process (PID=181) to work on /opt/airflow/dags/dag.py
[2023-10-30T16:13:50.381+0000] {processor.py:829} INFO - Processing file /opt/airflow/dags/dag.py for tasks to queue
[2023-10-30T16:13:50.382+0000] {logging_mixin.py:151} INFO - [2023-10-30T16:13:50.382+0000] {dagbag.py:539} INFO - Filling up the DagBag from /opt/airflow/dags/dag.py
[2023-10-30T16:13:50.544+0000] {processor.py:839} INFO - DAG(s) dict_keys(['random_names']) retrieved from /opt/airflow/dags/dag.py
[2023-10-30T16:13:50.581+0000] {logging_mixin.py:151} INFO - [2023-10-30T16:13:50.581+0000] {dag.py:2915} INFO - Sync 1 DAGs
[2023-10-30T16:13:50.598+0000] {logging_mixin.py:151} INFO - [2023-10-30T16:13:50.598+0000] {dag.py:3696} INFO - Setting next_dagrun for random_names to 2023-10-30T16:05:00+00:00, run_after=2023-10-30T16:10:00+00:00
[2023-10-30T16:13:50.642+0000] {processor.py:179} INFO - Processing /opt/airflow/dags/dag.py took 0.327 seconds
[2023-10-30T16:14:20.852+0000] {processor.py:157} INFO - Started process (PID=193) to work on /opt/airflow/dags/dag.py
[2023-10-30T16:14:20.861+0000] {processor.py:829} INFO - Processing file /opt/airflow/dags/dag.py for tasks to queue
[2023-10-30T16:14:20.862+0000] {logging_mixin.py:151} INFO - [2023-10-30T16:14:20.861+0000] {dagbag.py:539} INFO - Filling up the DagBag from /opt/airflow/dags/dag.py
[2023-10-30T16:14:21.205+0000] {processor.py:839} INFO - DAG(s) dict_keys(['random_names']) retrieved from /opt/airflow/dags/dag.py
[2023-10-30T16:14:21.440+0000] {logging_mixin.py:151} INFO - [2023-10-30T16:14:21.439+0000] {dag.py:2915} INFO - Sync 1 DAGs
[2023-10-30T16:14:21.465+0000] {logging_mixin.py:151} INFO - [2023-10-30T16:14:21.464+0000] {dag.py:3696} INFO - Setting next_dagrun for random_names to 2023-10-30T16:05:00+00:00, run_after=2023-10-30T16:10:00+00:00
[2023-10-30T16:14:21.492+0000] {processor.py:179} INFO - Processing /opt/airflow/dags/dag.py took 0.643 seconds
[2023-10-30T16:14:51.718+0000] {processor.py:157} INFO - Started process (PID=205) to work on /opt/airflow/dags/dag.py
[2023-10-30T16:14:51.750+0000] {processor.py:829} INFO - Processing file /opt/airflow/dags/dag.py for tasks to queue
[2023-10-30T16:14:51.751+0000] {logging_mixin.py:151} INFO - [2023-10-30T16:14:51.751+0000] {dagbag.py:539} INFO - Filling up the DagBag from /opt/airflow/dags/dag.py
[2023-10-30T16:14:51.874+0000] {processor.py:839} INFO - DAG(s) dict_keys(['random_names']) retrieved from /opt/airflow/dags/dag.py
[2023-10-30T16:14:51.890+0000] {logging_mixin.py:151} INFO - [2023-10-30T16:14:51.890+0000] {dag.py:2915} INFO - Sync 1 DAGs
[2023-10-30T16:14:51.907+0000] {logging_mixin.py:151} INFO - [2023-10-30T16:14:51.907+0000] {dag.py:3696} INFO - Setting next_dagrun for random_names to 2023-10-30T16:05:00+00:00, run_after=2023-10-30T16:10:00+00:00
[2023-10-30T16:14:51.953+0000] {processor.py:179} INFO - Processing /opt/airflow/dags/dag.py took 0.237 seconds
[2023-10-30T16:15:22.175+0000] {processor.py:157} INFO - Started process (PID=217) to work on /opt/airflow/dags/dag.py
[2023-10-30T16:15:22.177+0000] {processor.py:829} INFO - Processing file /opt/airflow/dags/dag.py for tasks to queue
[2023-10-30T16:15:22.178+0000] {logging_mixin.py:151} INFO - [2023-10-30T16:15:22.177+0000] {dagbag.py:539} INFO - Filling up the DagBag from /opt/airflow/dags/dag.py
[2023-10-30T16:15:22.321+0000] {processor.py:839} INFO - DAG(s) dict_keys(['random_names']) retrieved from /opt/airflow/dags/dag.py
[2023-10-30T16:15:22.337+0000] {logging_mixin.py:151} INFO - [2023-10-30T16:15:22.337+0000] {dag.py:2915} INFO - Sync 1 DAGs
[2023-10-30T16:15:22.354+0000] {logging_mixin.py:151} INFO - [2023-10-30T16:15:22.354+0000] {dag.py:3696} INFO - Setting next_dagrun for random_names to 2023-10-30T16:10:00+00:00, run_after=2023-10-30T16:15:00+00:00
[2023-10-30T16:15:22.477+0000] {processor.py:179} INFO - Processing /opt/airflow/dags/dag.py took 0.305 seconds
[2023-10-30T16:15:52.697+0000] {processor.py:157} INFO - Started process (PID=229) to work on /opt/airflow/dags/dag.py
[2023-10-30T16:15:52.698+0000] {processor.py:829} INFO - Processing file /opt/airflow/dags/dag.py for tasks to queue
[2023-10-30T16:15:52.699+0000] {logging_mixin.py:151} INFO - [2023-10-30T16:15:52.699+0000] {dagbag.py:539} INFO - Filling up the DagBag from /opt/airflow/dags/dag.py
[2023-10-30T16:15:52.824+0000] {processor.py:839} INFO - DAG(s) dict_keys(['random_names']) retrieved from /opt/airflow/dags/dag.py
[2023-10-30T16:15:52.839+0000] {logging_mixin.py:151} INFO - [2023-10-30T16:15:52.839+0000] {dag.py:2915} INFO - Sync 1 DAGs
[2023-10-30T16:15:52.855+0000] {logging_mixin.py:151} INFO - [2023-10-30T16:15:52.855+0000] {dag.py:3696} INFO - Setting next_dagrun for random_names to 2023-10-30T16:10:00+00:00, run_after=2023-10-30T16:15:00+00:00
[2023-10-30T16:15:52.877+0000] {processor.py:179} INFO - Processing /opt/airflow/dags/dag.py took 0.182 seconds
