[2023-10-13T16:17:37.677+0000] {processor.py:157} INFO - Started process (PID=254) to work on /home/airflow/.local/lib/python3.8/site-packages/airflow/example_dags/example_python_operator.py
[2023-10-13T16:17:37.678+0000] {processor.py:829} INFO - Processing file /home/airflow/.local/lib/python3.8/site-packages/airflow/example_dags/example_python_operator.py for tasks to queue
[2023-10-13T16:17:37.679+0000] {logging_mixin.py:151} INFO - [2023-10-13T16:17:37.678+0000] {dagbag.py:536} INFO - Filling up the DagBag from /home/airflow/.local/lib/python3.8/site-packages/airflow/example_dags/example_python_operator.py
[2023-10-13T16:17:37.691+0000] {processor.py:839} INFO - DAG(s) dict_keys(['example_python_operator']) retrieved from /home/airflow/.local/lib/python3.8/site-packages/airflow/example_dags/example_python_operator.py
[2023-10-13T16:17:37.700+0000] {logging_mixin.py:151} INFO - [2023-10-13T16:17:37.700+0000] {dag.py:2941} INFO - Sync 1 DAGs
[2023-10-13T16:17:37.709+0000] {logging_mixin.py:151} INFO - [2023-10-13T16:17:37.709+0000] {dag.py:3722} INFO - Setting next_dagrun for example_python_operator to None, run_after=None
[2023-10-13T16:17:37.731+0000] {processor.py:179} INFO - Processing /home/airflow/.local/lib/python3.8/site-packages/airflow/example_dags/example_python_operator.py took 0.058 seconds
[2023-10-13T16:18:07.815+0000] {processor.py:157} INFO - Started process (PID=490) to work on /home/airflow/.local/lib/python3.8/site-packages/airflow/example_dags/example_python_operator.py
[2023-10-13T16:18:07.815+0000] {processor.py:829} INFO - Processing file /home/airflow/.local/lib/python3.8/site-packages/airflow/example_dags/example_python_operator.py for tasks to queue
[2023-10-13T16:18:07.816+0000] {logging_mixin.py:151} INFO - [2023-10-13T16:18:07.816+0000] {dagbag.py:536} INFO - Filling up the DagBag from /home/airflow/.local/lib/python3.8/site-packages/airflow/example_dags/example_python_operator.py
[2023-10-13T16:18:07.824+0000] {processor.py:839} INFO - DAG(s) dict_keys(['example_python_operator']) retrieved from /home/airflow/.local/lib/python3.8/site-packages/airflow/example_dags/example_python_operator.py
[2023-10-13T16:18:07.902+0000] {logging_mixin.py:151} INFO - [2023-10-13T16:18:07.902+0000] {dag.py:2941} INFO - Sync 1 DAGs
[2023-10-13T16:18:07.910+0000] {logging_mixin.py:151} INFO - [2023-10-13T16:18:07.910+0000] {dag.py:3722} INFO - Setting next_dagrun for example_python_operator to None, run_after=None
[2023-10-13T16:18:07.926+0000] {processor.py:179} INFO - Processing /home/airflow/.local/lib/python3.8/site-packages/airflow/example_dags/example_python_operator.py took 0.113 seconds
[2023-10-13T16:18:38.029+0000] {processor.py:157} INFO - Started process (PID=728) to work on /home/airflow/.local/lib/python3.8/site-packages/airflow/example_dags/example_python_operator.py
[2023-10-13T16:18:38.029+0000] {processor.py:829} INFO - Processing file /home/airflow/.local/lib/python3.8/site-packages/airflow/example_dags/example_python_operator.py for tasks to queue
[2023-10-13T16:18:38.030+0000] {logging_mixin.py:151} INFO - [2023-10-13T16:18:38.030+0000] {dagbag.py:536} INFO - Filling up the DagBag from /home/airflow/.local/lib/python3.8/site-packages/airflow/example_dags/example_python_operator.py
[2023-10-13T16:18:38.037+0000] {processor.py:839} INFO - DAG(s) dict_keys(['example_python_operator']) retrieved from /home/airflow/.local/lib/python3.8/site-packages/airflow/example_dags/example_python_operator.py
[2023-10-13T16:18:38.054+0000] {logging_mixin.py:151} INFO - [2023-10-13T16:18:38.054+0000] {dag.py:2941} INFO - Sync 1 DAGs
[2023-10-13T16:18:38.064+0000] {logging_mixin.py:151} INFO - [2023-10-13T16:18:38.064+0000] {dag.py:3722} INFO - Setting next_dagrun for example_python_operator to None, run_after=None
[2023-10-13T16:18:38.087+0000] {processor.py:179} INFO - Processing /home/airflow/.local/lib/python3.8/site-packages/airflow/example_dags/example_python_operator.py took 0.061 seconds
[2023-10-13T16:19:08.304+0000] {processor.py:157} INFO - Started process (PID=966) to work on /home/airflow/.local/lib/python3.8/site-packages/airflow/example_dags/example_python_operator.py
[2023-10-13T16:19:08.305+0000] {processor.py:829} INFO - Processing file /home/airflow/.local/lib/python3.8/site-packages/airflow/example_dags/example_python_operator.py for tasks to queue
[2023-10-13T16:19:08.306+0000] {logging_mixin.py:151} INFO - [2023-10-13T16:19:08.306+0000] {dagbag.py:536} INFO - Filling up the DagBag from /home/airflow/.local/lib/python3.8/site-packages/airflow/example_dags/example_python_operator.py
[2023-10-13T16:19:08.315+0000] {processor.py:839} INFO - DAG(s) dict_keys(['example_python_operator']) retrieved from /home/airflow/.local/lib/python3.8/site-packages/airflow/example_dags/example_python_operator.py
[2023-10-13T16:19:08.336+0000] {logging_mixin.py:151} INFO - [2023-10-13T16:19:08.335+0000] {dag.py:2941} INFO - Sync 1 DAGs
[2023-10-13T16:19:08.347+0000] {logging_mixin.py:151} INFO - [2023-10-13T16:19:08.347+0000] {dag.py:3722} INFO - Setting next_dagrun for example_python_operator to None, run_after=None
[2023-10-13T16:19:08.371+0000] {processor.py:179} INFO - Processing /home/airflow/.local/lib/python3.8/site-packages/airflow/example_dags/example_python_operator.py took 0.071 seconds
[2023-10-13T16:19:38.605+0000] {processor.py:157} INFO - Started process (PID=1204) to work on /home/airflow/.local/lib/python3.8/site-packages/airflow/example_dags/example_python_operator.py
[2023-10-13T16:19:38.613+0000] {processor.py:829} INFO - Processing file /home/airflow/.local/lib/python3.8/site-packages/airflow/example_dags/example_python_operator.py for tasks to queue
[2023-10-13T16:19:38.615+0000] {logging_mixin.py:151} INFO - [2023-10-13T16:19:38.614+0000] {dagbag.py:536} INFO - Filling up the DagBag from /home/airflow/.local/lib/python3.8/site-packages/airflow/example_dags/example_python_operator.py
[2023-10-13T16:19:38.636+0000] {processor.py:839} INFO - DAG(s) dict_keys(['example_python_operator']) retrieved from /home/airflow/.local/lib/python3.8/site-packages/airflow/example_dags/example_python_operator.py
[2023-10-13T16:19:38.655+0000] {logging_mixin.py:151} INFO - [2023-10-13T16:19:38.655+0000] {dag.py:2941} INFO - Sync 1 DAGs
[2023-10-13T16:19:38.665+0000] {logging_mixin.py:151} INFO - [2023-10-13T16:19:38.664+0000] {dag.py:3722} INFO - Setting next_dagrun for example_python_operator to None, run_after=None
[2023-10-13T16:19:38.685+0000] {processor.py:179} INFO - Processing /home/airflow/.local/lib/python3.8/site-packages/airflow/example_dags/example_python_operator.py took 0.082 seconds
[2023-10-13T16:20:08.981+0000] {processor.py:157} INFO - Started process (PID=1441) to work on /home/airflow/.local/lib/python3.8/site-packages/airflow/example_dags/example_python_operator.py
[2023-10-13T16:20:08.981+0000] {processor.py:829} INFO - Processing file /home/airflow/.local/lib/python3.8/site-packages/airflow/example_dags/example_python_operator.py for tasks to queue
[2023-10-13T16:20:08.982+0000] {logging_mixin.py:151} INFO - [2023-10-13T16:20:08.982+0000] {dagbag.py:536} INFO - Filling up the DagBag from /home/airflow/.local/lib/python3.8/site-packages/airflow/example_dags/example_python_operator.py
[2023-10-13T16:20:08.989+0000] {processor.py:839} INFO - DAG(s) dict_keys(['example_python_operator']) retrieved from /home/airflow/.local/lib/python3.8/site-packages/airflow/example_dags/example_python_operator.py
[2023-10-13T16:20:09.008+0000] {logging_mixin.py:151} INFO - [2023-10-13T16:20:09.008+0000] {dag.py:2941} INFO - Sync 1 DAGs
[2023-10-13T16:20:09.017+0000] {logging_mixin.py:151} INFO - [2023-10-13T16:20:09.017+0000] {dag.py:3722} INFO - Setting next_dagrun for example_python_operator to None, run_after=None
[2023-10-13T16:20:09.053+0000] {processor.py:179} INFO - Processing /home/airflow/.local/lib/python3.8/site-packages/airflow/example_dags/example_python_operator.py took 0.074 seconds
[2023-10-13T16:20:40.016+0000] {processor.py:157} INFO - Started process (PID=1679) to work on /home/airflow/.local/lib/python3.8/site-packages/airflow/example_dags/example_python_operator.py
[2023-10-13T16:20:40.019+0000] {processor.py:829} INFO - Processing file /home/airflow/.local/lib/python3.8/site-packages/airflow/example_dags/example_python_operator.py for tasks to queue
[2023-10-13T16:20:40.021+0000] {logging_mixin.py:151} INFO - [2023-10-13T16:20:40.020+0000] {dagbag.py:536} INFO - Filling up the DagBag from /home/airflow/.local/lib/python3.8/site-packages/airflow/example_dags/example_python_operator.py
[2023-10-13T16:20:40.037+0000] {processor.py:839} INFO - DAG(s) dict_keys(['example_python_operator']) retrieved from /home/airflow/.local/lib/python3.8/site-packages/airflow/example_dags/example_python_operator.py
[2023-10-13T16:20:40.073+0000] {logging_mixin.py:151} INFO - [2023-10-13T16:20:40.073+0000] {dag.py:2941} INFO - Sync 1 DAGs
[2023-10-13T16:20:40.093+0000] {logging_mixin.py:151} INFO - [2023-10-13T16:20:40.093+0000] {dag.py:3722} INFO - Setting next_dagrun for example_python_operator to None, run_after=None
[2023-10-13T16:20:40.131+0000] {processor.py:179} INFO - Processing /home/airflow/.local/lib/python3.8/site-packages/airflow/example_dags/example_python_operator.py took 0.125 seconds
[2023-10-13T16:21:10.759+0000] {processor.py:157} INFO - Started process (PID=1917) to work on /home/airflow/.local/lib/python3.8/site-packages/airflow/example_dags/example_python_operator.py
[2023-10-13T16:21:10.767+0000] {processor.py:829} INFO - Processing file /home/airflow/.local/lib/python3.8/site-packages/airflow/example_dags/example_python_operator.py for tasks to queue
[2023-10-13T16:21:10.768+0000] {logging_mixin.py:151} INFO - [2023-10-13T16:21:10.767+0000] {dagbag.py:536} INFO - Filling up the DagBag from /home/airflow/.local/lib/python3.8/site-packages/airflow/example_dags/example_python_operator.py
[2023-10-13T16:21:10.779+0000] {processor.py:839} INFO - DAG(s) dict_keys(['example_python_operator']) retrieved from /home/airflow/.local/lib/python3.8/site-packages/airflow/example_dags/example_python_operator.py
[2023-10-13T16:21:10.811+0000] {logging_mixin.py:151} INFO - [2023-10-13T16:21:10.810+0000] {dag.py:2941} INFO - Sync 1 DAGs
[2023-10-13T16:21:10.825+0000] {logging_mixin.py:151} INFO - [2023-10-13T16:21:10.825+0000] {dag.py:3722} INFO - Setting next_dagrun for example_python_operator to None, run_after=None
[2023-10-13T16:21:10.852+0000] {processor.py:179} INFO - Processing /home/airflow/.local/lib/python3.8/site-packages/airflow/example_dags/example_python_operator.py took 0.096 seconds
[2023-10-13T16:21:40.972+0000] {processor.py:157} INFO - Started process (PID=2156) to work on /home/airflow/.local/lib/python3.8/site-packages/airflow/example_dags/example_python_operator.py
[2023-10-13T16:21:40.983+0000] {processor.py:829} INFO - Processing file /home/airflow/.local/lib/python3.8/site-packages/airflow/example_dags/example_python_operator.py for tasks to queue
[2023-10-13T16:21:40.984+0000] {logging_mixin.py:151} INFO - [2023-10-13T16:21:40.984+0000] {dagbag.py:536} INFO - Filling up the DagBag from /home/airflow/.local/lib/python3.8/site-packages/airflow/example_dags/example_python_operator.py
[2023-10-13T16:21:40.996+0000] {processor.py:839} INFO - DAG(s) dict_keys(['example_python_operator']) retrieved from /home/airflow/.local/lib/python3.8/site-packages/airflow/example_dags/example_python_operator.py
[2023-10-13T16:21:41.023+0000] {logging_mixin.py:151} INFO - [2023-10-13T16:21:41.023+0000] {dag.py:2941} INFO - Sync 1 DAGs
[2023-10-13T16:21:41.036+0000] {logging_mixin.py:151} INFO - [2023-10-13T16:21:41.036+0000] {dag.py:3722} INFO - Setting next_dagrun for example_python_operator to None, run_after=None
[2023-10-13T16:21:41.059+0000] {processor.py:179} INFO - Processing /home/airflow/.local/lib/python3.8/site-packages/airflow/example_dags/example_python_operator.py took 0.090 seconds
[2023-10-13T16:22:11.568+0000] {processor.py:157} INFO - Started process (PID=2395) to work on /home/airflow/.local/lib/python3.8/site-packages/airflow/example_dags/example_python_operator.py
[2023-10-13T16:22:11.569+0000] {processor.py:829} INFO - Processing file /home/airflow/.local/lib/python3.8/site-packages/airflow/example_dags/example_python_operator.py for tasks to queue
[2023-10-13T16:22:11.569+0000] {logging_mixin.py:151} INFO - [2023-10-13T16:22:11.569+0000] {dagbag.py:536} INFO - Filling up the DagBag from /home/airflow/.local/lib/python3.8/site-packages/airflow/example_dags/example_python_operator.py
[2023-10-13T16:22:11.578+0000] {processor.py:839} INFO - DAG(s) dict_keys(['example_python_operator']) retrieved from /home/airflow/.local/lib/python3.8/site-packages/airflow/example_dags/example_python_operator.py
[2023-10-13T16:22:11.601+0000] {logging_mixin.py:151} INFO - [2023-10-13T16:22:11.601+0000] {dag.py:2941} INFO - Sync 1 DAGs
[2023-10-13T16:22:11.619+0000] {logging_mixin.py:151} INFO - [2023-10-13T16:22:11.618+0000] {dag.py:3722} INFO - Setting next_dagrun for example_python_operator to None, run_after=None
[2023-10-13T16:22:11.643+0000] {processor.py:179} INFO - Processing /home/airflow/.local/lib/python3.8/site-packages/airflow/example_dags/example_python_operator.py took 0.079 seconds
[2023-10-13T16:22:41.720+0000] {processor.py:157} INFO - Started process (PID=2633) to work on /home/airflow/.local/lib/python3.8/site-packages/airflow/example_dags/example_python_operator.py
[2023-10-13T16:22:41.721+0000] {processor.py:829} INFO - Processing file /home/airflow/.local/lib/python3.8/site-packages/airflow/example_dags/example_python_operator.py for tasks to queue
[2023-10-13T16:22:41.722+0000] {logging_mixin.py:151} INFO - [2023-10-13T16:22:41.721+0000] {dagbag.py:536} INFO - Filling up the DagBag from /home/airflow/.local/lib/python3.8/site-packages/airflow/example_dags/example_python_operator.py
[2023-10-13T16:22:41.735+0000] {processor.py:839} INFO - DAG(s) dict_keys(['example_python_operator']) retrieved from /home/airflow/.local/lib/python3.8/site-packages/airflow/example_dags/example_python_operator.py
[2023-10-13T16:22:41.756+0000] {logging_mixin.py:151} INFO - [2023-10-13T16:22:41.756+0000] {dag.py:2941} INFO - Sync 1 DAGs
[2023-10-13T16:22:41.766+0000] {logging_mixin.py:151} INFO - [2023-10-13T16:22:41.766+0000] {dag.py:3722} INFO - Setting next_dagrun for example_python_operator to None, run_after=None
[2023-10-13T16:22:41.779+0000] {processor.py:179} INFO - Processing /home/airflow/.local/lib/python3.8/site-packages/airflow/example_dags/example_python_operator.py took 0.061 seconds
[2023-10-13T16:24:27.176+0000] {processor.py:157} INFO - Started process (PID=259) to work on /home/airflow/.local/lib/python3.8/site-packages/airflow/example_dags/example_python_operator.py
[2023-10-13T16:24:27.180+0000] {processor.py:829} INFO - Processing file /home/airflow/.local/lib/python3.8/site-packages/airflow/example_dags/example_python_operator.py for tasks to queue
[2023-10-13T16:24:27.181+0000] {logging_mixin.py:151} INFO - [2023-10-13T16:24:27.181+0000] {dagbag.py:536} INFO - Filling up the DagBag from /home/airflow/.local/lib/python3.8/site-packages/airflow/example_dags/example_python_operator.py
[2023-10-13T16:24:27.191+0000] {processor.py:839} INFO - DAG(s) dict_keys(['example_python_operator']) retrieved from /home/airflow/.local/lib/python3.8/site-packages/airflow/example_dags/example_python_operator.py
[2023-10-13T16:24:27.201+0000] {logging_mixin.py:151} INFO - [2023-10-13T16:24:27.200+0000] {dag.py:2941} INFO - Sync 1 DAGs
[2023-10-13T16:24:27.212+0000] {logging_mixin.py:151} INFO - [2023-10-13T16:24:27.211+0000] {dag.py:3722} INFO - Setting next_dagrun for example_python_operator to None, run_after=None
[2023-10-13T16:24:27.239+0000] {processor.py:179} INFO - Processing /home/airflow/.local/lib/python3.8/site-packages/airflow/example_dags/example_python_operator.py took 0.067 seconds
[2023-10-13T16:24:57.406+0000] {processor.py:157} INFO - Started process (PID=507) to work on /home/airflow/.local/lib/python3.8/site-packages/airflow/example_dags/example_python_operator.py
[2023-10-13T16:24:57.484+0000] {processor.py:829} INFO - Processing file /home/airflow/.local/lib/python3.8/site-packages/airflow/example_dags/example_python_operator.py for tasks to queue
[2023-10-13T16:24:57.486+0000] {logging_mixin.py:151} INFO - [2023-10-13T16:24:57.486+0000] {dagbag.py:536} INFO - Filling up the DagBag from /home/airflow/.local/lib/python3.8/site-packages/airflow/example_dags/example_python_operator.py
[2023-10-13T16:24:57.517+0000] {processor.py:839} INFO - DAG(s) dict_keys(['example_python_operator']) retrieved from /home/airflow/.local/lib/python3.8/site-packages/airflow/example_dags/example_python_operator.py
[2023-10-13T16:24:57.607+0000] {logging_mixin.py:151} INFO - [2023-10-13T16:24:57.606+0000] {dag.py:2941} INFO - Sync 1 DAGs
[2023-10-13T16:24:57.614+0000] {logging_mixin.py:151} INFO - [2023-10-13T16:24:57.614+0000] {dag.py:3722} INFO - Setting next_dagrun for example_python_operator to None, run_after=None
[2023-10-13T16:24:57.639+0000] {processor.py:179} INFO - Processing /home/airflow/.local/lib/python3.8/site-packages/airflow/example_dags/example_python_operator.py took 0.236 seconds
[2023-10-13T16:29:30.718+0000] {processor.py:157} INFO - Started process (PID=252) to work on /home/airflow/.local/lib/python3.8/site-packages/airflow/example_dags/example_python_operator.py
[2023-10-13T16:29:30.719+0000] {processor.py:829} INFO - Processing file /home/airflow/.local/lib/python3.8/site-packages/airflow/example_dags/example_python_operator.py for tasks to queue
[2023-10-13T16:29:30.719+0000] {logging_mixin.py:151} INFO - [2023-10-13T16:29:30.719+0000] {dagbag.py:536} INFO - Filling up the DagBag from /home/airflow/.local/lib/python3.8/site-packages/airflow/example_dags/example_python_operator.py
[2023-10-13T16:29:30.730+0000] {processor.py:839} INFO - DAG(s) dict_keys(['example_python_operator']) retrieved from /home/airflow/.local/lib/python3.8/site-packages/airflow/example_dags/example_python_operator.py
[2023-10-13T16:29:30.739+0000] {logging_mixin.py:151} INFO - [2023-10-13T16:29:30.738+0000] {dag.py:2941} INFO - Sync 1 DAGs
[2023-10-13T16:29:30.749+0000] {logging_mixin.py:151} INFO - [2023-10-13T16:29:30.749+0000] {dag.py:3722} INFO - Setting next_dagrun for example_python_operator to None, run_after=None
[2023-10-13T16:29:30.765+0000] {processor.py:179} INFO - Processing /home/airflow/.local/lib/python3.8/site-packages/airflow/example_dags/example_python_operator.py took 0.049 seconds
[2023-10-13T16:30:00.958+0000] {processor.py:157} INFO - Started process (PID=490) to work on /home/airflow/.local/lib/python3.8/site-packages/airflow/example_dags/example_python_operator.py
[2023-10-13T16:30:00.958+0000] {processor.py:829} INFO - Processing file /home/airflow/.local/lib/python3.8/site-packages/airflow/example_dags/example_python_operator.py for tasks to queue
[2023-10-13T16:30:00.959+0000] {logging_mixin.py:151} INFO - [2023-10-13T16:30:00.959+0000] {dagbag.py:536} INFO - Filling up the DagBag from /home/airflow/.local/lib/python3.8/site-packages/airflow/example_dags/example_python_operator.py
[2023-10-13T16:30:00.967+0000] {processor.py:839} INFO - DAG(s) dict_keys(['example_python_operator']) retrieved from /home/airflow/.local/lib/python3.8/site-packages/airflow/example_dags/example_python_operator.py
[2023-10-13T16:30:01.047+0000] {logging_mixin.py:151} INFO - [2023-10-13T16:30:01.047+0000] {dag.py:2941} INFO - Sync 1 DAGs
[2023-10-13T16:30:01.055+0000] {logging_mixin.py:151} INFO - [2023-10-13T16:30:01.055+0000] {dag.py:3722} INFO - Setting next_dagrun for example_python_operator to None, run_after=None
[2023-10-13T16:30:01.085+0000] {processor.py:179} INFO - Processing /home/airflow/.local/lib/python3.8/site-packages/airflow/example_dags/example_python_operator.py took 0.130 seconds
[2023-10-13T16:30:31.448+0000] {processor.py:157} INFO - Started process (PID=727) to work on /home/airflow/.local/lib/python3.8/site-packages/airflow/example_dags/example_python_operator.py
[2023-10-13T16:30:31.449+0000] {processor.py:829} INFO - Processing file /home/airflow/.local/lib/python3.8/site-packages/airflow/example_dags/example_python_operator.py for tasks to queue
[2023-10-13T16:30:31.449+0000] {logging_mixin.py:151} INFO - [2023-10-13T16:30:31.449+0000] {dagbag.py:536} INFO - Filling up the DagBag from /home/airflow/.local/lib/python3.8/site-packages/airflow/example_dags/example_python_operator.py
[2023-10-13T16:30:31.457+0000] {processor.py:839} INFO - DAG(s) dict_keys(['example_python_operator']) retrieved from /home/airflow/.local/lib/python3.8/site-packages/airflow/example_dags/example_python_operator.py
[2023-10-13T16:30:31.475+0000] {logging_mixin.py:151} INFO - [2023-10-13T16:30:31.474+0000] {dag.py:2941} INFO - Sync 1 DAGs
[2023-10-13T16:30:31.484+0000] {logging_mixin.py:151} INFO - [2023-10-13T16:30:31.484+0000] {dag.py:3722} INFO - Setting next_dagrun for example_python_operator to None, run_after=None
[2023-10-13T16:30:31.514+0000] {processor.py:179} INFO - Processing /home/airflow/.local/lib/python3.8/site-packages/airflow/example_dags/example_python_operator.py took 0.068 seconds
