[2023-10-13T16:17:36.811+0000] {processor.py:157} INFO - Started process (PID=177) to work on /home/airflow/.local/lib/python3.8/site-packages/airflow/example_dags/example_task_group_decorator.py
[2023-10-13T16:17:36.811+0000] {processor.py:829} INFO - Processing file /home/airflow/.local/lib/python3.8/site-packages/airflow/example_dags/example_task_group_decorator.py for tasks to queue
[2023-10-13T16:17:36.812+0000] {logging_mixin.py:151} INFO - [2023-10-13T16:17:36.811+0000] {dagbag.py:536} INFO - Filling up the DagBag from /home/airflow/.local/lib/python3.8/site-packages/airflow/example_dags/example_task_group_decorator.py
[2023-10-13T16:17:36.825+0000] {processor.py:839} INFO - DAG(s) dict_keys(['example_task_group_decorator']) retrieved from /home/airflow/.local/lib/python3.8/site-packages/airflow/example_dags/example_task_group_decorator.py
[2023-10-13T16:17:36.833+0000] {logging_mixin.py:151} INFO - [2023-10-13T16:17:36.833+0000] {dag.py:2941} INFO - Sync 1 DAGs
[2023-10-13T16:17:36.850+0000] {logging_mixin.py:151} INFO - [2023-10-13T16:17:36.850+0000] {dag.py:3722} INFO - Setting next_dagrun for example_task_group_decorator to 2023-10-12T16:17:36.850084+00:00, run_after=2023-10-13T16:17:36.850084+00:00
[2023-10-13T16:17:36.911+0000] {processor.py:179} INFO - Processing /home/airflow/.local/lib/python3.8/site-packages/airflow/example_dags/example_task_group_decorator.py took 0.102 seconds
[2023-10-13T16:18:07.074+0000] {processor.py:157} INFO - Started process (PID=416) to work on /home/airflow/.local/lib/python3.8/site-packages/airflow/example_dags/example_task_group_decorator.py
[2023-10-13T16:18:07.075+0000] {processor.py:829} INFO - Processing file /home/airflow/.local/lib/python3.8/site-packages/airflow/example_dags/example_task_group_decorator.py for tasks to queue
[2023-10-13T16:18:07.076+0000] {logging_mixin.py:151} INFO - [2023-10-13T16:18:07.076+0000] {dagbag.py:536} INFO - Filling up the DagBag from /home/airflow/.local/lib/python3.8/site-packages/airflow/example_dags/example_task_group_decorator.py
[2023-10-13T16:18:07.096+0000] {processor.py:839} INFO - DAG(s) dict_keys(['example_task_group_decorator']) retrieved from /home/airflow/.local/lib/python3.8/site-packages/airflow/example_dags/example_task_group_decorator.py
[2023-10-13T16:18:07.122+0000] {logging_mixin.py:151} INFO - [2023-10-13T16:18:07.122+0000] {dag.py:2941} INFO - Sync 1 DAGs
[2023-10-13T16:18:07.138+0000] {logging_mixin.py:151} INFO - [2023-10-13T16:18:07.138+0000] {dag.py:3722} INFO - Setting next_dagrun for example_task_group_decorator to 2023-10-12T16:18:07.138161+00:00, run_after=2023-10-13T16:18:07.138161+00:00
[2023-10-13T16:18:07.169+0000] {processor.py:179} INFO - Processing /home/airflow/.local/lib/python3.8/site-packages/airflow/example_dags/example_task_group_decorator.py took 0.098 seconds
[2023-10-13T16:18:37.336+0000] {processor.py:157} INFO - Started process (PID=654) to work on /home/airflow/.local/lib/python3.8/site-packages/airflow/example_dags/example_task_group_decorator.py
[2023-10-13T16:18:37.337+0000] {processor.py:829} INFO - Processing file /home/airflow/.local/lib/python3.8/site-packages/airflow/example_dags/example_task_group_decorator.py for tasks to queue
[2023-10-13T16:18:37.338+0000] {logging_mixin.py:151} INFO - [2023-10-13T16:18:37.337+0000] {dagbag.py:536} INFO - Filling up the DagBag from /home/airflow/.local/lib/python3.8/site-packages/airflow/example_dags/example_task_group_decorator.py
[2023-10-13T16:18:37.349+0000] {processor.py:839} INFO - DAG(s) dict_keys(['example_task_group_decorator']) retrieved from /home/airflow/.local/lib/python3.8/site-packages/airflow/example_dags/example_task_group_decorator.py
[2023-10-13T16:18:37.366+0000] {logging_mixin.py:151} INFO - [2023-10-13T16:18:37.366+0000] {dag.py:2941} INFO - Sync 1 DAGs
[2023-10-13T16:18:37.382+0000] {logging_mixin.py:151} INFO - [2023-10-13T16:18:37.382+0000] {dag.py:3722} INFO - Setting next_dagrun for example_task_group_decorator to 2023-10-12T16:18:37.382212+00:00, run_after=2023-10-13T16:18:37.382212+00:00
[2023-10-13T16:18:37.407+0000] {processor.py:179} INFO - Processing /home/airflow/.local/lib/python3.8/site-packages/airflow/example_dags/example_task_group_decorator.py took 0.073 seconds
[2023-10-13T16:19:07.501+0000] {processor.py:157} INFO - Started process (PID=893) to work on /home/airflow/.local/lib/python3.8/site-packages/airflow/example_dags/example_task_group_decorator.py
[2023-10-13T16:19:07.502+0000] {processor.py:829} INFO - Processing file /home/airflow/.local/lib/python3.8/site-packages/airflow/example_dags/example_task_group_decorator.py for tasks to queue
[2023-10-13T16:19:07.502+0000] {logging_mixin.py:151} INFO - [2023-10-13T16:19:07.502+0000] {dagbag.py:536} INFO - Filling up the DagBag from /home/airflow/.local/lib/python3.8/site-packages/airflow/example_dags/example_task_group_decorator.py
[2023-10-13T16:19:07.517+0000] {processor.py:839} INFO - DAG(s) dict_keys(['example_task_group_decorator']) retrieved from /home/airflow/.local/lib/python3.8/site-packages/airflow/example_dags/example_task_group_decorator.py
[2023-10-13T16:19:07.538+0000] {logging_mixin.py:151} INFO - [2023-10-13T16:19:07.538+0000] {dag.py:2941} INFO - Sync 1 DAGs
[2023-10-13T16:19:07.557+0000] {logging_mixin.py:151} INFO - [2023-10-13T16:19:07.557+0000] {dag.py:3722} INFO - Setting next_dagrun for example_task_group_decorator to 2023-10-12T16:19:07.556939+00:00, run_after=2023-10-13T16:19:07.556939+00:00
[2023-10-13T16:19:07.582+0000] {processor.py:179} INFO - Processing /home/airflow/.local/lib/python3.8/site-packages/airflow/example_dags/example_task_group_decorator.py took 0.083 seconds
[2023-10-13T16:19:37.885+0000] {processor.py:157} INFO - Started process (PID=1131) to work on /home/airflow/.local/lib/python3.8/site-packages/airflow/example_dags/example_task_group_decorator.py
[2023-10-13T16:19:37.892+0000] {processor.py:829} INFO - Processing file /home/airflow/.local/lib/python3.8/site-packages/airflow/example_dags/example_task_group_decorator.py for tasks to queue
[2023-10-13T16:19:37.893+0000] {logging_mixin.py:151} INFO - [2023-10-13T16:19:37.893+0000] {dagbag.py:536} INFO - Filling up the DagBag from /home/airflow/.local/lib/python3.8/site-packages/airflow/example_dags/example_task_group_decorator.py
[2023-10-13T16:19:37.908+0000] {processor.py:839} INFO - DAG(s) dict_keys(['example_task_group_decorator']) retrieved from /home/airflow/.local/lib/python3.8/site-packages/airflow/example_dags/example_task_group_decorator.py
[2023-10-13T16:19:37.938+0000] {logging_mixin.py:151} INFO - [2023-10-13T16:19:37.937+0000] {dag.py:2941} INFO - Sync 1 DAGs
[2023-10-13T16:19:37.962+0000] {logging_mixin.py:151} INFO - [2023-10-13T16:19:37.962+0000] {dag.py:3722} INFO - Setting next_dagrun for example_task_group_decorator to 2023-10-12T16:19:37.962041+00:00, run_after=2023-10-13T16:19:37.962041+00:00
[2023-10-13T16:19:37.993+0000] {processor.py:179} INFO - Processing /home/airflow/.local/lib/python3.8/site-packages/airflow/example_dags/example_task_group_decorator.py took 0.111 seconds
[2023-10-13T16:20:08.213+0000] {processor.py:157} INFO - Started process (PID=1366) to work on /home/airflow/.local/lib/python3.8/site-packages/airflow/example_dags/example_task_group_decorator.py
[2023-10-13T16:20:08.218+0000] {processor.py:829} INFO - Processing file /home/airflow/.local/lib/python3.8/site-packages/airflow/example_dags/example_task_group_decorator.py for tasks to queue
[2023-10-13T16:20:08.219+0000] {logging_mixin.py:151} INFO - [2023-10-13T16:20:08.219+0000] {dagbag.py:536} INFO - Filling up the DagBag from /home/airflow/.local/lib/python3.8/site-packages/airflow/example_dags/example_task_group_decorator.py
[2023-10-13T16:20:08.231+0000] {processor.py:839} INFO - DAG(s) dict_keys(['example_task_group_decorator']) retrieved from /home/airflow/.local/lib/python3.8/site-packages/airflow/example_dags/example_task_group_decorator.py
[2023-10-13T16:20:08.249+0000] {logging_mixin.py:151} INFO - [2023-10-13T16:20:08.249+0000] {dag.py:2941} INFO - Sync 1 DAGs
[2023-10-13T16:20:08.266+0000] {logging_mixin.py:151} INFO - [2023-10-13T16:20:08.265+0000] {dag.py:3722} INFO - Setting next_dagrun for example_task_group_decorator to 2023-10-12T16:20:08.265810+00:00, run_after=2023-10-13T16:20:08.265810+00:00
[2023-10-13T16:20:08.293+0000] {processor.py:179} INFO - Processing /home/airflow/.local/lib/python3.8/site-packages/airflow/example_dags/example_task_group_decorator.py took 0.084 seconds
[2023-10-13T16:20:38.833+0000] {processor.py:157} INFO - Started process (PID=1606) to work on /home/airflow/.local/lib/python3.8/site-packages/airflow/example_dags/example_task_group_decorator.py
[2023-10-13T16:20:38.833+0000] {processor.py:829} INFO - Processing file /home/airflow/.local/lib/python3.8/site-packages/airflow/example_dags/example_task_group_decorator.py for tasks to queue
[2023-10-13T16:20:38.834+0000] {logging_mixin.py:151} INFO - [2023-10-13T16:20:38.834+0000] {dagbag.py:536} INFO - Filling up the DagBag from /home/airflow/.local/lib/python3.8/site-packages/airflow/example_dags/example_task_group_decorator.py
[2023-10-13T16:20:38.849+0000] {processor.py:839} INFO - DAG(s) dict_keys(['example_task_group_decorator']) retrieved from /home/airflow/.local/lib/python3.8/site-packages/airflow/example_dags/example_task_group_decorator.py
[2023-10-13T16:20:38.878+0000] {logging_mixin.py:151} INFO - [2023-10-13T16:20:38.878+0000] {dag.py:2941} INFO - Sync 1 DAGs
[2023-10-13T16:20:38.905+0000] {logging_mixin.py:151} INFO - [2023-10-13T16:20:38.904+0000] {dag.py:3722} INFO - Setting next_dagrun for example_task_group_decorator to 2023-10-12T16:20:38.904598+00:00, run_after=2023-10-13T16:20:38.904598+00:00
[2023-10-13T16:20:38.932+0000] {processor.py:179} INFO - Processing /home/airflow/.local/lib/python3.8/site-packages/airflow/example_dags/example_task_group_decorator.py took 0.103 seconds
[2023-10-13T16:21:09.398+0000] {processor.py:157} INFO - Started process (PID=1844) to work on /home/airflow/.local/lib/python3.8/site-packages/airflow/example_dags/example_task_group_decorator.py
[2023-10-13T16:21:09.410+0000] {processor.py:829} INFO - Processing file /home/airflow/.local/lib/python3.8/site-packages/airflow/example_dags/example_task_group_decorator.py for tasks to queue
[2023-10-13T16:21:09.412+0000] {logging_mixin.py:151} INFO - [2023-10-13T16:21:09.411+0000] {dagbag.py:536} INFO - Filling up the DagBag from /home/airflow/.local/lib/python3.8/site-packages/airflow/example_dags/example_task_group_decorator.py
[2023-10-13T16:21:09.437+0000] {processor.py:839} INFO - DAG(s) dict_keys(['example_task_group_decorator']) retrieved from /home/airflow/.local/lib/python3.8/site-packages/airflow/example_dags/example_task_group_decorator.py
[2023-10-13T16:21:09.479+0000] {logging_mixin.py:151} INFO - [2023-10-13T16:21:09.479+0000] {dag.py:2941} INFO - Sync 1 DAGs
[2023-10-13T16:21:09.532+0000] {logging_mixin.py:151} INFO - [2023-10-13T16:21:09.531+0000] {dag.py:3722} INFO - Setting next_dagrun for example_task_group_decorator to 2023-10-12T16:21:09.531400+00:00, run_after=2023-10-13T16:21:09.531400+00:00
[2023-10-13T16:21:09.576+0000] {processor.py:179} INFO - Processing /home/airflow/.local/lib/python3.8/site-packages/airflow/example_dags/example_task_group_decorator.py took 0.181 seconds
[2023-10-13T16:21:39.890+0000] {processor.py:157} INFO - Started process (PID=2082) to work on /home/airflow/.local/lib/python3.8/site-packages/airflow/example_dags/example_task_group_decorator.py
[2023-10-13T16:21:39.894+0000] {processor.py:829} INFO - Processing file /home/airflow/.local/lib/python3.8/site-packages/airflow/example_dags/example_task_group_decorator.py for tasks to queue
[2023-10-13T16:21:39.894+0000] {logging_mixin.py:151} INFO - [2023-10-13T16:21:39.894+0000] {dagbag.py:536} INFO - Filling up the DagBag from /home/airflow/.local/lib/python3.8/site-packages/airflow/example_dags/example_task_group_decorator.py
[2023-10-13T16:21:39.909+0000] {processor.py:839} INFO - DAG(s) dict_keys(['example_task_group_decorator']) retrieved from /home/airflow/.local/lib/python3.8/site-packages/airflow/example_dags/example_task_group_decorator.py
[2023-10-13T16:21:39.938+0000] {logging_mixin.py:151} INFO - [2023-10-13T16:21:39.937+0000] {dag.py:2941} INFO - Sync 1 DAGs
[2023-10-13T16:21:39.965+0000] {logging_mixin.py:151} INFO - [2023-10-13T16:21:39.965+0000] {dag.py:3722} INFO - Setting next_dagrun for example_task_group_decorator to 2023-10-12T16:21:39.964848+00:00, run_after=2023-10-13T16:21:39.964848+00:00
[2023-10-13T16:21:39.986+0000] {processor.py:179} INFO - Processing /home/airflow/.local/lib/python3.8/site-packages/airflow/example_dags/example_task_group_decorator.py took 0.099 seconds
[2023-10-13T16:22:10.488+0000] {processor.py:157} INFO - Started process (PID=2322) to work on /home/airflow/.local/lib/python3.8/site-packages/airflow/example_dags/example_task_group_decorator.py
[2023-10-13T16:22:10.489+0000] {processor.py:829} INFO - Processing file /home/airflow/.local/lib/python3.8/site-packages/airflow/example_dags/example_task_group_decorator.py for tasks to queue
[2023-10-13T16:22:10.490+0000] {logging_mixin.py:151} INFO - [2023-10-13T16:22:10.489+0000] {dagbag.py:536} INFO - Filling up the DagBag from /home/airflow/.local/lib/python3.8/site-packages/airflow/example_dags/example_task_group_decorator.py
[2023-10-13T16:22:10.532+0000] {processor.py:839} INFO - DAG(s) dict_keys(['example_task_group_decorator']) retrieved from /home/airflow/.local/lib/python3.8/site-packages/airflow/example_dags/example_task_group_decorator.py
[2023-10-13T16:22:10.577+0000] {logging_mixin.py:151} INFO - [2023-10-13T16:22:10.576+0000] {dag.py:2941} INFO - Sync 1 DAGs
[2023-10-13T16:22:10.611+0000] {logging_mixin.py:151} INFO - [2023-10-13T16:22:10.611+0000] {dag.py:3722} INFO - Setting next_dagrun for example_task_group_decorator to 2023-10-12T16:22:10.610609+00:00, run_after=2023-10-13T16:22:10.610609+00:00
[2023-10-13T16:22:10.653+0000] {processor.py:179} INFO - Processing /home/airflow/.local/lib/python3.8/site-packages/airflow/example_dags/example_task_group_decorator.py took 0.169 seconds
[2023-10-13T16:22:40.975+0000] {processor.py:157} INFO - Started process (PID=2558) to work on /home/airflow/.local/lib/python3.8/site-packages/airflow/example_dags/example_task_group_decorator.py
[2023-10-13T16:22:40.980+0000] {processor.py:829} INFO - Processing file /home/airflow/.local/lib/python3.8/site-packages/airflow/example_dags/example_task_group_decorator.py for tasks to queue
[2023-10-13T16:22:40.981+0000] {logging_mixin.py:151} INFO - [2023-10-13T16:22:40.980+0000] {dagbag.py:536} INFO - Filling up the DagBag from /home/airflow/.local/lib/python3.8/site-packages/airflow/example_dags/example_task_group_decorator.py
[2023-10-13T16:22:40.992+0000] {processor.py:839} INFO - DAG(s) dict_keys(['example_task_group_decorator']) retrieved from /home/airflow/.local/lib/python3.8/site-packages/airflow/example_dags/example_task_group_decorator.py
[2023-10-13T16:22:41.010+0000] {logging_mixin.py:151} INFO - [2023-10-13T16:22:41.010+0000] {dag.py:2941} INFO - Sync 1 DAGs
[2023-10-13T16:22:41.026+0000] {logging_mixin.py:151} INFO - [2023-10-13T16:22:41.026+0000] {dag.py:3722} INFO - Setting next_dagrun for example_task_group_decorator to 2023-10-12T16:22:41.026065+00:00, run_after=2023-10-13T16:22:41.026065+00:00
[2023-10-13T16:22:41.043+0000] {processor.py:179} INFO - Processing /home/airflow/.local/lib/python3.8/site-packages/airflow/example_dags/example_task_group_decorator.py took 0.071 seconds
[2023-10-13T16:24:26.078+0000] {processor.py:157} INFO - Started process (PID=184) to work on /home/airflow/.local/lib/python3.8/site-packages/airflow/example_dags/example_task_group_decorator.py
[2023-10-13T16:24:26.087+0000] {processor.py:829} INFO - Processing file /home/airflow/.local/lib/python3.8/site-packages/airflow/example_dags/example_task_group_decorator.py for tasks to queue
[2023-10-13T16:24:26.087+0000] {logging_mixin.py:151} INFO - [2023-10-13T16:24:26.087+0000] {dagbag.py:536} INFO - Filling up the DagBag from /home/airflow/.local/lib/python3.8/site-packages/airflow/example_dags/example_task_group_decorator.py
[2023-10-13T16:24:26.100+0000] {processor.py:839} INFO - DAG(s) dict_keys(['example_task_group_decorator']) retrieved from /home/airflow/.local/lib/python3.8/site-packages/airflow/example_dags/example_task_group_decorator.py
[2023-10-13T16:24:26.109+0000] {logging_mixin.py:151} INFO - [2023-10-13T16:24:26.109+0000] {dag.py:2941} INFO - Sync 1 DAGs
[2023-10-13T16:24:26.127+0000] {logging_mixin.py:151} INFO - [2023-10-13T16:24:26.127+0000] {dag.py:3722} INFO - Setting next_dagrun for example_task_group_decorator to 2023-10-12T16:24:26.126890+00:00, run_after=2023-10-13T16:24:26.126890+00:00
[2023-10-13T16:24:26.149+0000] {processor.py:179} INFO - Processing /home/airflow/.local/lib/python3.8/site-packages/airflow/example_dags/example_task_group_decorator.py took 0.073 seconds
[2023-10-13T16:24:56.570+0000] {processor.py:157} INFO - Started process (PID=430) to work on /home/airflow/.local/lib/python3.8/site-packages/airflow/example_dags/example_task_group_decorator.py
[2023-10-13T16:24:56.582+0000] {processor.py:829} INFO - Processing file /home/airflow/.local/lib/python3.8/site-packages/airflow/example_dags/example_task_group_decorator.py for tasks to queue
[2023-10-13T16:24:56.582+0000] {logging_mixin.py:151} INFO - [2023-10-13T16:24:56.582+0000] {dagbag.py:536} INFO - Filling up the DagBag from /home/airflow/.local/lib/python3.8/site-packages/airflow/example_dags/example_task_group_decorator.py
[2023-10-13T16:24:56.594+0000] {processor.py:839} INFO - DAG(s) dict_keys(['example_task_group_decorator']) retrieved from /home/airflow/.local/lib/python3.8/site-packages/airflow/example_dags/example_task_group_decorator.py
[2023-10-13T16:24:56.612+0000] {logging_mixin.py:151} INFO - [2023-10-13T16:24:56.612+0000] {dag.py:2941} INFO - Sync 1 DAGs
[2023-10-13T16:24:56.629+0000] {logging_mixin.py:151} INFO - [2023-10-13T16:24:56.628+0000] {dag.py:3722} INFO - Setting next_dagrun for example_task_group_decorator to 2023-10-12T16:24:56.628766+00:00, run_after=2023-10-13T16:24:56.628766+00:00
[2023-10-13T16:24:56.652+0000] {processor.py:179} INFO - Processing /home/airflow/.local/lib/python3.8/site-packages/airflow/example_dags/example_task_group_decorator.py took 0.084 seconds
[2023-10-13T16:29:29.950+0000] {processor.py:157} INFO - Started process (PID=177) to work on /home/airflow/.local/lib/python3.8/site-packages/airflow/example_dags/example_task_group_decorator.py
[2023-10-13T16:29:29.975+0000] {processor.py:829} INFO - Processing file /home/airflow/.local/lib/python3.8/site-packages/airflow/example_dags/example_task_group_decorator.py for tasks to queue
[2023-10-13T16:29:29.976+0000] {logging_mixin.py:151} INFO - [2023-10-13T16:29:29.976+0000] {dagbag.py:536} INFO - Filling up the DagBag from /home/airflow/.local/lib/python3.8/site-packages/airflow/example_dags/example_task_group_decorator.py
[2023-10-13T16:29:29.990+0000] {processor.py:839} INFO - DAG(s) dict_keys(['example_task_group_decorator']) retrieved from /home/airflow/.local/lib/python3.8/site-packages/airflow/example_dags/example_task_group_decorator.py
[2023-10-13T16:29:30.000+0000] {logging_mixin.py:151} INFO - [2023-10-13T16:29:30.000+0000] {dag.py:2941} INFO - Sync 1 DAGs
[2023-10-13T16:29:30.019+0000] {logging_mixin.py:151} INFO - [2023-10-13T16:29:30.019+0000] {dag.py:3722} INFO - Setting next_dagrun for example_task_group_decorator to 2023-10-12T16:29:30.019399+00:00, run_after=2023-10-13T16:29:30.019399+00:00
[2023-10-13T16:29:30.055+0000] {processor.py:179} INFO - Processing /home/airflow/.local/lib/python3.8/site-packages/airflow/example_dags/example_task_group_decorator.py took 0.107 seconds
[2023-10-13T16:30:00.171+0000] {processor.py:157} INFO - Started process (PID=416) to work on /home/airflow/.local/lib/python3.8/site-packages/airflow/example_dags/example_task_group_decorator.py
[2023-10-13T16:30:00.171+0000] {processor.py:829} INFO - Processing file /home/airflow/.local/lib/python3.8/site-packages/airflow/example_dags/example_task_group_decorator.py for tasks to queue
[2023-10-13T16:30:00.172+0000] {logging_mixin.py:151} INFO - [2023-10-13T16:30:00.172+0000] {dagbag.py:536} INFO - Filling up the DagBag from /home/airflow/.local/lib/python3.8/site-packages/airflow/example_dags/example_task_group_decorator.py
[2023-10-13T16:30:00.183+0000] {processor.py:839} INFO - DAG(s) dict_keys(['example_task_group_decorator']) retrieved from /home/airflow/.local/lib/python3.8/site-packages/airflow/example_dags/example_task_group_decorator.py
[2023-10-13T16:30:00.200+0000] {logging_mixin.py:151} INFO - [2023-10-13T16:30:00.200+0000] {dag.py:2941} INFO - Sync 1 DAGs
[2023-10-13T16:30:00.216+0000] {logging_mixin.py:151} INFO - [2023-10-13T16:30:00.216+0000] {dag.py:3722} INFO - Setting next_dagrun for example_task_group_decorator to 2023-10-12T16:30:00.215967+00:00, run_after=2023-10-13T16:30:00.215967+00:00
[2023-10-13T16:30:00.241+0000] {processor.py:179} INFO - Processing /home/airflow/.local/lib/python3.8/site-packages/airflow/example_dags/example_task_group_decorator.py took 0.072 seconds
[2023-10-13T16:30:30.727+0000] {processor.py:157} INFO - Started process (PID=654) to work on /home/airflow/.local/lib/python3.8/site-packages/airflow/example_dags/example_task_group_decorator.py
[2023-10-13T16:30:30.728+0000] {processor.py:829} INFO - Processing file /home/airflow/.local/lib/python3.8/site-packages/airflow/example_dags/example_task_group_decorator.py for tasks to queue
[2023-10-13T16:30:30.729+0000] {logging_mixin.py:151} INFO - [2023-10-13T16:30:30.729+0000] {dagbag.py:536} INFO - Filling up the DagBag from /home/airflow/.local/lib/python3.8/site-packages/airflow/example_dags/example_task_group_decorator.py
[2023-10-13T16:30:30.744+0000] {processor.py:839} INFO - DAG(s) dict_keys(['example_task_group_decorator']) retrieved from /home/airflow/.local/lib/python3.8/site-packages/airflow/example_dags/example_task_group_decorator.py
[2023-10-13T16:30:30.762+0000] {logging_mixin.py:151} INFO - [2023-10-13T16:30:30.762+0000] {dag.py:2941} INFO - Sync 1 DAGs
[2023-10-13T16:30:30.777+0000] {logging_mixin.py:151} INFO - [2023-10-13T16:30:30.777+0000] {dag.py:3722} INFO - Setting next_dagrun for example_task_group_decorator to 2023-10-12T16:30:30.777040+00:00, run_after=2023-10-13T16:30:30.777040+00:00
[2023-10-13T16:30:30.800+0000] {processor.py:179} INFO - Processing /home/airflow/.local/lib/python3.8/site-packages/airflow/example_dags/example_task_group_decorator.py took 0.077 seconds
