[2023-10-13T16:17:37.391+0000] {processor.py:157} INFO - Started process (PID=232) to work on /home/airflow/.local/lib/python3.8/site-packages/airflow/example_dags/example_setup_teardown_taskflow.py
[2023-10-13T16:17:37.392+0000] {processor.py:829} INFO - Processing file /home/airflow/.local/lib/python3.8/site-packages/airflow/example_dags/example_setup_teardown_taskflow.py for tasks to queue
[2023-10-13T16:17:37.392+0000] {logging_mixin.py:151} INFO - [2023-10-13T16:17:37.392+0000] {dagbag.py:536} INFO - Filling up the DagBag from /home/airflow/.local/lib/python3.8/site-packages/airflow/example_dags/example_setup_teardown_taskflow.py
[2023-10-13T16:17:37.400+0000] {processor.py:839} INFO - DAG(s) dict_keys(['example_setup_teardown_taskflow']) retrieved from /home/airflow/.local/lib/python3.8/site-packages/airflow/example_dags/example_setup_teardown_taskflow.py
[2023-10-13T16:17:37.408+0000] {logging_mixin.py:151} INFO - [2023-10-13T16:17:37.408+0000] {dag.py:2941} INFO - Sync 1 DAGs
[2023-10-13T16:17:37.427+0000] {logging_mixin.py:151} INFO - [2023-10-13T16:17:37.427+0000] {dag.py:3722} INFO - Setting next_dagrun for example_setup_teardown_taskflow to 2023-10-12T16:17:37.427384+00:00, run_after=2023-10-13T16:17:37.427384+00:00
[2023-10-13T16:17:37.451+0000] {processor.py:179} INFO - Processing /home/airflow/.local/lib/python3.8/site-packages/airflow/example_dags/example_setup_teardown_taskflow.py took 0.063 seconds
[2023-10-13T16:18:07.609+0000] {processor.py:157} INFO - Started process (PID=470) to work on /home/airflow/.local/lib/python3.8/site-packages/airflow/example_dags/example_setup_teardown_taskflow.py
[2023-10-13T16:18:07.623+0000] {processor.py:829} INFO - Processing file /home/airflow/.local/lib/python3.8/site-packages/airflow/example_dags/example_setup_teardown_taskflow.py for tasks to queue
[2023-10-13T16:18:07.623+0000] {logging_mixin.py:151} INFO - [2023-10-13T16:18:07.623+0000] {dagbag.py:536} INFO - Filling up the DagBag from /home/airflow/.local/lib/python3.8/site-packages/airflow/example_dags/example_setup_teardown_taskflow.py
[2023-10-13T16:18:07.631+0000] {processor.py:839} INFO - DAG(s) dict_keys(['example_setup_teardown_taskflow']) retrieved from /home/airflow/.local/lib/python3.8/site-packages/airflow/example_dags/example_setup_teardown_taskflow.py
[2023-10-13T16:18:07.646+0000] {logging_mixin.py:151} INFO - [2023-10-13T16:18:07.646+0000] {dag.py:2941} INFO - Sync 1 DAGs
[2023-10-13T16:18:07.661+0000] {logging_mixin.py:151} INFO - [2023-10-13T16:18:07.661+0000] {dag.py:3722} INFO - Setting next_dagrun for example_setup_teardown_taskflow to 2023-10-12T16:18:07.661658+00:00, run_after=2023-10-13T16:18:07.661658+00:00
[2023-10-13T16:18:07.704+0000] {processor.py:179} INFO - Processing /home/airflow/.local/lib/python3.8/site-packages/airflow/example_dags/example_setup_teardown_taskflow.py took 0.096 seconds
[2023-10-13T16:18:37.871+0000] {processor.py:157} INFO - Started process (PID=708) to work on /home/airflow/.local/lib/python3.8/site-packages/airflow/example_dags/example_setup_teardown_taskflow.py
[2023-10-13T16:18:37.872+0000] {processor.py:829} INFO - Processing file /home/airflow/.local/lib/python3.8/site-packages/airflow/example_dags/example_setup_teardown_taskflow.py for tasks to queue
[2023-10-13T16:18:37.872+0000] {logging_mixin.py:151} INFO - [2023-10-13T16:18:37.872+0000] {dagbag.py:536} INFO - Filling up the DagBag from /home/airflow/.local/lib/python3.8/site-packages/airflow/example_dags/example_setup_teardown_taskflow.py
[2023-10-13T16:18:37.880+0000] {processor.py:839} INFO - DAG(s) dict_keys(['example_setup_teardown_taskflow']) retrieved from /home/airflow/.local/lib/python3.8/site-packages/airflow/example_dags/example_setup_teardown_taskflow.py
[2023-10-13T16:18:37.895+0000] {logging_mixin.py:151} INFO - [2023-10-13T16:18:37.895+0000] {dag.py:2941} INFO - Sync 1 DAGs
[2023-10-13T16:18:37.912+0000] {logging_mixin.py:151} INFO - [2023-10-13T16:18:37.911+0000] {dag.py:3722} INFO - Setting next_dagrun for example_setup_teardown_taskflow to 2023-10-12T16:18:37.911746+00:00, run_after=2023-10-13T16:18:37.911746+00:00
[2023-10-13T16:18:37.930+0000] {processor.py:179} INFO - Processing /home/airflow/.local/lib/python3.8/site-packages/airflow/example_dags/example_setup_teardown_taskflow.py took 0.062 seconds
[2023-10-13T16:19:08.060+0000] {processor.py:157} INFO - Started process (PID=948) to work on /home/airflow/.local/lib/python3.8/site-packages/airflow/example_dags/example_setup_teardown_taskflow.py
[2023-10-13T16:19:08.061+0000] {processor.py:829} INFO - Processing file /home/airflow/.local/lib/python3.8/site-packages/airflow/example_dags/example_setup_teardown_taskflow.py for tasks to queue
[2023-10-13T16:19:08.062+0000] {logging_mixin.py:151} INFO - [2023-10-13T16:19:08.061+0000] {dagbag.py:536} INFO - Filling up the DagBag from /home/airflow/.local/lib/python3.8/site-packages/airflow/example_dags/example_setup_teardown_taskflow.py
[2023-10-13T16:19:08.071+0000] {processor.py:839} INFO - DAG(s) dict_keys(['example_setup_teardown_taskflow']) retrieved from /home/airflow/.local/lib/python3.8/site-packages/airflow/example_dags/example_setup_teardown_taskflow.py
[2023-10-13T16:19:08.095+0000] {logging_mixin.py:151} INFO - [2023-10-13T16:19:08.095+0000] {dag.py:2941} INFO - Sync 1 DAGs
[2023-10-13T16:19:08.123+0000] {logging_mixin.py:151} INFO - [2023-10-13T16:19:08.123+0000] {dag.py:3722} INFO - Setting next_dagrun for example_setup_teardown_taskflow to 2023-10-12T16:19:08.123056+00:00, run_after=2023-10-13T16:19:08.123056+00:00
[2023-10-13T16:19:08.149+0000] {processor.py:179} INFO - Processing /home/airflow/.local/lib/python3.8/site-packages/airflow/example_dags/example_setup_teardown_taskflow.py took 0.091 seconds
[2023-10-13T16:19:38.425+0000] {processor.py:157} INFO - Started process (PID=1184) to work on /home/airflow/.local/lib/python3.8/site-packages/airflow/example_dags/example_setup_teardown_taskflow.py
[2023-10-13T16:19:38.426+0000] {processor.py:829} INFO - Processing file /home/airflow/.local/lib/python3.8/site-packages/airflow/example_dags/example_setup_teardown_taskflow.py for tasks to queue
[2023-10-13T16:19:38.426+0000] {logging_mixin.py:151} INFO - [2023-10-13T16:19:38.426+0000] {dagbag.py:536} INFO - Filling up the DagBag from /home/airflow/.local/lib/python3.8/site-packages/airflow/example_dags/example_setup_teardown_taskflow.py
[2023-10-13T16:19:38.438+0000] {processor.py:839} INFO - DAG(s) dict_keys(['example_setup_teardown_taskflow']) retrieved from /home/airflow/.local/lib/python3.8/site-packages/airflow/example_dags/example_setup_teardown_taskflow.py
[2023-10-13T16:19:38.458+0000] {logging_mixin.py:151} INFO - [2023-10-13T16:19:38.458+0000] {dag.py:2941} INFO - Sync 1 DAGs
[2023-10-13T16:19:38.474+0000] {logging_mixin.py:151} INFO - [2023-10-13T16:19:38.474+0000] {dag.py:3722} INFO - Setting next_dagrun for example_setup_teardown_taskflow to 2023-10-12T16:19:38.474487+00:00, run_after=2023-10-13T16:19:38.474487+00:00
[2023-10-13T16:19:38.495+0000] {processor.py:179} INFO - Processing /home/airflow/.local/lib/python3.8/site-packages/airflow/example_dags/example_setup_teardown_taskflow.py took 0.072 seconds
[2023-10-13T16:20:08.806+0000] {processor.py:157} INFO - Started process (PID=1423) to work on /home/airflow/.local/lib/python3.8/site-packages/airflow/example_dags/example_setup_teardown_taskflow.py
[2023-10-13T16:20:08.807+0000] {processor.py:829} INFO - Processing file /home/airflow/.local/lib/python3.8/site-packages/airflow/example_dags/example_setup_teardown_taskflow.py for tasks to queue
[2023-10-13T16:20:08.808+0000] {logging_mixin.py:151} INFO - [2023-10-13T16:20:08.808+0000] {dagbag.py:536} INFO - Filling up the DagBag from /home/airflow/.local/lib/python3.8/site-packages/airflow/example_dags/example_setup_teardown_taskflow.py
[2023-10-13T16:20:08.817+0000] {processor.py:839} INFO - DAG(s) dict_keys(['example_setup_teardown_taskflow']) retrieved from /home/airflow/.local/lib/python3.8/site-packages/airflow/example_dags/example_setup_teardown_taskflow.py
[2023-10-13T16:20:08.835+0000] {logging_mixin.py:151} INFO - [2023-10-13T16:20:08.835+0000] {dag.py:2941} INFO - Sync 1 DAGs
[2023-10-13T16:20:08.853+0000] {logging_mixin.py:151} INFO - [2023-10-13T16:20:08.853+0000] {dag.py:3722} INFO - Setting next_dagrun for example_setup_teardown_taskflow to 2023-10-12T16:20:08.853171+00:00, run_after=2023-10-13T16:20:08.853171+00:00
[2023-10-13T16:20:08.873+0000] {processor.py:179} INFO - Processing /home/airflow/.local/lib/python3.8/site-packages/airflow/example_dags/example_setup_teardown_taskflow.py took 0.070 seconds
[2023-10-13T16:20:39.705+0000] {processor.py:157} INFO - Started process (PID=1659) to work on /home/airflow/.local/lib/python3.8/site-packages/airflow/example_dags/example_setup_teardown_taskflow.py
[2023-10-13T16:20:39.707+0000] {processor.py:829} INFO - Processing file /home/airflow/.local/lib/python3.8/site-packages/airflow/example_dags/example_setup_teardown_taskflow.py for tasks to queue
[2023-10-13T16:20:39.708+0000] {logging_mixin.py:151} INFO - [2023-10-13T16:20:39.708+0000] {dagbag.py:536} INFO - Filling up the DagBag from /home/airflow/.local/lib/python3.8/site-packages/airflow/example_dags/example_setup_teardown_taskflow.py
[2023-10-13T16:20:39.722+0000] {processor.py:839} INFO - DAG(s) dict_keys(['example_setup_teardown_taskflow']) retrieved from /home/airflow/.local/lib/python3.8/site-packages/airflow/example_dags/example_setup_teardown_taskflow.py
[2023-10-13T16:20:39.753+0000] {logging_mixin.py:151} INFO - [2023-10-13T16:20:39.752+0000] {dag.py:2941} INFO - Sync 1 DAGs
[2023-10-13T16:20:39.783+0000] {logging_mixin.py:151} INFO - [2023-10-13T16:20:39.783+0000] {dag.py:3722} INFO - Setting next_dagrun for example_setup_teardown_taskflow to 2023-10-12T16:20:39.782947+00:00, run_after=2023-10-13T16:20:39.782947+00:00
[2023-10-13T16:20:39.816+0000] {processor.py:179} INFO - Processing /home/airflow/.local/lib/python3.8/site-packages/airflow/example_dags/example_setup_teardown_taskflow.py took 0.113 seconds
[2023-10-13T16:21:10.521+0000] {processor.py:157} INFO - Started process (PID=1899) to work on /home/airflow/.local/lib/python3.8/site-packages/airflow/example_dags/example_setup_teardown_taskflow.py
[2023-10-13T16:21:10.522+0000] {processor.py:829} INFO - Processing file /home/airflow/.local/lib/python3.8/site-packages/airflow/example_dags/example_setup_teardown_taskflow.py for tasks to queue
[2023-10-13T16:21:10.523+0000] {logging_mixin.py:151} INFO - [2023-10-13T16:21:10.522+0000] {dagbag.py:536} INFO - Filling up the DagBag from /home/airflow/.local/lib/python3.8/site-packages/airflow/example_dags/example_setup_teardown_taskflow.py
[2023-10-13T16:21:10.537+0000] {processor.py:839} INFO - DAG(s) dict_keys(['example_setup_teardown_taskflow']) retrieved from /home/airflow/.local/lib/python3.8/site-packages/airflow/example_dags/example_setup_teardown_taskflow.py
[2023-10-13T16:21:10.557+0000] {logging_mixin.py:151} INFO - [2023-10-13T16:21:10.557+0000] {dag.py:2941} INFO - Sync 1 DAGs
[2023-10-13T16:21:10.579+0000] {logging_mixin.py:151} INFO - [2023-10-13T16:21:10.578+0000] {dag.py:3722} INFO - Setting next_dagrun for example_setup_teardown_taskflow to 2023-10-12T16:21:10.578745+00:00, run_after=2023-10-13T16:21:10.578745+00:00
[2023-10-13T16:21:10.607+0000] {processor.py:179} INFO - Processing /home/airflow/.local/lib/python3.8/site-packages/airflow/example_dags/example_setup_teardown_taskflow.py took 0.089 seconds
[2023-10-13T16:21:40.748+0000] {processor.py:157} INFO - Started process (PID=2138) to work on /home/airflow/.local/lib/python3.8/site-packages/airflow/example_dags/example_setup_teardown_taskflow.py
[2023-10-13T16:21:40.749+0000] {processor.py:829} INFO - Processing file /home/airflow/.local/lib/python3.8/site-packages/airflow/example_dags/example_setup_teardown_taskflow.py for tasks to queue
[2023-10-13T16:21:40.749+0000] {logging_mixin.py:151} INFO - [2023-10-13T16:21:40.749+0000] {dagbag.py:536} INFO - Filling up the DagBag from /home/airflow/.local/lib/python3.8/site-packages/airflow/example_dags/example_setup_teardown_taskflow.py
[2023-10-13T16:21:40.759+0000] {processor.py:839} INFO - DAG(s) dict_keys(['example_setup_teardown_taskflow']) retrieved from /home/airflow/.local/lib/python3.8/site-packages/airflow/example_dags/example_setup_teardown_taskflow.py
[2023-10-13T16:21:40.783+0000] {logging_mixin.py:151} INFO - [2023-10-13T16:21:40.783+0000] {dag.py:2941} INFO - Sync 1 DAGs
[2023-10-13T16:21:40.804+0000] {logging_mixin.py:151} INFO - [2023-10-13T16:21:40.804+0000] {dag.py:3722} INFO - Setting next_dagrun for example_setup_teardown_taskflow to 2023-10-12T16:21:40.804260+00:00, run_after=2023-10-13T16:21:40.804260+00:00
[2023-10-13T16:21:40.825+0000] {processor.py:179} INFO - Processing /home/airflow/.local/lib/python3.8/site-packages/airflow/example_dags/example_setup_teardown_taskflow.py took 0.081 seconds
[2023-10-13T16:22:11.343+0000] {processor.py:157} INFO - Started process (PID=2375) to work on /home/airflow/.local/lib/python3.8/site-packages/airflow/example_dags/example_setup_teardown_taskflow.py
[2023-10-13T16:22:11.345+0000] {processor.py:829} INFO - Processing file /home/airflow/.local/lib/python3.8/site-packages/airflow/example_dags/example_setup_teardown_taskflow.py for tasks to queue
[2023-10-13T16:22:11.346+0000] {logging_mixin.py:151} INFO - [2023-10-13T16:22:11.346+0000] {dagbag.py:536} INFO - Filling up the DagBag from /home/airflow/.local/lib/python3.8/site-packages/airflow/example_dags/example_setup_teardown_taskflow.py
[2023-10-13T16:22:11.358+0000] {processor.py:839} INFO - DAG(s) dict_keys(['example_setup_teardown_taskflow']) retrieved from /home/airflow/.local/lib/python3.8/site-packages/airflow/example_dags/example_setup_teardown_taskflow.py
[2023-10-13T16:22:11.378+0000] {logging_mixin.py:151} INFO - [2023-10-13T16:22:11.378+0000] {dag.py:2941} INFO - Sync 1 DAGs
[2023-10-13T16:22:11.404+0000] {logging_mixin.py:151} INFO - [2023-10-13T16:22:11.404+0000] {dag.py:3722} INFO - Setting next_dagrun for example_setup_teardown_taskflow to 2023-10-12T16:22:11.404439+00:00, run_after=2023-10-13T16:22:11.404439+00:00
[2023-10-13T16:22:11.431+0000] {processor.py:179} INFO - Processing /home/airflow/.local/lib/python3.8/site-packages/airflow/example_dags/example_setup_teardown_taskflow.py took 0.091 seconds
[2023-10-13T16:22:41.535+0000] {processor.py:157} INFO - Started process (PID=2615) to work on /home/airflow/.local/lib/python3.8/site-packages/airflow/example_dags/example_setup_teardown_taskflow.py
[2023-10-13T16:22:41.535+0000] {processor.py:829} INFO - Processing file /home/airflow/.local/lib/python3.8/site-packages/airflow/example_dags/example_setup_teardown_taskflow.py for tasks to queue
[2023-10-13T16:22:41.536+0000] {logging_mixin.py:151} INFO - [2023-10-13T16:22:41.536+0000] {dagbag.py:536} INFO - Filling up the DagBag from /home/airflow/.local/lib/python3.8/site-packages/airflow/example_dags/example_setup_teardown_taskflow.py
[2023-10-13T16:22:41.543+0000] {processor.py:839} INFO - DAG(s) dict_keys(['example_setup_teardown_taskflow']) retrieved from /home/airflow/.local/lib/python3.8/site-packages/airflow/example_dags/example_setup_teardown_taskflow.py
[2023-10-13T16:22:41.558+0000] {logging_mixin.py:151} INFO - [2023-10-13T16:22:41.558+0000] {dag.py:2941} INFO - Sync 1 DAGs
[2023-10-13T16:22:41.574+0000] {logging_mixin.py:151} INFO - [2023-10-13T16:22:41.574+0000] {dag.py:3722} INFO - Setting next_dagrun for example_setup_teardown_taskflow to 2023-10-12T16:22:41.574576+00:00, run_after=2023-10-13T16:22:41.574576+00:00
[2023-10-13T16:22:41.601+0000] {processor.py:179} INFO - Processing /home/airflow/.local/lib/python3.8/site-packages/airflow/example_dags/example_setup_teardown_taskflow.py took 0.068 seconds
[2023-10-13T16:24:26.622+0000] {processor.py:157} INFO - Started process (PID=237) to work on /home/airflow/.local/lib/python3.8/site-packages/airflow/example_dags/example_setup_teardown_taskflow.py
[2023-10-13T16:24:26.631+0000] {processor.py:829} INFO - Processing file /home/airflow/.local/lib/python3.8/site-packages/airflow/example_dags/example_setup_teardown_taskflow.py for tasks to queue
[2023-10-13T16:24:26.632+0000] {logging_mixin.py:151} INFO - [2023-10-13T16:24:26.631+0000] {dagbag.py:536} INFO - Filling up the DagBag from /home/airflow/.local/lib/python3.8/site-packages/airflow/example_dags/example_setup_teardown_taskflow.py
[2023-10-13T16:24:26.639+0000] {processor.py:839} INFO - DAG(s) dict_keys(['example_setup_teardown_taskflow']) retrieved from /home/airflow/.local/lib/python3.8/site-packages/airflow/example_dags/example_setup_teardown_taskflow.py
[2023-10-13T16:24:26.648+0000] {logging_mixin.py:151} INFO - [2023-10-13T16:24:26.648+0000] {dag.py:2941} INFO - Sync 1 DAGs
[2023-10-13T16:24:26.665+0000] {logging_mixin.py:151} INFO - [2023-10-13T16:24:26.665+0000] {dag.py:3722} INFO - Setting next_dagrun for example_setup_teardown_taskflow to 2023-10-12T16:24:26.665507+00:00, run_after=2023-10-13T16:24:26.665507+00:00
[2023-10-13T16:24:26.685+0000] {processor.py:179} INFO - Processing /home/airflow/.local/lib/python3.8/site-packages/airflow/example_dags/example_setup_teardown_taskflow.py took 0.066 seconds
[2023-10-13T16:24:57.143+0000] {processor.py:157} INFO - Started process (PID=485) to work on /home/airflow/.local/lib/python3.8/site-packages/airflow/example_dags/example_setup_teardown_taskflow.py
[2023-10-13T16:24:57.144+0000] {processor.py:829} INFO - Processing file /home/airflow/.local/lib/python3.8/site-packages/airflow/example_dags/example_setup_teardown_taskflow.py for tasks to queue
[2023-10-13T16:24:57.144+0000] {logging_mixin.py:151} INFO - [2023-10-13T16:24:57.144+0000] {dagbag.py:536} INFO - Filling up the DagBag from /home/airflow/.local/lib/python3.8/site-packages/airflow/example_dags/example_setup_teardown_taskflow.py
[2023-10-13T16:24:57.152+0000] {processor.py:839} INFO - DAG(s) dict_keys(['example_setup_teardown_taskflow']) retrieved from /home/airflow/.local/lib/python3.8/site-packages/airflow/example_dags/example_setup_teardown_taskflow.py
[2023-10-13T16:24:57.167+0000] {logging_mixin.py:151} INFO - [2023-10-13T16:24:57.167+0000] {dag.py:2941} INFO - Sync 1 DAGs
[2023-10-13T16:24:57.186+0000] {logging_mixin.py:151} INFO - [2023-10-13T16:24:57.185+0000] {dag.py:3722} INFO - Setting next_dagrun for example_setup_teardown_taskflow to 2023-10-12T16:24:57.185584+00:00, run_after=2023-10-13T16:24:57.185584+00:00
[2023-10-13T16:24:57.210+0000] {processor.py:179} INFO - Processing /home/airflow/.local/lib/python3.8/site-packages/airflow/example_dags/example_setup_teardown_taskflow.py took 0.070 seconds
[2023-10-13T16:29:30.555+0000] {processor.py:157} INFO - Started process (PID=232) to work on /home/airflow/.local/lib/python3.8/site-packages/airflow/example_dags/example_setup_teardown_taskflow.py
[2023-10-13T16:29:30.559+0000] {processor.py:829} INFO - Processing file /home/airflow/.local/lib/python3.8/site-packages/airflow/example_dags/example_setup_teardown_taskflow.py for tasks to queue
[2023-10-13T16:29:30.559+0000] {logging_mixin.py:151} INFO - [2023-10-13T16:29:30.559+0000] {dagbag.py:536} INFO - Filling up the DagBag from /home/airflow/.local/lib/python3.8/site-packages/airflow/example_dags/example_setup_teardown_taskflow.py
[2023-10-13T16:29:30.567+0000] {processor.py:839} INFO - DAG(s) dict_keys(['example_setup_teardown_taskflow']) retrieved from /home/airflow/.local/lib/python3.8/site-packages/airflow/example_dags/example_setup_teardown_taskflow.py
[2023-10-13T16:29:30.576+0000] {logging_mixin.py:151} INFO - [2023-10-13T16:29:30.576+0000] {dag.py:2941} INFO - Sync 1 DAGs
[2023-10-13T16:29:30.595+0000] {logging_mixin.py:151} INFO - [2023-10-13T16:29:30.595+0000] {dag.py:3722} INFO - Setting next_dagrun for example_setup_teardown_taskflow to 2023-10-12T16:29:30.595612+00:00, run_after=2023-10-13T16:29:30.595612+00:00
[2023-10-13T16:29:30.620+0000] {processor.py:179} INFO - Processing /home/airflow/.local/lib/python3.8/site-packages/airflow/example_dags/example_setup_teardown_taskflow.py took 0.068 seconds
[2023-10-13T16:30:00.778+0000] {processor.py:157} INFO - Started process (PID=470) to work on /home/airflow/.local/lib/python3.8/site-packages/airflow/example_dags/example_setup_teardown_taskflow.py
[2023-10-13T16:30:00.779+0000] {processor.py:829} INFO - Processing file /home/airflow/.local/lib/python3.8/site-packages/airflow/example_dags/example_setup_teardown_taskflow.py for tasks to queue
[2023-10-13T16:30:00.780+0000] {logging_mixin.py:151} INFO - [2023-10-13T16:30:00.780+0000] {dagbag.py:536} INFO - Filling up the DagBag from /home/airflow/.local/lib/python3.8/site-packages/airflow/example_dags/example_setup_teardown_taskflow.py
[2023-10-13T16:30:00.787+0000] {processor.py:839} INFO - DAG(s) dict_keys(['example_setup_teardown_taskflow']) retrieved from /home/airflow/.local/lib/python3.8/site-packages/airflow/example_dags/example_setup_teardown_taskflow.py
[2023-10-13T16:30:00.803+0000] {logging_mixin.py:151} INFO - [2023-10-13T16:30:00.803+0000] {dag.py:2941} INFO - Sync 1 DAGs
[2023-10-13T16:30:00.823+0000] {logging_mixin.py:151} INFO - [2023-10-13T16:30:00.823+0000] {dag.py:3722} INFO - Setting next_dagrun for example_setup_teardown_taskflow to 2023-10-12T16:30:00.823116+00:00, run_after=2023-10-13T16:30:00.823116+00:00
[2023-10-13T16:30:00.850+0000] {processor.py:179} INFO - Processing /home/airflow/.local/lib/python3.8/site-packages/airflow/example_dags/example_setup_teardown_taskflow.py took 0.073 seconds
[2023-10-13T16:30:31.255+0000] {processor.py:157} INFO - Started process (PID=707) to work on /home/airflow/.local/lib/python3.8/site-packages/airflow/example_dags/example_setup_teardown_taskflow.py
[2023-10-13T16:30:31.256+0000] {processor.py:829} INFO - Processing file /home/airflow/.local/lib/python3.8/site-packages/airflow/example_dags/example_setup_teardown_taskflow.py for tasks to queue
[2023-10-13T16:30:31.256+0000] {logging_mixin.py:151} INFO - [2023-10-13T16:30:31.256+0000] {dagbag.py:536} INFO - Filling up the DagBag from /home/airflow/.local/lib/python3.8/site-packages/airflow/example_dags/example_setup_teardown_taskflow.py
[2023-10-13T16:30:31.264+0000] {processor.py:839} INFO - DAG(s) dict_keys(['example_setup_teardown_taskflow']) retrieved from /home/airflow/.local/lib/python3.8/site-packages/airflow/example_dags/example_setup_teardown_taskflow.py
[2023-10-13T16:30:31.279+0000] {logging_mixin.py:151} INFO - [2023-10-13T16:30:31.279+0000] {dag.py:2941} INFO - Sync 1 DAGs
[2023-10-13T16:30:31.296+0000] {logging_mixin.py:151} INFO - [2023-10-13T16:30:31.296+0000] {dag.py:3722} INFO - Setting next_dagrun for example_setup_teardown_taskflow to 2023-10-12T16:30:31.296031+00:00, run_after=2023-10-13T16:30:31.296031+00:00
[2023-10-13T16:30:31.313+0000] {processor.py:179} INFO - Processing /home/airflow/.local/lib/python3.8/site-packages/airflow/example_dags/example_setup_teardown_taskflow.py took 0.061 seconds
