[2023-10-13T16:17:38.608+0000] {processor.py:157} INFO - Started process (PID=372) to work on /home/airflow/.local/lib/python3.8/site-packages/airflow/example_dags/example_latest_only_with_trigger.py
[2023-10-13T16:17:38.609+0000] {processor.py:829} INFO - Processing file /home/airflow/.local/lib/python3.8/site-packages/airflow/example_dags/example_latest_only_with_trigger.py for tasks to queue
[2023-10-13T16:17:38.609+0000] {logging_mixin.py:151} INFO - [2023-10-13T16:17:38.609+0000] {dagbag.py:536} INFO - Filling up the DagBag from /home/airflow/.local/lib/python3.8/site-packages/airflow/example_dags/example_latest_only_with_trigger.py
[2023-10-13T16:17:38.614+0000] {processor.py:839} INFO - DAG(s) dict_keys(['latest_only_with_trigger']) retrieved from /home/airflow/.local/lib/python3.8/site-packages/airflow/example_dags/example_latest_only_with_trigger.py
[2023-10-13T16:17:38.623+0000] {logging_mixin.py:151} INFO - [2023-10-13T16:17:38.623+0000] {dag.py:2941} INFO - Sync 1 DAGs
[2023-10-13T16:17:38.642+0000] {logging_mixin.py:151} INFO - [2023-10-13T16:17:38.642+0000] {dag.py:3722} INFO - Setting next_dagrun for latest_only_with_trigger to 2023-10-13T12:17:38.642596+00:00, run_after=2023-10-13T16:17:38.642596+00:00
[2023-10-13T16:17:38.658+0000] {processor.py:179} INFO - Processing /home/airflow/.local/lib/python3.8/site-packages/airflow/example_dags/example_latest_only_with_trigger.py took 0.052 seconds
[2023-10-13T16:18:08.859+0000] {processor.py:157} INFO - Started process (PID=610) to work on /home/airflow/.local/lib/python3.8/site-packages/airflow/example_dags/example_latest_only_with_trigger.py
[2023-10-13T16:18:08.860+0000] {processor.py:829} INFO - Processing file /home/airflow/.local/lib/python3.8/site-packages/airflow/example_dags/example_latest_only_with_trigger.py for tasks to queue
[2023-10-13T16:18:08.860+0000] {logging_mixin.py:151} INFO - [2023-10-13T16:18:08.860+0000] {dagbag.py:536} INFO - Filling up the DagBag from /home/airflow/.local/lib/python3.8/site-packages/airflow/example_dags/example_latest_only_with_trigger.py
[2023-10-13T16:18:08.866+0000] {processor.py:839} INFO - DAG(s) dict_keys(['latest_only_with_trigger']) retrieved from /home/airflow/.local/lib/python3.8/site-packages/airflow/example_dags/example_latest_only_with_trigger.py
[2023-10-13T16:18:08.886+0000] {logging_mixin.py:151} INFO - [2023-10-13T16:18:08.886+0000] {dag.py:2941} INFO - Sync 1 DAGs
[2023-10-13T16:18:08.906+0000] {logging_mixin.py:151} INFO - [2023-10-13T16:18:08.905+0000] {dag.py:3722} INFO - Setting next_dagrun for latest_only_with_trigger to 2023-10-13T12:18:08.905567+00:00, run_after=2023-10-13T16:18:08.905567+00:00
[2023-10-13T16:18:08.929+0000] {processor.py:179} INFO - Processing /home/airflow/.local/lib/python3.8/site-packages/airflow/example_dags/example_latest_only_with_trigger.py took 0.073 seconds
[2023-10-13T16:18:39.043+0000] {processor.py:157} INFO - Started process (PID=848) to work on /home/airflow/.local/lib/python3.8/site-packages/airflow/example_dags/example_latest_only_with_trigger.py
[2023-10-13T16:18:39.044+0000] {processor.py:829} INFO - Processing file /home/airflow/.local/lib/python3.8/site-packages/airflow/example_dags/example_latest_only_with_trigger.py for tasks to queue
[2023-10-13T16:18:39.045+0000] {logging_mixin.py:151} INFO - [2023-10-13T16:18:39.044+0000] {dagbag.py:536} INFO - Filling up the DagBag from /home/airflow/.local/lib/python3.8/site-packages/airflow/example_dags/example_latest_only_with_trigger.py
[2023-10-13T16:18:39.049+0000] {processor.py:839} INFO - DAG(s) dict_keys(['latest_only_with_trigger']) retrieved from /home/airflow/.local/lib/python3.8/site-packages/airflow/example_dags/example_latest_only_with_trigger.py
[2023-10-13T16:18:39.064+0000] {logging_mixin.py:151} INFO - [2023-10-13T16:18:39.064+0000] {dag.py:2941} INFO - Sync 1 DAGs
[2023-10-13T16:18:39.080+0000] {logging_mixin.py:151} INFO - [2023-10-13T16:18:39.080+0000] {dag.py:3722} INFO - Setting next_dagrun for latest_only_with_trigger to 2023-10-13T12:18:39.080121+00:00, run_after=2023-10-13T16:18:39.080121+00:00
[2023-10-13T16:18:39.101+0000] {processor.py:179} INFO - Processing /home/airflow/.local/lib/python3.8/site-packages/airflow/example_dags/example_latest_only_with_trigger.py took 0.060 seconds
[2023-10-13T16:19:09.385+0000] {processor.py:157} INFO - Started process (PID=1086) to work on /home/airflow/.local/lib/python3.8/site-packages/airflow/example_dags/example_latest_only_with_trigger.py
[2023-10-13T16:19:09.390+0000] {processor.py:829} INFO - Processing file /home/airflow/.local/lib/python3.8/site-packages/airflow/example_dags/example_latest_only_with_trigger.py for tasks to queue
[2023-10-13T16:19:09.391+0000] {logging_mixin.py:151} INFO - [2023-10-13T16:19:09.391+0000] {dagbag.py:536} INFO - Filling up the DagBag from /home/airflow/.local/lib/python3.8/site-packages/airflow/example_dags/example_latest_only_with_trigger.py
[2023-10-13T16:19:09.398+0000] {processor.py:839} INFO - DAG(s) dict_keys(['latest_only_with_trigger']) retrieved from /home/airflow/.local/lib/python3.8/site-packages/airflow/example_dags/example_latest_only_with_trigger.py
[2023-10-13T16:19:09.422+0000] {logging_mixin.py:151} INFO - [2023-10-13T16:19:09.422+0000] {dag.py:2941} INFO - Sync 1 DAGs
[2023-10-13T16:19:09.444+0000] {logging_mixin.py:151} INFO - [2023-10-13T16:19:09.444+0000] {dag.py:3722} INFO - Setting next_dagrun for latest_only_with_trigger to 2023-10-13T12:19:09.444126+00:00, run_after=2023-10-13T16:19:09.444126+00:00
[2023-10-13T16:19:09.465+0000] {processor.py:179} INFO - Processing /home/airflow/.local/lib/python3.8/site-packages/airflow/example_dags/example_latest_only_with_trigger.py took 0.082 seconds
[2023-10-13T16:19:39.730+0000] {processor.py:157} INFO - Started process (PID=1326) to work on /home/airflow/.local/lib/python3.8/site-packages/airflow/example_dags/example_latest_only_with_trigger.py
[2023-10-13T16:19:39.737+0000] {processor.py:829} INFO - Processing file /home/airflow/.local/lib/python3.8/site-packages/airflow/example_dags/example_latest_only_with_trigger.py for tasks to queue
[2023-10-13T16:19:39.738+0000] {logging_mixin.py:151} INFO - [2023-10-13T16:19:39.738+0000] {dagbag.py:536} INFO - Filling up the DagBag from /home/airflow/.local/lib/python3.8/site-packages/airflow/example_dags/example_latest_only_with_trigger.py
[2023-10-13T16:19:39.745+0000] {processor.py:839} INFO - DAG(s) dict_keys(['latest_only_with_trigger']) retrieved from /home/airflow/.local/lib/python3.8/site-packages/airflow/example_dags/example_latest_only_with_trigger.py
[2023-10-13T16:19:39.768+0000] {logging_mixin.py:151} INFO - [2023-10-13T16:19:39.768+0000] {dag.py:2941} INFO - Sync 1 DAGs
[2023-10-13T16:19:39.795+0000] {logging_mixin.py:151} INFO - [2023-10-13T16:19:39.795+0000] {dag.py:3722} INFO - Setting next_dagrun for latest_only_with_trigger to 2023-10-13T12:19:39.795229+00:00, run_after=2023-10-13T16:19:39.795229+00:00
[2023-10-13T16:19:39.824+0000] {processor.py:179} INFO - Processing /home/airflow/.local/lib/python3.8/site-packages/airflow/example_dags/example_latest_only_with_trigger.py took 0.097 seconds
[2023-10-13T16:20:10.394+0000] {processor.py:157} INFO - Started process (PID=1561) to work on /home/airflow/.local/lib/python3.8/site-packages/airflow/example_dags/example_latest_only_with_trigger.py
[2023-10-13T16:20:10.408+0000] {processor.py:829} INFO - Processing file /home/airflow/.local/lib/python3.8/site-packages/airflow/example_dags/example_latest_only_with_trigger.py for tasks to queue
[2023-10-13T16:20:10.409+0000] {logging_mixin.py:151} INFO - [2023-10-13T16:20:10.408+0000] {dagbag.py:536} INFO - Filling up the DagBag from /home/airflow/.local/lib/python3.8/site-packages/airflow/example_dags/example_latest_only_with_trigger.py
[2023-10-13T16:20:10.413+0000] {processor.py:839} INFO - DAG(s) dict_keys(['latest_only_with_trigger']) retrieved from /home/airflow/.local/lib/python3.8/site-packages/airflow/example_dags/example_latest_only_with_trigger.py
[2023-10-13T16:20:10.431+0000] {logging_mixin.py:151} INFO - [2023-10-13T16:20:10.431+0000] {dag.py:2941} INFO - Sync 1 DAGs
[2023-10-13T16:20:10.451+0000] {logging_mixin.py:151} INFO - [2023-10-13T16:20:10.450+0000] {dag.py:3722} INFO - Setting next_dagrun for latest_only_with_trigger to 2023-10-13T12:20:10.450795+00:00, run_after=2023-10-13T16:20:10.450795+00:00
[2023-10-13T16:20:10.472+0000] {processor.py:179} INFO - Processing /home/airflow/.local/lib/python3.8/site-packages/airflow/example_dags/example_latest_only_with_trigger.py took 0.081 seconds
[2023-10-13T16:20:41.672+0000] {processor.py:157} INFO - Started process (PID=1799) to work on /home/airflow/.local/lib/python3.8/site-packages/airflow/example_dags/example_latest_only_with_trigger.py
[2023-10-13T16:20:41.681+0000] {processor.py:829} INFO - Processing file /home/airflow/.local/lib/python3.8/site-packages/airflow/example_dags/example_latest_only_with_trigger.py for tasks to queue
[2023-10-13T16:20:41.681+0000] {logging_mixin.py:151} INFO - [2023-10-13T16:20:41.681+0000] {dagbag.py:536} INFO - Filling up the DagBag from /home/airflow/.local/lib/python3.8/site-packages/airflow/example_dags/example_latest_only_with_trigger.py
[2023-10-13T16:20:41.689+0000] {processor.py:839} INFO - DAG(s) dict_keys(['latest_only_with_trigger']) retrieved from /home/airflow/.local/lib/python3.8/site-packages/airflow/example_dags/example_latest_only_with_trigger.py
[2023-10-13T16:20:41.712+0000] {logging_mixin.py:151} INFO - [2023-10-13T16:20:41.712+0000] {dag.py:2941} INFO - Sync 1 DAGs
[2023-10-13T16:20:41.735+0000] {logging_mixin.py:151} INFO - [2023-10-13T16:20:41.735+0000] {dag.py:3722} INFO - Setting next_dagrun for latest_only_with_trigger to 2023-10-13T12:20:41.735157+00:00, run_after=2023-10-13T16:20:41.735157+00:00
[2023-10-13T16:20:41.765+0000] {processor.py:179} INFO - Processing /home/airflow/.local/lib/python3.8/site-packages/airflow/example_dags/example_latest_only_with_trigger.py took 0.096 seconds
[2023-10-13T16:21:12.261+0000] {processor.py:157} INFO - Started process (PID=2044) to work on /home/airflow/.local/lib/python3.8/site-packages/airflow/example_dags/example_latest_only_with_trigger.py
[2023-10-13T16:21:12.268+0000] {processor.py:829} INFO - Processing file /home/airflow/.local/lib/python3.8/site-packages/airflow/example_dags/example_latest_only_with_trigger.py for tasks to queue
[2023-10-13T16:21:12.269+0000] {logging_mixin.py:151} INFO - [2023-10-13T16:21:12.268+0000] {dagbag.py:536} INFO - Filling up the DagBag from /home/airflow/.local/lib/python3.8/site-packages/airflow/example_dags/example_latest_only_with_trigger.py
[2023-10-13T16:21:12.274+0000] {processor.py:839} INFO - DAG(s) dict_keys(['latest_only_with_trigger']) retrieved from /home/airflow/.local/lib/python3.8/site-packages/airflow/example_dags/example_latest_only_with_trigger.py
[2023-10-13T16:21:12.293+0000] {logging_mixin.py:151} INFO - [2023-10-13T16:21:12.293+0000] {dag.py:2941} INFO - Sync 1 DAGs
[2023-10-13T16:21:12.317+0000] {logging_mixin.py:151} INFO - [2023-10-13T16:21:12.316+0000] {dag.py:3722} INFO - Setting next_dagrun for latest_only_with_trigger to 2023-10-13T12:21:12.316743+00:00, run_after=2023-10-13T16:21:12.316743+00:00
[2023-10-13T16:21:12.335+0000] {processor.py:179} INFO - Processing /home/airflow/.local/lib/python3.8/site-packages/airflow/example_dags/example_latest_only_with_trigger.py took 0.077 seconds
[2023-10-13T16:21:42.407+0000] {processor.py:157} INFO - Started process (PID=2281) to work on /home/airflow/.local/lib/python3.8/site-packages/airflow/example_dags/example_latest_only_with_trigger.py
[2023-10-13T16:21:42.417+0000] {processor.py:829} INFO - Processing file /home/airflow/.local/lib/python3.8/site-packages/airflow/example_dags/example_latest_only_with_trigger.py for tasks to queue
[2023-10-13T16:21:42.418+0000] {logging_mixin.py:151} INFO - [2023-10-13T16:21:42.418+0000] {dagbag.py:536} INFO - Filling up the DagBag from /home/airflow/.local/lib/python3.8/site-packages/airflow/example_dags/example_latest_only_with_trigger.py
[2023-10-13T16:21:42.423+0000] {processor.py:839} INFO - DAG(s) dict_keys(['latest_only_with_trigger']) retrieved from /home/airflow/.local/lib/python3.8/site-packages/airflow/example_dags/example_latest_only_with_trigger.py
[2023-10-13T16:21:42.444+0000] {logging_mixin.py:151} INFO - [2023-10-13T16:21:42.443+0000] {dag.py:2941} INFO - Sync 1 DAGs
[2023-10-13T16:21:42.470+0000] {logging_mixin.py:151} INFO - [2023-10-13T16:21:42.470+0000] {dag.py:3722} INFO - Setting next_dagrun for latest_only_with_trigger to 2023-10-13T12:21:42.469926+00:00, run_after=2023-10-13T16:21:42.469926+00:00
[2023-10-13T16:21:42.489+0000] {processor.py:179} INFO - Processing /home/airflow/.local/lib/python3.8/site-packages/airflow/example_dags/example_latest_only_with_trigger.py took 0.085 seconds
[2023-10-13T16:22:13.321+0000] {processor.py:157} INFO - Started process (PID=2517) to work on /home/airflow/.local/lib/python3.8/site-packages/airflow/example_dags/example_latest_only_with_trigger.py
[2023-10-13T16:22:13.322+0000] {processor.py:829} INFO - Processing file /home/airflow/.local/lib/python3.8/site-packages/airflow/example_dags/example_latest_only_with_trigger.py for tasks to queue
[2023-10-13T16:22:13.323+0000] {logging_mixin.py:151} INFO - [2023-10-13T16:22:13.323+0000] {dagbag.py:536} INFO - Filling up the DagBag from /home/airflow/.local/lib/python3.8/site-packages/airflow/example_dags/example_latest_only_with_trigger.py
[2023-10-13T16:22:13.328+0000] {processor.py:839} INFO - DAG(s) dict_keys(['latest_only_with_trigger']) retrieved from /home/airflow/.local/lib/python3.8/site-packages/airflow/example_dags/example_latest_only_with_trigger.py
[2023-10-13T16:22:13.348+0000] {logging_mixin.py:151} INFO - [2023-10-13T16:22:13.348+0000] {dag.py:2941} INFO - Sync 1 DAGs
[2023-10-13T16:22:13.371+0000] {logging_mixin.py:151} INFO - [2023-10-13T16:22:13.371+0000] {dag.py:3722} INFO - Setting next_dagrun for latest_only_with_trigger to 2023-10-13T12:22:13.371376+00:00, run_after=2023-10-13T16:22:13.371376+00:00
[2023-10-13T16:22:13.397+0000] {processor.py:179} INFO - Processing /home/airflow/.local/lib/python3.8/site-packages/airflow/example_dags/example_latest_only_with_trigger.py took 0.078 seconds
[2023-10-13T16:22:44.270+0000] {processor.py:157} INFO - Started process (PID=2755) to work on /home/airflow/.local/lib/python3.8/site-packages/airflow/example_dags/example_latest_only_with_trigger.py
[2023-10-13T16:22:44.271+0000] {processor.py:829} INFO - Processing file /home/airflow/.local/lib/python3.8/site-packages/airflow/example_dags/example_latest_only_with_trigger.py for tasks to queue
[2023-10-13T16:22:44.271+0000] {logging_mixin.py:151} INFO - [2023-10-13T16:22:44.271+0000] {dagbag.py:536} INFO - Filling up the DagBag from /home/airflow/.local/lib/python3.8/site-packages/airflow/example_dags/example_latest_only_with_trigger.py
[2023-10-13T16:22:44.276+0000] {processor.py:839} INFO - DAG(s) dict_keys(['latest_only_with_trigger']) retrieved from /home/airflow/.local/lib/python3.8/site-packages/airflow/example_dags/example_latest_only_with_trigger.py
[2023-10-13T16:22:44.292+0000] {logging_mixin.py:151} INFO - [2023-10-13T16:22:44.292+0000] {dag.py:2941} INFO - Sync 1 DAGs
[2023-10-13T16:22:44.311+0000] {logging_mixin.py:151} INFO - [2023-10-13T16:22:44.311+0000] {dag.py:3722} INFO - Setting next_dagrun for latest_only_with_trigger to 2023-10-13T12:22:44.311146+00:00, run_after=2023-10-13T16:22:44.311146+00:00
[2023-10-13T16:22:44.332+0000] {processor.py:179} INFO - Processing /home/airflow/.local/lib/python3.8/site-packages/airflow/example_dags/example_latest_only_with_trigger.py took 0.065 seconds
[2023-10-13T16:24:28.253+0000] {processor.py:157} INFO - Started process (PID=377) to work on /home/airflow/.local/lib/python3.8/site-packages/airflow/example_dags/example_latest_only_with_trigger.py
[2023-10-13T16:24:28.254+0000] {processor.py:829} INFO - Processing file /home/airflow/.local/lib/python3.8/site-packages/airflow/example_dags/example_latest_only_with_trigger.py for tasks to queue
[2023-10-13T16:24:28.255+0000] {logging_mixin.py:151} INFO - [2023-10-13T16:24:28.254+0000] {dagbag.py:536} INFO - Filling up the DagBag from /home/airflow/.local/lib/python3.8/site-packages/airflow/example_dags/example_latest_only_with_trigger.py
[2023-10-13T16:24:28.260+0000] {processor.py:839} INFO - DAG(s) dict_keys(['latest_only_with_trigger']) retrieved from /home/airflow/.local/lib/python3.8/site-packages/airflow/example_dags/example_latest_only_with_trigger.py
[2023-10-13T16:24:28.269+0000] {logging_mixin.py:151} INFO - [2023-10-13T16:24:28.268+0000] {dag.py:2941} INFO - Sync 1 DAGs
[2023-10-13T16:24:28.286+0000] {logging_mixin.py:151} INFO - [2023-10-13T16:24:28.286+0000] {dag.py:3722} INFO - Setting next_dagrun for latest_only_with_trigger to 2023-10-13T12:24:28.285988+00:00, run_after=2023-10-13T16:24:28.285988+00:00
[2023-10-13T16:24:28.308+0000] {processor.py:179} INFO - Processing /home/airflow/.local/lib/python3.8/site-packages/airflow/example_dags/example_latest_only_with_trigger.py took 0.057 seconds
[2023-10-13T16:24:58.581+0000] {processor.py:157} INFO - Started process (PID=627) to work on /home/airflow/.local/lib/python3.8/site-packages/airflow/example_dags/example_latest_only_with_trigger.py
[2023-10-13T16:24:58.593+0000] {processor.py:829} INFO - Processing file /home/airflow/.local/lib/python3.8/site-packages/airflow/example_dags/example_latest_only_with_trigger.py for tasks to queue
[2023-10-13T16:24:58.594+0000] {logging_mixin.py:151} INFO - [2023-10-13T16:24:58.594+0000] {dagbag.py:536} INFO - Filling up the DagBag from /home/airflow/.local/lib/python3.8/site-packages/airflow/example_dags/example_latest_only_with_trigger.py
[2023-10-13T16:24:58.598+0000] {processor.py:839} INFO - DAG(s) dict_keys(['latest_only_with_trigger']) retrieved from /home/airflow/.local/lib/python3.8/site-packages/airflow/example_dags/example_latest_only_with_trigger.py
[2023-10-13T16:24:58.613+0000] {logging_mixin.py:151} INFO - [2023-10-13T16:24:58.613+0000] {dag.py:2941} INFO - Sync 1 DAGs
[2023-10-13T16:24:58.629+0000] {logging_mixin.py:151} INFO - [2023-10-13T16:24:58.629+0000] {dag.py:3722} INFO - Setting next_dagrun for latest_only_with_trigger to 2023-10-13T12:24:58.629513+00:00, run_after=2023-10-13T16:24:58.629513+00:00
[2023-10-13T16:24:58.650+0000] {processor.py:179} INFO - Processing /home/airflow/.local/lib/python3.8/site-packages/airflow/example_dags/example_latest_only_with_trigger.py took 0.071 seconds
[2023-10-13T16:29:31.675+0000] {processor.py:157} INFO - Started process (PID=372) to work on /home/airflow/.local/lib/python3.8/site-packages/airflow/example_dags/example_latest_only_with_trigger.py
[2023-10-13T16:29:31.676+0000] {processor.py:829} INFO - Processing file /home/airflow/.local/lib/python3.8/site-packages/airflow/example_dags/example_latest_only_with_trigger.py for tasks to queue
[2023-10-13T16:29:31.676+0000] {logging_mixin.py:151} INFO - [2023-10-13T16:29:31.676+0000] {dagbag.py:536} INFO - Filling up the DagBag from /home/airflow/.local/lib/python3.8/site-packages/airflow/example_dags/example_latest_only_with_trigger.py
[2023-10-13T16:29:31.682+0000] {processor.py:839} INFO - DAG(s) dict_keys(['latest_only_with_trigger']) retrieved from /home/airflow/.local/lib/python3.8/site-packages/airflow/example_dags/example_latest_only_with_trigger.py
[2023-10-13T16:29:31.691+0000] {logging_mixin.py:151} INFO - [2023-10-13T16:29:31.691+0000] {dag.py:2941} INFO - Sync 1 DAGs
[2023-10-13T16:29:31.709+0000] {logging_mixin.py:151} INFO - [2023-10-13T16:29:31.709+0000] {dag.py:3722} INFO - Setting next_dagrun for latest_only_with_trigger to 2023-10-13T12:29:31.709284+00:00, run_after=2023-10-13T16:29:31.709284+00:00
[2023-10-13T16:29:31.734+0000] {processor.py:179} INFO - Processing /home/airflow/.local/lib/python3.8/site-packages/airflow/example_dags/example_latest_only_with_trigger.py took 0.061 seconds
[2023-10-13T16:30:02.164+0000] {processor.py:157} INFO - Started process (PID=612) to work on /home/airflow/.local/lib/python3.8/site-packages/airflow/example_dags/example_latest_only_with_trigger.py
[2023-10-13T16:30:02.164+0000] {processor.py:829} INFO - Processing file /home/airflow/.local/lib/python3.8/site-packages/airflow/example_dags/example_latest_only_with_trigger.py for tasks to queue
[2023-10-13T16:30:02.165+0000] {logging_mixin.py:151} INFO - [2023-10-13T16:30:02.164+0000] {dagbag.py:536} INFO - Filling up the DagBag from /home/airflow/.local/lib/python3.8/site-packages/airflow/example_dags/example_latest_only_with_trigger.py
[2023-10-13T16:30:02.169+0000] {processor.py:839} INFO - DAG(s) dict_keys(['latest_only_with_trigger']) retrieved from /home/airflow/.local/lib/python3.8/site-packages/airflow/example_dags/example_latest_only_with_trigger.py
[2023-10-13T16:30:02.190+0000] {logging_mixin.py:151} INFO - [2023-10-13T16:30:02.190+0000] {dag.py:2941} INFO - Sync 1 DAGs
[2023-10-13T16:30:02.212+0000] {logging_mixin.py:151} INFO - [2023-10-13T16:30:02.212+0000] {dag.py:3722} INFO - Setting next_dagrun for latest_only_with_trigger to 2023-10-13T12:30:02.212490+00:00, run_after=2023-10-13T16:30:02.212490+00:00
[2023-10-13T16:30:02.234+0000] {processor.py:179} INFO - Processing /home/airflow/.local/lib/python3.8/site-packages/airflow/example_dags/example_latest_only_with_trigger.py took 0.073 seconds
[2023-10-13T16:30:32.700+0000] {processor.py:157} INFO - Started process (PID=835) to work on /home/airflow/.local/lib/python3.8/site-packages/airflow/example_dags/example_latest_only_with_trigger.py
[2023-10-13T16:30:32.701+0000] {processor.py:829} INFO - Processing file /home/airflow/.local/lib/python3.8/site-packages/airflow/example_dags/example_latest_only_with_trigger.py for tasks to queue
[2023-10-13T16:30:32.702+0000] {logging_mixin.py:151} INFO - [2023-10-13T16:30:32.702+0000] {dagbag.py:536} INFO - Filling up the DagBag from /home/airflow/.local/lib/python3.8/site-packages/airflow/example_dags/example_latest_only_with_trigger.py
[2023-10-13T16:30:32.708+0000] {processor.py:839} INFO - DAG(s) dict_keys(['latest_only_with_trigger']) retrieved from /home/airflow/.local/lib/python3.8/site-packages/airflow/example_dags/example_latest_only_with_trigger.py
[2023-10-13T16:30:32.727+0000] {logging_mixin.py:151} INFO - [2023-10-13T16:30:32.727+0000] {dag.py:2941} INFO - Sync 1 DAGs
[2023-10-13T16:30:32.751+0000] {logging_mixin.py:151} INFO - [2023-10-13T16:30:32.750+0000] {dag.py:3722} INFO - Setting next_dagrun for latest_only_with_trigger to 2023-10-13T12:30:32.750232+00:00, run_after=2023-10-13T16:30:32.750232+00:00
[2023-10-13T16:30:32.778+0000] {processor.py:179} INFO - Processing /home/airflow/.local/lib/python3.8/site-packages/airflow/example_dags/example_latest_only_with_trigger.py took 0.081 seconds
