[2023-10-13T16:17:37.754+0000] {processor.py:157} INFO - Started process (PID=262) to work on /home/airflow/.local/lib/python3.8/site-packages/airflow/example_dags/example_datasets.py
[2023-10-13T16:17:37.755+0000] {processor.py:829} INFO - Processing file /home/airflow/.local/lib/python3.8/site-packages/airflow/example_dags/example_datasets.py for tasks to queue
[2023-10-13T16:17:37.755+0000] {logging_mixin.py:151} INFO - [2023-10-13T16:17:37.755+0000] {dagbag.py:536} INFO - Filling up the DagBag from /home/airflow/.local/lib/python3.8/site-packages/airflow/example_dags/example_datasets.py
[2023-10-13T16:17:37.763+0000] {processor.py:839} INFO - DAG(s) dict_keys(['dataset_consumes_1_and_2', 'dataset_produces_1', 'dataset_produces_2', 'dataset_consumes_1_never_scheduled', 'dataset_consumes_unknown_never_scheduled', 'dataset_consumes_1']) retrieved from /home/airflow/.local/lib/python3.8/site-packages/airflow/example_dags/example_datasets.py
[2023-10-13T16:17:37.775+0000] {logging_mixin.py:151} INFO - [2023-10-13T16:17:37.774+0000] {dag.py:2941} INFO - Sync 6 DAGs
[2023-10-13T16:17:37.794+0000] {logging_mixin.py:151} INFO - [2023-10-13T16:17:37.794+0000] {dag.py:3722} INFO - Setting next_dagrun for dataset_consumes_1 to None, run_after=None
[2023-10-13T16:17:37.797+0000] {logging_mixin.py:151} INFO - [2023-10-13T16:17:37.796+0000] {dag.py:3722} INFO - Setting next_dagrun for dataset_consumes_1_and_2 to None, run_after=None
[2023-10-13T16:17:37.797+0000] {logging_mixin.py:151} INFO - [2023-10-13T16:17:37.797+0000] {dag.py:3722} INFO - Setting next_dagrun for dataset_consumes_1_never_scheduled to None, run_after=None
[2023-10-13T16:17:37.798+0000] {logging_mixin.py:151} INFO - [2023-10-13T16:17:37.798+0000] {dag.py:3722} INFO - Setting next_dagrun for dataset_consumes_unknown_never_scheduled to None, run_after=None
[2023-10-13T16:17:37.800+0000] {logging_mixin.py:151} INFO - [2023-10-13T16:17:37.800+0000] {dag.py:3722} INFO - Setting next_dagrun for dataset_produces_1 to 2023-10-12T00:00:00+00:00, run_after=2023-10-13T00:00:00+00:00
[2023-10-13T16:17:37.801+0000] {logging_mixin.py:151} INFO - [2023-10-13T16:17:37.801+0000] {dag.py:3722} INFO - Setting next_dagrun for dataset_produces_2 to None, run_after=None
[2023-10-13T16:17:37.832+0000] {processor.py:179} INFO - Processing /home/airflow/.local/lib/python3.8/site-packages/airflow/example_dags/example_datasets.py took 0.079 seconds
[2023-10-13T16:18:07.945+0000] {processor.py:157} INFO - Started process (PID=500) to work on /home/airflow/.local/lib/python3.8/site-packages/airflow/example_dags/example_datasets.py
[2023-10-13T16:18:07.946+0000] {processor.py:829} INFO - Processing file /home/airflow/.local/lib/python3.8/site-packages/airflow/example_dags/example_datasets.py for tasks to queue
[2023-10-13T16:18:07.946+0000] {logging_mixin.py:151} INFO - [2023-10-13T16:18:07.946+0000] {dagbag.py:536} INFO - Filling up the DagBag from /home/airflow/.local/lib/python3.8/site-packages/airflow/example_dags/example_datasets.py
[2023-10-13T16:18:07.953+0000] {processor.py:839} INFO - DAG(s) dict_keys(['dataset_consumes_1_and_2', 'dataset_consumes_1_never_scheduled', 'dataset_produces_2', 'dataset_produces_1', 'dataset_consumes_1', 'dataset_consumes_unknown_never_scheduled']) retrieved from /home/airflow/.local/lib/python3.8/site-packages/airflow/example_dags/example_datasets.py
[2023-10-13T16:18:07.979+0000] {logging_mixin.py:151} INFO - [2023-10-13T16:18:07.979+0000] {dag.py:2941} INFO - Sync 6 DAGs
[2023-10-13T16:18:07.996+0000] {logging_mixin.py:151} INFO - [2023-10-13T16:18:07.995+0000] {dag.py:3722} INFO - Setting next_dagrun for dataset_consumes_1 to None, run_after=None
[2023-10-13T16:18:07.998+0000] {logging_mixin.py:151} INFO - [2023-10-13T16:18:07.998+0000] {dag.py:3722} INFO - Setting next_dagrun for dataset_consumes_1_and_2 to None, run_after=None
[2023-10-13T16:18:07.999+0000] {logging_mixin.py:151} INFO - [2023-10-13T16:18:07.999+0000] {dag.py:3722} INFO - Setting next_dagrun for dataset_consumes_1_never_scheduled to None, run_after=None
[2023-10-13T16:18:08.000+0000] {logging_mixin.py:151} INFO - [2023-10-13T16:18:08.000+0000] {dag.py:3722} INFO - Setting next_dagrun for dataset_consumes_unknown_never_scheduled to None, run_after=None
[2023-10-13T16:18:08.002+0000] {logging_mixin.py:151} INFO - [2023-10-13T16:18:08.002+0000] {dag.py:3722} INFO - Setting next_dagrun for dataset_produces_1 to 2023-10-12T00:00:00+00:00, run_after=2023-10-13T00:00:00+00:00
[2023-10-13T16:18:08.002+0000] {logging_mixin.py:151} INFO - [2023-10-13T16:18:08.002+0000] {dag.py:3722} INFO - Setting next_dagrun for dataset_produces_2 to None, run_after=None
[2023-10-13T16:18:08.026+0000] {processor.py:179} INFO - Processing /home/airflow/.local/lib/python3.8/site-packages/airflow/example_dags/example_datasets.py took 0.083 seconds
[2023-10-13T16:18:38.107+0000] {processor.py:157} INFO - Started process (PID=738) to work on /home/airflow/.local/lib/python3.8/site-packages/airflow/example_dags/example_datasets.py
[2023-10-13T16:18:38.107+0000] {processor.py:829} INFO - Processing file /home/airflow/.local/lib/python3.8/site-packages/airflow/example_dags/example_datasets.py for tasks to queue
[2023-10-13T16:18:38.108+0000] {logging_mixin.py:151} INFO - [2023-10-13T16:18:38.108+0000] {dagbag.py:536} INFO - Filling up the DagBag from /home/airflow/.local/lib/python3.8/site-packages/airflow/example_dags/example_datasets.py
[2023-10-13T16:18:38.116+0000] {processor.py:839} INFO - DAG(s) dict_keys(['dataset_consumes_1', 'dataset_produces_1', 'dataset_produces_2', 'dataset_consumes_1_and_2', 'dataset_consumes_1_never_scheduled', 'dataset_consumes_unknown_never_scheduled']) retrieved from /home/airflow/.local/lib/python3.8/site-packages/airflow/example_dags/example_datasets.py
[2023-10-13T16:18:38.141+0000] {logging_mixin.py:151} INFO - [2023-10-13T16:18:38.141+0000] {dag.py:2941} INFO - Sync 6 DAGs
[2023-10-13T16:18:38.158+0000] {logging_mixin.py:151} INFO - [2023-10-13T16:18:38.158+0000] {dag.py:3722} INFO - Setting next_dagrun for dataset_consumes_1 to None, run_after=None
[2023-10-13T16:18:38.160+0000] {logging_mixin.py:151} INFO - [2023-10-13T16:18:38.160+0000] {dag.py:3722} INFO - Setting next_dagrun for dataset_consumes_1_and_2 to None, run_after=None
[2023-10-13T16:18:38.161+0000] {logging_mixin.py:151} INFO - [2023-10-13T16:18:38.161+0000] {dag.py:3722} INFO - Setting next_dagrun for dataset_consumes_1_never_scheduled to None, run_after=None
[2023-10-13T16:18:38.162+0000] {logging_mixin.py:151} INFO - [2023-10-13T16:18:38.162+0000] {dag.py:3722} INFO - Setting next_dagrun for dataset_consumes_unknown_never_scheduled to None, run_after=None
[2023-10-13T16:18:38.164+0000] {logging_mixin.py:151} INFO - [2023-10-13T16:18:38.164+0000] {dag.py:3722} INFO - Setting next_dagrun for dataset_produces_1 to 2023-10-12T00:00:00+00:00, run_after=2023-10-13T00:00:00+00:00
[2023-10-13T16:18:38.165+0000] {logging_mixin.py:151} INFO - [2023-10-13T16:18:38.165+0000] {dag.py:3722} INFO - Setting next_dagrun for dataset_produces_2 to None, run_after=None
[2023-10-13T16:18:38.198+0000] {processor.py:179} INFO - Processing /home/airflow/.local/lib/python3.8/site-packages/airflow/example_dags/example_datasets.py took 0.093 seconds
[2023-10-13T16:19:08.396+0000] {processor.py:157} INFO - Started process (PID=976) to work on /home/airflow/.local/lib/python3.8/site-packages/airflow/example_dags/example_datasets.py
[2023-10-13T16:19:08.397+0000] {processor.py:829} INFO - Processing file /home/airflow/.local/lib/python3.8/site-packages/airflow/example_dags/example_datasets.py for tasks to queue
[2023-10-13T16:19:08.397+0000] {logging_mixin.py:151} INFO - [2023-10-13T16:19:08.397+0000] {dagbag.py:536} INFO - Filling up the DagBag from /home/airflow/.local/lib/python3.8/site-packages/airflow/example_dags/example_datasets.py
[2023-10-13T16:19:08.406+0000] {processor.py:839} INFO - DAG(s) dict_keys(['dataset_consumes_1_and_2', 'dataset_produces_2', 'dataset_consumes_unknown_never_scheduled', 'dataset_consumes_1_never_scheduled', 'dataset_produces_1', 'dataset_consumes_1']) retrieved from /home/airflow/.local/lib/python3.8/site-packages/airflow/example_dags/example_datasets.py
[2023-10-13T16:19:08.433+0000] {logging_mixin.py:151} INFO - [2023-10-13T16:19:08.433+0000] {dag.py:2941} INFO - Sync 6 DAGs
[2023-10-13T16:19:08.450+0000] {logging_mixin.py:151} INFO - [2023-10-13T16:19:08.450+0000] {dag.py:3722} INFO - Setting next_dagrun for dataset_consumes_1 to None, run_after=None
[2023-10-13T16:19:08.452+0000] {logging_mixin.py:151} INFO - [2023-10-13T16:19:08.452+0000] {dag.py:3722} INFO - Setting next_dagrun for dataset_consumes_1_and_2 to None, run_after=None
[2023-10-13T16:19:08.453+0000] {logging_mixin.py:151} INFO - [2023-10-13T16:19:08.453+0000] {dag.py:3722} INFO - Setting next_dagrun for dataset_consumes_1_never_scheduled to None, run_after=None
[2023-10-13T16:19:08.454+0000] {logging_mixin.py:151} INFO - [2023-10-13T16:19:08.454+0000] {dag.py:3722} INFO - Setting next_dagrun for dataset_consumes_unknown_never_scheduled to None, run_after=None
[2023-10-13T16:19:08.456+0000] {logging_mixin.py:151} INFO - [2023-10-13T16:19:08.456+0000] {dag.py:3722} INFO - Setting next_dagrun for dataset_produces_1 to 2023-10-12T00:00:00+00:00, run_after=2023-10-13T00:00:00+00:00
[2023-10-13T16:19:08.456+0000] {logging_mixin.py:151} INFO - [2023-10-13T16:19:08.456+0000] {dag.py:3722} INFO - Setting next_dagrun for dataset_produces_2 to None, run_after=None
[2023-10-13T16:19:08.482+0000] {processor.py:179} INFO - Processing /home/airflow/.local/lib/python3.8/site-packages/airflow/example_dags/example_datasets.py took 0.089 seconds
[2023-10-13T16:19:38.703+0000] {processor.py:157} INFO - Started process (PID=1214) to work on /home/airflow/.local/lib/python3.8/site-packages/airflow/example_dags/example_datasets.py
[2023-10-13T16:19:38.704+0000] {processor.py:829} INFO - Processing file /home/airflow/.local/lib/python3.8/site-packages/airflow/example_dags/example_datasets.py for tasks to queue
[2023-10-13T16:19:38.705+0000] {logging_mixin.py:151} INFO - [2023-10-13T16:19:38.704+0000] {dagbag.py:536} INFO - Filling up the DagBag from /home/airflow/.local/lib/python3.8/site-packages/airflow/example_dags/example_datasets.py
[2023-10-13T16:19:38.711+0000] {processor.py:839} INFO - DAG(s) dict_keys(['dataset_consumes_1_never_scheduled', 'dataset_produces_2', 'dataset_consumes_unknown_never_scheduled', 'dataset_consumes_1_and_2', 'dataset_consumes_1', 'dataset_produces_1']) retrieved from /home/airflow/.local/lib/python3.8/site-packages/airflow/example_dags/example_datasets.py
[2023-10-13T16:19:38.736+0000] {logging_mixin.py:151} INFO - [2023-10-13T16:19:38.736+0000] {dag.py:2941} INFO - Sync 6 DAGs
[2023-10-13T16:19:38.754+0000] {logging_mixin.py:151} INFO - [2023-10-13T16:19:38.753+0000] {dag.py:3722} INFO - Setting next_dagrun for dataset_consumes_1 to None, run_after=None
[2023-10-13T16:19:38.756+0000] {logging_mixin.py:151} INFO - [2023-10-13T16:19:38.756+0000] {dag.py:3722} INFO - Setting next_dagrun for dataset_consumes_1_and_2 to None, run_after=None
[2023-10-13T16:19:38.757+0000] {logging_mixin.py:151} INFO - [2023-10-13T16:19:38.756+0000] {dag.py:3722} INFO - Setting next_dagrun for dataset_consumes_1_never_scheduled to None, run_after=None
[2023-10-13T16:19:38.757+0000] {logging_mixin.py:151} INFO - [2023-10-13T16:19:38.757+0000] {dag.py:3722} INFO - Setting next_dagrun for dataset_consumes_unknown_never_scheduled to None, run_after=None
[2023-10-13T16:19:38.759+0000] {logging_mixin.py:151} INFO - [2023-10-13T16:19:38.759+0000] {dag.py:3722} INFO - Setting next_dagrun for dataset_produces_1 to 2023-10-12T00:00:00+00:00, run_after=2023-10-13T00:00:00+00:00
[2023-10-13T16:19:38.760+0000] {logging_mixin.py:151} INFO - [2023-10-13T16:19:38.760+0000] {dag.py:3722} INFO - Setting next_dagrun for dataset_produces_2 to None, run_after=None
[2023-10-13T16:19:38.785+0000] {processor.py:179} INFO - Processing /home/airflow/.local/lib/python3.8/site-packages/airflow/example_dags/example_datasets.py took 0.084 seconds
[2023-10-13T16:20:09.074+0000] {processor.py:157} INFO - Started process (PID=1451) to work on /home/airflow/.local/lib/python3.8/site-packages/airflow/example_dags/example_datasets.py
[2023-10-13T16:20:09.075+0000] {processor.py:829} INFO - Processing file /home/airflow/.local/lib/python3.8/site-packages/airflow/example_dags/example_datasets.py for tasks to queue
[2023-10-13T16:20:09.075+0000] {logging_mixin.py:151} INFO - [2023-10-13T16:20:09.075+0000] {dagbag.py:536} INFO - Filling up the DagBag from /home/airflow/.local/lib/python3.8/site-packages/airflow/example_dags/example_datasets.py
[2023-10-13T16:20:09.082+0000] {processor.py:839} INFO - DAG(s) dict_keys(['dataset_produces_1', 'dataset_consumes_unknown_never_scheduled', 'dataset_consumes_1', 'dataset_consumes_1_and_2', 'dataset_produces_2', 'dataset_consumes_1_never_scheduled']) retrieved from /home/airflow/.local/lib/python3.8/site-packages/airflow/example_dags/example_datasets.py
[2023-10-13T16:20:09.110+0000] {logging_mixin.py:151} INFO - [2023-10-13T16:20:09.110+0000] {dag.py:2941} INFO - Sync 6 DAGs
[2023-10-13T16:20:09.138+0000] {logging_mixin.py:151} INFO - [2023-10-13T16:20:09.138+0000] {dag.py:3722} INFO - Setting next_dagrun for dataset_consumes_1 to None, run_after=None
[2023-10-13T16:20:09.141+0000] {logging_mixin.py:151} INFO - [2023-10-13T16:20:09.141+0000] {dag.py:3722} INFO - Setting next_dagrun for dataset_consumes_1_and_2 to None, run_after=None
[2023-10-13T16:20:09.142+0000] {logging_mixin.py:151} INFO - [2023-10-13T16:20:09.142+0000] {dag.py:3722} INFO - Setting next_dagrun for dataset_consumes_1_never_scheduled to None, run_after=None
[2023-10-13T16:20:09.143+0000] {logging_mixin.py:151} INFO - [2023-10-13T16:20:09.143+0000] {dag.py:3722} INFO - Setting next_dagrun for dataset_consumes_unknown_never_scheduled to None, run_after=None
[2023-10-13T16:20:09.147+0000] {logging_mixin.py:151} INFO - [2023-10-13T16:20:09.146+0000] {dag.py:3722} INFO - Setting next_dagrun for dataset_produces_1 to 2023-10-12T00:00:00+00:00, run_after=2023-10-13T00:00:00+00:00
[2023-10-13T16:20:09.148+0000] {logging_mixin.py:151} INFO - [2023-10-13T16:20:09.148+0000] {dag.py:3722} INFO - Setting next_dagrun for dataset_produces_2 to None, run_after=None
[2023-10-13T16:20:09.207+0000] {processor.py:179} INFO - Processing /home/airflow/.local/lib/python3.8/site-packages/airflow/example_dags/example_datasets.py took 0.136 seconds
[2023-10-13T16:20:40.167+0000] {processor.py:157} INFO - Started process (PID=1689) to work on /home/airflow/.local/lib/python3.8/site-packages/airflow/example_dags/example_datasets.py
[2023-10-13T16:20:40.168+0000] {processor.py:829} INFO - Processing file /home/airflow/.local/lib/python3.8/site-packages/airflow/example_dags/example_datasets.py for tasks to queue
[2023-10-13T16:20:40.169+0000] {logging_mixin.py:151} INFO - [2023-10-13T16:20:40.168+0000] {dagbag.py:536} INFO - Filling up the DagBag from /home/airflow/.local/lib/python3.8/site-packages/airflow/example_dags/example_datasets.py
[2023-10-13T16:20:40.179+0000] {processor.py:839} INFO - DAG(s) dict_keys(['dataset_produces_1', 'dataset_produces_2', 'dataset_consumes_1_never_scheduled', 'dataset_consumes_1', 'dataset_consumes_unknown_never_scheduled', 'dataset_consumes_1_and_2']) retrieved from /home/airflow/.local/lib/python3.8/site-packages/airflow/example_dags/example_datasets.py
[2023-10-13T16:20:40.241+0000] {logging_mixin.py:151} INFO - [2023-10-13T16:20:40.240+0000] {dag.py:2941} INFO - Sync 6 DAGs
[2023-10-13T16:20:40.277+0000] {logging_mixin.py:151} INFO - [2023-10-13T16:20:40.276+0000] {dag.py:3722} INFO - Setting next_dagrun for dataset_consumes_1 to None, run_after=None
[2023-10-13T16:20:40.280+0000] {logging_mixin.py:151} INFO - [2023-10-13T16:20:40.280+0000] {dag.py:3722} INFO - Setting next_dagrun for dataset_consumes_1_and_2 to None, run_after=None
[2023-10-13T16:20:40.282+0000] {logging_mixin.py:151} INFO - [2023-10-13T16:20:40.282+0000] {dag.py:3722} INFO - Setting next_dagrun for dataset_consumes_1_never_scheduled to None, run_after=None
[2023-10-13T16:20:40.285+0000] {logging_mixin.py:151} INFO - [2023-10-13T16:20:40.284+0000] {dag.py:3722} INFO - Setting next_dagrun for dataset_consumes_unknown_never_scheduled to None, run_after=None
[2023-10-13T16:20:40.290+0000] {logging_mixin.py:151} INFO - [2023-10-13T16:20:40.290+0000] {dag.py:3722} INFO - Setting next_dagrun for dataset_produces_1 to 2023-10-12T00:00:00+00:00, run_after=2023-10-13T00:00:00+00:00
[2023-10-13T16:20:40.292+0000] {logging_mixin.py:151} INFO - [2023-10-13T16:20:40.292+0000] {dag.py:3722} INFO - Setting next_dagrun for dataset_produces_2 to None, run_after=None
[2023-10-13T16:20:40.340+0000] {processor.py:179} INFO - Processing /home/airflow/.local/lib/python3.8/site-packages/airflow/example_dags/example_datasets.py took 0.177 seconds
[2023-10-13T16:21:10.875+0000] {processor.py:157} INFO - Started process (PID=1927) to work on /home/airflow/.local/lib/python3.8/site-packages/airflow/example_dags/example_datasets.py
[2023-10-13T16:21:10.889+0000] {processor.py:829} INFO - Processing file /home/airflow/.local/lib/python3.8/site-packages/airflow/example_dags/example_datasets.py for tasks to queue
[2023-10-13T16:21:10.890+0000] {logging_mixin.py:151} INFO - [2023-10-13T16:21:10.890+0000] {dagbag.py:536} INFO - Filling up the DagBag from /home/airflow/.local/lib/python3.8/site-packages/airflow/example_dags/example_datasets.py
[2023-10-13T16:21:10.899+0000] {processor.py:839} INFO - DAG(s) dict_keys(['dataset_produces_1', 'dataset_consumes_1', 'dataset_consumes_unknown_never_scheduled', 'dataset_produces_2', 'dataset_consumes_1_never_scheduled', 'dataset_consumes_1_and_2']) retrieved from /home/airflow/.local/lib/python3.8/site-packages/airflow/example_dags/example_datasets.py
[2023-10-13T16:21:10.935+0000] {logging_mixin.py:151} INFO - [2023-10-13T16:21:10.934+0000] {dag.py:2941} INFO - Sync 6 DAGs
[2023-10-13T16:21:10.957+0000] {logging_mixin.py:151} INFO - [2023-10-13T16:21:10.957+0000] {dag.py:3722} INFO - Setting next_dagrun for dataset_consumes_1 to None, run_after=None
[2023-10-13T16:21:10.961+0000] {logging_mixin.py:151} INFO - [2023-10-13T16:21:10.961+0000] {dag.py:3722} INFO - Setting next_dagrun for dataset_consumes_1_and_2 to None, run_after=None
[2023-10-13T16:21:10.963+0000] {logging_mixin.py:151} INFO - [2023-10-13T16:21:10.963+0000] {dag.py:3722} INFO - Setting next_dagrun for dataset_consumes_1_never_scheduled to None, run_after=None
[2023-10-13T16:21:10.964+0000] {logging_mixin.py:151} INFO - [2023-10-13T16:21:10.964+0000] {dag.py:3722} INFO - Setting next_dagrun for dataset_consumes_unknown_never_scheduled to None, run_after=None
[2023-10-13T16:21:10.969+0000] {logging_mixin.py:151} INFO - [2023-10-13T16:21:10.969+0000] {dag.py:3722} INFO - Setting next_dagrun for dataset_produces_1 to 2023-10-12T00:00:00+00:00, run_after=2023-10-13T00:00:00+00:00
[2023-10-13T16:21:10.971+0000] {logging_mixin.py:151} INFO - [2023-10-13T16:21:10.970+0000] {dag.py:3722} INFO - Setting next_dagrun for dataset_produces_2 to None, run_after=None
[2023-10-13T16:21:11.020+0000] {processor.py:179} INFO - Processing /home/airflow/.local/lib/python3.8/site-packages/airflow/example_dags/example_datasets.py took 0.148 seconds
[2023-10-13T16:21:41.084+0000] {processor.py:157} INFO - Started process (PID=2166) to work on /home/airflow/.local/lib/python3.8/site-packages/airflow/example_dags/example_datasets.py
[2023-10-13T16:21:41.095+0000] {processor.py:829} INFO - Processing file /home/airflow/.local/lib/python3.8/site-packages/airflow/example_dags/example_datasets.py for tasks to queue
[2023-10-13T16:21:41.095+0000] {logging_mixin.py:151} INFO - [2023-10-13T16:21:41.095+0000] {dagbag.py:536} INFO - Filling up the DagBag from /home/airflow/.local/lib/python3.8/site-packages/airflow/example_dags/example_datasets.py
[2023-10-13T16:21:41.105+0000] {processor.py:839} INFO - DAG(s) dict_keys(['dataset_consumes_1_and_2', 'dataset_produces_2', 'dataset_produces_1', 'dataset_consumes_1_never_scheduled', 'dataset_consumes_unknown_never_scheduled', 'dataset_consumes_1']) retrieved from /home/airflow/.local/lib/python3.8/site-packages/airflow/example_dags/example_datasets.py
[2023-10-13T16:21:41.139+0000] {logging_mixin.py:151} INFO - [2023-10-13T16:21:41.139+0000] {dag.py:2941} INFO - Sync 6 DAGs
[2023-10-13T16:21:41.160+0000] {logging_mixin.py:151} INFO - [2023-10-13T16:21:41.160+0000] {dag.py:3722} INFO - Setting next_dagrun for dataset_consumes_1 to None, run_after=None
[2023-10-13T16:21:41.164+0000] {logging_mixin.py:151} INFO - [2023-10-13T16:21:41.163+0000] {dag.py:3722} INFO - Setting next_dagrun for dataset_consumes_1_and_2 to None, run_after=None
[2023-10-13T16:21:41.165+0000] {logging_mixin.py:151} INFO - [2023-10-13T16:21:41.165+0000] {dag.py:3722} INFO - Setting next_dagrun for dataset_consumes_1_never_scheduled to None, run_after=None
[2023-10-13T16:21:41.167+0000] {logging_mixin.py:151} INFO - [2023-10-13T16:21:41.167+0000] {dag.py:3722} INFO - Setting next_dagrun for dataset_consumes_unknown_never_scheduled to None, run_after=None
[2023-10-13T16:21:41.171+0000] {logging_mixin.py:151} INFO - [2023-10-13T16:21:41.171+0000] {dag.py:3722} INFO - Setting next_dagrun for dataset_produces_1 to 2023-10-12T00:00:00+00:00, run_after=2023-10-13T00:00:00+00:00
[2023-10-13T16:21:41.173+0000] {logging_mixin.py:151} INFO - [2023-10-13T16:21:41.173+0000] {dag.py:3722} INFO - Setting next_dagrun for dataset_produces_2 to None, run_after=None
[2023-10-13T16:21:41.225+0000] {processor.py:179} INFO - Processing /home/airflow/.local/lib/python3.8/site-packages/airflow/example_dags/example_datasets.py took 0.144 seconds
[2023-10-13T16:22:11.670+0000] {processor.py:157} INFO - Started process (PID=2405) to work on /home/airflow/.local/lib/python3.8/site-packages/airflow/example_dags/example_datasets.py
[2023-10-13T16:22:11.671+0000] {processor.py:829} INFO - Processing file /home/airflow/.local/lib/python3.8/site-packages/airflow/example_dags/example_datasets.py for tasks to queue
[2023-10-13T16:22:11.671+0000] {logging_mixin.py:151} INFO - [2023-10-13T16:22:11.671+0000] {dagbag.py:536} INFO - Filling up the DagBag from /home/airflow/.local/lib/python3.8/site-packages/airflow/example_dags/example_datasets.py
[2023-10-13T16:22:11.679+0000] {processor.py:839} INFO - DAG(s) dict_keys(['dataset_consumes_1', 'dataset_consumes_1_and_2', 'dataset_produces_2', 'dataset_consumes_unknown_never_scheduled', 'dataset_consumes_1_never_scheduled', 'dataset_produces_1']) retrieved from /home/airflow/.local/lib/python3.8/site-packages/airflow/example_dags/example_datasets.py
[2023-10-13T16:22:11.714+0000] {logging_mixin.py:151} INFO - [2023-10-13T16:22:11.714+0000] {dag.py:2941} INFO - Sync 6 DAGs
[2023-10-13T16:22:11.741+0000] {logging_mixin.py:151} INFO - [2023-10-13T16:22:11.741+0000] {dag.py:3722} INFO - Setting next_dagrun for dataset_consumes_1 to None, run_after=None
[2023-10-13T16:22:11.745+0000] {logging_mixin.py:151} INFO - [2023-10-13T16:22:11.744+0000] {dag.py:3722} INFO - Setting next_dagrun for dataset_consumes_1_and_2 to None, run_after=None
[2023-10-13T16:22:11.747+0000] {logging_mixin.py:151} INFO - [2023-10-13T16:22:11.747+0000] {dag.py:3722} INFO - Setting next_dagrun for dataset_consumes_1_never_scheduled to None, run_after=None
[2023-10-13T16:22:11.748+0000] {logging_mixin.py:151} INFO - [2023-10-13T16:22:11.748+0000] {dag.py:3722} INFO - Setting next_dagrun for dataset_consumes_unknown_never_scheduled to None, run_after=None
[2023-10-13T16:22:11.752+0000] {logging_mixin.py:151} INFO - [2023-10-13T16:22:11.751+0000] {dag.py:3722} INFO - Setting next_dagrun for dataset_produces_1 to 2023-10-12T00:00:00+00:00, run_after=2023-10-13T00:00:00+00:00
[2023-10-13T16:22:11.753+0000] {logging_mixin.py:151} INFO - [2023-10-13T16:22:11.753+0000] {dag.py:3722} INFO - Setting next_dagrun for dataset_produces_2 to None, run_after=None
[2023-10-13T16:22:11.791+0000] {processor.py:179} INFO - Processing /home/airflow/.local/lib/python3.8/site-packages/airflow/example_dags/example_datasets.py took 0.123 seconds
[2023-10-13T16:22:41.911+0000] {processor.py:157} INFO - Started process (PID=2645) to work on /home/airflow/.local/lib/python3.8/site-packages/airflow/example_dags/example_datasets.py
[2023-10-13T16:22:41.920+0000] {processor.py:829} INFO - Processing file /home/airflow/.local/lib/python3.8/site-packages/airflow/example_dags/example_datasets.py for tasks to queue
[2023-10-13T16:22:41.921+0000] {logging_mixin.py:151} INFO - [2023-10-13T16:22:41.921+0000] {dagbag.py:536} INFO - Filling up the DagBag from /home/airflow/.local/lib/python3.8/site-packages/airflow/example_dags/example_datasets.py
[2023-10-13T16:22:41.928+0000] {processor.py:839} INFO - DAG(s) dict_keys(['dataset_consumes_1', 'dataset_produces_2', 'dataset_consumes_1_never_scheduled', 'dataset_consumes_1_and_2', 'dataset_produces_1', 'dataset_consumes_unknown_never_scheduled']) retrieved from /home/airflow/.local/lib/python3.8/site-packages/airflow/example_dags/example_datasets.py
[2023-10-13T16:22:41.956+0000] {logging_mixin.py:151} INFO - [2023-10-13T16:22:41.956+0000] {dag.py:2941} INFO - Sync 6 DAGs
[2023-10-13T16:22:41.974+0000] {logging_mixin.py:151} INFO - [2023-10-13T16:22:41.974+0000] {dag.py:3722} INFO - Setting next_dagrun for dataset_consumes_1 to None, run_after=None
[2023-10-13T16:22:41.976+0000] {logging_mixin.py:151} INFO - [2023-10-13T16:22:41.976+0000] {dag.py:3722} INFO - Setting next_dagrun for dataset_consumes_1_and_2 to None, run_after=None
[2023-10-13T16:22:41.977+0000] {logging_mixin.py:151} INFO - [2023-10-13T16:22:41.977+0000] {dag.py:3722} INFO - Setting next_dagrun for dataset_consumes_1_never_scheduled to None, run_after=None
[2023-10-13T16:22:41.978+0000] {logging_mixin.py:151} INFO - [2023-10-13T16:22:41.978+0000] {dag.py:3722} INFO - Setting next_dagrun for dataset_consumes_unknown_never_scheduled to None, run_after=None
[2023-10-13T16:22:41.980+0000] {logging_mixin.py:151} INFO - [2023-10-13T16:22:41.980+0000] {dag.py:3722} INFO - Setting next_dagrun for dataset_produces_1 to 2023-10-12T00:00:00+00:00, run_after=2023-10-13T00:00:00+00:00
[2023-10-13T16:22:41.981+0000] {logging_mixin.py:151} INFO - [2023-10-13T16:22:41.981+0000] {dag.py:3722} INFO - Setting next_dagrun for dataset_produces_2 to None, run_after=None
[2023-10-13T16:22:42.015+0000] {processor.py:179} INFO - Processing /home/airflow/.local/lib/python3.8/site-packages/airflow/example_dags/example_datasets.py took 0.106 seconds
[2023-10-13T16:24:27.258+0000] {processor.py:157} INFO - Started process (PID=267) to work on /home/airflow/.local/lib/python3.8/site-packages/airflow/example_dags/example_datasets.py
[2023-10-13T16:24:27.281+0000] {processor.py:829} INFO - Processing file /home/airflow/.local/lib/python3.8/site-packages/airflow/example_dags/example_datasets.py for tasks to queue
[2023-10-13T16:24:27.281+0000] {logging_mixin.py:151} INFO - [2023-10-13T16:24:27.281+0000] {dagbag.py:536} INFO - Filling up the DagBag from /home/airflow/.local/lib/python3.8/site-packages/airflow/example_dags/example_datasets.py
[2023-10-13T16:24:27.291+0000] {processor.py:839} INFO - DAG(s) dict_keys(['dataset_consumes_1', 'dataset_consumes_unknown_never_scheduled', 'dataset_consumes_1_and_2', 'dataset_consumes_1_never_scheduled', 'dataset_produces_2', 'dataset_produces_1']) retrieved from /home/airflow/.local/lib/python3.8/site-packages/airflow/example_dags/example_datasets.py
[2023-10-13T16:24:27.303+0000] {logging_mixin.py:151} INFO - [2023-10-13T16:24:27.303+0000] {dag.py:2941} INFO - Sync 6 DAGs
[2023-10-13T16:24:27.322+0000] {logging_mixin.py:151} INFO - [2023-10-13T16:24:27.322+0000] {dag.py:3722} INFO - Setting next_dagrun for dataset_consumes_1 to None, run_after=None
[2023-10-13T16:24:27.324+0000] {logging_mixin.py:151} INFO - [2023-10-13T16:24:27.324+0000] {dag.py:3722} INFO - Setting next_dagrun for dataset_consumes_1_and_2 to None, run_after=None
[2023-10-13T16:24:27.325+0000] {logging_mixin.py:151} INFO - [2023-10-13T16:24:27.325+0000] {dag.py:3722} INFO - Setting next_dagrun for dataset_consumes_1_never_scheduled to None, run_after=None
[2023-10-13T16:24:27.326+0000] {logging_mixin.py:151} INFO - [2023-10-13T16:24:27.326+0000] {dag.py:3722} INFO - Setting next_dagrun for dataset_consumes_unknown_never_scheduled to None, run_after=None
[2023-10-13T16:24:27.328+0000] {logging_mixin.py:151} INFO - [2023-10-13T16:24:27.328+0000] {dag.py:3722} INFO - Setting next_dagrun for dataset_produces_1 to 2023-10-12T00:00:00+00:00, run_after=2023-10-13T00:00:00+00:00
[2023-10-13T16:24:27.329+0000] {logging_mixin.py:151} INFO - [2023-10-13T16:24:27.329+0000] {dag.py:3722} INFO - Setting next_dagrun for dataset_produces_2 to None, run_after=None
[2023-10-13T16:24:27.373+0000] {processor.py:179} INFO - Processing /home/airflow/.local/lib/python3.8/site-packages/airflow/example_dags/example_datasets.py took 0.118 seconds
[2023-10-13T16:24:57.647+0000] {processor.py:157} INFO - Started process (PID=517) to work on /home/airflow/.local/lib/python3.8/site-packages/airflow/example_dags/example_datasets.py
[2023-10-13T16:24:57.648+0000] {processor.py:829} INFO - Processing file /home/airflow/.local/lib/python3.8/site-packages/airflow/example_dags/example_datasets.py for tasks to queue
[2023-10-13T16:24:57.649+0000] {logging_mixin.py:151} INFO - [2023-10-13T16:24:57.648+0000] {dagbag.py:536} INFO - Filling up the DagBag from /home/airflow/.local/lib/python3.8/site-packages/airflow/example_dags/example_datasets.py
[2023-10-13T16:24:57.656+0000] {processor.py:839} INFO - DAG(s) dict_keys(['dataset_consumes_1_never_scheduled', 'dataset_consumes_1_and_2', 'dataset_produces_1', 'dataset_produces_2', 'dataset_consumes_unknown_never_scheduled', 'dataset_consumes_1']) retrieved from /home/airflow/.local/lib/python3.8/site-packages/airflow/example_dags/example_datasets.py
[2023-10-13T16:24:57.682+0000] {logging_mixin.py:151} INFO - [2023-10-13T16:24:57.681+0000] {dag.py:2941} INFO - Sync 6 DAGs
[2023-10-13T16:24:57.699+0000] {logging_mixin.py:151} INFO - [2023-10-13T16:24:57.698+0000] {dag.py:3722} INFO - Setting next_dagrun for dataset_consumes_1 to None, run_after=None
[2023-10-13T16:24:57.701+0000] {logging_mixin.py:151} INFO - [2023-10-13T16:24:57.701+0000] {dag.py:3722} INFO - Setting next_dagrun for dataset_consumes_1_and_2 to None, run_after=None
[2023-10-13T16:24:57.702+0000] {logging_mixin.py:151} INFO - [2023-10-13T16:24:57.702+0000] {dag.py:3722} INFO - Setting next_dagrun for dataset_consumes_1_never_scheduled to None, run_after=None
[2023-10-13T16:24:57.703+0000] {logging_mixin.py:151} INFO - [2023-10-13T16:24:57.703+0000] {dag.py:3722} INFO - Setting next_dagrun for dataset_consumes_unknown_never_scheduled to None, run_after=None
[2023-10-13T16:24:57.707+0000] {logging_mixin.py:151} INFO - [2023-10-13T16:24:57.706+0000] {dag.py:3722} INFO - Setting next_dagrun for dataset_produces_1 to 2023-10-12T00:00:00+00:00, run_after=2023-10-13T00:00:00+00:00
[2023-10-13T16:24:57.708+0000] {logging_mixin.py:151} INFO - [2023-10-13T16:24:57.708+0000] {dag.py:3722} INFO - Setting next_dagrun for dataset_produces_2 to None, run_after=None
[2023-10-13T16:24:57.740+0000] {processor.py:179} INFO - Processing /home/airflow/.local/lib/python3.8/site-packages/airflow/example_dags/example_datasets.py took 0.095 seconds
[2023-10-13T16:29:30.786+0000] {processor.py:157} INFO - Started process (PID=262) to work on /home/airflow/.local/lib/python3.8/site-packages/airflow/example_dags/example_datasets.py
[2023-10-13T16:29:30.786+0000] {processor.py:829} INFO - Processing file /home/airflow/.local/lib/python3.8/site-packages/airflow/example_dags/example_datasets.py for tasks to queue
[2023-10-13T16:29:30.787+0000] {logging_mixin.py:151} INFO - [2023-10-13T16:29:30.787+0000] {dagbag.py:536} INFO - Filling up the DagBag from /home/airflow/.local/lib/python3.8/site-packages/airflow/example_dags/example_datasets.py
[2023-10-13T16:29:30.798+0000] {processor.py:839} INFO - DAG(s) dict_keys(['dataset_produces_1', 'dataset_consumes_unknown_never_scheduled', 'dataset_produces_2', 'dataset_consumes_1_and_2', 'dataset_consumes_1_never_scheduled', 'dataset_consumes_1']) retrieved from /home/airflow/.local/lib/python3.8/site-packages/airflow/example_dags/example_datasets.py
[2023-10-13T16:29:30.811+0000] {logging_mixin.py:151} INFO - [2023-10-13T16:29:30.811+0000] {dag.py:2941} INFO - Sync 6 DAGs
[2023-10-13T16:29:30.829+0000] {logging_mixin.py:151} INFO - [2023-10-13T16:29:30.829+0000] {dag.py:3722} INFO - Setting next_dagrun for dataset_consumes_1 to None, run_after=None
[2023-10-13T16:29:30.831+0000] {logging_mixin.py:151} INFO - [2023-10-13T16:29:30.831+0000] {dag.py:3722} INFO - Setting next_dagrun for dataset_consumes_1_and_2 to None, run_after=None
[2023-10-13T16:29:30.832+0000] {logging_mixin.py:151} INFO - [2023-10-13T16:29:30.832+0000] {dag.py:3722} INFO - Setting next_dagrun for dataset_consumes_1_never_scheduled to None, run_after=None
[2023-10-13T16:29:30.833+0000] {logging_mixin.py:151} INFO - [2023-10-13T16:29:30.833+0000] {dag.py:3722} INFO - Setting next_dagrun for dataset_consumes_unknown_never_scheduled to None, run_after=None
[2023-10-13T16:29:30.835+0000] {logging_mixin.py:151} INFO - [2023-10-13T16:29:30.835+0000] {dag.py:3722} INFO - Setting next_dagrun for dataset_produces_1 to 2023-10-12T00:00:00+00:00, run_after=2023-10-13T00:00:00+00:00
[2023-10-13T16:29:30.836+0000] {logging_mixin.py:151} INFO - [2023-10-13T16:29:30.836+0000] {dag.py:3722} INFO - Setting next_dagrun for dataset_produces_2 to None, run_after=None
[2023-10-13T16:29:30.866+0000] {processor.py:179} INFO - Processing /home/airflow/.local/lib/python3.8/site-packages/airflow/example_dags/example_datasets.py took 0.083 seconds
[2023-10-13T16:30:01.106+0000] {processor.py:157} INFO - Started process (PID=500) to work on /home/airflow/.local/lib/python3.8/site-packages/airflow/example_dags/example_datasets.py
[2023-10-13T16:30:01.107+0000] {processor.py:829} INFO - Processing file /home/airflow/.local/lib/python3.8/site-packages/airflow/example_dags/example_datasets.py for tasks to queue
[2023-10-13T16:30:01.108+0000] {logging_mixin.py:151} INFO - [2023-10-13T16:30:01.107+0000] {dagbag.py:536} INFO - Filling up the DagBag from /home/airflow/.local/lib/python3.8/site-packages/airflow/example_dags/example_datasets.py
[2023-10-13T16:30:01.116+0000] {processor.py:839} INFO - DAG(s) dict_keys(['dataset_produces_2', 'dataset_consumes_1', 'dataset_produces_1', 'dataset_consumes_1_and_2', 'dataset_consumes_1_never_scheduled', 'dataset_consumes_unknown_never_scheduled']) retrieved from /home/airflow/.local/lib/python3.8/site-packages/airflow/example_dags/example_datasets.py
[2023-10-13T16:30:01.150+0000] {logging_mixin.py:151} INFO - [2023-10-13T16:30:01.150+0000] {dag.py:2941} INFO - Sync 6 DAGs
[2023-10-13T16:30:01.167+0000] {logging_mixin.py:151} INFO - [2023-10-13T16:30:01.167+0000] {dag.py:3722} INFO - Setting next_dagrun for dataset_consumes_1 to None, run_after=None
[2023-10-13T16:30:01.170+0000] {logging_mixin.py:151} INFO - [2023-10-13T16:30:01.169+0000] {dag.py:3722} INFO - Setting next_dagrun for dataset_consumes_1_and_2 to None, run_after=None
[2023-10-13T16:30:01.170+0000] {logging_mixin.py:151} INFO - [2023-10-13T16:30:01.170+0000] {dag.py:3722} INFO - Setting next_dagrun for dataset_consumes_1_never_scheduled to None, run_after=None
[2023-10-13T16:30:01.171+0000] {logging_mixin.py:151} INFO - [2023-10-13T16:30:01.171+0000] {dag.py:3722} INFO - Setting next_dagrun for dataset_consumes_unknown_never_scheduled to None, run_after=None
[2023-10-13T16:30:01.173+0000] {logging_mixin.py:151} INFO - [2023-10-13T16:30:01.173+0000] {dag.py:3722} INFO - Setting next_dagrun for dataset_produces_1 to 2023-10-12T00:00:00+00:00, run_after=2023-10-13T00:00:00+00:00
[2023-10-13T16:30:01.174+0000] {logging_mixin.py:151} INFO - [2023-10-13T16:30:01.174+0000] {dag.py:3722} INFO - Setting next_dagrun for dataset_produces_2 to None, run_after=None
[2023-10-13T16:30:01.209+0000] {processor.py:179} INFO - Processing /home/airflow/.local/lib/python3.8/site-packages/airflow/example_dags/example_datasets.py took 0.106 seconds
[2023-10-13T16:30:31.534+0000] {processor.py:157} INFO - Started process (PID=737) to work on /home/airflow/.local/lib/python3.8/site-packages/airflow/example_dags/example_datasets.py
[2023-10-13T16:30:31.535+0000] {processor.py:829} INFO - Processing file /home/airflow/.local/lib/python3.8/site-packages/airflow/example_dags/example_datasets.py for tasks to queue
[2023-10-13T16:30:31.535+0000] {logging_mixin.py:151} INFO - [2023-10-13T16:30:31.535+0000] {dagbag.py:536} INFO - Filling up the DagBag from /home/airflow/.local/lib/python3.8/site-packages/airflow/example_dags/example_datasets.py
[2023-10-13T16:30:31.542+0000] {processor.py:839} INFO - DAG(s) dict_keys(['dataset_consumes_unknown_never_scheduled', 'dataset_produces_1', 'dataset_consumes_1_and_2', 'dataset_consumes_1', 'dataset_produces_2', 'dataset_consumes_1_never_scheduled']) retrieved from /home/airflow/.local/lib/python3.8/site-packages/airflow/example_dags/example_datasets.py
[2023-10-13T16:30:31.568+0000] {logging_mixin.py:151} INFO - [2023-10-13T16:30:31.568+0000] {dag.py:2941} INFO - Sync 6 DAGs
[2023-10-13T16:30:31.585+0000] {logging_mixin.py:151} INFO - [2023-10-13T16:30:31.585+0000] {dag.py:3722} INFO - Setting next_dagrun for dataset_consumes_1 to None, run_after=None
[2023-10-13T16:30:31.587+0000] {logging_mixin.py:151} INFO - [2023-10-13T16:30:31.587+0000] {dag.py:3722} INFO - Setting next_dagrun for dataset_consumes_1_and_2 to None, run_after=None
[2023-10-13T16:30:31.588+0000] {logging_mixin.py:151} INFO - [2023-10-13T16:30:31.588+0000] {dag.py:3722} INFO - Setting next_dagrun for dataset_consumes_1_never_scheduled to None, run_after=None
[2023-10-13T16:30:31.589+0000] {logging_mixin.py:151} INFO - [2023-10-13T16:30:31.589+0000] {dag.py:3722} INFO - Setting next_dagrun for dataset_consumes_unknown_never_scheduled to None, run_after=None
[2023-10-13T16:30:31.591+0000] {logging_mixin.py:151} INFO - [2023-10-13T16:30:31.591+0000] {dag.py:3722} INFO - Setting next_dagrun for dataset_produces_1 to 2023-10-12T00:00:00+00:00, run_after=2023-10-13T00:00:00+00:00
[2023-10-13T16:30:31.592+0000] {logging_mixin.py:151} INFO - [2023-10-13T16:30:31.592+0000] {dag.py:3722} INFO - Setting next_dagrun for dataset_produces_2 to None, run_after=None
[2023-10-13T16:30:31.614+0000] {processor.py:179} INFO - Processing /home/airflow/.local/lib/python3.8/site-packages/airflow/example_dags/example_datasets.py took 0.082 seconds
