[2023-10-13T16:17:37.470+0000] {processor.py:157} INFO - Started process (PID=242) to work on /home/airflow/.local/lib/python3.8/site-packages/airflow/example_dags/example_short_circuit_decorator.py
[2023-10-13T16:17:37.471+0000] {processor.py:829} INFO - Processing file /home/airflow/.local/lib/python3.8/site-packages/airflow/example_dags/example_short_circuit_decorator.py for tasks to queue
[2023-10-13T16:17:37.471+0000] {logging_mixin.py:151} INFO - [2023-10-13T16:17:37.471+0000] {dagbag.py:536} INFO - Filling up the DagBag from /home/airflow/.local/lib/python3.8/site-packages/airflow/example_dags/example_short_circuit_decorator.py
[2023-10-13T16:17:37.480+0000] {processor.py:839} INFO - DAG(s) dict_keys(['example_short_circuit_decorator']) retrieved from /home/airflow/.local/lib/python3.8/site-packages/airflow/example_dags/example_short_circuit_decorator.py
[2023-10-13T16:17:37.490+0000] {logging_mixin.py:151} INFO - [2023-10-13T16:17:37.490+0000] {dag.py:2941} INFO - Sync 1 DAGs
[2023-10-13T16:17:37.510+0000] {logging_mixin.py:151} INFO - [2023-10-13T16:17:37.510+0000] {dag.py:3722} INFO - Setting next_dagrun for example_short_circuit_decorator to 2023-10-12T16:17:37.510450+00:00, run_after=2023-10-13T16:17:37.510450+00:00
[2023-10-13T16:17:37.638+0000] {processor.py:179} INFO - Processing /home/airflow/.local/lib/python3.8/site-packages/airflow/example_dags/example_short_circuit_decorator.py took 0.170 seconds
[2023-10-13T16:18:07.724+0000] {processor.py:157} INFO - Started process (PID=480) to work on /home/airflow/.local/lib/python3.8/site-packages/airflow/example_dags/example_short_circuit_decorator.py
[2023-10-13T16:18:07.725+0000] {processor.py:829} INFO - Processing file /home/airflow/.local/lib/python3.8/site-packages/airflow/example_dags/example_short_circuit_decorator.py for tasks to queue
[2023-10-13T16:18:07.725+0000] {logging_mixin.py:151} INFO - [2023-10-13T16:18:07.725+0000] {dagbag.py:536} INFO - Filling up the DagBag from /home/airflow/.local/lib/python3.8/site-packages/airflow/example_dags/example_short_circuit_decorator.py
[2023-10-13T16:18:07.732+0000] {processor.py:839} INFO - DAG(s) dict_keys(['example_short_circuit_decorator']) retrieved from /home/airflow/.local/lib/python3.8/site-packages/airflow/example_dags/example_short_circuit_decorator.py
[2023-10-13T16:18:07.749+0000] {logging_mixin.py:151} INFO - [2023-10-13T16:18:07.749+0000] {dag.py:2941} INFO - Sync 1 DAGs
[2023-10-13T16:18:07.764+0000] {logging_mixin.py:151} INFO - [2023-10-13T16:18:07.764+0000] {dag.py:3722} INFO - Setting next_dagrun for example_short_circuit_decorator to 2023-10-12T16:18:07.764537+00:00, run_after=2023-10-13T16:18:07.764537+00:00
[2023-10-13T16:18:07.781+0000] {processor.py:179} INFO - Processing /home/airflow/.local/lib/python3.8/site-packages/airflow/example_dags/example_short_circuit_decorator.py took 0.060 seconds
[2023-10-13T16:18:37.949+0000] {processor.py:157} INFO - Started process (PID=718) to work on /home/airflow/.local/lib/python3.8/site-packages/airflow/example_dags/example_short_circuit_decorator.py
[2023-10-13T16:18:37.950+0000] {processor.py:829} INFO - Processing file /home/airflow/.local/lib/python3.8/site-packages/airflow/example_dags/example_short_circuit_decorator.py for tasks to queue
[2023-10-13T16:18:37.950+0000] {logging_mixin.py:151} INFO - [2023-10-13T16:18:37.950+0000] {dagbag.py:536} INFO - Filling up the DagBag from /home/airflow/.local/lib/python3.8/site-packages/airflow/example_dags/example_short_circuit_decorator.py
[2023-10-13T16:18:37.957+0000] {processor.py:839} INFO - DAG(s) dict_keys(['example_short_circuit_decorator']) retrieved from /home/airflow/.local/lib/python3.8/site-packages/airflow/example_dags/example_short_circuit_decorator.py
[2023-10-13T16:18:37.974+0000] {logging_mixin.py:151} INFO - [2023-10-13T16:18:37.974+0000] {dag.py:2941} INFO - Sync 1 DAGs
[2023-10-13T16:18:37.991+0000] {logging_mixin.py:151} INFO - [2023-10-13T16:18:37.991+0000] {dag.py:3722} INFO - Setting next_dagrun for example_short_circuit_decorator to 2023-10-12T16:18:37.991630+00:00, run_after=2023-10-13T16:18:37.991630+00:00
[2023-10-13T16:18:38.009+0000] {processor.py:179} INFO - Processing /home/airflow/.local/lib/python3.8/site-packages/airflow/example_dags/example_short_circuit_decorator.py took 0.063 seconds
[2023-10-13T16:19:08.174+0000] {processor.py:157} INFO - Started process (PID=956) to work on /home/airflow/.local/lib/python3.8/site-packages/airflow/example_dags/example_short_circuit_decorator.py
[2023-10-13T16:19:08.174+0000] {processor.py:829} INFO - Processing file /home/airflow/.local/lib/python3.8/site-packages/airflow/example_dags/example_short_circuit_decorator.py for tasks to queue
[2023-10-13T16:19:08.175+0000] {logging_mixin.py:151} INFO - [2023-10-13T16:19:08.175+0000] {dagbag.py:536} INFO - Filling up the DagBag from /home/airflow/.local/lib/python3.8/site-packages/airflow/example_dags/example_short_circuit_decorator.py
[2023-10-13T16:19:08.183+0000] {processor.py:839} INFO - DAG(s) dict_keys(['example_short_circuit_decorator']) retrieved from /home/airflow/.local/lib/python3.8/site-packages/airflow/example_dags/example_short_circuit_decorator.py
[2023-10-13T16:19:08.201+0000] {logging_mixin.py:151} INFO - [2023-10-13T16:19:08.201+0000] {dag.py:2941} INFO - Sync 1 DAGs
[2023-10-13T16:19:08.240+0000] {logging_mixin.py:151} INFO - [2023-10-13T16:19:08.239+0000] {dag.py:3722} INFO - Setting next_dagrun for example_short_circuit_decorator to 2023-10-12T16:19:08.239117+00:00, run_after=2023-10-13T16:19:08.239117+00:00
[2023-10-13T16:19:08.278+0000] {processor.py:179} INFO - Processing /home/airflow/.local/lib/python3.8/site-packages/airflow/example_dags/example_short_circuit_decorator.py took 0.107 seconds
[2023-10-13T16:19:38.514+0000] {processor.py:157} INFO - Started process (PID=1194) to work on /home/airflow/.local/lib/python3.8/site-packages/airflow/example_dags/example_short_circuit_decorator.py
[2023-10-13T16:19:38.515+0000] {processor.py:829} INFO - Processing file /home/airflow/.local/lib/python3.8/site-packages/airflow/example_dags/example_short_circuit_decorator.py for tasks to queue
[2023-10-13T16:19:38.515+0000] {logging_mixin.py:151} INFO - [2023-10-13T16:19:38.515+0000] {dagbag.py:536} INFO - Filling up the DagBag from /home/airflow/.local/lib/python3.8/site-packages/airflow/example_dags/example_short_circuit_decorator.py
[2023-10-13T16:19:38.522+0000] {processor.py:839} INFO - DAG(s) dict_keys(['example_short_circuit_decorator']) retrieved from /home/airflow/.local/lib/python3.8/site-packages/airflow/example_dags/example_short_circuit_decorator.py
[2023-10-13T16:19:38.543+0000] {logging_mixin.py:151} INFO - [2023-10-13T16:19:38.542+0000] {dag.py:2941} INFO - Sync 1 DAGs
[2023-10-13T16:19:38.562+0000] {logging_mixin.py:151} INFO - [2023-10-13T16:19:38.562+0000] {dag.py:3722} INFO - Setting next_dagrun for example_short_circuit_decorator to 2023-10-12T16:19:38.562481+00:00, run_after=2023-10-13T16:19:38.562481+00:00
[2023-10-13T16:19:38.586+0000] {processor.py:179} INFO - Processing /home/airflow/.local/lib/python3.8/site-packages/airflow/example_dags/example_short_circuit_decorator.py took 0.074 seconds
[2023-10-13T16:20:08.894+0000] {processor.py:157} INFO - Started process (PID=1431) to work on /home/airflow/.local/lib/python3.8/site-packages/airflow/example_dags/example_short_circuit_decorator.py
[2023-10-13T16:20:08.895+0000] {processor.py:829} INFO - Processing file /home/airflow/.local/lib/python3.8/site-packages/airflow/example_dags/example_short_circuit_decorator.py for tasks to queue
[2023-10-13T16:20:08.896+0000] {logging_mixin.py:151} INFO - [2023-10-13T16:20:08.895+0000] {dagbag.py:536} INFO - Filling up the DagBag from /home/airflow/.local/lib/python3.8/site-packages/airflow/example_dags/example_short_circuit_decorator.py
[2023-10-13T16:20:08.903+0000] {processor.py:839} INFO - DAG(s) dict_keys(['example_short_circuit_decorator']) retrieved from /home/airflow/.local/lib/python3.8/site-packages/airflow/example_dags/example_short_circuit_decorator.py
[2023-10-13T16:20:08.925+0000] {logging_mixin.py:151} INFO - [2023-10-13T16:20:08.925+0000] {dag.py:2941} INFO - Sync 1 DAGs
[2023-10-13T16:20:08.942+0000] {logging_mixin.py:151} INFO - [2023-10-13T16:20:08.942+0000] {dag.py:3722} INFO - Setting next_dagrun for example_short_circuit_decorator to 2023-10-12T16:20:08.941937+00:00, run_after=2023-10-13T16:20:08.941937+00:00
[2023-10-13T16:20:08.962+0000] {processor.py:179} INFO - Processing /home/airflow/.local/lib/python3.8/site-packages/airflow/example_dags/example_short_circuit_decorator.py took 0.070 seconds
[2023-10-13T16:20:39.846+0000] {processor.py:157} INFO - Started process (PID=1669) to work on /home/airflow/.local/lib/python3.8/site-packages/airflow/example_dags/example_short_circuit_decorator.py
[2023-10-13T16:20:39.847+0000] {processor.py:829} INFO - Processing file /home/airflow/.local/lib/python3.8/site-packages/airflow/example_dags/example_short_circuit_decorator.py for tasks to queue
[2023-10-13T16:20:39.848+0000] {logging_mixin.py:151} INFO - [2023-10-13T16:20:39.847+0000] {dagbag.py:536} INFO - Filling up the DagBag from /home/airflow/.local/lib/python3.8/site-packages/airflow/example_dags/example_short_circuit_decorator.py
[2023-10-13T16:20:39.865+0000] {processor.py:839} INFO - DAG(s) dict_keys(['example_short_circuit_decorator']) retrieved from /home/airflow/.local/lib/python3.8/site-packages/airflow/example_dags/example_short_circuit_decorator.py
[2023-10-13T16:20:39.901+0000] {logging_mixin.py:151} INFO - [2023-10-13T16:20:39.900+0000] {dag.py:2941} INFO - Sync 1 DAGs
[2023-10-13T16:20:39.930+0000] {logging_mixin.py:151} INFO - [2023-10-13T16:20:39.929+0000] {dag.py:3722} INFO - Setting next_dagrun for example_short_circuit_decorator to 2023-10-12T16:20:39.929687+00:00, run_after=2023-10-13T16:20:39.929687+00:00
[2023-10-13T16:20:39.965+0000] {processor.py:179} INFO - Processing /home/airflow/.local/lib/python3.8/site-packages/airflow/example_dags/example_short_circuit_decorator.py took 0.122 seconds
[2023-10-13T16:21:10.633+0000] {processor.py:157} INFO - Started process (PID=1907) to work on /home/airflow/.local/lib/python3.8/site-packages/airflow/example_dags/example_short_circuit_decorator.py
[2023-10-13T16:21:10.643+0000] {processor.py:829} INFO - Processing file /home/airflow/.local/lib/python3.8/site-packages/airflow/example_dags/example_short_circuit_decorator.py for tasks to queue
[2023-10-13T16:21:10.644+0000] {logging_mixin.py:151} INFO - [2023-10-13T16:21:10.644+0000] {dagbag.py:536} INFO - Filling up the DagBag from /home/airflow/.local/lib/python3.8/site-packages/airflow/example_dags/example_short_circuit_decorator.py
[2023-10-13T16:21:10.652+0000] {processor.py:839} INFO - DAG(s) dict_keys(['example_short_circuit_decorator']) retrieved from /home/airflow/.local/lib/python3.8/site-packages/airflow/example_dags/example_short_circuit_decorator.py
[2023-10-13T16:21:10.677+0000] {logging_mixin.py:151} INFO - [2023-10-13T16:21:10.676+0000] {dag.py:2941} INFO - Sync 1 DAGs
[2023-10-13T16:21:10.702+0000] {logging_mixin.py:151} INFO - [2023-10-13T16:21:10.701+0000] {dag.py:3722} INFO - Setting next_dagrun for example_short_circuit_decorator to 2023-10-12T16:21:10.701165+00:00, run_after=2023-10-13T16:21:10.701165+00:00
[2023-10-13T16:21:10.731+0000] {processor.py:179} INFO - Processing /home/airflow/.local/lib/python3.8/site-packages/airflow/example_dags/example_short_circuit_decorator.py took 0.102 seconds
[2023-10-13T16:21:40.849+0000] {processor.py:157} INFO - Started process (PID=2146) to work on /home/airflow/.local/lib/python3.8/site-packages/airflow/example_dags/example_short_circuit_decorator.py
[2023-10-13T16:21:40.861+0000] {processor.py:829} INFO - Processing file /home/airflow/.local/lib/python3.8/site-packages/airflow/example_dags/example_short_circuit_decorator.py for tasks to queue
[2023-10-13T16:21:40.861+0000] {logging_mixin.py:151} INFO - [2023-10-13T16:21:40.861+0000] {dagbag.py:536} INFO - Filling up the DagBag from /home/airflow/.local/lib/python3.8/site-packages/airflow/example_dags/example_short_circuit_decorator.py
[2023-10-13T16:21:40.870+0000] {processor.py:839} INFO - DAG(s) dict_keys(['example_short_circuit_decorator']) retrieved from /home/airflow/.local/lib/python3.8/site-packages/airflow/example_dags/example_short_circuit_decorator.py
[2023-10-13T16:21:40.893+0000] {logging_mixin.py:151} INFO - [2023-10-13T16:21:40.893+0000] {dag.py:2941} INFO - Sync 1 DAGs
[2023-10-13T16:21:40.918+0000] {logging_mixin.py:151} INFO - [2023-10-13T16:21:40.917+0000] {dag.py:3722} INFO - Setting next_dagrun for example_short_circuit_decorator to 2023-10-12T16:21:40.917633+00:00, run_after=2023-10-13T16:21:40.917633+00:00
[2023-10-13T16:21:40.949+0000] {processor.py:179} INFO - Processing /home/airflow/.local/lib/python3.8/site-packages/airflow/example_dags/example_short_circuit_decorator.py took 0.104 seconds
[2023-10-13T16:22:11.456+0000] {processor.py:157} INFO - Started process (PID=2385) to work on /home/airflow/.local/lib/python3.8/site-packages/airflow/example_dags/example_short_circuit_decorator.py
[2023-10-13T16:22:11.457+0000] {processor.py:829} INFO - Processing file /home/airflow/.local/lib/python3.8/site-packages/airflow/example_dags/example_short_circuit_decorator.py for tasks to queue
[2023-10-13T16:22:11.458+0000] {logging_mixin.py:151} INFO - [2023-10-13T16:22:11.457+0000] {dagbag.py:536} INFO - Filling up the DagBag from /home/airflow/.local/lib/python3.8/site-packages/airflow/example_dags/example_short_circuit_decorator.py
[2023-10-13T16:22:11.467+0000] {processor.py:839} INFO - DAG(s) dict_keys(['example_short_circuit_decorator']) retrieved from /home/airflow/.local/lib/python3.8/site-packages/airflow/example_dags/example_short_circuit_decorator.py
[2023-10-13T16:22:11.488+0000] {logging_mixin.py:151} INFO - [2023-10-13T16:22:11.487+0000] {dag.py:2941} INFO - Sync 1 DAGs
[2023-10-13T16:22:11.511+0000] {logging_mixin.py:151} INFO - [2023-10-13T16:22:11.511+0000] {dag.py:3722} INFO - Setting next_dagrun for example_short_circuit_decorator to 2023-10-12T16:22:11.511028+00:00, run_after=2023-10-13T16:22:11.511028+00:00
[2023-10-13T16:22:11.543+0000] {processor.py:179} INFO - Processing /home/airflow/.local/lib/python3.8/site-packages/airflow/example_dags/example_short_circuit_decorator.py took 0.091 seconds
[2023-10-13T16:22:41.620+0000] {processor.py:157} INFO - Started process (PID=2623) to work on /home/airflow/.local/lib/python3.8/site-packages/airflow/example_dags/example_short_circuit_decorator.py
[2023-10-13T16:22:41.638+0000] {processor.py:829} INFO - Processing file /home/airflow/.local/lib/python3.8/site-packages/airflow/example_dags/example_short_circuit_decorator.py for tasks to queue
[2023-10-13T16:22:41.638+0000] {logging_mixin.py:151} INFO - [2023-10-13T16:22:41.638+0000] {dagbag.py:536} INFO - Filling up the DagBag from /home/airflow/.local/lib/python3.8/site-packages/airflow/example_dags/example_short_circuit_decorator.py
[2023-10-13T16:22:41.646+0000] {processor.py:839} INFO - DAG(s) dict_keys(['example_short_circuit_decorator']) retrieved from /home/airflow/.local/lib/python3.8/site-packages/airflow/example_dags/example_short_circuit_decorator.py
[2023-10-13T16:22:41.662+0000] {logging_mixin.py:151} INFO - [2023-10-13T16:22:41.662+0000] {dag.py:2941} INFO - Sync 1 DAGs
[2023-10-13T16:22:41.679+0000] {logging_mixin.py:151} INFO - [2023-10-13T16:22:41.678+0000] {dag.py:3722} INFO - Setting next_dagrun for example_short_circuit_decorator to 2023-10-12T16:22:41.678698+00:00, run_after=2023-10-13T16:22:41.678698+00:00
[2023-10-13T16:22:41.701+0000] {processor.py:179} INFO - Processing /home/airflow/.local/lib/python3.8/site-packages/airflow/example_dags/example_short_circuit_decorator.py took 0.084 seconds
[2023-10-13T16:24:26.706+0000] {processor.py:157} INFO - Started process (PID=247) to work on /home/airflow/.local/lib/python3.8/site-packages/airflow/example_dags/example_short_circuit_decorator.py
[2023-10-13T16:24:26.745+0000] {processor.py:829} INFO - Processing file /home/airflow/.local/lib/python3.8/site-packages/airflow/example_dags/example_short_circuit_decorator.py for tasks to queue
[2023-10-13T16:24:26.747+0000] {logging_mixin.py:151} INFO - [2023-10-13T16:24:26.746+0000] {dagbag.py:536} INFO - Filling up the DagBag from /home/airflow/.local/lib/python3.8/site-packages/airflow/example_dags/example_short_circuit_decorator.py
[2023-10-13T16:24:26.782+0000] {processor.py:839} INFO - DAG(s) dict_keys(['example_short_circuit_decorator']) retrieved from /home/airflow/.local/lib/python3.8/site-packages/airflow/example_dags/example_short_circuit_decorator.py
[2023-10-13T16:24:26.796+0000] {logging_mixin.py:151} INFO - [2023-10-13T16:24:26.796+0000] {dag.py:2941} INFO - Sync 1 DAGs
[2023-10-13T16:24:26.817+0000] {logging_mixin.py:151} INFO - [2023-10-13T16:24:26.817+0000] {dag.py:3722} INFO - Setting next_dagrun for example_short_circuit_decorator to 2023-10-12T16:24:26.817350+00:00, run_after=2023-10-13T16:24:26.817350+00:00
[2023-10-13T16:24:26.991+0000] {processor.py:179} INFO - Processing /home/airflow/.local/lib/python3.8/site-packages/airflow/example_dags/example_short_circuit_decorator.py took 0.288 seconds
[2023-10-13T16:24:57.231+0000] {processor.py:157} INFO - Started process (PID=495) to work on /home/airflow/.local/lib/python3.8/site-packages/airflow/example_dags/example_short_circuit_decorator.py
[2023-10-13T16:24:57.232+0000] {processor.py:829} INFO - Processing file /home/airflow/.local/lib/python3.8/site-packages/airflow/example_dags/example_short_circuit_decorator.py for tasks to queue
[2023-10-13T16:24:57.232+0000] {logging_mixin.py:151} INFO - [2023-10-13T16:24:57.232+0000] {dagbag.py:536} INFO - Filling up the DagBag from /home/airflow/.local/lib/python3.8/site-packages/airflow/example_dags/example_short_circuit_decorator.py
[2023-10-13T16:24:57.240+0000] {processor.py:839} INFO - DAG(s) dict_keys(['example_short_circuit_decorator']) retrieved from /home/airflow/.local/lib/python3.8/site-packages/airflow/example_dags/example_short_circuit_decorator.py
[2023-10-13T16:24:57.257+0000] {logging_mixin.py:151} INFO - [2023-10-13T16:24:57.257+0000] {dag.py:2941} INFO - Sync 1 DAGs
[2023-10-13T16:24:57.273+0000] {logging_mixin.py:151} INFO - [2023-10-13T16:24:57.272+0000] {dag.py:3722} INFO - Setting next_dagrun for example_short_circuit_decorator to 2023-10-12T16:24:57.272766+00:00, run_after=2023-10-13T16:24:57.272766+00:00
[2023-10-13T16:24:57.298+0000] {processor.py:179} INFO - Processing /home/airflow/.local/lib/python3.8/site-packages/airflow/example_dags/example_short_circuit_decorator.py took 0.069 seconds
[2023-10-13T16:29:30.639+0000] {processor.py:157} INFO - Started process (PID=242) to work on /home/airflow/.local/lib/python3.8/site-packages/airflow/example_dags/example_short_circuit_decorator.py
[2023-10-13T16:29:30.640+0000] {processor.py:829} INFO - Processing file /home/airflow/.local/lib/python3.8/site-packages/airflow/example_dags/example_short_circuit_decorator.py for tasks to queue
[2023-10-13T16:29:30.641+0000] {logging_mixin.py:151} INFO - [2023-10-13T16:29:30.640+0000] {dagbag.py:536} INFO - Filling up the DagBag from /home/airflow/.local/lib/python3.8/site-packages/airflow/example_dags/example_short_circuit_decorator.py
[2023-10-13T16:29:30.648+0000] {processor.py:839} INFO - DAG(s) dict_keys(['example_short_circuit_decorator']) retrieved from /home/airflow/.local/lib/python3.8/site-packages/airflow/example_dags/example_short_circuit_decorator.py
[2023-10-13T16:29:30.658+0000] {logging_mixin.py:151} INFO - [2023-10-13T16:29:30.658+0000] {dag.py:2941} INFO - Sync 1 DAGs
[2023-10-13T16:29:30.675+0000] {logging_mixin.py:151} INFO - [2023-10-13T16:29:30.675+0000] {dag.py:3722} INFO - Setting next_dagrun for example_short_circuit_decorator to 2023-10-12T16:29:30.675216+00:00, run_after=2023-10-13T16:29:30.675216+00:00
[2023-10-13T16:29:30.699+0000] {processor.py:179} INFO - Processing /home/airflow/.local/lib/python3.8/site-packages/airflow/example_dags/example_short_circuit_decorator.py took 0.062 seconds
[2023-10-13T16:30:00.870+0000] {processor.py:157} INFO - Started process (PID=480) to work on /home/airflow/.local/lib/python3.8/site-packages/airflow/example_dags/example_short_circuit_decorator.py
[2023-10-13T16:30:00.871+0000] {processor.py:829} INFO - Processing file /home/airflow/.local/lib/python3.8/site-packages/airflow/example_dags/example_short_circuit_decorator.py for tasks to queue
[2023-10-13T16:30:00.872+0000] {logging_mixin.py:151} INFO - [2023-10-13T16:30:00.871+0000] {dagbag.py:536} INFO - Filling up the DagBag from /home/airflow/.local/lib/python3.8/site-packages/airflow/example_dags/example_short_circuit_decorator.py
[2023-10-13T16:30:00.879+0000] {processor.py:839} INFO - DAG(s) dict_keys(['example_short_circuit_decorator']) retrieved from /home/airflow/.local/lib/python3.8/site-packages/airflow/example_dags/example_short_circuit_decorator.py
[2023-10-13T16:30:00.896+0000] {logging_mixin.py:151} INFO - [2023-10-13T16:30:00.896+0000] {dag.py:2941} INFO - Sync 1 DAGs
[2023-10-13T16:30:00.913+0000] {logging_mixin.py:151} INFO - [2023-10-13T16:30:00.913+0000] {dag.py:3722} INFO - Setting next_dagrun for example_short_circuit_decorator to 2023-10-12T16:30:00.913216+00:00, run_after=2023-10-13T16:30:00.913216+00:00
[2023-10-13T16:30:00.938+0000] {processor.py:179} INFO - Processing /home/airflow/.local/lib/python3.8/site-packages/airflow/example_dags/example_short_circuit_decorator.py took 0.070 seconds
[2023-10-13T16:30:31.334+0000] {processor.py:157} INFO - Started process (PID=717) to work on /home/airflow/.local/lib/python3.8/site-packages/airflow/example_dags/example_short_circuit_decorator.py
[2023-10-13T16:30:31.335+0000] {processor.py:829} INFO - Processing file /home/airflow/.local/lib/python3.8/site-packages/airflow/example_dags/example_short_circuit_decorator.py for tasks to queue
[2023-10-13T16:30:31.336+0000] {logging_mixin.py:151} INFO - [2023-10-13T16:30:31.336+0000] {dagbag.py:536} INFO - Filling up the DagBag from /home/airflow/.local/lib/python3.8/site-packages/airflow/example_dags/example_short_circuit_decorator.py
[2023-10-13T16:30:31.347+0000] {processor.py:839} INFO - DAG(s) dict_keys(['example_short_circuit_decorator']) retrieved from /home/airflow/.local/lib/python3.8/site-packages/airflow/example_dags/example_short_circuit_decorator.py
[2023-10-13T16:30:31.370+0000] {logging_mixin.py:151} INFO - [2023-10-13T16:30:31.370+0000] {dag.py:2941} INFO - Sync 1 DAGs
[2023-10-13T16:30:31.389+0000] {logging_mixin.py:151} INFO - [2023-10-13T16:30:31.389+0000] {dag.py:3722} INFO - Setting next_dagrun for example_short_circuit_decorator to 2023-10-12T16:30:31.389151+00:00, run_after=2023-10-13T16:30:31.389151+00:00
[2023-10-13T16:30:31.414+0000] {processor.py:179} INFO - Processing /home/airflow/.local/lib/python3.8/site-packages/airflow/example_dags/example_short_circuit_decorator.py took 0.083 seconds
