[2023-10-13T16:17:37.015+0000] {processor.py:157} INFO - Started process (PID=192) to work on /home/airflow/.local/lib/python3.8/site-packages/airflow/example_dags/example_subdag_operator.py
[2023-10-13T16:17:37.015+0000] {processor.py:829} INFO - Processing file /home/airflow/.local/lib/python3.8/site-packages/airflow/example_dags/example_subdag_operator.py for tasks to queue
[2023-10-13T16:17:37.016+0000] {logging_mixin.py:151} INFO - [2023-10-13T16:17:37.016+0000] {dagbag.py:536} INFO - Filling up the DagBag from /home/airflow/.local/lib/python3.8/site-packages/airflow/example_dags/example_subdag_operator.py
[2023-10-13T16:17:37.034+0000] {processor.py:839} INFO - DAG(s) dict_keys(['example_subdag_operator.section-1', 'example_subdag_operator.section-2', 'example_subdag_operator']) retrieved from /home/airflow/.local/lib/python3.8/site-packages/airflow/example_dags/example_subdag_operator.py
[2023-10-13T16:17:37.036+0000] {logging_mixin.py:151} INFO - [2023-10-13T16:17:37.036+0000] {dag.py:2941} INFO - Sync 3 DAGs
[2023-10-13T16:17:37.054+0000] {logging_mixin.py:151} INFO - [2023-10-13T16:17:37.054+0000] {dag.py:3722} INFO - Setting next_dagrun for example_subdag_operator to 2022-01-01T00:00:00+00:00, run_after=2022-01-01T00:00:00+00:00
[2023-10-13T16:17:37.057+0000] {logging_mixin.py:151} INFO - [2023-10-13T16:17:37.057+0000] {dag.py:3722} INFO - Setting next_dagrun for example_subdag_operator.section-1 to None, run_after=None
[2023-10-13T16:17:37.058+0000] {logging_mixin.py:151} INFO - [2023-10-13T16:17:37.057+0000] {dag.py:3722} INFO - Setting next_dagrun for example_subdag_operator.section-2 to None, run_after=None
[2023-10-13T16:17:37.062+0000] {logging_mixin.py:151} INFO - [2023-10-13T16:17:37.062+0000] {dag.py:2941} INFO - Sync 2 DAGs
[2023-10-13T16:17:37.066+0000] {logging_mixin.py:151} INFO - [2023-10-13T16:17:37.066+0000] {dag.py:3722} INFO - Setting next_dagrun for example_subdag_operator.section-1 to None, run_after=None
[2023-10-13T16:17:37.066+0000] {logging_mixin.py:151} INFO - [2023-10-13T16:17:37.066+0000] {dag.py:3722} INFO - Setting next_dagrun for example_subdag_operator.section-2 to None, run_after=None
[2023-10-13T16:17:37.083+0000] {processor.py:179} INFO - Processing /home/airflow/.local/lib/python3.8/site-packages/airflow/example_dags/example_subdag_operator.py took 0.071 seconds
[2023-10-13T16:18:07.190+0000] {processor.py:157} INFO - Started process (PID=430) to work on /home/airflow/.local/lib/python3.8/site-packages/airflow/example_dags/example_subdag_operator.py
[2023-10-13T16:18:07.191+0000] {processor.py:829} INFO - Processing file /home/airflow/.local/lib/python3.8/site-packages/airflow/example_dags/example_subdag_operator.py for tasks to queue
[2023-10-13T16:18:07.192+0000] {logging_mixin.py:151} INFO - [2023-10-13T16:18:07.191+0000] {dagbag.py:536} INFO - Filling up the DagBag from /home/airflow/.local/lib/python3.8/site-packages/airflow/example_dags/example_subdag_operator.py
[2023-10-13T16:18:07.209+0000] {processor.py:839} INFO - DAG(s) dict_keys(['example_subdag_operator.section-1', 'example_subdag_operator.section-2', 'example_subdag_operator']) retrieved from /home/airflow/.local/lib/python3.8/site-packages/airflow/example_dags/example_subdag_operator.py
[2023-10-13T16:18:07.220+0000] {logging_mixin.py:151} INFO - [2023-10-13T16:18:07.220+0000] {dag.py:2941} INFO - Sync 3 DAGs
[2023-10-13T16:18:07.237+0000] {logging_mixin.py:151} INFO - [2023-10-13T16:18:07.237+0000] {dag.py:3722} INFO - Setting next_dagrun for example_subdag_operator to 2022-01-01T00:00:00+00:00, run_after=2022-01-01T00:00:00+00:00
[2023-10-13T16:18:07.239+0000] {logging_mixin.py:151} INFO - [2023-10-13T16:18:07.239+0000] {dag.py:3722} INFO - Setting next_dagrun for example_subdag_operator.section-1 to None, run_after=None
[2023-10-13T16:18:07.240+0000] {logging_mixin.py:151} INFO - [2023-10-13T16:18:07.240+0000] {dag.py:3722} INFO - Setting next_dagrun for example_subdag_operator.section-2 to None, run_after=None
[2023-10-13T16:18:07.245+0000] {logging_mixin.py:151} INFO - [2023-10-13T16:18:07.245+0000] {dag.py:2941} INFO - Sync 2 DAGs
[2023-10-13T16:18:07.249+0000] {logging_mixin.py:151} INFO - [2023-10-13T16:18:07.248+0000] {dag.py:3722} INFO - Setting next_dagrun for example_subdag_operator.section-1 to None, run_after=None
[2023-10-13T16:18:07.249+0000] {logging_mixin.py:151} INFO - [2023-10-13T16:18:07.249+0000] {dag.py:3722} INFO - Setting next_dagrun for example_subdag_operator.section-2 to None, run_after=None
[2023-10-13T16:18:07.266+0000] {processor.py:179} INFO - Processing /home/airflow/.local/lib/python3.8/site-packages/airflow/example_dags/example_subdag_operator.py took 0.078 seconds
[2023-10-13T16:18:37.438+0000] {processor.py:157} INFO - Started process (PID=668) to work on /home/airflow/.local/lib/python3.8/site-packages/airflow/example_dags/example_subdag_operator.py
[2023-10-13T16:18:37.438+0000] {processor.py:829} INFO - Processing file /home/airflow/.local/lib/python3.8/site-packages/airflow/example_dags/example_subdag_operator.py for tasks to queue
[2023-10-13T16:18:37.439+0000] {logging_mixin.py:151} INFO - [2023-10-13T16:18:37.439+0000] {dagbag.py:536} INFO - Filling up the DagBag from /home/airflow/.local/lib/python3.8/site-packages/airflow/example_dags/example_subdag_operator.py
[2023-10-13T16:18:37.456+0000] {processor.py:839} INFO - DAG(s) dict_keys(['example_subdag_operator.section-1', 'example_subdag_operator.section-2', 'example_subdag_operator']) retrieved from /home/airflow/.local/lib/python3.8/site-packages/airflow/example_dags/example_subdag_operator.py
[2023-10-13T16:18:37.467+0000] {logging_mixin.py:151} INFO - [2023-10-13T16:18:37.467+0000] {dag.py:2941} INFO - Sync 3 DAGs
[2023-10-13T16:18:37.483+0000] {logging_mixin.py:151} INFO - [2023-10-13T16:18:37.483+0000] {dag.py:3722} INFO - Setting next_dagrun for example_subdag_operator to 2022-01-01T00:00:00+00:00, run_after=2022-01-01T00:00:00+00:00
[2023-10-13T16:18:37.486+0000] {logging_mixin.py:151} INFO - [2023-10-13T16:18:37.486+0000] {dag.py:3722} INFO - Setting next_dagrun for example_subdag_operator.section-1 to None, run_after=None
[2023-10-13T16:18:37.487+0000] {logging_mixin.py:151} INFO - [2023-10-13T16:18:37.487+0000] {dag.py:3722} INFO - Setting next_dagrun for example_subdag_operator.section-2 to None, run_after=None
[2023-10-13T16:18:37.492+0000] {logging_mixin.py:151} INFO - [2023-10-13T16:18:37.492+0000] {dag.py:2941} INFO - Sync 2 DAGs
[2023-10-13T16:18:37.496+0000] {logging_mixin.py:151} INFO - [2023-10-13T16:18:37.496+0000] {dag.py:3722} INFO - Setting next_dagrun for example_subdag_operator.section-1 to None, run_after=None
[2023-10-13T16:18:37.496+0000] {logging_mixin.py:151} INFO - [2023-10-13T16:18:37.496+0000] {dag.py:3722} INFO - Setting next_dagrun for example_subdag_operator.section-2 to None, run_after=None
[2023-10-13T16:18:37.506+0000] {processor.py:179} INFO - Processing /home/airflow/.local/lib/python3.8/site-packages/airflow/example_dags/example_subdag_operator.py took 0.071 seconds
[2023-10-13T16:19:07.602+0000] {processor.py:157} INFO - Started process (PID=903) to work on /home/airflow/.local/lib/python3.8/site-packages/airflow/example_dags/example_subdag_operator.py
[2023-10-13T16:19:07.603+0000] {processor.py:829} INFO - Processing file /home/airflow/.local/lib/python3.8/site-packages/airflow/example_dags/example_subdag_operator.py for tasks to queue
[2023-10-13T16:19:07.604+0000] {logging_mixin.py:151} INFO - [2023-10-13T16:19:07.604+0000] {dagbag.py:536} INFO - Filling up the DagBag from /home/airflow/.local/lib/python3.8/site-packages/airflow/example_dags/example_subdag_operator.py
[2023-10-13T16:19:07.626+0000] {processor.py:839} INFO - DAG(s) dict_keys(['example_subdag_operator.section-1', 'example_subdag_operator.section-2', 'example_subdag_operator']) retrieved from /home/airflow/.local/lib/python3.8/site-packages/airflow/example_dags/example_subdag_operator.py
[2023-10-13T16:19:07.638+0000] {logging_mixin.py:151} INFO - [2023-10-13T16:19:07.638+0000] {dag.py:2941} INFO - Sync 3 DAGs
[2023-10-13T16:19:07.655+0000] {logging_mixin.py:151} INFO - [2023-10-13T16:19:07.655+0000] {dag.py:3722} INFO - Setting next_dagrun for example_subdag_operator to 2022-01-01T00:00:00+00:00, run_after=2022-01-01T00:00:00+00:00
[2023-10-13T16:19:07.658+0000] {logging_mixin.py:151} INFO - [2023-10-13T16:19:07.658+0000] {dag.py:3722} INFO - Setting next_dagrun for example_subdag_operator.section-1 to None, run_after=None
[2023-10-13T16:19:07.659+0000] {logging_mixin.py:151} INFO - [2023-10-13T16:19:07.658+0000] {dag.py:3722} INFO - Setting next_dagrun for example_subdag_operator.section-2 to None, run_after=None
[2023-10-13T16:19:07.664+0000] {logging_mixin.py:151} INFO - [2023-10-13T16:19:07.664+0000] {dag.py:2941} INFO - Sync 2 DAGs
[2023-10-13T16:19:07.671+0000] {logging_mixin.py:151} INFO - [2023-10-13T16:19:07.670+0000] {dag.py:3722} INFO - Setting next_dagrun for example_subdag_operator.section-1 to None, run_after=None
[2023-10-13T16:19:07.671+0000] {logging_mixin.py:151} INFO - [2023-10-13T16:19:07.671+0000] {dag.py:3722} INFO - Setting next_dagrun for example_subdag_operator.section-2 to None, run_after=None
[2023-10-13T16:19:07.691+0000] {processor.py:179} INFO - Processing /home/airflow/.local/lib/python3.8/site-packages/airflow/example_dags/example_subdag_operator.py took 0.091 seconds
[2023-10-13T16:19:38.000+0000] {processor.py:157} INFO - Started process (PID=1139) to work on /home/airflow/.local/lib/python3.8/site-packages/airflow/example_dags/example_subdag_operator.py
[2023-10-13T16:19:38.000+0000] {processor.py:829} INFO - Processing file /home/airflow/.local/lib/python3.8/site-packages/airflow/example_dags/example_subdag_operator.py for tasks to queue
[2023-10-13T16:19:38.001+0000] {logging_mixin.py:151} INFO - [2023-10-13T16:19:38.001+0000] {dagbag.py:536} INFO - Filling up the DagBag from /home/airflow/.local/lib/python3.8/site-packages/airflow/example_dags/example_subdag_operator.py
[2023-10-13T16:19:38.019+0000] {processor.py:839} INFO - DAG(s) dict_keys(['example_subdag_operator.section-1', 'example_subdag_operator.section-2', 'example_subdag_operator']) retrieved from /home/airflow/.local/lib/python3.8/site-packages/airflow/example_dags/example_subdag_operator.py
[2023-10-13T16:19:38.031+0000] {logging_mixin.py:151} INFO - [2023-10-13T16:19:38.031+0000] {dag.py:2941} INFO - Sync 3 DAGs
[2023-10-13T16:19:38.048+0000] {logging_mixin.py:151} INFO - [2023-10-13T16:19:38.048+0000] {dag.py:3722} INFO - Setting next_dagrun for example_subdag_operator to 2022-01-01T00:00:00+00:00, run_after=2022-01-01T00:00:00+00:00
[2023-10-13T16:19:38.050+0000] {logging_mixin.py:151} INFO - [2023-10-13T16:19:38.050+0000] {dag.py:3722} INFO - Setting next_dagrun for example_subdag_operator.section-1 to None, run_after=None
[2023-10-13T16:19:38.051+0000] {logging_mixin.py:151} INFO - [2023-10-13T16:19:38.051+0000] {dag.py:3722} INFO - Setting next_dagrun for example_subdag_operator.section-2 to None, run_after=None
[2023-10-13T16:19:38.056+0000] {logging_mixin.py:151} INFO - [2023-10-13T16:19:38.056+0000] {dag.py:2941} INFO - Sync 2 DAGs
[2023-10-13T16:19:38.060+0000] {logging_mixin.py:151} INFO - [2023-10-13T16:19:38.060+0000] {dag.py:3722} INFO - Setting next_dagrun for example_subdag_operator.section-1 to None, run_after=None
[2023-10-13T16:19:38.060+0000] {logging_mixin.py:151} INFO - [2023-10-13T16:19:38.060+0000] {dag.py:3722} INFO - Setting next_dagrun for example_subdag_operator.section-2 to None, run_after=None
[2023-10-13T16:19:38.081+0000] {processor.py:179} INFO - Processing /home/airflow/.local/lib/python3.8/site-packages/airflow/example_dags/example_subdag_operator.py took 0.083 seconds
[2023-10-13T16:20:08.324+0000] {processor.py:157} INFO - Started process (PID=1381) to work on /home/airflow/.local/lib/python3.8/site-packages/airflow/example_dags/example_subdag_operator.py
[2023-10-13T16:20:08.324+0000] {processor.py:829} INFO - Processing file /home/airflow/.local/lib/python3.8/site-packages/airflow/example_dags/example_subdag_operator.py for tasks to queue
[2023-10-13T16:20:08.325+0000] {logging_mixin.py:151} INFO - [2023-10-13T16:20:08.325+0000] {dagbag.py:536} INFO - Filling up the DagBag from /home/airflow/.local/lib/python3.8/site-packages/airflow/example_dags/example_subdag_operator.py
[2023-10-13T16:20:08.343+0000] {processor.py:839} INFO - DAG(s) dict_keys(['example_subdag_operator.section-1', 'example_subdag_operator.section-2', 'example_subdag_operator']) retrieved from /home/airflow/.local/lib/python3.8/site-packages/airflow/example_dags/example_subdag_operator.py
[2023-10-13T16:20:08.356+0000] {logging_mixin.py:151} INFO - [2023-10-13T16:20:08.355+0000] {dag.py:2941} INFO - Sync 3 DAGs
[2023-10-13T16:20:08.372+0000] {logging_mixin.py:151} INFO - [2023-10-13T16:20:08.372+0000] {dag.py:3722} INFO - Setting next_dagrun for example_subdag_operator to 2022-01-01T00:00:00+00:00, run_after=2022-01-01T00:00:00+00:00
[2023-10-13T16:20:08.375+0000] {logging_mixin.py:151} INFO - [2023-10-13T16:20:08.375+0000] {dag.py:3722} INFO - Setting next_dagrun for example_subdag_operator.section-1 to None, run_after=None
[2023-10-13T16:20:08.376+0000] {logging_mixin.py:151} INFO - [2023-10-13T16:20:08.376+0000] {dag.py:3722} INFO - Setting next_dagrun for example_subdag_operator.section-2 to None, run_after=None
[2023-10-13T16:20:08.381+0000] {logging_mixin.py:151} INFO - [2023-10-13T16:20:08.381+0000] {dag.py:2941} INFO - Sync 2 DAGs
[2023-10-13T16:20:08.385+0000] {logging_mixin.py:151} INFO - [2023-10-13T16:20:08.385+0000] {dag.py:3722} INFO - Setting next_dagrun for example_subdag_operator.section-1 to None, run_after=None
[2023-10-13T16:20:08.385+0000] {logging_mixin.py:151} INFO - [2023-10-13T16:20:08.385+0000] {dag.py:3722} INFO - Setting next_dagrun for example_subdag_operator.section-2 to None, run_after=None
[2023-10-13T16:20:08.405+0000] {processor.py:179} INFO - Processing /home/airflow/.local/lib/python3.8/site-packages/airflow/example_dags/example_subdag_operator.py took 0.083 seconds
[2023-10-13T16:20:39.078+0000] {processor.py:157} INFO - Started process (PID=1619) to work on /home/airflow/.local/lib/python3.8/site-packages/airflow/example_dags/example_subdag_operator.py
[2023-10-13T16:20:39.079+0000] {processor.py:829} INFO - Processing file /home/airflow/.local/lib/python3.8/site-packages/airflow/example_dags/example_subdag_operator.py for tasks to queue
[2023-10-13T16:20:39.079+0000] {logging_mixin.py:151} INFO - [2023-10-13T16:20:39.079+0000] {dagbag.py:536} INFO - Filling up the DagBag from /home/airflow/.local/lib/python3.8/site-packages/airflow/example_dags/example_subdag_operator.py
[2023-10-13T16:20:39.104+0000] {processor.py:839} INFO - DAG(s) dict_keys(['example_subdag_operator.section-1', 'example_subdag_operator.section-2', 'example_subdag_operator']) retrieved from /home/airflow/.local/lib/python3.8/site-packages/airflow/example_dags/example_subdag_operator.py
[2023-10-13T16:20:39.126+0000] {logging_mixin.py:151} INFO - [2023-10-13T16:20:39.126+0000] {dag.py:2941} INFO - Sync 3 DAGs
[2023-10-13T16:20:39.148+0000] {logging_mixin.py:151} INFO - [2023-10-13T16:20:39.147+0000] {dag.py:3722} INFO - Setting next_dagrun for example_subdag_operator to 2022-01-01T00:00:00+00:00, run_after=2022-01-01T00:00:00+00:00
[2023-10-13T16:20:39.152+0000] {logging_mixin.py:151} INFO - [2023-10-13T16:20:39.152+0000] {dag.py:3722} INFO - Setting next_dagrun for example_subdag_operator.section-1 to None, run_after=None
[2023-10-13T16:20:39.153+0000] {logging_mixin.py:151} INFO - [2023-10-13T16:20:39.153+0000] {dag.py:3722} INFO - Setting next_dagrun for example_subdag_operator.section-2 to None, run_after=None
[2023-10-13T16:20:39.160+0000] {logging_mixin.py:151} INFO - [2023-10-13T16:20:39.160+0000] {dag.py:2941} INFO - Sync 2 DAGs
[2023-10-13T16:20:39.166+0000] {logging_mixin.py:151} INFO - [2023-10-13T16:20:39.166+0000] {dag.py:3722} INFO - Setting next_dagrun for example_subdag_operator.section-1 to None, run_after=None
[2023-10-13T16:20:39.166+0000] {logging_mixin.py:151} INFO - [2023-10-13T16:20:39.166+0000] {dag.py:3722} INFO - Setting next_dagrun for example_subdag_operator.section-2 to None, run_after=None
[2023-10-13T16:20:39.184+0000] {processor.py:179} INFO - Processing /home/airflow/.local/lib/python3.8/site-packages/airflow/example_dags/example_subdag_operator.py took 0.110 seconds
[2023-10-13T16:21:10.042+0000] {processor.py:157} INFO - Started process (PID=1859) to work on /home/airflow/.local/lib/python3.8/site-packages/airflow/example_dags/example_subdag_operator.py
[2023-10-13T16:21:10.056+0000] {processor.py:829} INFO - Processing file /home/airflow/.local/lib/python3.8/site-packages/airflow/example_dags/example_subdag_operator.py for tasks to queue
[2023-10-13T16:21:10.059+0000] {logging_mixin.py:151} INFO - [2023-10-13T16:21:10.058+0000] {dagbag.py:536} INFO - Filling up the DagBag from /home/airflow/.local/lib/python3.8/site-packages/airflow/example_dags/example_subdag_operator.py
[2023-10-13T16:21:10.104+0000] {processor.py:839} INFO - DAG(s) dict_keys(['example_subdag_operator.section-1', 'example_subdag_operator.section-2', 'example_subdag_operator']) retrieved from /home/airflow/.local/lib/python3.8/site-packages/airflow/example_dags/example_subdag_operator.py
[2023-10-13T16:21:10.122+0000] {logging_mixin.py:151} INFO - [2023-10-13T16:21:10.122+0000] {dag.py:2941} INFO - Sync 3 DAGs
[2023-10-13T16:21:10.145+0000] {logging_mixin.py:151} INFO - [2023-10-13T16:21:10.145+0000] {dag.py:3722} INFO - Setting next_dagrun for example_subdag_operator to 2022-01-01T00:00:00+00:00, run_after=2022-01-01T00:00:00+00:00
[2023-10-13T16:21:10.147+0000] {logging_mixin.py:151} INFO - [2023-10-13T16:21:10.147+0000] {dag.py:3722} INFO - Setting next_dagrun for example_subdag_operator.section-1 to None, run_after=None
[2023-10-13T16:21:10.148+0000] {logging_mixin.py:151} INFO - [2023-10-13T16:21:10.148+0000] {dag.py:3722} INFO - Setting next_dagrun for example_subdag_operator.section-2 to None, run_after=None
[2023-10-13T16:21:10.155+0000] {logging_mixin.py:151} INFO - [2023-10-13T16:21:10.154+0000] {dag.py:2941} INFO - Sync 2 DAGs
[2023-10-13T16:21:10.161+0000] {logging_mixin.py:151} INFO - [2023-10-13T16:21:10.160+0000] {dag.py:3722} INFO - Setting next_dagrun for example_subdag_operator.section-1 to None, run_after=None
[2023-10-13T16:21:10.161+0000] {logging_mixin.py:151} INFO - [2023-10-13T16:21:10.161+0000] {dag.py:3722} INFO - Setting next_dagrun for example_subdag_operator.section-2 to None, run_after=None
[2023-10-13T16:21:10.182+0000] {processor.py:179} INFO - Processing /home/airflow/.local/lib/python3.8/site-packages/airflow/example_dags/example_subdag_operator.py took 0.152 seconds
[2023-10-13T16:21:40.276+0000] {processor.py:157} INFO - Started process (PID=2098) to work on /home/airflow/.local/lib/python3.8/site-packages/airflow/example_dags/example_subdag_operator.py
[2023-10-13T16:21:40.283+0000] {processor.py:829} INFO - Processing file /home/airflow/.local/lib/python3.8/site-packages/airflow/example_dags/example_subdag_operator.py for tasks to queue
[2023-10-13T16:21:40.284+0000] {logging_mixin.py:151} INFO - [2023-10-13T16:21:40.283+0000] {dagbag.py:536} INFO - Filling up the DagBag from /home/airflow/.local/lib/python3.8/site-packages/airflow/example_dags/example_subdag_operator.py
[2023-10-13T16:21:40.308+0000] {processor.py:839} INFO - DAG(s) dict_keys(['example_subdag_operator.section-1', 'example_subdag_operator.section-2', 'example_subdag_operator']) retrieved from /home/airflow/.local/lib/python3.8/site-packages/airflow/example_dags/example_subdag_operator.py
[2023-10-13T16:21:40.326+0000] {logging_mixin.py:151} INFO - [2023-10-13T16:21:40.326+0000] {dag.py:2941} INFO - Sync 3 DAGs
[2023-10-13T16:21:40.351+0000] {logging_mixin.py:151} INFO - [2023-10-13T16:21:40.350+0000] {dag.py:3722} INFO - Setting next_dagrun for example_subdag_operator to 2022-01-01T00:00:00+00:00, run_after=2022-01-01T00:00:00+00:00
[2023-10-13T16:21:40.354+0000] {logging_mixin.py:151} INFO - [2023-10-13T16:21:40.354+0000] {dag.py:3722} INFO - Setting next_dagrun for example_subdag_operator.section-1 to None, run_after=None
[2023-10-13T16:21:40.356+0000] {logging_mixin.py:151} INFO - [2023-10-13T16:21:40.356+0000] {dag.py:3722} INFO - Setting next_dagrun for example_subdag_operator.section-2 to None, run_after=None
[2023-10-13T16:21:40.363+0000] {logging_mixin.py:151} INFO - [2023-10-13T16:21:40.363+0000] {dag.py:2941} INFO - Sync 2 DAGs
[2023-10-13T16:21:40.369+0000] {logging_mixin.py:151} INFO - [2023-10-13T16:21:40.369+0000] {dag.py:3722} INFO - Setting next_dagrun for example_subdag_operator.section-1 to None, run_after=None
[2023-10-13T16:21:40.370+0000] {logging_mixin.py:151} INFO - [2023-10-13T16:21:40.370+0000] {dag.py:3722} INFO - Setting next_dagrun for example_subdag_operator.section-2 to None, run_after=None
[2023-10-13T16:21:40.387+0000] {processor.py:179} INFO - Processing /home/airflow/.local/lib/python3.8/site-packages/airflow/example_dags/example_subdag_operator.py took 0.115 seconds
[2023-10-13T16:22:10.897+0000] {processor.py:157} INFO - Started process (PID=2337) to work on /home/airflow/.local/lib/python3.8/site-packages/airflow/example_dags/example_subdag_operator.py
[2023-10-13T16:22:10.899+0000] {processor.py:829} INFO - Processing file /home/airflow/.local/lib/python3.8/site-packages/airflow/example_dags/example_subdag_operator.py for tasks to queue
[2023-10-13T16:22:10.900+0000] {logging_mixin.py:151} INFO - [2023-10-13T16:22:10.899+0000] {dagbag.py:536} INFO - Filling up the DagBag from /home/airflow/.local/lib/python3.8/site-packages/airflow/example_dags/example_subdag_operator.py
[2023-10-13T16:22:10.925+0000] {processor.py:839} INFO - DAG(s) dict_keys(['example_subdag_operator.section-1', 'example_subdag_operator.section-2', 'example_subdag_operator']) retrieved from /home/airflow/.local/lib/python3.8/site-packages/airflow/example_dags/example_subdag_operator.py
[2023-10-13T16:22:10.944+0000] {logging_mixin.py:151} INFO - [2023-10-13T16:22:10.944+0000] {dag.py:2941} INFO - Sync 3 DAGs
[2023-10-13T16:22:10.969+0000] {logging_mixin.py:151} INFO - [2023-10-13T16:22:10.968+0000] {dag.py:3722} INFO - Setting next_dagrun for example_subdag_operator to 2022-01-01T00:00:00+00:00, run_after=2022-01-01T00:00:00+00:00
[2023-10-13T16:22:10.973+0000] {logging_mixin.py:151} INFO - [2023-10-13T16:22:10.973+0000] {dag.py:3722} INFO - Setting next_dagrun for example_subdag_operator.section-1 to None, run_after=None
[2023-10-13T16:22:10.974+0000] {logging_mixin.py:151} INFO - [2023-10-13T16:22:10.974+0000] {dag.py:3722} INFO - Setting next_dagrun for example_subdag_operator.section-2 to None, run_after=None
[2023-10-13T16:22:10.985+0000] {logging_mixin.py:151} INFO - [2023-10-13T16:22:10.985+0000] {dag.py:2941} INFO - Sync 2 DAGs
[2023-10-13T16:22:10.992+0000] {logging_mixin.py:151} INFO - [2023-10-13T16:22:10.991+0000] {dag.py:3722} INFO - Setting next_dagrun for example_subdag_operator.section-1 to None, run_after=None
[2023-10-13T16:22:10.992+0000] {logging_mixin.py:151} INFO - [2023-10-13T16:22:10.992+0000] {dag.py:3722} INFO - Setting next_dagrun for example_subdag_operator.section-2 to None, run_after=None
[2023-10-13T16:22:11.007+0000] {processor.py:179} INFO - Processing /home/airflow/.local/lib/python3.8/site-packages/airflow/example_dags/example_subdag_operator.py took 0.113 seconds
[2023-10-13T16:22:41.075+0000] {processor.py:157} INFO - Started process (PID=2573) to work on /home/airflow/.local/lib/python3.8/site-packages/airflow/example_dags/example_subdag_operator.py
[2023-10-13T16:22:41.082+0000] {processor.py:829} INFO - Processing file /home/airflow/.local/lib/python3.8/site-packages/airflow/example_dags/example_subdag_operator.py for tasks to queue
[2023-10-13T16:22:41.083+0000] {logging_mixin.py:151} INFO - [2023-10-13T16:22:41.082+0000] {dagbag.py:536} INFO - Filling up the DagBag from /home/airflow/.local/lib/python3.8/site-packages/airflow/example_dags/example_subdag_operator.py
[2023-10-13T16:22:41.100+0000] {processor.py:839} INFO - DAG(s) dict_keys(['example_subdag_operator.section-1', 'example_subdag_operator.section-2', 'example_subdag_operator']) retrieved from /home/airflow/.local/lib/python3.8/site-packages/airflow/example_dags/example_subdag_operator.py
[2023-10-13T16:22:41.112+0000] {logging_mixin.py:151} INFO - [2023-10-13T16:22:41.112+0000] {dag.py:2941} INFO - Sync 3 DAGs
[2023-10-13T16:22:41.128+0000] {logging_mixin.py:151} INFO - [2023-10-13T16:22:41.128+0000] {dag.py:3722} INFO - Setting next_dagrun for example_subdag_operator to 2022-01-01T00:00:00+00:00, run_after=2022-01-01T00:00:00+00:00
[2023-10-13T16:22:41.130+0000] {logging_mixin.py:151} INFO - [2023-10-13T16:22:41.130+0000] {dag.py:3722} INFO - Setting next_dagrun for example_subdag_operator.section-1 to None, run_after=None
[2023-10-13T16:22:41.131+0000] {logging_mixin.py:151} INFO - [2023-10-13T16:22:41.131+0000] {dag.py:3722} INFO - Setting next_dagrun for example_subdag_operator.section-2 to None, run_after=None
[2023-10-13T16:22:41.136+0000] {logging_mixin.py:151} INFO - [2023-10-13T16:22:41.136+0000] {dag.py:2941} INFO - Sync 2 DAGs
[2023-10-13T16:22:41.140+0000] {logging_mixin.py:151} INFO - [2023-10-13T16:22:41.140+0000] {dag.py:3722} INFO - Setting next_dagrun for example_subdag_operator.section-1 to None, run_after=None
[2023-10-13T16:22:41.140+0000] {logging_mixin.py:151} INFO - [2023-10-13T16:22:41.140+0000] {dag.py:3722} INFO - Setting next_dagrun for example_subdag_operator.section-2 to None, run_after=None
[2023-10-13T16:22:41.154+0000] {processor.py:179} INFO - Processing /home/airflow/.local/lib/python3.8/site-packages/airflow/example_dags/example_subdag_operator.py took 0.082 seconds
[2023-10-13T16:24:26.247+0000] {processor.py:157} INFO - Started process (PID=197) to work on /home/airflow/.local/lib/python3.8/site-packages/airflow/example_dags/example_subdag_operator.py
[2023-10-13T16:24:26.253+0000] {processor.py:829} INFO - Processing file /home/airflow/.local/lib/python3.8/site-packages/airflow/example_dags/example_subdag_operator.py for tasks to queue
[2023-10-13T16:24:26.254+0000] {logging_mixin.py:151} INFO - [2023-10-13T16:24:26.254+0000] {dagbag.py:536} INFO - Filling up the DagBag from /home/airflow/.local/lib/python3.8/site-packages/airflow/example_dags/example_subdag_operator.py
[2023-10-13T16:24:26.272+0000] {processor.py:839} INFO - DAG(s) dict_keys(['example_subdag_operator.section-1', 'example_subdag_operator.section-2', 'example_subdag_operator']) retrieved from /home/airflow/.local/lib/python3.8/site-packages/airflow/example_dags/example_subdag_operator.py
[2023-10-13T16:24:26.275+0000] {logging_mixin.py:151} INFO - [2023-10-13T16:24:26.275+0000] {dag.py:2941} INFO - Sync 3 DAGs
[2023-10-13T16:24:26.292+0000] {logging_mixin.py:151} INFO - [2023-10-13T16:24:26.292+0000] {dag.py:3722} INFO - Setting next_dagrun for example_subdag_operator to 2022-01-01T00:00:00+00:00, run_after=2022-01-01T00:00:00+00:00
[2023-10-13T16:24:26.296+0000] {logging_mixin.py:151} INFO - [2023-10-13T16:24:26.296+0000] {dag.py:3722} INFO - Setting next_dagrun for example_subdag_operator.section-1 to None, run_after=None
[2023-10-13T16:24:26.297+0000] {logging_mixin.py:151} INFO - [2023-10-13T16:24:26.297+0000] {dag.py:3722} INFO - Setting next_dagrun for example_subdag_operator.section-2 to None, run_after=None
[2023-10-13T16:24:26.303+0000] {logging_mixin.py:151} INFO - [2023-10-13T16:24:26.302+0000] {dag.py:2941} INFO - Sync 2 DAGs
[2023-10-13T16:24:26.306+0000] {logging_mixin.py:151} INFO - [2023-10-13T16:24:26.306+0000] {dag.py:3722} INFO - Setting next_dagrun for example_subdag_operator.section-1 to None, run_after=None
[2023-10-13T16:24:26.307+0000] {logging_mixin.py:151} INFO - [2023-10-13T16:24:26.306+0000] {dag.py:3722} INFO - Setting next_dagrun for example_subdag_operator.section-2 to None, run_after=None
[2023-10-13T16:24:26.327+0000] {processor.py:179} INFO - Processing /home/airflow/.local/lib/python3.8/site-packages/airflow/example_dags/example_subdag_operator.py took 0.082 seconds
[2023-10-13T16:24:56.759+0000] {processor.py:157} INFO - Started process (PID=445) to work on /home/airflow/.local/lib/python3.8/site-packages/airflow/example_dags/example_subdag_operator.py
[2023-10-13T16:24:56.760+0000] {processor.py:829} INFO - Processing file /home/airflow/.local/lib/python3.8/site-packages/airflow/example_dags/example_subdag_operator.py for tasks to queue
[2023-10-13T16:24:56.760+0000] {logging_mixin.py:151} INFO - [2023-10-13T16:24:56.760+0000] {dagbag.py:536} INFO - Filling up the DagBag from /home/airflow/.local/lib/python3.8/site-packages/airflow/example_dags/example_subdag_operator.py
[2023-10-13T16:24:56.778+0000] {processor.py:839} INFO - DAG(s) dict_keys(['example_subdag_operator.section-1', 'example_subdag_operator.section-2', 'example_subdag_operator']) retrieved from /home/airflow/.local/lib/python3.8/site-packages/airflow/example_dags/example_subdag_operator.py
[2023-10-13T16:24:56.789+0000] {logging_mixin.py:151} INFO - [2023-10-13T16:24:56.789+0000] {dag.py:2941} INFO - Sync 3 DAGs
[2023-10-13T16:24:56.805+0000] {logging_mixin.py:151} INFO - [2023-10-13T16:24:56.805+0000] {dag.py:3722} INFO - Setting next_dagrun for example_subdag_operator to 2022-01-01T00:00:00+00:00, run_after=2022-01-01T00:00:00+00:00
[2023-10-13T16:24:56.808+0000] {logging_mixin.py:151} INFO - [2023-10-13T16:24:56.808+0000] {dag.py:3722} INFO - Setting next_dagrun for example_subdag_operator.section-1 to None, run_after=None
[2023-10-13T16:24:56.809+0000] {logging_mixin.py:151} INFO - [2023-10-13T16:24:56.809+0000] {dag.py:3722} INFO - Setting next_dagrun for example_subdag_operator.section-2 to None, run_after=None
[2023-10-13T16:24:56.814+0000] {logging_mixin.py:151} INFO - [2023-10-13T16:24:56.813+0000] {dag.py:2941} INFO - Sync 2 DAGs
[2023-10-13T16:24:56.817+0000] {logging_mixin.py:151} INFO - [2023-10-13T16:24:56.817+0000] {dag.py:3722} INFO - Setting next_dagrun for example_subdag_operator.section-1 to None, run_after=None
[2023-10-13T16:24:56.817+0000] {logging_mixin.py:151} INFO - [2023-10-13T16:24:56.817+0000] {dag.py:3722} INFO - Setting next_dagrun for example_subdag_operator.section-2 to None, run_after=None
[2023-10-13T16:24:56.840+0000] {processor.py:179} INFO - Processing /home/airflow/.local/lib/python3.8/site-packages/airflow/example_dags/example_subdag_operator.py took 0.083 seconds
[2023-10-13T16:29:30.218+0000] {processor.py:157} INFO - Started process (PID=194) to work on /home/airflow/.local/lib/python3.8/site-packages/airflow/example_dags/example_subdag_operator.py
[2023-10-13T16:29:30.219+0000] {processor.py:829} INFO - Processing file /home/airflow/.local/lib/python3.8/site-packages/airflow/example_dags/example_subdag_operator.py for tasks to queue
[2023-10-13T16:29:30.219+0000] {logging_mixin.py:151} INFO - [2023-10-13T16:29:30.219+0000] {dagbag.py:536} INFO - Filling up the DagBag from /home/airflow/.local/lib/python3.8/site-packages/airflow/example_dags/example_subdag_operator.py
[2023-10-13T16:29:30.237+0000] {processor.py:839} INFO - DAG(s) dict_keys(['example_subdag_operator.section-1', 'example_subdag_operator.section-2', 'example_subdag_operator']) retrieved from /home/airflow/.local/lib/python3.8/site-packages/airflow/example_dags/example_subdag_operator.py
[2023-10-13T16:29:30.239+0000] {logging_mixin.py:151} INFO - [2023-10-13T16:29:30.239+0000] {dag.py:2941} INFO - Sync 3 DAGs
[2023-10-13T16:29:30.257+0000] {logging_mixin.py:151} INFO - [2023-10-13T16:29:30.257+0000] {dag.py:3722} INFO - Setting next_dagrun for example_subdag_operator to 2022-01-01T00:00:00+00:00, run_after=2022-01-01T00:00:00+00:00
[2023-10-13T16:29:30.259+0000] {logging_mixin.py:151} INFO - [2023-10-13T16:29:30.259+0000] {dag.py:3722} INFO - Setting next_dagrun for example_subdag_operator.section-1 to None, run_after=None
[2023-10-13T16:29:30.260+0000] {logging_mixin.py:151} INFO - [2023-10-13T16:29:30.260+0000] {dag.py:3722} INFO - Setting next_dagrun for example_subdag_operator.section-2 to None, run_after=None
[2023-10-13T16:29:30.265+0000] {logging_mixin.py:151} INFO - [2023-10-13T16:29:30.265+0000] {dag.py:2941} INFO - Sync 2 DAGs
[2023-10-13T16:29:30.269+0000] {logging_mixin.py:151} INFO - [2023-10-13T16:29:30.269+0000] {dag.py:3722} INFO - Setting next_dagrun for example_subdag_operator.section-1 to None, run_after=None
[2023-10-13T16:29:30.269+0000] {logging_mixin.py:151} INFO - [2023-10-13T16:29:30.269+0000] {dag.py:3722} INFO - Setting next_dagrun for example_subdag_operator.section-2 to None, run_after=None
[2023-10-13T16:29:30.296+0000] {processor.py:179} INFO - Processing /home/airflow/.local/lib/python3.8/site-packages/airflow/example_dags/example_subdag_operator.py took 0.081 seconds
[2023-10-13T16:30:00.340+0000] {processor.py:157} INFO - Started process (PID=430) to work on /home/airflow/.local/lib/python3.8/site-packages/airflow/example_dags/example_subdag_operator.py
[2023-10-13T16:30:00.341+0000] {processor.py:829} INFO - Processing file /home/airflow/.local/lib/python3.8/site-packages/airflow/example_dags/example_subdag_operator.py for tasks to queue
[2023-10-13T16:30:00.342+0000] {logging_mixin.py:151} INFO - [2023-10-13T16:30:00.341+0000] {dagbag.py:536} INFO - Filling up the DagBag from /home/airflow/.local/lib/python3.8/site-packages/airflow/example_dags/example_subdag_operator.py
[2023-10-13T16:30:00.360+0000] {processor.py:839} INFO - DAG(s) dict_keys(['example_subdag_operator.section-1', 'example_subdag_operator.section-2', 'example_subdag_operator']) retrieved from /home/airflow/.local/lib/python3.8/site-packages/airflow/example_dags/example_subdag_operator.py
[2023-10-13T16:30:00.371+0000] {logging_mixin.py:151} INFO - [2023-10-13T16:30:00.371+0000] {dag.py:2941} INFO - Sync 3 DAGs
[2023-10-13T16:30:00.388+0000] {logging_mixin.py:151} INFO - [2023-10-13T16:30:00.387+0000] {dag.py:3722} INFO - Setting next_dagrun for example_subdag_operator to 2022-01-01T00:00:00+00:00, run_after=2022-01-01T00:00:00+00:00
[2023-10-13T16:30:00.390+0000] {logging_mixin.py:151} INFO - [2023-10-13T16:30:00.390+0000] {dag.py:3722} INFO - Setting next_dagrun for example_subdag_operator.section-1 to None, run_after=None
[2023-10-13T16:30:00.391+0000] {logging_mixin.py:151} INFO - [2023-10-13T16:30:00.391+0000] {dag.py:3722} INFO - Setting next_dagrun for example_subdag_operator.section-2 to None, run_after=None
[2023-10-13T16:30:00.396+0000] {logging_mixin.py:151} INFO - [2023-10-13T16:30:00.395+0000] {dag.py:2941} INFO - Sync 2 DAGs
[2023-10-13T16:30:00.399+0000] {logging_mixin.py:151} INFO - [2023-10-13T16:30:00.399+0000] {dag.py:3722} INFO - Setting next_dagrun for example_subdag_operator.section-1 to None, run_after=None
[2023-10-13T16:30:00.399+0000] {logging_mixin.py:151} INFO - [2023-10-13T16:30:00.399+0000] {dag.py:3722} INFO - Setting next_dagrun for example_subdag_operator.section-2 to None, run_after=None
[2023-10-13T16:30:00.418+0000] {processor.py:179} INFO - Processing /home/airflow/.local/lib/python3.8/site-packages/airflow/example_dags/example_subdag_operator.py took 0.080 seconds
[2023-10-13T16:30:30.897+0000] {processor.py:157} INFO - Started process (PID=667) to work on /home/airflow/.local/lib/python3.8/site-packages/airflow/example_dags/example_subdag_operator.py
[2023-10-13T16:30:30.897+0000] {processor.py:829} INFO - Processing file /home/airflow/.local/lib/python3.8/site-packages/airflow/example_dags/example_subdag_operator.py for tasks to queue
[2023-10-13T16:30:30.898+0000] {logging_mixin.py:151} INFO - [2023-10-13T16:30:30.898+0000] {dagbag.py:536} INFO - Filling up the DagBag from /home/airflow/.local/lib/python3.8/site-packages/airflow/example_dags/example_subdag_operator.py
[2023-10-13T16:30:30.916+0000] {processor.py:839} INFO - DAG(s) dict_keys(['example_subdag_operator.section-1', 'example_subdag_operator.section-2', 'example_subdag_operator']) retrieved from /home/airflow/.local/lib/python3.8/site-packages/airflow/example_dags/example_subdag_operator.py
[2023-10-13T16:30:30.928+0000] {logging_mixin.py:151} INFO - [2023-10-13T16:30:30.927+0000] {dag.py:2941} INFO - Sync 3 DAGs
[2023-10-13T16:30:30.944+0000] {logging_mixin.py:151} INFO - [2023-10-13T16:30:30.943+0000] {dag.py:3722} INFO - Setting next_dagrun for example_subdag_operator to 2022-01-01T00:00:00+00:00, run_after=2022-01-01T00:00:00+00:00
[2023-10-13T16:30:30.947+0000] {logging_mixin.py:151} INFO - [2023-10-13T16:30:30.947+0000] {dag.py:3722} INFO - Setting next_dagrun for example_subdag_operator.section-1 to None, run_after=None
[2023-10-13T16:30:30.948+0000] {logging_mixin.py:151} INFO - [2023-10-13T16:30:30.947+0000] {dag.py:3722} INFO - Setting next_dagrun for example_subdag_operator.section-2 to None, run_after=None
[2023-10-13T16:30:30.953+0000] {logging_mixin.py:151} INFO - [2023-10-13T16:30:30.953+0000] {dag.py:2941} INFO - Sync 2 DAGs
[2023-10-13T16:30:30.957+0000] {logging_mixin.py:151} INFO - [2023-10-13T16:30:30.957+0000] {dag.py:3722} INFO - Setting next_dagrun for example_subdag_operator.section-1 to None, run_after=None
[2023-10-13T16:30:30.957+0000] {logging_mixin.py:151} INFO - [2023-10-13T16:30:30.957+0000] {dag.py:3722} INFO - Setting next_dagrun for example_subdag_operator.section-2 to None, run_after=None
[2023-10-13T16:30:30.968+0000] {processor.py:179} INFO - Processing /home/airflow/.local/lib/python3.8/site-packages/airflow/example_dags/example_subdag_operator.py took 0.073 seconds
