[2023-10-13T16:17:37.904+0000] {processor.py:157} INFO - Started process (PID=274) to work on /home/airflow/.local/lib/python3.8/site-packages/airflow/example_dags/example_branch_operator.py
[2023-10-13T16:17:37.905+0000] {processor.py:829} INFO - Processing file /home/airflow/.local/lib/python3.8/site-packages/airflow/example_dags/example_branch_operator.py for tasks to queue
[2023-10-13T16:17:37.905+0000] {logging_mixin.py:151} INFO - [2023-10-13T16:17:37.905+0000] {dagbag.py:536} INFO - Filling up the DagBag from /home/airflow/.local/lib/python3.8/site-packages/airflow/example_dags/example_branch_operator.py
[2023-10-13T16:17:37.912+0000] {processor.py:839} INFO - DAG(s) dict_keys(['example_branch_operator']) retrieved from /home/airflow/.local/lib/python3.8/site-packages/airflow/example_dags/example_branch_operator.py
[2023-10-13T16:17:37.921+0000] {logging_mixin.py:151} INFO - [2023-10-13T16:17:37.921+0000] {dag.py:2941} INFO - Sync 1 DAGs
[2023-10-13T16:17:37.939+0000] {logging_mixin.py:151} INFO - [2023-10-13T16:17:37.939+0000] {dag.py:3722} INFO - Setting next_dagrun for example_branch_operator to 2023-10-12T00:00:00+00:00, run_after=2023-10-13T00:00:00+00:00
[2023-10-13T16:17:37.965+0000] {processor.py:179} INFO - Processing /home/airflow/.local/lib/python3.8/site-packages/airflow/example_dags/example_branch_operator.py took 0.064 seconds
[2023-10-13T16:18:08.045+0000] {processor.py:157} INFO - Started process (PID=510) to work on /home/airflow/.local/lib/python3.8/site-packages/airflow/example_dags/example_branch_operator.py
[2023-10-13T16:18:08.046+0000] {processor.py:829} INFO - Processing file /home/airflow/.local/lib/python3.8/site-packages/airflow/example_dags/example_branch_operator.py for tasks to queue
[2023-10-13T16:18:08.046+0000] {logging_mixin.py:151} INFO - [2023-10-13T16:18:08.046+0000] {dagbag.py:536} INFO - Filling up the DagBag from /home/airflow/.local/lib/python3.8/site-packages/airflow/example_dags/example_branch_operator.py
[2023-10-13T16:18:08.053+0000] {processor.py:839} INFO - DAG(s) dict_keys(['example_branch_operator']) retrieved from /home/airflow/.local/lib/python3.8/site-packages/airflow/example_dags/example_branch_operator.py
[2023-10-13T16:18:08.070+0000] {logging_mixin.py:151} INFO - [2023-10-13T16:18:08.070+0000] {dag.py:2941} INFO - Sync 1 DAGs
[2023-10-13T16:18:08.088+0000] {logging_mixin.py:151} INFO - [2023-10-13T16:18:08.087+0000] {dag.py:3722} INFO - Setting next_dagrun for example_branch_operator to 2023-10-12T00:00:00+00:00, run_after=2023-10-13T00:00:00+00:00
[2023-10-13T16:18:08.104+0000] {processor.py:179} INFO - Processing /home/airflow/.local/lib/python3.8/site-packages/airflow/example_dags/example_branch_operator.py took 0.061 seconds
[2023-10-13T16:18:38.219+0000] {processor.py:157} INFO - Started process (PID=748) to work on /home/airflow/.local/lib/python3.8/site-packages/airflow/example_dags/example_branch_operator.py
[2023-10-13T16:18:38.220+0000] {processor.py:829} INFO - Processing file /home/airflow/.local/lib/python3.8/site-packages/airflow/example_dags/example_branch_operator.py for tasks to queue
[2023-10-13T16:18:38.221+0000] {logging_mixin.py:151} INFO - [2023-10-13T16:18:38.220+0000] {dagbag.py:536} INFO - Filling up the DagBag from /home/airflow/.local/lib/python3.8/site-packages/airflow/example_dags/example_branch_operator.py
[2023-10-13T16:18:38.231+0000] {processor.py:839} INFO - DAG(s) dict_keys(['example_branch_operator']) retrieved from /home/airflow/.local/lib/python3.8/site-packages/airflow/example_dags/example_branch_operator.py
[2023-10-13T16:18:38.255+0000] {logging_mixin.py:151} INFO - [2023-10-13T16:18:38.255+0000] {dag.py:2941} INFO - Sync 1 DAGs
[2023-10-13T16:18:38.272+0000] {logging_mixin.py:151} INFO - [2023-10-13T16:18:38.272+0000] {dag.py:3722} INFO - Setting next_dagrun for example_branch_operator to 2023-10-12T00:00:00+00:00, run_after=2023-10-13T00:00:00+00:00
[2023-10-13T16:18:38.287+0000] {processor.py:179} INFO - Processing /home/airflow/.local/lib/python3.8/site-packages/airflow/example_dags/example_branch_operator.py took 0.072 seconds
[2023-10-13T16:19:08.500+0000] {processor.py:157} INFO - Started process (PID=986) to work on /home/airflow/.local/lib/python3.8/site-packages/airflow/example_dags/example_branch_operator.py
[2023-10-13T16:19:08.501+0000] {processor.py:829} INFO - Processing file /home/airflow/.local/lib/python3.8/site-packages/airflow/example_dags/example_branch_operator.py for tasks to queue
[2023-10-13T16:19:08.502+0000] {logging_mixin.py:151} INFO - [2023-10-13T16:19:08.501+0000] {dagbag.py:536} INFO - Filling up the DagBag from /home/airflow/.local/lib/python3.8/site-packages/airflow/example_dags/example_branch_operator.py
[2023-10-13T16:19:08.508+0000] {processor.py:839} INFO - DAG(s) dict_keys(['example_branch_operator']) retrieved from /home/airflow/.local/lib/python3.8/site-packages/airflow/example_dags/example_branch_operator.py
[2023-10-13T16:19:08.525+0000] {logging_mixin.py:151} INFO - [2023-10-13T16:19:08.525+0000] {dag.py:2941} INFO - Sync 1 DAGs
[2023-10-13T16:19:08.543+0000] {logging_mixin.py:151} INFO - [2023-10-13T16:19:08.543+0000] {dag.py:3722} INFO - Setting next_dagrun for example_branch_operator to 2023-10-12T00:00:00+00:00, run_after=2023-10-13T00:00:00+00:00
[2023-10-13T16:19:08.560+0000] {processor.py:179} INFO - Processing /home/airflow/.local/lib/python3.8/site-packages/airflow/example_dags/example_branch_operator.py took 0.062 seconds
[2023-10-13T16:19:38.806+0000] {processor.py:157} INFO - Started process (PID=1224) to work on /home/airflow/.local/lib/python3.8/site-packages/airflow/example_dags/example_branch_operator.py
[2023-10-13T16:19:38.806+0000] {processor.py:829} INFO - Processing file /home/airflow/.local/lib/python3.8/site-packages/airflow/example_dags/example_branch_operator.py for tasks to queue
[2023-10-13T16:19:38.807+0000] {logging_mixin.py:151} INFO - [2023-10-13T16:19:38.807+0000] {dagbag.py:536} INFO - Filling up the DagBag from /home/airflow/.local/lib/python3.8/site-packages/airflow/example_dags/example_branch_operator.py
[2023-10-13T16:19:38.815+0000] {processor.py:839} INFO - DAG(s) dict_keys(['example_branch_operator']) retrieved from /home/airflow/.local/lib/python3.8/site-packages/airflow/example_dags/example_branch_operator.py
[2023-10-13T16:19:38.832+0000] {logging_mixin.py:151} INFO - [2023-10-13T16:19:38.832+0000] {dag.py:2941} INFO - Sync 1 DAGs
[2023-10-13T16:19:38.851+0000] {logging_mixin.py:151} INFO - [2023-10-13T16:19:38.851+0000] {dag.py:3722} INFO - Setting next_dagrun for example_branch_operator to 2023-10-12T00:00:00+00:00, run_after=2023-10-13T00:00:00+00:00
[2023-10-13T16:19:38.875+0000] {processor.py:179} INFO - Processing /home/airflow/.local/lib/python3.8/site-packages/airflow/example_dags/example_branch_operator.py took 0.072 seconds
[2023-10-13T16:20:09.228+0000] {processor.py:157} INFO - Started process (PID=1461) to work on /home/airflow/.local/lib/python3.8/site-packages/airflow/example_dags/example_branch_operator.py
[2023-10-13T16:20:09.228+0000] {processor.py:829} INFO - Processing file /home/airflow/.local/lib/python3.8/site-packages/airflow/example_dags/example_branch_operator.py for tasks to queue
[2023-10-13T16:20:09.229+0000] {logging_mixin.py:151} INFO - [2023-10-13T16:20:09.229+0000] {dagbag.py:536} INFO - Filling up the DagBag from /home/airflow/.local/lib/python3.8/site-packages/airflow/example_dags/example_branch_operator.py
[2023-10-13T16:20:09.237+0000] {processor.py:839} INFO - DAG(s) dict_keys(['example_branch_operator']) retrieved from /home/airflow/.local/lib/python3.8/site-packages/airflow/example_dags/example_branch_operator.py
[2023-10-13T16:20:09.257+0000] {logging_mixin.py:151} INFO - [2023-10-13T16:20:09.257+0000] {dag.py:2941} INFO - Sync 1 DAGs
[2023-10-13T16:20:09.281+0000] {logging_mixin.py:151} INFO - [2023-10-13T16:20:09.281+0000] {dag.py:3722} INFO - Setting next_dagrun for example_branch_operator to 2023-10-12T00:00:00+00:00, run_after=2023-10-13T00:00:00+00:00
[2023-10-13T16:20:09.362+0000] {processor.py:179} INFO - Processing /home/airflow/.local/lib/python3.8/site-packages/airflow/example_dags/example_branch_operator.py took 0.137 seconds
[2023-10-13T16:20:40.484+0000] {processor.py:157} INFO - Started process (PID=1701) to work on /home/airflow/.local/lib/python3.8/site-packages/airflow/example_dags/example_branch_operator.py
[2023-10-13T16:20:40.490+0000] {processor.py:829} INFO - Processing file /home/airflow/.local/lib/python3.8/site-packages/airflow/example_dags/example_branch_operator.py for tasks to queue
[2023-10-13T16:20:40.491+0000] {logging_mixin.py:151} INFO - [2023-10-13T16:20:40.491+0000] {dagbag.py:536} INFO - Filling up the DagBag from /home/airflow/.local/lib/python3.8/site-packages/airflow/example_dags/example_branch_operator.py
[2023-10-13T16:20:40.503+0000] {processor.py:839} INFO - DAG(s) dict_keys(['example_branch_operator']) retrieved from /home/airflow/.local/lib/python3.8/site-packages/airflow/example_dags/example_branch_operator.py
[2023-10-13T16:20:40.534+0000] {logging_mixin.py:151} INFO - [2023-10-13T16:20:40.534+0000] {dag.py:2941} INFO - Sync 1 DAGs
[2023-10-13T16:20:40.565+0000] {logging_mixin.py:151} INFO - [2023-10-13T16:20:40.565+0000] {dag.py:3722} INFO - Setting next_dagrun for example_branch_operator to 2023-10-12T00:00:00+00:00, run_after=2023-10-13T00:00:00+00:00
[2023-10-13T16:20:40.594+0000] {processor.py:179} INFO - Processing /home/airflow/.local/lib/python3.8/site-packages/airflow/example_dags/example_branch_operator.py took 0.114 seconds
[2023-10-13T16:21:11.042+0000] {processor.py:157} INFO - Started process (PID=1937) to work on /home/airflow/.local/lib/python3.8/site-packages/airflow/example_dags/example_branch_operator.py
[2023-10-13T16:21:11.055+0000] {processor.py:829} INFO - Processing file /home/airflow/.local/lib/python3.8/site-packages/airflow/example_dags/example_branch_operator.py for tasks to queue
[2023-10-13T16:21:11.055+0000] {logging_mixin.py:151} INFO - [2023-10-13T16:21:11.055+0000] {dagbag.py:536} INFO - Filling up the DagBag from /home/airflow/.local/lib/python3.8/site-packages/airflow/example_dags/example_branch_operator.py
[2023-10-13T16:21:11.065+0000] {processor.py:839} INFO - DAG(s) dict_keys(['example_branch_operator']) retrieved from /home/airflow/.local/lib/python3.8/site-packages/airflow/example_dags/example_branch_operator.py
[2023-10-13T16:21:11.087+0000] {logging_mixin.py:151} INFO - [2023-10-13T16:21:11.087+0000] {dag.py:2941} INFO - Sync 1 DAGs
[2023-10-13T16:21:11.118+0000] {logging_mixin.py:151} INFO - [2023-10-13T16:21:11.117+0000] {dag.py:3722} INFO - Setting next_dagrun for example_branch_operator to 2023-10-12T00:00:00+00:00, run_after=2023-10-13T00:00:00+00:00
[2023-10-13T16:21:11.141+0000] {processor.py:179} INFO - Processing /home/airflow/.local/lib/python3.8/site-packages/airflow/example_dags/example_branch_operator.py took 0.102 seconds
[2023-10-13T16:21:41.251+0000] {processor.py:157} INFO - Started process (PID=2176) to work on /home/airflow/.local/lib/python3.8/site-packages/airflow/example_dags/example_branch_operator.py
[2023-10-13T16:21:41.261+0000] {processor.py:829} INFO - Processing file /home/airflow/.local/lib/python3.8/site-packages/airflow/example_dags/example_branch_operator.py for tasks to queue
[2023-10-13T16:21:41.262+0000] {logging_mixin.py:151} INFO - [2023-10-13T16:21:41.262+0000] {dagbag.py:536} INFO - Filling up the DagBag from /home/airflow/.local/lib/python3.8/site-packages/airflow/example_dags/example_branch_operator.py
[2023-10-13T16:21:41.274+0000] {processor.py:839} INFO - DAG(s) dict_keys(['example_branch_operator']) retrieved from /home/airflow/.local/lib/python3.8/site-packages/airflow/example_dags/example_branch_operator.py
[2023-10-13T16:21:41.301+0000] {logging_mixin.py:151} INFO - [2023-10-13T16:21:41.301+0000] {dag.py:2941} INFO - Sync 1 DAGs
[2023-10-13T16:21:41.329+0000] {logging_mixin.py:151} INFO - [2023-10-13T16:21:41.329+0000] {dag.py:3722} INFO - Setting next_dagrun for example_branch_operator to 2023-10-12T00:00:00+00:00, run_after=2023-10-13T00:00:00+00:00
[2023-10-13T16:21:41.360+0000] {processor.py:179} INFO - Processing /home/airflow/.local/lib/python3.8/site-packages/airflow/example_dags/example_branch_operator.py took 0.111 seconds
[2023-10-13T16:22:11.817+0000] {processor.py:157} INFO - Started process (PID=2415) to work on /home/airflow/.local/lib/python3.8/site-packages/airflow/example_dags/example_branch_operator.py
[2023-10-13T16:22:11.818+0000] {processor.py:829} INFO - Processing file /home/airflow/.local/lib/python3.8/site-packages/airflow/example_dags/example_branch_operator.py for tasks to queue
[2023-10-13T16:22:11.818+0000] {logging_mixin.py:151} INFO - [2023-10-13T16:22:11.818+0000] {dagbag.py:536} INFO - Filling up the DagBag from /home/airflow/.local/lib/python3.8/site-packages/airflow/example_dags/example_branch_operator.py
[2023-10-13T16:22:11.829+0000] {processor.py:839} INFO - DAG(s) dict_keys(['example_branch_operator']) retrieved from /home/airflow/.local/lib/python3.8/site-packages/airflow/example_dags/example_branch_operator.py
[2023-10-13T16:22:11.851+0000] {logging_mixin.py:151} INFO - [2023-10-13T16:22:11.851+0000] {dag.py:2941} INFO - Sync 1 DAGs
[2023-10-13T16:22:11.873+0000] {logging_mixin.py:151} INFO - [2023-10-13T16:22:11.873+0000] {dag.py:3722} INFO - Setting next_dagrun for example_branch_operator to 2023-10-12T00:00:00+00:00, run_after=2023-10-13T00:00:00+00:00
[2023-10-13T16:22:11.903+0000] {processor.py:179} INFO - Processing /home/airflow/.local/lib/python3.8/site-packages/airflow/example_dags/example_branch_operator.py took 0.090 seconds
[2023-10-13T16:22:41.989+0000] {processor.py:157} INFO - Started process (PID=2653) to work on /home/airflow/.local/lib/python3.8/site-packages/airflow/example_dags/example_branch_operator.py
[2023-10-13T16:22:41.990+0000] {processor.py:829} INFO - Processing file /home/airflow/.local/lib/python3.8/site-packages/airflow/example_dags/example_branch_operator.py for tasks to queue
[2023-10-13T16:22:41.991+0000] {logging_mixin.py:151} INFO - [2023-10-13T16:22:41.990+0000] {dagbag.py:536} INFO - Filling up the DagBag from /home/airflow/.local/lib/python3.8/site-packages/airflow/example_dags/example_branch_operator.py
[2023-10-13T16:22:41.997+0000] {processor.py:839} INFO - DAG(s) dict_keys(['example_branch_operator']) retrieved from /home/airflow/.local/lib/python3.8/site-packages/airflow/example_dags/example_branch_operator.py
[2023-10-13T16:22:42.013+0000] {logging_mixin.py:151} INFO - [2023-10-13T16:22:42.013+0000] {dag.py:2941} INFO - Sync 1 DAGs
[2023-10-13T16:22:42.031+0000] {logging_mixin.py:151} INFO - [2023-10-13T16:22:42.031+0000] {dag.py:3722} INFO - Setting next_dagrun for example_branch_operator to 2023-10-12T00:00:00+00:00, run_after=2023-10-13T00:00:00+00:00
[2023-10-13T16:22:42.048+0000] {processor.py:179} INFO - Processing /home/airflow/.local/lib/python3.8/site-packages/airflow/example_dags/example_branch_operator.py took 0.061 seconds
[2023-10-13T16:24:27.399+0000] {processor.py:157} INFO - Started process (PID=279) to work on /home/airflow/.local/lib/python3.8/site-packages/airflow/example_dags/example_branch_operator.py
[2023-10-13T16:24:27.403+0000] {processor.py:829} INFO - Processing file /home/airflow/.local/lib/python3.8/site-packages/airflow/example_dags/example_branch_operator.py for tasks to queue
[2023-10-13T16:24:27.404+0000] {logging_mixin.py:151} INFO - [2023-10-13T16:24:27.404+0000] {dagbag.py:536} INFO - Filling up the DagBag from /home/airflow/.local/lib/python3.8/site-packages/airflow/example_dags/example_branch_operator.py
[2023-10-13T16:24:27.411+0000] {processor.py:839} INFO - DAG(s) dict_keys(['example_branch_operator']) retrieved from /home/airflow/.local/lib/python3.8/site-packages/airflow/example_dags/example_branch_operator.py
[2023-10-13T16:24:27.419+0000] {logging_mixin.py:151} INFO - [2023-10-13T16:24:27.419+0000] {dag.py:2941} INFO - Sync 1 DAGs
[2023-10-13T16:24:27.437+0000] {logging_mixin.py:151} INFO - [2023-10-13T16:24:27.437+0000] {dag.py:3722} INFO - Setting next_dagrun for example_branch_operator to 2023-10-12T00:00:00+00:00, run_after=2023-10-13T00:00:00+00:00
[2023-10-13T16:24:27.460+0000] {processor.py:179} INFO - Processing /home/airflow/.local/lib/python3.8/site-packages/airflow/example_dags/example_branch_operator.py took 0.063 seconds
[2023-10-13T16:24:57.748+0000] {processor.py:157} INFO - Started process (PID=527) to work on /home/airflow/.local/lib/python3.8/site-packages/airflow/example_dags/example_branch_operator.py
[2023-10-13T16:24:57.749+0000] {processor.py:829} INFO - Processing file /home/airflow/.local/lib/python3.8/site-packages/airflow/example_dags/example_branch_operator.py for tasks to queue
[2023-10-13T16:24:57.749+0000] {logging_mixin.py:151} INFO - [2023-10-13T16:24:57.749+0000] {dagbag.py:536} INFO - Filling up the DagBag from /home/airflow/.local/lib/python3.8/site-packages/airflow/example_dags/example_branch_operator.py
[2023-10-13T16:24:57.756+0000] {processor.py:839} INFO - DAG(s) dict_keys(['example_branch_operator']) retrieved from /home/airflow/.local/lib/python3.8/site-packages/airflow/example_dags/example_branch_operator.py
[2023-10-13T16:24:57.773+0000] {logging_mixin.py:151} INFO - [2023-10-13T16:24:57.772+0000] {dag.py:2941} INFO - Sync 1 DAGs
[2023-10-13T16:24:57.790+0000] {logging_mixin.py:151} INFO - [2023-10-13T16:24:57.790+0000] {dag.py:3722} INFO - Setting next_dagrun for example_branch_operator to 2023-10-12T00:00:00+00:00, run_after=2023-10-13T00:00:00+00:00
[2023-10-13T16:24:57.807+0000] {processor.py:179} INFO - Processing /home/airflow/.local/lib/python3.8/site-packages/airflow/example_dags/example_branch_operator.py took 0.061 seconds
[2023-10-13T16:29:30.886+0000] {processor.py:157} INFO - Started process (PID=272) to work on /home/airflow/.local/lib/python3.8/site-packages/airflow/example_dags/example_branch_operator.py
[2023-10-13T16:29:30.893+0000] {processor.py:829} INFO - Processing file /home/airflow/.local/lib/python3.8/site-packages/airflow/example_dags/example_branch_operator.py for tasks to queue
[2023-10-13T16:29:30.894+0000] {logging_mixin.py:151} INFO - [2023-10-13T16:29:30.894+0000] {dagbag.py:536} INFO - Filling up the DagBag from /home/airflow/.local/lib/python3.8/site-packages/airflow/example_dags/example_branch_operator.py
[2023-10-13T16:29:30.906+0000] {processor.py:839} INFO - DAG(s) dict_keys(['example_branch_operator']) retrieved from /home/airflow/.local/lib/python3.8/site-packages/airflow/example_dags/example_branch_operator.py
[2023-10-13T16:29:30.916+0000] {logging_mixin.py:151} INFO - [2023-10-13T16:29:30.916+0000] {dag.py:2941} INFO - Sync 1 DAGs
[2023-10-13T16:29:30.935+0000] {logging_mixin.py:151} INFO - [2023-10-13T16:29:30.935+0000] {dag.py:3722} INFO - Setting next_dagrun for example_branch_operator to 2023-10-12T00:00:00+00:00, run_after=2023-10-13T00:00:00+00:00
[2023-10-13T16:29:30.987+0000] {processor.py:179} INFO - Processing /home/airflow/.local/lib/python3.8/site-packages/airflow/example_dags/example_branch_operator.py took 0.104 seconds
[2023-10-13T16:30:01.228+0000] {processor.py:157} INFO - Started process (PID=511) to work on /home/airflow/.local/lib/python3.8/site-packages/airflow/example_dags/example_branch_operator.py
[2023-10-13T16:30:01.229+0000] {processor.py:829} INFO - Processing file /home/airflow/.local/lib/python3.8/site-packages/airflow/example_dags/example_branch_operator.py for tasks to queue
[2023-10-13T16:30:01.230+0000] {logging_mixin.py:151} INFO - [2023-10-13T16:30:01.230+0000] {dagbag.py:536} INFO - Filling up the DagBag from /home/airflow/.local/lib/python3.8/site-packages/airflow/example_dags/example_branch_operator.py
[2023-10-13T16:30:01.240+0000] {processor.py:839} INFO - DAG(s) dict_keys(['example_branch_operator']) retrieved from /home/airflow/.local/lib/python3.8/site-packages/airflow/example_dags/example_branch_operator.py
[2023-10-13T16:30:01.257+0000] {logging_mixin.py:151} INFO - [2023-10-13T16:30:01.257+0000] {dag.py:2941} INFO - Sync 1 DAGs
[2023-10-13T16:30:01.275+0000] {logging_mixin.py:151} INFO - [2023-10-13T16:30:01.274+0000] {dag.py:3722} INFO - Setting next_dagrun for example_branch_operator to 2023-10-12T00:00:00+00:00, run_after=2023-10-13T00:00:00+00:00
[2023-10-13T16:30:01.312+0000] {processor.py:179} INFO - Processing /home/airflow/.local/lib/python3.8/site-packages/airflow/example_dags/example_branch_operator.py took 0.086 seconds
[2023-10-13T16:30:31.646+0000] {processor.py:157} INFO - Started process (PID=747) to work on /home/airflow/.local/lib/python3.8/site-packages/airflow/example_dags/example_branch_operator.py
[2023-10-13T16:30:31.647+0000] {processor.py:829} INFO - Processing file /home/airflow/.local/lib/python3.8/site-packages/airflow/example_dags/example_branch_operator.py for tasks to queue
[2023-10-13T16:30:31.647+0000] {logging_mixin.py:151} INFO - [2023-10-13T16:30:31.647+0000] {dagbag.py:536} INFO - Filling up the DagBag from /home/airflow/.local/lib/python3.8/site-packages/airflow/example_dags/example_branch_operator.py
[2023-10-13T16:30:31.654+0000] {processor.py:839} INFO - DAG(s) dict_keys(['example_branch_operator']) retrieved from /home/airflow/.local/lib/python3.8/site-packages/airflow/example_dags/example_branch_operator.py
[2023-10-13T16:30:31.671+0000] {logging_mixin.py:151} INFO - [2023-10-13T16:30:31.671+0000] {dag.py:2941} INFO - Sync 1 DAGs
[2023-10-13T16:30:31.688+0000] {logging_mixin.py:151} INFO - [2023-10-13T16:30:31.688+0000] {dag.py:3722} INFO - Setting next_dagrun for example_branch_operator to 2023-10-12T00:00:00+00:00, run_after=2023-10-13T00:00:00+00:00
[2023-10-13T16:30:31.704+0000] {processor.py:179} INFO - Processing /home/airflow/.local/lib/python3.8/site-packages/airflow/example_dags/example_branch_operator.py took 0.060 seconds
