[2023-10-13T16:17:38.196+0000] {processor.py:157} INFO - Started process (PID=317) to work on /home/airflow/.local/lib/python3.8/site-packages/airflow/example_dags/example_trigger_target_dag.py
[2023-10-13T16:17:38.196+0000] {processor.py:829} INFO - Processing file /home/airflow/.local/lib/python3.8/site-packages/airflow/example_dags/example_trigger_target_dag.py for tasks to queue
[2023-10-13T16:17:38.197+0000] {logging_mixin.py:151} INFO - [2023-10-13T16:17:38.197+0000] {dagbag.py:536} INFO - Filling up the DagBag from /home/airflow/.local/lib/python3.8/site-packages/airflow/example_dags/example_trigger_target_dag.py
[2023-10-13T16:17:38.201+0000] {processor.py:839} INFO - DAG(s) dict_keys(['example_trigger_target_dag']) retrieved from /home/airflow/.local/lib/python3.8/site-packages/airflow/example_dags/example_trigger_target_dag.py
[2023-10-13T16:17:38.210+0000] {logging_mixin.py:151} INFO - [2023-10-13T16:17:38.210+0000] {dag.py:2941} INFO - Sync 1 DAGs
[2023-10-13T16:17:38.220+0000] {logging_mixin.py:151} INFO - [2023-10-13T16:17:38.220+0000] {dag.py:3722} INFO - Setting next_dagrun for example_trigger_target_dag to None, run_after=None
[2023-10-13T16:17:38.257+0000] {processor.py:179} INFO - Processing /home/airflow/.local/lib/python3.8/site-packages/airflow/example_dags/example_trigger_target_dag.py took 0.064 seconds
[2023-10-13T16:18:08.423+0000] {processor.py:157} INFO - Started process (PID=555) to work on /home/airflow/.local/lib/python3.8/site-packages/airflow/example_dags/example_trigger_target_dag.py
[2023-10-13T16:18:08.424+0000] {processor.py:829} INFO - Processing file /home/airflow/.local/lib/python3.8/site-packages/airflow/example_dags/example_trigger_target_dag.py for tasks to queue
[2023-10-13T16:18:08.425+0000] {logging_mixin.py:151} INFO - [2023-10-13T16:18:08.424+0000] {dagbag.py:536} INFO - Filling up the DagBag from /home/airflow/.local/lib/python3.8/site-packages/airflow/example_dags/example_trigger_target_dag.py
[2023-10-13T16:18:08.429+0000] {processor.py:839} INFO - DAG(s) dict_keys(['example_trigger_target_dag']) retrieved from /home/airflow/.local/lib/python3.8/site-packages/airflow/example_dags/example_trigger_target_dag.py
[2023-10-13T16:18:08.443+0000] {logging_mixin.py:151} INFO - [2023-10-13T16:18:08.443+0000] {dag.py:2941} INFO - Sync 1 DAGs
[2023-10-13T16:18:08.453+0000] {logging_mixin.py:151} INFO - [2023-10-13T16:18:08.453+0000] {dag.py:3722} INFO - Setting next_dagrun for example_trigger_target_dag to None, run_after=None
[2023-10-13T16:18:08.473+0000] {processor.py:179} INFO - Processing /home/airflow/.local/lib/python3.8/site-packages/airflow/example_dags/example_trigger_target_dag.py took 0.051 seconds
[2023-10-13T16:18:38.607+0000] {processor.py:157} INFO - Started process (PID=793) to work on /home/airflow/.local/lib/python3.8/site-packages/airflow/example_dags/example_trigger_target_dag.py
[2023-10-13T16:18:38.616+0000] {processor.py:829} INFO - Processing file /home/airflow/.local/lib/python3.8/site-packages/airflow/example_dags/example_trigger_target_dag.py for tasks to queue
[2023-10-13T16:18:38.617+0000] {logging_mixin.py:151} INFO - [2023-10-13T16:18:38.616+0000] {dagbag.py:536} INFO - Filling up the DagBag from /home/airflow/.local/lib/python3.8/site-packages/airflow/example_dags/example_trigger_target_dag.py
[2023-10-13T16:18:38.621+0000] {processor.py:839} INFO - DAG(s) dict_keys(['example_trigger_target_dag']) retrieved from /home/airflow/.local/lib/python3.8/site-packages/airflow/example_dags/example_trigger_target_dag.py
[2023-10-13T16:18:38.638+0000] {logging_mixin.py:151} INFO - [2023-10-13T16:18:38.638+0000] {dag.py:2941} INFO - Sync 1 DAGs
[2023-10-13T16:18:38.647+0000] {logging_mixin.py:151} INFO - [2023-10-13T16:18:38.647+0000] {dag.py:3722} INFO - Setting next_dagrun for example_trigger_target_dag to None, run_after=None
[2023-10-13T16:18:38.666+0000] {processor.py:179} INFO - Processing /home/airflow/.local/lib/python3.8/site-packages/airflow/example_dags/example_trigger_target_dag.py took 0.061 seconds
[2023-10-13T16:19:08.873+0000] {processor.py:157} INFO - Started process (PID=1031) to work on /home/airflow/.local/lib/python3.8/site-packages/airflow/example_dags/example_trigger_target_dag.py
[2023-10-13T16:19:08.874+0000] {processor.py:829} INFO - Processing file /home/airflow/.local/lib/python3.8/site-packages/airflow/example_dags/example_trigger_target_dag.py for tasks to queue
[2023-10-13T16:19:08.875+0000] {logging_mixin.py:151} INFO - [2023-10-13T16:19:08.874+0000] {dagbag.py:536} INFO - Filling up the DagBag from /home/airflow/.local/lib/python3.8/site-packages/airflow/example_dags/example_trigger_target_dag.py
[2023-10-13T16:19:08.879+0000] {processor.py:839} INFO - DAG(s) dict_keys(['example_trigger_target_dag']) retrieved from /home/airflow/.local/lib/python3.8/site-packages/airflow/example_dags/example_trigger_target_dag.py
[2023-10-13T16:19:08.896+0000] {logging_mixin.py:151} INFO - [2023-10-13T16:19:08.896+0000] {dag.py:2941} INFO - Sync 1 DAGs
[2023-10-13T16:19:08.906+0000] {logging_mixin.py:151} INFO - [2023-10-13T16:19:08.906+0000] {dag.py:3722} INFO - Setting next_dagrun for example_trigger_target_dag to None, run_after=None
[2023-10-13T16:19:08.929+0000] {processor.py:179} INFO - Processing /home/airflow/.local/lib/python3.8/site-packages/airflow/example_dags/example_trigger_target_dag.py took 0.059 seconds
[2023-10-13T16:19:39.182+0000] {processor.py:157} INFO - Started process (PID=1269) to work on /home/airflow/.local/lib/python3.8/site-packages/airflow/example_dags/example_trigger_target_dag.py
[2023-10-13T16:19:39.183+0000] {processor.py:829} INFO - Processing file /home/airflow/.local/lib/python3.8/site-packages/airflow/example_dags/example_trigger_target_dag.py for tasks to queue
[2023-10-13T16:19:39.184+0000] {logging_mixin.py:151} INFO - [2023-10-13T16:19:39.183+0000] {dagbag.py:536} INFO - Filling up the DagBag from /home/airflow/.local/lib/python3.8/site-packages/airflow/example_dags/example_trigger_target_dag.py
[2023-10-13T16:19:39.188+0000] {processor.py:839} INFO - DAG(s) dict_keys(['example_trigger_target_dag']) retrieved from /home/airflow/.local/lib/python3.8/site-packages/airflow/example_dags/example_trigger_target_dag.py
[2023-10-13T16:19:39.202+0000] {logging_mixin.py:151} INFO - [2023-10-13T16:19:39.202+0000] {dag.py:2941} INFO - Sync 1 DAGs
[2023-10-13T16:19:39.211+0000] {logging_mixin.py:151} INFO - [2023-10-13T16:19:39.211+0000] {dag.py:3722} INFO - Setting next_dagrun for example_trigger_target_dag to None, run_after=None
[2023-10-13T16:19:39.232+0000] {processor.py:179} INFO - Processing /home/airflow/.local/lib/python3.8/site-packages/airflow/example_dags/example_trigger_target_dag.py took 0.051 seconds
[2023-10-13T16:20:09.709+0000] {processor.py:157} INFO - Started process (PID=1506) to work on /home/airflow/.local/lib/python3.8/site-packages/airflow/example_dags/example_trigger_target_dag.py
[2023-10-13T16:20:09.709+0000] {processor.py:829} INFO - Processing file /home/airflow/.local/lib/python3.8/site-packages/airflow/example_dags/example_trigger_target_dag.py for tasks to queue
[2023-10-13T16:20:09.710+0000] {logging_mixin.py:151} INFO - [2023-10-13T16:20:09.710+0000] {dagbag.py:536} INFO - Filling up the DagBag from /home/airflow/.local/lib/python3.8/site-packages/airflow/example_dags/example_trigger_target_dag.py
[2023-10-13T16:20:09.714+0000] {processor.py:839} INFO - DAG(s) dict_keys(['example_trigger_target_dag']) retrieved from /home/airflow/.local/lib/python3.8/site-packages/airflow/example_dags/example_trigger_target_dag.py
[2023-10-13T16:20:09.730+0000] {logging_mixin.py:151} INFO - [2023-10-13T16:20:09.729+0000] {dag.py:2941} INFO - Sync 1 DAGs
[2023-10-13T16:20:09.740+0000] {logging_mixin.py:151} INFO - [2023-10-13T16:20:09.740+0000] {dag.py:3722} INFO - Setting next_dagrun for example_trigger_target_dag to None, run_after=None
[2023-10-13T16:20:09.783+0000] {processor.py:179} INFO - Processing /home/airflow/.local/lib/python3.8/site-packages/airflow/example_dags/example_trigger_target_dag.py took 0.077 seconds
[2023-10-13T16:20:40.988+0000] {processor.py:157} INFO - Started process (PID=1744) to work on /home/airflow/.local/lib/python3.8/site-packages/airflow/example_dags/example_trigger_target_dag.py
[2023-10-13T16:20:40.989+0000] {processor.py:829} INFO - Processing file /home/airflow/.local/lib/python3.8/site-packages/airflow/example_dags/example_trigger_target_dag.py for tasks to queue
[2023-10-13T16:20:40.990+0000] {logging_mixin.py:151} INFO - [2023-10-13T16:20:40.990+0000] {dagbag.py:536} INFO - Filling up the DagBag from /home/airflow/.local/lib/python3.8/site-packages/airflow/example_dags/example_trigger_target_dag.py
[2023-10-13T16:20:40.997+0000] {processor.py:839} INFO - DAG(s) dict_keys(['example_trigger_target_dag']) retrieved from /home/airflow/.local/lib/python3.8/site-packages/airflow/example_dags/example_trigger_target_dag.py
[2023-10-13T16:20:41.021+0000] {logging_mixin.py:151} INFO - [2023-10-13T16:20:41.020+0000] {dag.py:2941} INFO - Sync 1 DAGs
[2023-10-13T16:20:41.040+0000] {logging_mixin.py:151} INFO - [2023-10-13T16:20:41.039+0000] {dag.py:3722} INFO - Setting next_dagrun for example_trigger_target_dag to None, run_after=None
[2023-10-13T16:20:41.074+0000] {processor.py:179} INFO - Processing /home/airflow/.local/lib/python3.8/site-packages/airflow/example_dags/example_trigger_target_dag.py took 0.089 seconds
[2023-10-13T16:21:11.558+0000] {processor.py:157} INFO - Started process (PID=1982) to work on /home/airflow/.local/lib/python3.8/site-packages/airflow/example_dags/example_trigger_target_dag.py
[2023-10-13T16:21:11.567+0000] {processor.py:829} INFO - Processing file /home/airflow/.local/lib/python3.8/site-packages/airflow/example_dags/example_trigger_target_dag.py for tasks to queue
[2023-10-13T16:21:11.568+0000] {logging_mixin.py:151} INFO - [2023-10-13T16:21:11.568+0000] {dagbag.py:536} INFO - Filling up the DagBag from /home/airflow/.local/lib/python3.8/site-packages/airflow/example_dags/example_trigger_target_dag.py
[2023-10-13T16:21:11.573+0000] {processor.py:839} INFO - DAG(s) dict_keys(['example_trigger_target_dag']) retrieved from /home/airflow/.local/lib/python3.8/site-packages/airflow/example_dags/example_trigger_target_dag.py
[2023-10-13T16:21:11.597+0000] {logging_mixin.py:151} INFO - [2023-10-13T16:21:11.597+0000] {dag.py:2941} INFO - Sync 1 DAGs
[2023-10-13T16:21:11.608+0000] {logging_mixin.py:151} INFO - [2023-10-13T16:21:11.608+0000] {dag.py:3722} INFO - Setting next_dagrun for example_trigger_target_dag to None, run_after=None
[2023-10-13T16:21:11.637+0000] {processor.py:179} INFO - Processing /home/airflow/.local/lib/python3.8/site-packages/airflow/example_dags/example_trigger_target_dag.py took 0.082 seconds
[2023-10-13T16:21:41.734+0000] {processor.py:157} INFO - Started process (PID=2221) to work on /home/airflow/.local/lib/python3.8/site-packages/airflow/example_dags/example_trigger_target_dag.py
[2023-10-13T16:21:41.739+0000] {processor.py:829} INFO - Processing file /home/airflow/.local/lib/python3.8/site-packages/airflow/example_dags/example_trigger_target_dag.py for tasks to queue
[2023-10-13T16:21:41.740+0000] {logging_mixin.py:151} INFO - [2023-10-13T16:21:41.740+0000] {dagbag.py:536} INFO - Filling up the DagBag from /home/airflow/.local/lib/python3.8/site-packages/airflow/example_dags/example_trigger_target_dag.py
[2023-10-13T16:21:41.745+0000] {processor.py:839} INFO - DAG(s) dict_keys(['example_trigger_target_dag']) retrieved from /home/airflow/.local/lib/python3.8/site-packages/airflow/example_dags/example_trigger_target_dag.py
[2023-10-13T16:21:41.763+0000] {logging_mixin.py:151} INFO - [2023-10-13T16:21:41.763+0000] {dag.py:2941} INFO - Sync 1 DAGs
[2023-10-13T16:21:41.776+0000] {logging_mixin.py:151} INFO - [2023-10-13T16:21:41.776+0000] {dag.py:3722} INFO - Setting next_dagrun for example_trigger_target_dag to None, run_after=None
[2023-10-13T16:21:41.809+0000] {processor.py:179} INFO - Processing /home/airflow/.local/lib/python3.8/site-packages/airflow/example_dags/example_trigger_target_dag.py took 0.079 seconds
[2023-10-13T16:22:12.341+0000] {processor.py:157} INFO - Started process (PID=2460) to work on /home/airflow/.local/lib/python3.8/site-packages/airflow/example_dags/example_trigger_target_dag.py
[2023-10-13T16:22:12.353+0000] {processor.py:829} INFO - Processing file /home/airflow/.local/lib/python3.8/site-packages/airflow/example_dags/example_trigger_target_dag.py for tasks to queue
[2023-10-13T16:22:12.354+0000] {logging_mixin.py:151} INFO - [2023-10-13T16:22:12.354+0000] {dagbag.py:536} INFO - Filling up the DagBag from /home/airflow/.local/lib/python3.8/site-packages/airflow/example_dags/example_trigger_target_dag.py
[2023-10-13T16:22:12.359+0000] {processor.py:839} INFO - DAG(s) dict_keys(['example_trigger_target_dag']) retrieved from /home/airflow/.local/lib/python3.8/site-packages/airflow/example_dags/example_trigger_target_dag.py
[2023-10-13T16:22:12.379+0000] {logging_mixin.py:151} INFO - [2023-10-13T16:22:12.378+0000] {dag.py:2941} INFO - Sync 1 DAGs
[2023-10-13T16:22:12.390+0000] {logging_mixin.py:151} INFO - [2023-10-13T16:22:12.390+0000] {dag.py:3722} INFO - Setting next_dagrun for example_trigger_target_dag to None, run_after=None
[2023-10-13T16:22:12.420+0000] {processor.py:179} INFO - Processing /home/airflow/.local/lib/python3.8/site-packages/airflow/example_dags/example_trigger_target_dag.py took 0.082 seconds
[2023-10-13T16:22:42.528+0000] {processor.py:157} INFO - Started process (PID=2700) to work on /home/airflow/.local/lib/python3.8/site-packages/airflow/example_dags/example_trigger_target_dag.py
[2023-10-13T16:22:42.533+0000] {processor.py:829} INFO - Processing file /home/airflow/.local/lib/python3.8/site-packages/airflow/example_dags/example_trigger_target_dag.py for tasks to queue
[2023-10-13T16:22:42.534+0000] {logging_mixin.py:151} INFO - [2023-10-13T16:22:42.533+0000] {dagbag.py:536} INFO - Filling up the DagBag from /home/airflow/.local/lib/python3.8/site-packages/airflow/example_dags/example_trigger_target_dag.py
[2023-10-13T16:22:42.541+0000] {processor.py:839} INFO - DAG(s) dict_keys(['example_trigger_target_dag']) retrieved from /home/airflow/.local/lib/python3.8/site-packages/airflow/example_dags/example_trigger_target_dag.py
[2023-10-13T16:22:42.564+0000] {logging_mixin.py:151} INFO - [2023-10-13T16:22:42.564+0000] {dag.py:2941} INFO - Sync 1 DAGs
[2023-10-13T16:22:42.574+0000] {logging_mixin.py:151} INFO - [2023-10-13T16:22:42.574+0000] {dag.py:3722} INFO - Setting next_dagrun for example_trigger_target_dag to None, run_after=None
[2023-10-13T16:22:42.594+0000] {processor.py:179} INFO - Processing /home/airflow/.local/lib/python3.8/site-packages/airflow/example_dags/example_trigger_target_dag.py took 0.071 seconds
[2023-10-13T16:24:27.806+0000] {processor.py:157} INFO - Started process (PID=322) to work on /home/airflow/.local/lib/python3.8/site-packages/airflow/example_dags/example_trigger_target_dag.py
[2023-10-13T16:24:27.812+0000] {processor.py:829} INFO - Processing file /home/airflow/.local/lib/python3.8/site-packages/airflow/example_dags/example_trigger_target_dag.py for tasks to queue
[2023-10-13T16:24:27.813+0000] {logging_mixin.py:151} INFO - [2023-10-13T16:24:27.813+0000] {dagbag.py:536} INFO - Filling up the DagBag from /home/airflow/.local/lib/python3.8/site-packages/airflow/example_dags/example_trigger_target_dag.py
[2023-10-13T16:24:27.819+0000] {processor.py:839} INFO - DAG(s) dict_keys(['example_trigger_target_dag']) retrieved from /home/airflow/.local/lib/python3.8/site-packages/airflow/example_dags/example_trigger_target_dag.py
[2023-10-13T16:24:27.830+0000] {logging_mixin.py:151} INFO - [2023-10-13T16:24:27.830+0000] {dag.py:2941} INFO - Sync 1 DAGs
[2023-10-13T16:24:27.841+0000] {logging_mixin.py:151} INFO - [2023-10-13T16:24:27.841+0000] {dag.py:3722} INFO - Setting next_dagrun for example_trigger_target_dag to None, run_after=None
[2023-10-13T16:24:27.862+0000] {processor.py:179} INFO - Processing /home/airflow/.local/lib/python3.8/site-packages/airflow/example_dags/example_trigger_target_dag.py took 0.059 seconds
[2023-10-13T16:24:58.096+0000] {processor.py:157} INFO - Started process (PID=570) to work on /home/airflow/.local/lib/python3.8/site-packages/airflow/example_dags/example_trigger_target_dag.py
[2023-10-13T16:24:58.097+0000] {processor.py:829} INFO - Processing file /home/airflow/.local/lib/python3.8/site-packages/airflow/example_dags/example_trigger_target_dag.py for tasks to queue
[2023-10-13T16:24:58.097+0000] {logging_mixin.py:151} INFO - [2023-10-13T16:24:58.097+0000] {dagbag.py:536} INFO - Filling up the DagBag from /home/airflow/.local/lib/python3.8/site-packages/airflow/example_dags/example_trigger_target_dag.py
[2023-10-13T16:24:58.102+0000] {processor.py:839} INFO - DAG(s) dict_keys(['example_trigger_target_dag']) retrieved from /home/airflow/.local/lib/python3.8/site-packages/airflow/example_dags/example_trigger_target_dag.py
[2023-10-13T16:24:58.116+0000] {logging_mixin.py:151} INFO - [2023-10-13T16:24:58.116+0000] {dag.py:2941} INFO - Sync 1 DAGs
[2023-10-13T16:24:58.126+0000] {logging_mixin.py:151} INFO - [2023-10-13T16:24:58.125+0000] {dag.py:3722} INFO - Setting next_dagrun for example_trigger_target_dag to None, run_after=None
[2023-10-13T16:24:58.153+0000] {processor.py:179} INFO - Processing /home/airflow/.local/lib/python3.8/site-packages/airflow/example_dags/example_trigger_target_dag.py took 0.059 seconds
[2023-10-13T16:29:31.251+0000] {processor.py:157} INFO - Started process (PID=317) to work on /home/airflow/.local/lib/python3.8/site-packages/airflow/example_dags/example_trigger_target_dag.py
[2023-10-13T16:29:31.252+0000] {processor.py:829} INFO - Processing file /home/airflow/.local/lib/python3.8/site-packages/airflow/example_dags/example_trigger_target_dag.py for tasks to queue
[2023-10-13T16:29:31.253+0000] {logging_mixin.py:151} INFO - [2023-10-13T16:29:31.252+0000] {dagbag.py:536} INFO - Filling up the DagBag from /home/airflow/.local/lib/python3.8/site-packages/airflow/example_dags/example_trigger_target_dag.py
[2023-10-13T16:29:31.257+0000] {processor.py:839} INFO - DAG(s) dict_keys(['example_trigger_target_dag']) retrieved from /home/airflow/.local/lib/python3.8/site-packages/airflow/example_dags/example_trigger_target_dag.py
[2023-10-13T16:29:31.266+0000] {logging_mixin.py:151} INFO - [2023-10-13T16:29:31.266+0000] {dag.py:2941} INFO - Sync 1 DAGs
[2023-10-13T16:29:31.281+0000] {logging_mixin.py:151} INFO - [2023-10-13T16:29:31.280+0000] {dag.py:3722} INFO - Setting next_dagrun for example_trigger_target_dag to None, run_after=None
[2023-10-13T16:29:31.299+0000] {processor.py:179} INFO - Processing /home/airflow/.local/lib/python3.8/site-packages/airflow/example_dags/example_trigger_target_dag.py took 0.051 seconds
[2023-10-13T16:30:01.597+0000] {processor.py:157} INFO - Started process (PID=555) to work on /home/airflow/.local/lib/python3.8/site-packages/airflow/example_dags/example_trigger_target_dag.py
[2023-10-13T16:30:01.598+0000] {processor.py:829} INFO - Processing file /home/airflow/.local/lib/python3.8/site-packages/airflow/example_dags/example_trigger_target_dag.py for tasks to queue
[2023-10-13T16:30:01.598+0000] {logging_mixin.py:151} INFO - [2023-10-13T16:30:01.598+0000] {dagbag.py:536} INFO - Filling up the DagBag from /home/airflow/.local/lib/python3.8/site-packages/airflow/example_dags/example_trigger_target_dag.py
[2023-10-13T16:30:01.603+0000] {processor.py:839} INFO - DAG(s) dict_keys(['example_trigger_target_dag']) retrieved from /home/airflow/.local/lib/python3.8/site-packages/airflow/example_dags/example_trigger_target_dag.py
[2023-10-13T16:30:01.620+0000] {logging_mixin.py:151} INFO - [2023-10-13T16:30:01.619+0000] {dag.py:2941} INFO - Sync 1 DAGs
[2023-10-13T16:30:01.629+0000] {logging_mixin.py:151} INFO - [2023-10-13T16:30:01.629+0000] {dag.py:3722} INFO - Setting next_dagrun for example_trigger_target_dag to None, run_after=None
[2023-10-13T16:30:01.734+0000] {processor.py:179} INFO - Processing /home/airflow/.local/lib/python3.8/site-packages/airflow/example_dags/example_trigger_target_dag.py took 0.139 seconds
[2023-10-13T16:30:32.063+0000] {processor.py:157} INFO - Started process (PID=792) to work on /home/airflow/.local/lib/python3.8/site-packages/airflow/example_dags/example_trigger_target_dag.py
[2023-10-13T16:30:32.066+0000] {processor.py:829} INFO - Processing file /home/airflow/.local/lib/python3.8/site-packages/airflow/example_dags/example_trigger_target_dag.py for tasks to queue
[2023-10-13T16:30:32.066+0000] {logging_mixin.py:151} INFO - [2023-10-13T16:30:32.066+0000] {dagbag.py:536} INFO - Filling up the DagBag from /home/airflow/.local/lib/python3.8/site-packages/airflow/example_dags/example_trigger_target_dag.py
[2023-10-13T16:30:32.074+0000] {processor.py:839} INFO - DAG(s) dict_keys(['example_trigger_target_dag']) retrieved from /home/airflow/.local/lib/python3.8/site-packages/airflow/example_dags/example_trigger_target_dag.py
[2023-10-13T16:30:32.094+0000] {logging_mixin.py:151} INFO - [2023-10-13T16:30:32.093+0000] {dag.py:2941} INFO - Sync 1 DAGs
[2023-10-13T16:30:32.106+0000] {logging_mixin.py:151} INFO - [2023-10-13T16:30:32.106+0000] {dag.py:3722} INFO - Setting next_dagrun for example_trigger_target_dag to None, run_after=None
[2023-10-13T16:30:32.128+0000] {processor.py:179} INFO - Processing /home/airflow/.local/lib/python3.8/site-packages/airflow/example_dags/example_trigger_target_dag.py took 0.067 seconds
