[2023-10-13T16:17:36.680+0000] {processor.py:157} INFO - Started process (PID=168) to work on /home/airflow/.local/lib/python3.8/site-packages/airflow/example_dags/example_short_circuit_operator.py
[2023-10-13T16:17:36.680+0000] {processor.py:829} INFO - Processing file /home/airflow/.local/lib/python3.8/site-packages/airflow/example_dags/example_short_circuit_operator.py for tasks to queue
[2023-10-13T16:17:36.681+0000] {logging_mixin.py:151} INFO - [2023-10-13T16:17:36.680+0000] {dagbag.py:536} INFO - Filling up the DagBag from /home/airflow/.local/lib/python3.8/site-packages/airflow/example_dags/example_short_circuit_operator.py
[2023-10-13T16:17:36.692+0000] {processor.py:839} INFO - DAG(s) dict_keys(['example_short_circuit_operator']) retrieved from /home/airflow/.local/lib/python3.8/site-packages/airflow/example_dags/example_short_circuit_operator.py
[2023-10-13T16:17:36.714+0000] {logging_mixin.py:151} INFO - [2023-10-13T16:17:36.713+0000] {dag.py:2941} INFO - Sync 1 DAGs
[2023-10-13T16:17:36.730+0000] {logging_mixin.py:151} INFO - [2023-10-13T16:17:36.730+0000] {dag.py:3722} INFO - Setting next_dagrun for example_short_circuit_operator to 2023-10-12T16:17:36.730311+00:00, run_after=2023-10-13T16:17:36.730311+00:00
[2023-10-13T16:17:36.794+0000] {processor.py:179} INFO - Processing /home/airflow/.local/lib/python3.8/site-packages/airflow/example_dags/example_short_circuit_operator.py took 0.117 seconds
[2023-10-13T16:18:06.964+0000] {processor.py:157} INFO - Started process (PID=407) to work on /home/airflow/.local/lib/python3.8/site-packages/airflow/example_dags/example_short_circuit_operator.py
[2023-10-13T16:18:06.997+0000] {processor.py:829} INFO - Processing file /home/airflow/.local/lib/python3.8/site-packages/airflow/example_dags/example_short_circuit_operator.py for tasks to queue
[2023-10-13T16:18:06.997+0000] {logging_mixin.py:151} INFO - [2023-10-13T16:18:06.997+0000] {dagbag.py:536} INFO - Filling up the DagBag from /home/airflow/.local/lib/python3.8/site-packages/airflow/example_dags/example_short_circuit_operator.py
[2023-10-13T16:18:07.004+0000] {processor.py:839} INFO - DAG(s) dict_keys(['example_short_circuit_operator']) retrieved from /home/airflow/.local/lib/python3.8/site-packages/airflow/example_dags/example_short_circuit_operator.py
[2023-10-13T16:18:07.022+0000] {logging_mixin.py:151} INFO - [2023-10-13T16:18:07.022+0000] {dag.py:2941} INFO - Sync 1 DAGs
[2023-10-13T16:18:07.039+0000] {logging_mixin.py:151} INFO - [2023-10-13T16:18:07.039+0000] {dag.py:3722} INFO - Setting next_dagrun for example_short_circuit_operator to 2023-10-12T16:18:07.039524+00:00, run_after=2023-10-13T16:18:07.039524+00:00
[2023-10-13T16:18:07.066+0000] {processor.py:179} INFO - Processing /home/airflow/.local/lib/python3.8/site-packages/airflow/example_dags/example_short_circuit_operator.py took 0.104 seconds
[2023-10-13T16:18:37.244+0000] {processor.py:157} INFO - Started process (PID=645) to work on /home/airflow/.local/lib/python3.8/site-packages/airflow/example_dags/example_short_circuit_operator.py
[2023-10-13T16:18:37.246+0000] {processor.py:829} INFO - Processing file /home/airflow/.local/lib/python3.8/site-packages/airflow/example_dags/example_short_circuit_operator.py for tasks to queue
[2023-10-13T16:18:37.246+0000] {logging_mixin.py:151} INFO - [2023-10-13T16:18:37.246+0000] {dagbag.py:536} INFO - Filling up the DagBag from /home/airflow/.local/lib/python3.8/site-packages/airflow/example_dags/example_short_circuit_operator.py
[2023-10-13T16:18:37.252+0000] {processor.py:839} INFO - DAG(s) dict_keys(['example_short_circuit_operator']) retrieved from /home/airflow/.local/lib/python3.8/site-packages/airflow/example_dags/example_short_circuit_operator.py
[2023-10-13T16:18:37.270+0000] {logging_mixin.py:151} INFO - [2023-10-13T16:18:37.270+0000] {dag.py:2941} INFO - Sync 1 DAGs
[2023-10-13T16:18:37.286+0000] {logging_mixin.py:151} INFO - [2023-10-13T16:18:37.286+0000] {dag.py:3722} INFO - Setting next_dagrun for example_short_circuit_operator to 2023-10-12T16:18:37.286199+00:00, run_after=2023-10-13T16:18:37.286199+00:00
[2023-10-13T16:18:37.329+0000] {processor.py:179} INFO - Processing /home/airflow/.local/lib/python3.8/site-packages/airflow/example_dags/example_short_circuit_operator.py took 0.087 seconds
[2023-10-13T16:19:07.368+0000] {processor.py:157} INFO - Started process (PID=883) to work on /home/airflow/.local/lib/python3.8/site-packages/airflow/example_dags/example_short_circuit_operator.py
[2023-10-13T16:19:07.385+0000] {processor.py:829} INFO - Processing file /home/airflow/.local/lib/python3.8/site-packages/airflow/example_dags/example_short_circuit_operator.py for tasks to queue
[2023-10-13T16:19:07.389+0000] {logging_mixin.py:151} INFO - [2023-10-13T16:19:07.387+0000] {dagbag.py:536} INFO - Filling up the DagBag from /home/airflow/.local/lib/python3.8/site-packages/airflow/example_dags/example_short_circuit_operator.py
[2023-10-13T16:19:07.408+0000] {processor.py:839} INFO - DAG(s) dict_keys(['example_short_circuit_operator']) retrieved from /home/airflow/.local/lib/python3.8/site-packages/airflow/example_dags/example_short_circuit_operator.py
[2023-10-13T16:19:07.440+0000] {logging_mixin.py:151} INFO - [2023-10-13T16:19:07.439+0000] {dag.py:2941} INFO - Sync 1 DAGs
[2023-10-13T16:19:07.466+0000] {logging_mixin.py:151} INFO - [2023-10-13T16:19:07.466+0000] {dag.py:3722} INFO - Setting next_dagrun for example_short_circuit_operator to 2023-10-12T16:19:07.466313+00:00, run_after=2023-10-13T16:19:07.466313+00:00
[2023-10-13T16:19:07.493+0000] {processor.py:179} INFO - Processing /home/airflow/.local/lib/python3.8/site-packages/airflow/example_dags/example_short_circuit_operator.py took 0.130 seconds
[2023-10-13T16:19:37.774+0000] {processor.py:157} INFO - Started process (PID=1121) to work on /home/airflow/.local/lib/python3.8/site-packages/airflow/example_dags/example_short_circuit_operator.py
[2023-10-13T16:19:37.782+0000] {processor.py:829} INFO - Processing file /home/airflow/.local/lib/python3.8/site-packages/airflow/example_dags/example_short_circuit_operator.py for tasks to queue
[2023-10-13T16:19:37.783+0000] {logging_mixin.py:151} INFO - [2023-10-13T16:19:37.783+0000] {dagbag.py:536} INFO - Filling up the DagBag from /home/airflow/.local/lib/python3.8/site-packages/airflow/example_dags/example_short_circuit_operator.py
[2023-10-13T16:19:37.790+0000] {processor.py:839} INFO - DAG(s) dict_keys(['example_short_circuit_operator']) retrieved from /home/airflow/.local/lib/python3.8/site-packages/airflow/example_dags/example_short_circuit_operator.py
[2023-10-13T16:19:37.815+0000] {logging_mixin.py:151} INFO - [2023-10-13T16:19:37.814+0000] {dag.py:2941} INFO - Sync 1 DAGs
[2023-10-13T16:19:37.835+0000] {logging_mixin.py:151} INFO - [2023-10-13T16:19:37.835+0000] {dag.py:3722} INFO - Setting next_dagrun for example_short_circuit_operator to 2023-10-12T16:19:37.835639+00:00, run_after=2023-10-13T16:19:37.835639+00:00
[2023-10-13T16:19:37.859+0000] {processor.py:179} INFO - Processing /home/airflow/.local/lib/python3.8/site-packages/airflow/example_dags/example_short_circuit_operator.py took 0.090 seconds
[2023-10-13T16:20:08.087+0000] {processor.py:157} INFO - Started process (PID=1358) to work on /home/airflow/.local/lib/python3.8/site-packages/airflow/example_dags/example_short_circuit_operator.py
[2023-10-13T16:20:08.108+0000] {processor.py:829} INFO - Processing file /home/airflow/.local/lib/python3.8/site-packages/airflow/example_dags/example_short_circuit_operator.py for tasks to queue
[2023-10-13T16:20:08.110+0000] {logging_mixin.py:151} INFO - [2023-10-13T16:20:08.109+0000] {dagbag.py:536} INFO - Filling up the DagBag from /home/airflow/.local/lib/python3.8/site-packages/airflow/example_dags/example_short_circuit_operator.py
[2023-10-13T16:20:08.129+0000] {processor.py:839} INFO - DAG(s) dict_keys(['example_short_circuit_operator']) retrieved from /home/airflow/.local/lib/python3.8/site-packages/airflow/example_dags/example_short_circuit_operator.py
[2023-10-13T16:20:08.158+0000] {logging_mixin.py:151} INFO - [2023-10-13T16:20:08.158+0000] {dag.py:2941} INFO - Sync 1 DAGs
[2023-10-13T16:20:08.176+0000] {logging_mixin.py:151} INFO - [2023-10-13T16:20:08.176+0000] {dag.py:3722} INFO - Setting next_dagrun for example_short_circuit_operator to 2023-10-12T16:20:08.175927+00:00, run_after=2023-10-13T16:20:08.175927+00:00
[2023-10-13T16:20:08.207+0000] {processor.py:179} INFO - Processing /home/airflow/.local/lib/python3.8/site-packages/airflow/example_dags/example_short_circuit_operator.py took 0.124 seconds
[2023-10-13T16:20:38.700+0000] {processor.py:157} INFO - Started process (PID=1596) to work on /home/airflow/.local/lib/python3.8/site-packages/airflow/example_dags/example_short_circuit_operator.py
[2023-10-13T16:20:38.734+0000] {processor.py:829} INFO - Processing file /home/airflow/.local/lib/python3.8/site-packages/airflow/example_dags/example_short_circuit_operator.py for tasks to queue
[2023-10-13T16:20:38.735+0000] {logging_mixin.py:151} INFO - [2023-10-13T16:20:38.734+0000] {dagbag.py:536} INFO - Filling up the DagBag from /home/airflow/.local/lib/python3.8/site-packages/airflow/example_dags/example_short_circuit_operator.py
[2023-10-13T16:20:38.744+0000] {processor.py:839} INFO - DAG(s) dict_keys(['example_short_circuit_operator']) retrieved from /home/airflow/.local/lib/python3.8/site-packages/airflow/example_dags/example_short_circuit_operator.py
[2023-10-13T16:20:38.765+0000] {logging_mixin.py:151} INFO - [2023-10-13T16:20:38.765+0000] {dag.py:2941} INFO - Sync 1 DAGs
[2023-10-13T16:20:38.790+0000] {logging_mixin.py:151} INFO - [2023-10-13T16:20:38.790+0000] {dag.py:3722} INFO - Setting next_dagrun for example_short_circuit_operator to 2023-10-12T16:20:38.790159+00:00, run_after=2023-10-13T16:20:38.790159+00:00
[2023-10-13T16:20:38.819+0000] {processor.py:179} INFO - Processing /home/airflow/.local/lib/python3.8/site-packages/airflow/example_dags/example_short_circuit_operator.py took 0.122 seconds
[2023-10-13T16:21:09.115+0000] {processor.py:157} INFO - Started process (PID=1834) to work on /home/airflow/.local/lib/python3.8/site-packages/airflow/example_dags/example_short_circuit_operator.py
[2023-10-13T16:21:09.156+0000] {processor.py:829} INFO - Processing file /home/airflow/.local/lib/python3.8/site-packages/airflow/example_dags/example_short_circuit_operator.py for tasks to queue
[2023-10-13T16:21:09.160+0000] {logging_mixin.py:151} INFO - [2023-10-13T16:21:09.159+0000] {dagbag.py:536} INFO - Filling up the DagBag from /home/airflow/.local/lib/python3.8/site-packages/airflow/example_dags/example_short_circuit_operator.py
[2023-10-13T16:21:09.198+0000] {processor.py:839} INFO - DAG(s) dict_keys(['example_short_circuit_operator']) retrieved from /home/airflow/.local/lib/python3.8/site-packages/airflow/example_dags/example_short_circuit_operator.py
[2023-10-13T16:21:09.281+0000] {logging_mixin.py:151} INFO - [2023-10-13T16:21:09.280+0000] {dag.py:2941} INFO - Sync 1 DAGs
[2023-10-13T16:21:09.333+0000] {logging_mixin.py:151} INFO - [2023-10-13T16:21:09.333+0000] {dag.py:3722} INFO - Setting next_dagrun for example_short_circuit_operator to 2023-10-12T16:21:09.333233+00:00, run_after=2023-10-13T16:21:09.333233+00:00
[2023-10-13T16:21:09.382+0000] {processor.py:179} INFO - Processing /home/airflow/.local/lib/python3.8/site-packages/airflow/example_dags/example_short_circuit_operator.py took 0.284 seconds
[2023-10-13T16:21:39.688+0000] {processor.py:157} INFO - Started process (PID=2073) to work on /home/airflow/.local/lib/python3.8/site-packages/airflow/example_dags/example_short_circuit_operator.py
[2023-10-13T16:21:39.728+0000] {processor.py:829} INFO - Processing file /home/airflow/.local/lib/python3.8/site-packages/airflow/example_dags/example_short_circuit_operator.py for tasks to queue
[2023-10-13T16:21:39.731+0000] {logging_mixin.py:151} INFO - [2023-10-13T16:21:39.730+0000] {dagbag.py:536} INFO - Filling up the DagBag from /home/airflow/.local/lib/python3.8/site-packages/airflow/example_dags/example_short_circuit_operator.py
[2023-10-13T16:21:39.770+0000] {processor.py:839} INFO - DAG(s) dict_keys(['example_short_circuit_operator']) retrieved from /home/airflow/.local/lib/python3.8/site-packages/airflow/example_dags/example_short_circuit_operator.py
[2023-10-13T16:21:39.817+0000] {logging_mixin.py:151} INFO - [2023-10-13T16:21:39.817+0000] {dag.py:2941} INFO - Sync 1 DAGs
[2023-10-13T16:21:39.844+0000] {logging_mixin.py:151} INFO - [2023-10-13T16:21:39.844+0000] {dag.py:3722} INFO - Setting next_dagrun for example_short_circuit_operator to 2023-10-12T16:21:39.844061+00:00, run_after=2023-10-13T16:21:39.844061+00:00
[2023-10-13T16:21:39.881+0000] {processor.py:179} INFO - Processing /home/airflow/.local/lib/python3.8/site-packages/airflow/example_dags/example_short_circuit_operator.py took 0.206 seconds
[2023-10-13T16:22:10.253+0000] {processor.py:157} INFO - Started process (PID=2312) to work on /home/airflow/.local/lib/python3.8/site-packages/airflow/example_dags/example_short_circuit_operator.py
[2023-10-13T16:22:10.268+0000] {processor.py:829} INFO - Processing file /home/airflow/.local/lib/python3.8/site-packages/airflow/example_dags/example_short_circuit_operator.py for tasks to queue
[2023-10-13T16:22:10.271+0000] {logging_mixin.py:151} INFO - [2023-10-13T16:22:10.270+0000] {dagbag.py:536} INFO - Filling up the DagBag from /home/airflow/.local/lib/python3.8/site-packages/airflow/example_dags/example_short_circuit_operator.py
[2023-10-13T16:22:10.308+0000] {processor.py:839} INFO - DAG(s) dict_keys(['example_short_circuit_operator']) retrieved from /home/airflow/.local/lib/python3.8/site-packages/airflow/example_dags/example_short_circuit_operator.py
[2023-10-13T16:22:10.360+0000] {logging_mixin.py:151} INFO - [2023-10-13T16:22:10.359+0000] {dag.py:2941} INFO - Sync 1 DAGs
[2023-10-13T16:22:10.409+0000] {logging_mixin.py:151} INFO - [2023-10-13T16:22:10.409+0000] {dag.py:3722} INFO - Setting next_dagrun for example_short_circuit_operator to 2023-10-12T16:22:10.408646+00:00, run_after=2023-10-13T16:22:10.408646+00:00
[2023-10-13T16:22:10.470+0000] {processor.py:179} INFO - Processing /home/airflow/.local/lib/python3.8/site-packages/airflow/example_dags/example_short_circuit_operator.py took 0.228 seconds
[2023-10-13T16:22:40.840+0000] {processor.py:157} INFO - Started process (PID=2550) to work on /home/airflow/.local/lib/python3.8/site-packages/airflow/example_dags/example_short_circuit_operator.py
[2023-10-13T16:22:40.880+0000] {processor.py:829} INFO - Processing file /home/airflow/.local/lib/python3.8/site-packages/airflow/example_dags/example_short_circuit_operator.py for tasks to queue
[2023-10-13T16:22:40.881+0000] {logging_mixin.py:151} INFO - [2023-10-13T16:22:40.881+0000] {dagbag.py:536} INFO - Filling up the DagBag from /home/airflow/.local/lib/python3.8/site-packages/airflow/example_dags/example_short_circuit_operator.py
[2023-10-13T16:22:40.889+0000] {processor.py:839} INFO - DAG(s) dict_keys(['example_short_circuit_operator']) retrieved from /home/airflow/.local/lib/python3.8/site-packages/airflow/example_dags/example_short_circuit_operator.py
[2023-10-13T16:22:40.911+0000] {logging_mixin.py:151} INFO - [2023-10-13T16:22:40.911+0000] {dag.py:2941} INFO - Sync 1 DAGs
[2023-10-13T16:22:40.930+0000] {logging_mixin.py:151} INFO - [2023-10-13T16:22:40.930+0000] {dag.py:3722} INFO - Setting next_dagrun for example_short_circuit_operator to 2023-10-12T16:22:40.929828+00:00, run_after=2023-10-13T16:22:40.929828+00:00
[2023-10-13T16:22:40.955+0000] {processor.py:179} INFO - Processing /home/airflow/.local/lib/python3.8/site-packages/airflow/example_dags/example_short_circuit_operator.py took 0.117 seconds
[2023-10-13T16:23:11.600+0000] {processor.py:157} INFO - Started process (PID=2852) to work on /home/airflow/.local/lib/python3.8/site-packages/airflow/example_dags/example_short_circuit_operator.py
[2023-10-13T16:23:11.629+0000] {processor.py:829} INFO - Processing file /home/airflow/.local/lib/python3.8/site-packages/airflow/example_dags/example_short_circuit_operator.py for tasks to queue
[2023-10-13T16:23:11.630+0000] {logging_mixin.py:151} INFO - [2023-10-13T16:23:11.630+0000] {dagbag.py:536} INFO - Filling up the DagBag from /home/airflow/.local/lib/python3.8/site-packages/airflow/example_dags/example_short_circuit_operator.py
[2023-10-13T16:23:11.636+0000] {processor.py:839} INFO - DAG(s) dict_keys(['example_short_circuit_operator']) retrieved from /home/airflow/.local/lib/python3.8/site-packages/airflow/example_dags/example_short_circuit_operator.py
[2023-10-13T16:23:11.655+0000] {logging_mixin.py:151} INFO - [2023-10-13T16:23:11.655+0000] {dag.py:2941} INFO - Sync 1 DAGs
[2023-10-13T16:23:11.672+0000] {logging_mixin.py:151} INFO - [2023-10-13T16:23:11.672+0000] {dag.py:3722} INFO - Setting next_dagrun for example_short_circuit_operator to 2023-10-12T16:23:11.672466+00:00, run_after=2023-10-13T16:23:11.672466+00:00
[2023-10-13T16:24:25.906+0000] {processor.py:157} INFO - Started process (PID=172) to work on /home/airflow/.local/lib/python3.8/site-packages/airflow/example_dags/example_short_circuit_operator.py
[2023-10-13T16:24:25.910+0000] {processor.py:829} INFO - Processing file /home/airflow/.local/lib/python3.8/site-packages/airflow/example_dags/example_short_circuit_operator.py for tasks to queue
[2023-10-13T16:24:25.910+0000] {logging_mixin.py:151} INFO - [2023-10-13T16:24:25.910+0000] {dagbag.py:536} INFO - Filling up the DagBag from /home/airflow/.local/lib/python3.8/site-packages/airflow/example_dags/example_short_circuit_operator.py
[2023-10-13T16:24:25.928+0000] {processor.py:839} INFO - DAG(s) dict_keys(['example_short_circuit_operator']) retrieved from /home/airflow/.local/lib/python3.8/site-packages/airflow/example_dags/example_short_circuit_operator.py
[2023-10-13T16:24:25.950+0000] {logging_mixin.py:151} INFO - [2023-10-13T16:24:25.949+0000] {dag.py:2941} INFO - Sync 1 DAGs
[2023-10-13T16:24:25.965+0000] {logging_mixin.py:151} INFO - [2023-10-13T16:24:25.965+0000] {dag.py:3722} INFO - Setting next_dagrun for example_short_circuit_operator to 2023-10-12T16:24:25.965008+00:00, run_after=2023-10-13T16:24:25.965008+00:00
[2023-10-13T16:24:25.982+0000] {processor.py:179} INFO - Processing /home/airflow/.local/lib/python3.8/site-packages/airflow/example_dags/example_short_circuit_operator.py took 0.080 seconds
[2023-10-13T16:24:56.473+0000] {processor.py:157} INFO - Started process (PID=422) to work on /home/airflow/.local/lib/python3.8/site-packages/airflow/example_dags/example_short_circuit_operator.py
[2023-10-13T16:24:56.504+0000] {processor.py:829} INFO - Processing file /home/airflow/.local/lib/python3.8/site-packages/airflow/example_dags/example_short_circuit_operator.py for tasks to queue
[2023-10-13T16:24:56.504+0000] {logging_mixin.py:151} INFO - [2023-10-13T16:24:56.504+0000] {dagbag.py:536} INFO - Filling up the DagBag from /home/airflow/.local/lib/python3.8/site-packages/airflow/example_dags/example_short_circuit_operator.py
[2023-10-13T16:24:56.510+0000] {processor.py:839} INFO - DAG(s) dict_keys(['example_short_circuit_operator']) retrieved from /home/airflow/.local/lib/python3.8/site-packages/airflow/example_dags/example_short_circuit_operator.py
[2023-10-13T16:24:56.528+0000] {logging_mixin.py:151} INFO - [2023-10-13T16:24:56.528+0000] {dag.py:2941} INFO - Sync 1 DAGs
[2023-10-13T16:24:56.550+0000] {logging_mixin.py:151} INFO - [2023-10-13T16:24:56.550+0000] {dag.py:3722} INFO - Setting next_dagrun for example_short_circuit_operator to 2023-10-12T16:24:56.549810+00:00, run_after=2023-10-13T16:24:56.549810+00:00
[2023-10-13T16:24:56.575+0000] {processor.py:179} INFO - Processing /home/airflow/.local/lib/python3.8/site-packages/airflow/example_dags/example_short_circuit_operator.py took 0.107 seconds
[2023-10-13T16:29:29.804+0000] {processor.py:157} INFO - Started process (PID=169) to work on /home/airflow/.local/lib/python3.8/site-packages/airflow/example_dags/example_short_circuit_operator.py
[2023-10-13T16:29:29.824+0000] {processor.py:829} INFO - Processing file /home/airflow/.local/lib/python3.8/site-packages/airflow/example_dags/example_short_circuit_operator.py for tasks to queue
[2023-10-13T16:29:29.825+0000] {logging_mixin.py:151} INFO - [2023-10-13T16:29:29.825+0000] {dagbag.py:536} INFO - Filling up the DagBag from /home/airflow/.local/lib/python3.8/site-packages/airflow/example_dags/example_short_circuit_operator.py
[2023-10-13T16:29:29.836+0000] {processor.py:839} INFO - DAG(s) dict_keys(['example_short_circuit_operator']) retrieved from /home/airflow/.local/lib/python3.8/site-packages/airflow/example_dags/example_short_circuit_operator.py
[2023-10-13T16:29:29.856+0000] {logging_mixin.py:151} INFO - [2023-10-13T16:29:29.855+0000] {dag.py:2941} INFO - Sync 1 DAGs
[2023-10-13T16:29:29.871+0000] {logging_mixin.py:151} INFO - [2023-10-13T16:29:29.871+0000] {dag.py:3722} INFO - Setting next_dagrun for example_short_circuit_operator to 2023-10-12T16:29:29.871236+00:00, run_after=2023-10-13T16:29:29.871236+00:00
[2023-10-13T16:29:29.933+0000] {processor.py:179} INFO - Processing /home/airflow/.local/lib/python3.8/site-packages/airflow/example_dags/example_short_circuit_operator.py took 0.131 seconds
[2023-10-13T16:30:00.088+0000] {processor.py:157} INFO - Started process (PID=407) to work on /home/airflow/.local/lib/python3.8/site-packages/airflow/example_dags/example_short_circuit_operator.py
[2023-10-13T16:30:00.089+0000] {processor.py:829} INFO - Processing file /home/airflow/.local/lib/python3.8/site-packages/airflow/example_dags/example_short_circuit_operator.py for tasks to queue
[2023-10-13T16:30:00.090+0000] {logging_mixin.py:151} INFO - [2023-10-13T16:30:00.090+0000] {dagbag.py:536} INFO - Filling up the DagBag from /home/airflow/.local/lib/python3.8/site-packages/airflow/example_dags/example_short_circuit_operator.py
[2023-10-13T16:30:00.100+0000] {processor.py:839} INFO - DAG(s) dict_keys(['example_short_circuit_operator']) retrieved from /home/airflow/.local/lib/python3.8/site-packages/airflow/example_dags/example_short_circuit_operator.py
[2023-10-13T16:30:00.119+0000] {logging_mixin.py:151} INFO - [2023-10-13T16:30:00.119+0000] {dag.py:2941} INFO - Sync 1 DAGs
[2023-10-13T16:30:00.136+0000] {logging_mixin.py:151} INFO - [2023-10-13T16:30:00.136+0000] {dag.py:3722} INFO - Setting next_dagrun for example_short_circuit_operator to 2023-10-12T16:30:00.136248+00:00, run_after=2023-10-13T16:30:00.136248+00:00
[2023-10-13T16:30:00.152+0000] {processor.py:179} INFO - Processing /home/airflow/.local/lib/python3.8/site-packages/airflow/example_dags/example_short_circuit_operator.py took 0.069 seconds
[2023-10-13T16:30:30.536+0000] {processor.py:157} INFO - Started process (PID=644) to work on /home/airflow/.local/lib/python3.8/site-packages/airflow/example_dags/example_short_circuit_operator.py
[2023-10-13T16:30:30.536+0000] {processor.py:829} INFO - Processing file /home/airflow/.local/lib/python3.8/site-packages/airflow/example_dags/example_short_circuit_operator.py for tasks to queue
[2023-10-13T16:30:30.537+0000] {logging_mixin.py:151} INFO - [2023-10-13T16:30:30.537+0000] {dagbag.py:536} INFO - Filling up the DagBag from /home/airflow/.local/lib/python3.8/site-packages/airflow/example_dags/example_short_circuit_operator.py
[2023-10-13T16:30:30.545+0000] {processor.py:839} INFO - DAG(s) dict_keys(['example_short_circuit_operator']) retrieved from /home/airflow/.local/lib/python3.8/site-packages/airflow/example_dags/example_short_circuit_operator.py
[2023-10-13T16:30:30.564+0000] {logging_mixin.py:151} INFO - [2023-10-13T16:30:30.564+0000] {dag.py:2941} INFO - Sync 1 DAGs
[2023-10-13T16:30:30.581+0000] {logging_mixin.py:151} INFO - [2023-10-13T16:30:30.581+0000] {dag.py:3722} INFO - Setting next_dagrun for example_short_circuit_operator to 2023-10-12T16:30:30.581286+00:00, run_after=2023-10-13T16:30:30.581286+00:00
[2023-10-13T16:30:30.703+0000] {processor.py:179} INFO - Processing /home/airflow/.local/lib/python3.8/site-packages/airflow/example_dags/example_short_circuit_operator.py took 0.170 seconds
