[2023-10-13T16:17:36.927+0000] {processor.py:157} INFO - Started process (PID=184) to work on /home/airflow/.local/lib/python3.8/site-packages/airflow/example_dags/example_dag_decorator.py
[2023-10-13T16:17:36.928+0000] {processor.py:829} INFO - Processing file /home/airflow/.local/lib/python3.8/site-packages/airflow/example_dags/example_dag_decorator.py for tasks to queue
[2023-10-13T16:17:36.929+0000] {logging_mixin.py:151} INFO - [2023-10-13T16:17:36.928+0000] {dagbag.py:536} INFO - Filling up the DagBag from /home/airflow/.local/lib/python3.8/site-packages/airflow/example_dags/example_dag_decorator.py
[2023-10-13T16:17:37.045+0000] {processor.py:839} INFO - DAG(s) dict_keys(['example_dag_decorator']) retrieved from /home/airflow/.local/lib/python3.8/site-packages/airflow/example_dags/example_dag_decorator.py
[2023-10-13T16:17:37.053+0000] {logging_mixin.py:151} INFO - [2023-10-13T16:17:37.053+0000] {dag.py:2941} INFO - Sync 1 DAGs
[2023-10-13T16:17:37.062+0000] {logging_mixin.py:151} INFO - [2023-10-13T16:17:37.062+0000] {dag.py:3722} INFO - Setting next_dagrun for example_dag_decorator to None, run_after=None
[2023-10-13T16:17:37.084+0000] {processor.py:179} INFO - Processing /home/airflow/.local/lib/python3.8/site-packages/airflow/example_dags/example_dag_decorator.py took 0.161 seconds
[2023-10-13T16:18:07.177+0000] {processor.py:157} INFO - Started process (PID=425) to work on /home/airflow/.local/lib/python3.8/site-packages/airflow/example_dags/example_dag_decorator.py
[2023-10-13T16:18:07.178+0000] {processor.py:829} INFO - Processing file /home/airflow/.local/lib/python3.8/site-packages/airflow/example_dags/example_dag_decorator.py for tasks to queue
[2023-10-13T16:18:07.179+0000] {logging_mixin.py:151} INFO - [2023-10-13T16:18:07.179+0000] {dagbag.py:536} INFO - Filling up the DagBag from /home/airflow/.local/lib/python3.8/site-packages/airflow/example_dags/example_dag_decorator.py
[2023-10-13T16:18:07.231+0000] {processor.py:839} INFO - DAG(s) dict_keys(['example_dag_decorator']) retrieved from /home/airflow/.local/lib/python3.8/site-packages/airflow/example_dags/example_dag_decorator.py
[2023-10-13T16:18:07.372+0000] {logging_mixin.py:151} INFO - [2023-10-13T16:18:07.372+0000] {dag.py:2941} INFO - Sync 1 DAGs
[2023-10-13T16:18:07.380+0000] {logging_mixin.py:151} INFO - [2023-10-13T16:18:07.379+0000] {dag.py:3722} INFO - Setting next_dagrun for example_dag_decorator to None, run_after=None
[2023-10-13T16:18:07.400+0000] {processor.py:179} INFO - Processing /home/airflow/.local/lib/python3.8/site-packages/airflow/example_dags/example_dag_decorator.py took 0.227 seconds
[2023-10-13T16:18:37.425+0000] {processor.py:157} INFO - Started process (PID=664) to work on /home/airflow/.local/lib/python3.8/site-packages/airflow/example_dags/example_dag_decorator.py
[2023-10-13T16:18:37.426+0000] {processor.py:829} INFO - Processing file /home/airflow/.local/lib/python3.8/site-packages/airflow/example_dags/example_dag_decorator.py for tasks to queue
[2023-10-13T16:18:37.427+0000] {logging_mixin.py:151} INFO - [2023-10-13T16:18:37.426+0000] {dagbag.py:536} INFO - Filling up the DagBag from /home/airflow/.local/lib/python3.8/site-packages/airflow/example_dags/example_dag_decorator.py
[2023-10-13T16:18:37.479+0000] {processor.py:839} INFO - DAG(s) dict_keys(['example_dag_decorator']) retrieved from /home/airflow/.local/lib/python3.8/site-packages/airflow/example_dags/example_dag_decorator.py
[2023-10-13T16:18:37.560+0000] {logging_mixin.py:151} INFO - [2023-10-13T16:18:37.560+0000] {dag.py:2941} INFO - Sync 1 DAGs
[2023-10-13T16:18:37.568+0000] {logging_mixin.py:151} INFO - [2023-10-13T16:18:37.568+0000] {dag.py:3722} INFO - Setting next_dagrun for example_dag_decorator to None, run_after=None
[2023-10-13T16:18:37.596+0000] {processor.py:179} INFO - Processing /home/airflow/.local/lib/python3.8/site-packages/airflow/example_dags/example_dag_decorator.py took 0.173 seconds
[2023-10-13T16:19:07.690+0000] {processor.py:157} INFO - Started process (PID=911) to work on /home/airflow/.local/lib/python3.8/site-packages/airflow/example_dags/example_dag_decorator.py
[2023-10-13T16:19:07.691+0000] {processor.py:829} INFO - Processing file /home/airflow/.local/lib/python3.8/site-packages/airflow/example_dags/example_dag_decorator.py for tasks to queue
[2023-10-13T16:19:07.692+0000] {logging_mixin.py:151} INFO - [2023-10-13T16:19:07.691+0000] {dagbag.py:536} INFO - Filling up the DagBag from /home/airflow/.local/lib/python3.8/site-packages/airflow/example_dags/example_dag_decorator.py
[2023-10-13T16:19:07.746+0000] {processor.py:839} INFO - DAG(s) dict_keys(['example_dag_decorator']) retrieved from /home/airflow/.local/lib/python3.8/site-packages/airflow/example_dags/example_dag_decorator.py
[2023-10-13T16:19:07.824+0000] {logging_mixin.py:151} INFO - [2023-10-13T16:19:07.824+0000] {dag.py:2941} INFO - Sync 1 DAGs
[2023-10-13T16:19:07.832+0000] {logging_mixin.py:151} INFO - [2023-10-13T16:19:07.832+0000] {dag.py:3722} INFO - Setting next_dagrun for example_dag_decorator to None, run_after=None
[2023-10-13T16:19:07.857+0000] {processor.py:179} INFO - Processing /home/airflow/.local/lib/python3.8/site-packages/airflow/example_dags/example_dag_decorator.py took 0.169 seconds
[2023-10-13T16:19:38.089+0000] {processor.py:157} INFO - Started process (PID=1151) to work on /home/airflow/.local/lib/python3.8/site-packages/airflow/example_dags/example_dag_decorator.py
[2023-10-13T16:19:38.090+0000] {processor.py:829} INFO - Processing file /home/airflow/.local/lib/python3.8/site-packages/airflow/example_dags/example_dag_decorator.py for tasks to queue
[2023-10-13T16:19:38.091+0000] {logging_mixin.py:151} INFO - [2023-10-13T16:19:38.090+0000] {dagbag.py:536} INFO - Filling up the DagBag from /home/airflow/.local/lib/python3.8/site-packages/airflow/example_dags/example_dag_decorator.py
[2023-10-13T16:19:38.143+0000] {processor.py:839} INFO - DAG(s) dict_keys(['example_dag_decorator']) retrieved from /home/airflow/.local/lib/python3.8/site-packages/airflow/example_dags/example_dag_decorator.py
[2023-10-13T16:19:38.221+0000] {logging_mixin.py:151} INFO - [2023-10-13T16:19:38.220+0000] {dag.py:2941} INFO - Sync 1 DAGs
[2023-10-13T16:19:38.228+0000] {logging_mixin.py:151} INFO - [2023-10-13T16:19:38.228+0000] {dag.py:3722} INFO - Setting next_dagrun for example_dag_decorator to None, run_after=None
[2023-10-13T16:19:38.249+0000] {processor.py:179} INFO - Processing /home/airflow/.local/lib/python3.8/site-packages/airflow/example_dags/example_dag_decorator.py took 0.162 seconds
[2023-10-13T16:20:08.312+0000] {processor.py:157} INFO - Started process (PID=1377) to work on /home/airflow/.local/lib/python3.8/site-packages/airflow/example_dags/example_dag_decorator.py
[2023-10-13T16:20:08.313+0000] {processor.py:829} INFO - Processing file /home/airflow/.local/lib/python3.8/site-packages/airflow/example_dags/example_dag_decorator.py for tasks to queue
[2023-10-13T16:20:08.313+0000] {logging_mixin.py:151} INFO - [2023-10-13T16:20:08.313+0000] {dagbag.py:536} INFO - Filling up the DagBag from /home/airflow/.local/lib/python3.8/site-packages/airflow/example_dags/example_dag_decorator.py
[2023-10-13T16:20:08.368+0000] {processor.py:839} INFO - DAG(s) dict_keys(['example_dag_decorator']) retrieved from /home/airflow/.local/lib/python3.8/site-packages/airflow/example_dags/example_dag_decorator.py
[2023-10-13T16:20:08.451+0000] {logging_mixin.py:151} INFO - [2023-10-13T16:20:08.451+0000] {dag.py:2941} INFO - Sync 1 DAGs
[2023-10-13T16:20:08.459+0000] {logging_mixin.py:151} INFO - [2023-10-13T16:20:08.459+0000] {dag.py:3722} INFO - Setting next_dagrun for example_dag_decorator to None, run_after=None
[2023-10-13T16:20:08.495+0000] {processor.py:179} INFO - Processing /home/airflow/.local/lib/python3.8/site-packages/airflow/example_dags/example_dag_decorator.py took 0.185 seconds
[2023-10-13T16:20:38.956+0000] {processor.py:157} INFO - Started process (PID=1611) to work on /home/airflow/.local/lib/python3.8/site-packages/airflow/example_dags/example_dag_decorator.py
[2023-10-13T16:20:38.968+0000] {processor.py:829} INFO - Processing file /home/airflow/.local/lib/python3.8/site-packages/airflow/example_dags/example_dag_decorator.py for tasks to queue
[2023-10-13T16:20:38.969+0000] {logging_mixin.py:151} INFO - [2023-10-13T16:20:38.968+0000] {dagbag.py:536} INFO - Filling up the DagBag from /home/airflow/.local/lib/python3.8/site-packages/airflow/example_dags/example_dag_decorator.py
[2023-10-13T16:20:39.060+0000] {processor.py:839} INFO - DAG(s) dict_keys(['example_dag_decorator']) retrieved from /home/airflow/.local/lib/python3.8/site-packages/airflow/example_dags/example_dag_decorator.py
[2023-10-13T16:20:39.182+0000] {logging_mixin.py:151} INFO - [2023-10-13T16:20:39.182+0000] {dag.py:2941} INFO - Sync 1 DAGs
[2023-10-13T16:20:39.197+0000] {logging_mixin.py:151} INFO - [2023-10-13T16:20:39.197+0000] {dag.py:3722} INFO - Setting next_dagrun for example_dag_decorator to None, run_after=None
[2023-10-13T16:20:39.235+0000] {processor.py:179} INFO - Processing /home/airflow/.local/lib/python3.8/site-packages/airflow/example_dags/example_dag_decorator.py took 0.283 seconds
[2023-10-13T16:21:09.634+0000] {processor.py:157} INFO - Started process (PID=1854) to work on /home/airflow/.local/lib/python3.8/site-packages/airflow/example_dags/example_dag_decorator.py
[2023-10-13T16:21:09.645+0000] {processor.py:829} INFO - Processing file /home/airflow/.local/lib/python3.8/site-packages/airflow/example_dags/example_dag_decorator.py for tasks to queue
[2023-10-13T16:21:09.647+0000] {logging_mixin.py:151} INFO - [2023-10-13T16:21:09.646+0000] {dagbag.py:536} INFO - Filling up the DagBag from /home/airflow/.local/lib/python3.8/site-packages/airflow/example_dags/example_dag_decorator.py
[2023-10-13T16:21:09.788+0000] {processor.py:839} INFO - DAG(s) dict_keys(['example_dag_decorator']) retrieved from /home/airflow/.local/lib/python3.8/site-packages/airflow/example_dags/example_dag_decorator.py
[2023-10-13T16:21:09.886+0000] {logging_mixin.py:151} INFO - [2023-10-13T16:21:09.886+0000] {dag.py:2941} INFO - Sync 1 DAGs
[2023-10-13T16:21:09.895+0000] {logging_mixin.py:151} INFO - [2023-10-13T16:21:09.895+0000] {dag.py:3722} INFO - Setting next_dagrun for example_dag_decorator to None, run_after=None
[2023-10-13T16:21:09.958+0000] {processor.py:179} INFO - Processing /home/airflow/.local/lib/python3.8/site-packages/airflow/example_dags/example_dag_decorator.py took 0.332 seconds
[2023-10-13T16:21:40.011+0000] {processor.py:157} INFO - Started process (PID=2093) to work on /home/airflow/.local/lib/python3.8/site-packages/airflow/example_dags/example_dag_decorator.py
[2023-10-13T16:21:40.016+0000] {processor.py:829} INFO - Processing file /home/airflow/.local/lib/python3.8/site-packages/airflow/example_dags/example_dag_decorator.py for tasks to queue
[2023-10-13T16:21:40.017+0000] {logging_mixin.py:151} INFO - [2023-10-13T16:21:40.017+0000] {dagbag.py:536} INFO - Filling up the DagBag from /home/airflow/.local/lib/python3.8/site-packages/airflow/example_dags/example_dag_decorator.py
[2023-10-13T16:21:40.083+0000] {processor.py:839} INFO - DAG(s) dict_keys(['example_dag_decorator']) retrieved from /home/airflow/.local/lib/python3.8/site-packages/airflow/example_dags/example_dag_decorator.py
[2023-10-13T16:21:40.169+0000] {logging_mixin.py:151} INFO - [2023-10-13T16:21:40.169+0000] {dag.py:2941} INFO - Sync 1 DAGs
[2023-10-13T16:21:40.178+0000] {logging_mixin.py:151} INFO - [2023-10-13T16:21:40.178+0000] {dag.py:3722} INFO - Setting next_dagrun for example_dag_decorator to None, run_after=None
[2023-10-13T16:21:40.242+0000] {processor.py:179} INFO - Processing /home/airflow/.local/lib/python3.8/site-packages/airflow/example_dags/example_dag_decorator.py took 0.235 seconds
[2023-10-13T16:22:10.671+0000] {processor.py:157} INFO - Started process (PID=2332) to work on /home/airflow/.local/lib/python3.8/site-packages/airflow/example_dags/example_dag_decorator.py
[2023-10-13T16:22:10.671+0000] {processor.py:829} INFO - Processing file /home/airflow/.local/lib/python3.8/site-packages/airflow/example_dags/example_dag_decorator.py for tasks to queue
[2023-10-13T16:22:10.672+0000] {logging_mixin.py:151} INFO - [2023-10-13T16:22:10.672+0000] {dagbag.py:536} INFO - Filling up the DagBag from /home/airflow/.local/lib/python3.8/site-packages/airflow/example_dags/example_dag_decorator.py
[2023-10-13T16:22:10.733+0000] {processor.py:839} INFO - DAG(s) dict_keys(['example_dag_decorator']) retrieved from /home/airflow/.local/lib/python3.8/site-packages/airflow/example_dags/example_dag_decorator.py
[2023-10-13T16:22:10.825+0000] {logging_mixin.py:151} INFO - [2023-10-13T16:22:10.825+0000] {dag.py:2941} INFO - Sync 1 DAGs
[2023-10-13T16:22:10.836+0000] {logging_mixin.py:151} INFO - [2023-10-13T16:22:10.836+0000] {dag.py:3722} INFO - Setting next_dagrun for example_dag_decorator to None, run_after=None
[2023-10-13T16:22:10.874+0000] {processor.py:179} INFO - Processing /home/airflow/.local/lib/python3.8/site-packages/airflow/example_dags/example_dag_decorator.py took 0.206 seconds
[2023-10-13T16:22:41.063+0000] {processor.py:157} INFO - Started process (PID=2570) to work on /home/airflow/.local/lib/python3.8/site-packages/airflow/example_dags/example_dag_decorator.py
[2023-10-13T16:22:41.069+0000] {processor.py:829} INFO - Processing file /home/airflow/.local/lib/python3.8/site-packages/airflow/example_dags/example_dag_decorator.py for tasks to queue
[2023-10-13T16:22:41.070+0000] {logging_mixin.py:151} INFO - [2023-10-13T16:22:41.069+0000] {dagbag.py:536} INFO - Filling up the DagBag from /home/airflow/.local/lib/python3.8/site-packages/airflow/example_dags/example_dag_decorator.py
[2023-10-13T16:22:41.123+0000] {processor.py:839} INFO - DAG(s) dict_keys(['example_dag_decorator']) retrieved from /home/airflow/.local/lib/python3.8/site-packages/airflow/example_dags/example_dag_decorator.py
[2023-10-13T16:22:41.212+0000] {logging_mixin.py:151} INFO - [2023-10-13T16:22:41.212+0000] {dag.py:2941} INFO - Sync 1 DAGs
[2023-10-13T16:22:41.220+0000] {logging_mixin.py:151} INFO - [2023-10-13T16:22:41.219+0000] {dag.py:3722} INFO - Setting next_dagrun for example_dag_decorator to None, run_after=None
[2023-10-13T16:22:41.246+0000] {processor.py:179} INFO - Processing /home/airflow/.local/lib/python3.8/site-packages/airflow/example_dags/example_dag_decorator.py took 0.186 seconds
[2023-10-13T16:24:26.084+0000] {processor.py:157} INFO - Started process (PID=187) to work on /home/airflow/.local/lib/python3.8/site-packages/airflow/example_dags/example_dag_decorator.py
[2023-10-13T16:24:26.098+0000] {processor.py:829} INFO - Processing file /home/airflow/.local/lib/python3.8/site-packages/airflow/example_dags/example_dag_decorator.py for tasks to queue
[2023-10-13T16:24:26.098+0000] {logging_mixin.py:151} INFO - [2023-10-13T16:24:26.098+0000] {dagbag.py:536} INFO - Filling up the DagBag from /home/airflow/.local/lib/python3.8/site-packages/airflow/example_dags/example_dag_decorator.py
[2023-10-13T16:24:26.210+0000] {processor.py:839} INFO - DAG(s) dict_keys(['example_dag_decorator']) retrieved from /home/airflow/.local/lib/python3.8/site-packages/airflow/example_dags/example_dag_decorator.py
[2023-10-13T16:24:26.219+0000] {logging_mixin.py:151} INFO - [2023-10-13T16:24:26.219+0000] {dag.py:2941} INFO - Sync 1 DAGs
[2023-10-13T16:24:26.229+0000] {logging_mixin.py:151} INFO - [2023-10-13T16:24:26.229+0000] {dag.py:3722} INFO - Setting next_dagrun for example_dag_decorator to None, run_after=None
[2023-10-13T16:24:26.250+0000] {processor.py:179} INFO - Processing /home/airflow/.local/lib/python3.8/site-packages/airflow/example_dags/example_dag_decorator.py took 0.168 seconds
[2023-10-13T16:24:56.596+0000] {processor.py:157} INFO - Started process (PID=435) to work on /home/airflow/.local/lib/python3.8/site-packages/airflow/example_dags/example_dag_decorator.py
[2023-10-13T16:24:56.604+0000] {processor.py:829} INFO - Processing file /home/airflow/.local/lib/python3.8/site-packages/airflow/example_dags/example_dag_decorator.py for tasks to queue
[2023-10-13T16:24:56.604+0000] {logging_mixin.py:151} INFO - [2023-10-13T16:24:56.604+0000] {dagbag.py:536} INFO - Filling up the DagBag from /home/airflow/.local/lib/python3.8/site-packages/airflow/example_dags/example_dag_decorator.py
[2023-10-13T16:24:56.656+0000] {processor.py:839} INFO - DAG(s) dict_keys(['example_dag_decorator']) retrieved from /home/airflow/.local/lib/python3.8/site-packages/airflow/example_dags/example_dag_decorator.py
[2023-10-13T16:24:56.800+0000] {logging_mixin.py:151} INFO - [2023-10-13T16:24:56.800+0000] {dag.py:2941} INFO - Sync 1 DAGs
[2023-10-13T16:24:56.808+0000] {logging_mixin.py:151} INFO - [2023-10-13T16:24:56.808+0000] {dag.py:3722} INFO - Setting next_dagrun for example_dag_decorator to None, run_after=None
[2023-10-13T16:24:56.830+0000] {processor.py:179} INFO - Processing /home/airflow/.local/lib/python3.8/site-packages/airflow/example_dags/example_dag_decorator.py took 0.236 seconds
[2023-10-13T16:29:29.964+0000] {processor.py:157} INFO - Started process (PID=182) to work on /home/airflow/.local/lib/python3.8/site-packages/airflow/example_dags/example_dag_decorator.py
[2023-10-13T16:29:29.983+0000] {processor.py:829} INFO - Processing file /home/airflow/.local/lib/python3.8/site-packages/airflow/example_dags/example_dag_decorator.py for tasks to queue
[2023-10-13T16:29:29.984+0000] {logging_mixin.py:151} INFO - [2023-10-13T16:29:29.984+0000] {dagbag.py:536} INFO - Filling up the DagBag from /home/airflow/.local/lib/python3.8/site-packages/airflow/example_dags/example_dag_decorator.py
[2023-10-13T16:29:30.153+0000] {processor.py:839} INFO - DAG(s) dict_keys(['example_dag_decorator']) retrieved from /home/airflow/.local/lib/python3.8/site-packages/airflow/example_dags/example_dag_decorator.py
[2023-10-13T16:29:30.161+0000] {logging_mixin.py:151} INFO - [2023-10-13T16:29:30.161+0000] {dag.py:2941} INFO - Sync 1 DAGs
[2023-10-13T16:29:30.171+0000] {logging_mixin.py:151} INFO - [2023-10-13T16:29:30.171+0000] {dag.py:3722} INFO - Setting next_dagrun for example_dag_decorator to None, run_after=None
[2023-10-13T16:29:30.208+0000] {processor.py:179} INFO - Processing /home/airflow/.local/lib/python3.8/site-packages/airflow/example_dags/example_dag_decorator.py took 0.246 seconds
[2023-10-13T16:30:00.258+0000] {processor.py:157} INFO - Started process (PID=422) to work on /home/airflow/.local/lib/python3.8/site-packages/airflow/example_dags/example_dag_decorator.py
[2023-10-13T16:30:00.258+0000] {processor.py:829} INFO - Processing file /home/airflow/.local/lib/python3.8/site-packages/airflow/example_dags/example_dag_decorator.py for tasks to queue
[2023-10-13T16:30:00.259+0000] {logging_mixin.py:151} INFO - [2023-10-13T16:30:00.259+0000] {dagbag.py:536} INFO - Filling up the DagBag from /home/airflow/.local/lib/python3.8/site-packages/airflow/example_dags/example_dag_decorator.py
[2023-10-13T16:30:00.311+0000] {processor.py:839} INFO - DAG(s) dict_keys(['example_dag_decorator']) retrieved from /home/airflow/.local/lib/python3.8/site-packages/airflow/example_dags/example_dag_decorator.py
[2023-10-13T16:30:00.459+0000] {logging_mixin.py:151} INFO - [2023-10-13T16:30:00.458+0000] {dag.py:2941} INFO - Sync 1 DAGs
[2023-10-13T16:30:00.466+0000] {logging_mixin.py:151} INFO - [2023-10-13T16:30:00.466+0000] {dag.py:3722} INFO - Setting next_dagrun for example_dag_decorator to None, run_after=None
[2023-10-13T16:30:00.486+0000] {processor.py:179} INFO - Processing /home/airflow/.local/lib/python3.8/site-packages/airflow/example_dags/example_dag_decorator.py took 0.230 seconds
[2023-10-13T16:30:30.818+0000] {processor.py:157} INFO - Started process (PID=659) to work on /home/airflow/.local/lib/python3.8/site-packages/airflow/example_dags/example_dag_decorator.py
[2023-10-13T16:30:30.819+0000] {processor.py:829} INFO - Processing file /home/airflow/.local/lib/python3.8/site-packages/airflow/example_dags/example_dag_decorator.py for tasks to queue
[2023-10-13T16:30:30.819+0000] {logging_mixin.py:151} INFO - [2023-10-13T16:30:30.819+0000] {dagbag.py:536} INFO - Filling up the DagBag from /home/airflow/.local/lib/python3.8/site-packages/airflow/example_dags/example_dag_decorator.py
[2023-10-13T16:30:30.871+0000] {processor.py:839} INFO - DAG(s) dict_keys(['example_dag_decorator']) retrieved from /home/airflow/.local/lib/python3.8/site-packages/airflow/example_dags/example_dag_decorator.py
[2023-10-13T16:30:30.950+0000] {logging_mixin.py:151} INFO - [2023-10-13T16:30:30.949+0000] {dag.py:2941} INFO - Sync 1 DAGs
[2023-10-13T16:30:30.958+0000] {logging_mixin.py:151} INFO - [2023-10-13T16:30:30.958+0000] {dag.py:3722} INFO - Setting next_dagrun for example_dag_decorator to None, run_after=None
[2023-10-13T16:30:30.979+0000] {processor.py:179} INFO - Processing /home/airflow/.local/lib/python3.8/site-packages/airflow/example_dags/example_dag_decorator.py took 0.163 seconds
