[2023-10-13T16:17:38.488+0000] {processor.py:157} INFO - Started process (PID=357) to work on /home/airflow/.local/lib/python3.8/site-packages/airflow/example_dags/example_branch_operator_decorator.py
[2023-10-13T16:17:38.488+0000] {processor.py:829} INFO - Processing file /home/airflow/.local/lib/python3.8/site-packages/airflow/example_dags/example_branch_operator_decorator.py for tasks to queue
[2023-10-13T16:17:38.489+0000] {logging_mixin.py:151} INFO - [2023-10-13T16:17:38.489+0000] {dagbag.py:536} INFO - Filling up the DagBag from /home/airflow/.local/lib/python3.8/site-packages/airflow/example_dags/example_branch_operator_decorator.py
[2023-10-13T16:17:38.497+0000] {processor.py:839} INFO - DAG(s) dict_keys(['example_branch_python_operator_decorator']) retrieved from /home/airflow/.local/lib/python3.8/site-packages/airflow/example_dags/example_branch_operator_decorator.py
[2023-10-13T16:17:38.506+0000] {logging_mixin.py:151} INFO - [2023-10-13T16:17:38.505+0000] {dag.py:2941} INFO - Sync 1 DAGs
[2023-10-13T16:17:38.524+0000] {logging_mixin.py:151} INFO - [2023-10-13T16:17:38.523+0000] {dag.py:3722} INFO - Setting next_dagrun for example_branch_python_operator_decorator to 2023-10-12T00:00:00+00:00, run_after=2023-10-13T00:00:00+00:00
[2023-10-13T16:17:38.546+0000] {processor.py:179} INFO - Processing /home/airflow/.local/lib/python3.8/site-packages/airflow/example_dags/example_branch_operator_decorator.py took 0.060 seconds
[2023-10-13T16:18:08.715+0000] {processor.py:157} INFO - Started process (PID=595) to work on /home/airflow/.local/lib/python3.8/site-packages/airflow/example_dags/example_branch_operator_decorator.py
[2023-10-13T16:18:08.716+0000] {processor.py:829} INFO - Processing file /home/airflow/.local/lib/python3.8/site-packages/airflow/example_dags/example_branch_operator_decorator.py for tasks to queue
[2023-10-13T16:18:08.717+0000] {logging_mixin.py:151} INFO - [2023-10-13T16:18:08.716+0000] {dagbag.py:536} INFO - Filling up the DagBag from /home/airflow/.local/lib/python3.8/site-packages/airflow/example_dags/example_branch_operator_decorator.py
[2023-10-13T16:18:08.724+0000] {processor.py:839} INFO - DAG(s) dict_keys(['example_branch_python_operator_decorator']) retrieved from /home/airflow/.local/lib/python3.8/site-packages/airflow/example_dags/example_branch_operator_decorator.py
[2023-10-13T16:18:08.742+0000] {logging_mixin.py:151} INFO - [2023-10-13T16:18:08.742+0000] {dag.py:2941} INFO - Sync 1 DAGs
[2023-10-13T16:18:08.761+0000] {logging_mixin.py:151} INFO - [2023-10-13T16:18:08.761+0000] {dag.py:3722} INFO - Setting next_dagrun for example_branch_python_operator_decorator to 2023-10-12T00:00:00+00:00, run_after=2023-10-13T00:00:00+00:00
[2023-10-13T16:18:08.785+0000] {processor.py:179} INFO - Processing /home/airflow/.local/lib/python3.8/site-packages/airflow/example_dags/example_branch_operator_decorator.py took 0.072 seconds
[2023-10-13T16:18:38.944+0000] {processor.py:157} INFO - Started process (PID=833) to work on /home/airflow/.local/lib/python3.8/site-packages/airflow/example_dags/example_branch_operator_decorator.py
[2023-10-13T16:18:38.945+0000] {processor.py:829} INFO - Processing file /home/airflow/.local/lib/python3.8/site-packages/airflow/example_dags/example_branch_operator_decorator.py for tasks to queue
[2023-10-13T16:18:38.945+0000] {logging_mixin.py:151} INFO - [2023-10-13T16:18:38.945+0000] {dagbag.py:536} INFO - Filling up the DagBag from /home/airflow/.local/lib/python3.8/site-packages/airflow/example_dags/example_branch_operator_decorator.py
[2023-10-13T16:18:38.955+0000] {processor.py:839} INFO - DAG(s) dict_keys(['example_branch_python_operator_decorator']) retrieved from /home/airflow/.local/lib/python3.8/site-packages/airflow/example_dags/example_branch_operator_decorator.py
[2023-10-13T16:18:38.973+0000] {logging_mixin.py:151} INFO - [2023-10-13T16:18:38.973+0000] {dag.py:2941} INFO - Sync 1 DAGs
[2023-10-13T16:18:38.990+0000] {logging_mixin.py:151} INFO - [2023-10-13T16:18:38.990+0000] {dag.py:3722} INFO - Setting next_dagrun for example_branch_python_operator_decorator to 2023-10-12T00:00:00+00:00, run_after=2023-10-13T00:00:00+00:00
[2023-10-13T16:18:39.014+0000] {processor.py:179} INFO - Processing /home/airflow/.local/lib/python3.8/site-packages/airflow/example_dags/example_branch_operator_decorator.py took 0.072 seconds
[2023-10-13T16:19:09.226+0000] {processor.py:157} INFO - Started process (PID=1071) to work on /home/airflow/.local/lib/python3.8/site-packages/airflow/example_dags/example_branch_operator_decorator.py
[2023-10-13T16:19:09.226+0000] {processor.py:829} INFO - Processing file /home/airflow/.local/lib/python3.8/site-packages/airflow/example_dags/example_branch_operator_decorator.py for tasks to queue
[2023-10-13T16:19:09.227+0000] {logging_mixin.py:151} INFO - [2023-10-13T16:19:09.227+0000] {dagbag.py:536} INFO - Filling up the DagBag from /home/airflow/.local/lib/python3.8/site-packages/airflow/example_dags/example_branch_operator_decorator.py
[2023-10-13T16:19:09.235+0000] {processor.py:839} INFO - DAG(s) dict_keys(['example_branch_python_operator_decorator']) retrieved from /home/airflow/.local/lib/python3.8/site-packages/airflow/example_dags/example_branch_operator_decorator.py
[2023-10-13T16:19:09.252+0000] {logging_mixin.py:151} INFO - [2023-10-13T16:19:09.252+0000] {dag.py:2941} INFO - Sync 1 DAGs
[2023-10-13T16:19:09.275+0000] {logging_mixin.py:151} INFO - [2023-10-13T16:19:09.275+0000] {dag.py:3722} INFO - Setting next_dagrun for example_branch_python_operator_decorator to 2023-10-12T00:00:00+00:00, run_after=2023-10-13T00:00:00+00:00
[2023-10-13T16:19:09.299+0000] {processor.py:179} INFO - Processing /home/airflow/.local/lib/python3.8/site-packages/airflow/example_dags/example_branch_operator_decorator.py took 0.076 seconds
[2023-10-13T16:19:39.498+0000] {processor.py:157} INFO - Started process (PID=1309) to work on /home/airflow/.local/lib/python3.8/site-packages/airflow/example_dags/example_branch_operator_decorator.py
[2023-10-13T16:19:39.504+0000] {processor.py:829} INFO - Processing file /home/airflow/.local/lib/python3.8/site-packages/airflow/example_dags/example_branch_operator_decorator.py for tasks to queue
[2023-10-13T16:19:39.505+0000] {logging_mixin.py:151} INFO - [2023-10-13T16:19:39.505+0000] {dagbag.py:536} INFO - Filling up the DagBag from /home/airflow/.local/lib/python3.8/site-packages/airflow/example_dags/example_branch_operator_decorator.py
[2023-10-13T16:19:39.514+0000] {processor.py:839} INFO - DAG(s) dict_keys(['example_branch_python_operator_decorator']) retrieved from /home/airflow/.local/lib/python3.8/site-packages/airflow/example_dags/example_branch_operator_decorator.py
[2023-10-13T16:19:39.541+0000] {logging_mixin.py:151} INFO - [2023-10-13T16:19:39.540+0000] {dag.py:2941} INFO - Sync 1 DAGs
[2023-10-13T16:19:39.561+0000] {logging_mixin.py:151} INFO - [2023-10-13T16:19:39.561+0000] {dag.py:3722} INFO - Setting next_dagrun for example_branch_python_operator_decorator to 2023-10-12T00:00:00+00:00, run_after=2023-10-13T00:00:00+00:00
[2023-10-13T16:19:39.592+0000] {processor.py:179} INFO - Processing /home/airflow/.local/lib/python3.8/site-packages/airflow/example_dags/example_branch_operator_decorator.py took 0.096 seconds
[2023-10-13T16:20:10.217+0000] {processor.py:157} INFO - Started process (PID=1546) to work on /home/airflow/.local/lib/python3.8/site-packages/airflow/example_dags/example_branch_operator_decorator.py
[2023-10-13T16:20:10.252+0000] {processor.py:829} INFO - Processing file /home/airflow/.local/lib/python3.8/site-packages/airflow/example_dags/example_branch_operator_decorator.py for tasks to queue
[2023-10-13T16:20:10.253+0000] {logging_mixin.py:151} INFO - [2023-10-13T16:20:10.253+0000] {dagbag.py:536} INFO - Filling up the DagBag from /home/airflow/.local/lib/python3.8/site-packages/airflow/example_dags/example_branch_operator_decorator.py
[2023-10-13T16:20:10.261+0000] {processor.py:839} INFO - DAG(s) dict_keys(['example_branch_python_operator_decorator']) retrieved from /home/airflow/.local/lib/python3.8/site-packages/airflow/example_dags/example_branch_operator_decorator.py
[2023-10-13T16:20:10.280+0000] {logging_mixin.py:151} INFO - [2023-10-13T16:20:10.280+0000] {dag.py:2941} INFO - Sync 1 DAGs
[2023-10-13T16:20:10.302+0000] {logging_mixin.py:151} INFO - [2023-10-13T16:20:10.302+0000] {dag.py:3722} INFO - Setting next_dagrun for example_branch_python_operator_decorator to 2023-10-12T00:00:00+00:00, run_after=2023-10-13T00:00:00+00:00
[2023-10-13T16:20:10.329+0000] {processor.py:179} INFO - Processing /home/airflow/.local/lib/python3.8/site-packages/airflow/example_dags/example_branch_operator_decorator.py took 0.116 seconds
[2023-10-13T16:20:41.464+0000] {processor.py:157} INFO - Started process (PID=1784) to work on /home/airflow/.local/lib/python3.8/site-packages/airflow/example_dags/example_branch_operator_decorator.py
[2023-10-13T16:20:41.469+0000] {processor.py:829} INFO - Processing file /home/airflow/.local/lib/python3.8/site-packages/airflow/example_dags/example_branch_operator_decorator.py for tasks to queue
[2023-10-13T16:20:41.470+0000] {logging_mixin.py:151} INFO - [2023-10-13T16:20:41.470+0000] {dagbag.py:536} INFO - Filling up the DagBag from /home/airflow/.local/lib/python3.8/site-packages/airflow/example_dags/example_branch_operator_decorator.py
[2023-10-13T16:20:41.483+0000] {processor.py:839} INFO - DAG(s) dict_keys(['example_branch_python_operator_decorator']) retrieved from /home/airflow/.local/lib/python3.8/site-packages/airflow/example_dags/example_branch_operator_decorator.py
[2023-10-13T16:20:41.509+0000] {logging_mixin.py:151} INFO - [2023-10-13T16:20:41.509+0000] {dag.py:2941} INFO - Sync 1 DAGs
[2023-10-13T16:20:41.534+0000] {logging_mixin.py:151} INFO - [2023-10-13T16:20:41.534+0000] {dag.py:3722} INFO - Setting next_dagrun for example_branch_python_operator_decorator to 2023-10-12T00:00:00+00:00, run_after=2023-10-13T00:00:00+00:00
[2023-10-13T16:20:41.564+0000] {processor.py:179} INFO - Processing /home/airflow/.local/lib/python3.8/site-packages/airflow/example_dags/example_branch_operator_decorator.py took 0.103 seconds
[2023-10-13T16:21:12.006+0000] {processor.py:157} INFO - Started process (PID=2022) to work on /home/airflow/.local/lib/python3.8/site-packages/airflow/example_dags/example_branch_operator_decorator.py
[2023-10-13T16:21:12.013+0000] {processor.py:829} INFO - Processing file /home/airflow/.local/lib/python3.8/site-packages/airflow/example_dags/example_branch_operator_decorator.py for tasks to queue
[2023-10-13T16:21:12.013+0000] {logging_mixin.py:151} INFO - [2023-10-13T16:21:12.013+0000] {dagbag.py:536} INFO - Filling up the DagBag from /home/airflow/.local/lib/python3.8/site-packages/airflow/example_dags/example_branch_operator_decorator.py
[2023-10-13T16:21:12.025+0000] {processor.py:839} INFO - DAG(s) dict_keys(['example_branch_python_operator_decorator']) retrieved from /home/airflow/.local/lib/python3.8/site-packages/airflow/example_dags/example_branch_operator_decorator.py
[2023-10-13T16:21:12.049+0000] {logging_mixin.py:151} INFO - [2023-10-13T16:21:12.049+0000] {dag.py:2941} INFO - Sync 1 DAGs
[2023-10-13T16:21:12.079+0000] {logging_mixin.py:151} INFO - [2023-10-13T16:21:12.079+0000] {dag.py:3722} INFO - Setting next_dagrun for example_branch_python_operator_decorator to 2023-10-12T00:00:00+00:00, run_after=2023-10-13T00:00:00+00:00
[2023-10-13T16:21:12.113+0000] {processor.py:179} INFO - Processing /home/airflow/.local/lib/python3.8/site-packages/airflow/example_dags/example_branch_operator_decorator.py took 0.111 seconds
[2023-10-13T16:21:42.179+0000] {processor.py:157} INFO - Started process (PID=2261) to work on /home/airflow/.local/lib/python3.8/site-packages/airflow/example_dags/example_branch_operator_decorator.py
[2023-10-13T16:21:42.184+0000] {processor.py:829} INFO - Processing file /home/airflow/.local/lib/python3.8/site-packages/airflow/example_dags/example_branch_operator_decorator.py for tasks to queue
[2023-10-13T16:21:42.185+0000] {logging_mixin.py:151} INFO - [2023-10-13T16:21:42.184+0000] {dagbag.py:536} INFO - Filling up the DagBag from /home/airflow/.local/lib/python3.8/site-packages/airflow/example_dags/example_branch_operator_decorator.py
[2023-10-13T16:21:42.198+0000] {processor.py:839} INFO - DAG(s) dict_keys(['example_branch_python_operator_decorator']) retrieved from /home/airflow/.local/lib/python3.8/site-packages/airflow/example_dags/example_branch_operator_decorator.py
[2023-10-13T16:21:42.219+0000] {logging_mixin.py:151} INFO - [2023-10-13T16:21:42.218+0000] {dag.py:2941} INFO - Sync 1 DAGs
[2023-10-13T16:21:42.242+0000] {logging_mixin.py:151} INFO - [2023-10-13T16:21:42.242+0000] {dag.py:3722} INFO - Setting next_dagrun for example_branch_python_operator_decorator to 2023-10-12T00:00:00+00:00, run_after=2023-10-13T00:00:00+00:00
[2023-10-13T16:21:42.279+0000] {processor.py:179} INFO - Processing /home/airflow/.local/lib/python3.8/site-packages/airflow/example_dags/example_branch_operator_decorator.py took 0.103 seconds
[2023-10-13T16:22:12.936+0000] {processor.py:157} INFO - Started process (PID=2502) to work on /home/airflow/.local/lib/python3.8/site-packages/airflow/example_dags/example_branch_operator_decorator.py
[2023-10-13T16:22:12.939+0000] {processor.py:829} INFO - Processing file /home/airflow/.local/lib/python3.8/site-packages/airflow/example_dags/example_branch_operator_decorator.py for tasks to queue
[2023-10-13T16:22:12.942+0000] {logging_mixin.py:151} INFO - [2023-10-13T16:22:12.941+0000] {dagbag.py:536} INFO - Filling up the DagBag from /home/airflow/.local/lib/python3.8/site-packages/airflow/example_dags/example_branch_operator_decorator.py
[2023-10-13T16:22:12.978+0000] {processor.py:839} INFO - DAG(s) dict_keys(['example_branch_python_operator_decorator']) retrieved from /home/airflow/.local/lib/python3.8/site-packages/airflow/example_dags/example_branch_operator_decorator.py
[2023-10-13T16:22:13.022+0000] {logging_mixin.py:151} INFO - [2023-10-13T16:22:13.022+0000] {dag.py:2941} INFO - Sync 1 DAGs
[2023-10-13T16:22:13.049+0000] {logging_mixin.py:151} INFO - [2023-10-13T16:22:13.048+0000] {dag.py:3722} INFO - Setting next_dagrun for example_branch_python_operator_decorator to 2023-10-12T00:00:00+00:00, run_after=2023-10-13T00:00:00+00:00
[2023-10-13T16:22:13.094+0000] {processor.py:179} INFO - Processing /home/airflow/.local/lib/python3.8/site-packages/airflow/example_dags/example_branch_operator_decorator.py took 0.171 seconds
[2023-10-13T16:22:44.030+0000] {processor.py:157} INFO - Started process (PID=2740) to work on /home/airflow/.local/lib/python3.8/site-packages/airflow/example_dags/example_branch_operator_decorator.py
[2023-10-13T16:22:44.032+0000] {processor.py:829} INFO - Processing file /home/airflow/.local/lib/python3.8/site-packages/airflow/example_dags/example_branch_operator_decorator.py for tasks to queue
[2023-10-13T16:22:44.034+0000] {logging_mixin.py:151} INFO - [2023-10-13T16:22:44.033+0000] {dagbag.py:536} INFO - Filling up the DagBag from /home/airflow/.local/lib/python3.8/site-packages/airflow/example_dags/example_branch_operator_decorator.py
[2023-10-13T16:22:44.046+0000] {processor.py:839} INFO - DAG(s) dict_keys(['example_branch_python_operator_decorator']) retrieved from /home/airflow/.local/lib/python3.8/site-packages/airflow/example_dags/example_branch_operator_decorator.py
[2023-10-13T16:22:44.066+0000] {logging_mixin.py:151} INFO - [2023-10-13T16:22:44.066+0000] {dag.py:2941} INFO - Sync 1 DAGs
[2023-10-13T16:22:44.087+0000] {logging_mixin.py:151} INFO - [2023-10-13T16:22:44.087+0000] {dag.py:3722} INFO - Setting next_dagrun for example_branch_python_operator_decorator to 2023-10-12T00:00:00+00:00, run_after=2023-10-13T00:00:00+00:00
[2023-10-13T16:22:44.158+0000] {processor.py:179} INFO - Processing /home/airflow/.local/lib/python3.8/site-packages/airflow/example_dags/example_branch_operator_decorator.py took 0.134 seconds
[2023-10-13T16:24:28.105+0000] {processor.py:157} INFO - Started process (PID=362) to work on /home/airflow/.local/lib/python3.8/site-packages/airflow/example_dags/example_branch_operator_decorator.py
[2023-10-13T16:24:28.106+0000] {processor.py:829} INFO - Processing file /home/airflow/.local/lib/python3.8/site-packages/airflow/example_dags/example_branch_operator_decorator.py for tasks to queue
[2023-10-13T16:24:28.106+0000] {logging_mixin.py:151} INFO - [2023-10-13T16:24:28.106+0000] {dagbag.py:536} INFO - Filling up the DagBag from /home/airflow/.local/lib/python3.8/site-packages/airflow/example_dags/example_branch_operator_decorator.py
[2023-10-13T16:24:28.114+0000] {processor.py:839} INFO - DAG(s) dict_keys(['example_branch_python_operator_decorator']) retrieved from /home/airflow/.local/lib/python3.8/site-packages/airflow/example_dags/example_branch_operator_decorator.py
[2023-10-13T16:24:28.123+0000] {logging_mixin.py:151} INFO - [2023-10-13T16:24:28.123+0000] {dag.py:2941} INFO - Sync 1 DAGs
[2023-10-13T16:24:28.150+0000] {logging_mixin.py:151} INFO - [2023-10-13T16:24:28.149+0000] {dag.py:3722} INFO - Setting next_dagrun for example_branch_python_operator_decorator to 2023-10-12T00:00:00+00:00, run_after=2023-10-13T00:00:00+00:00
[2023-10-13T16:24:28.182+0000] {processor.py:179} INFO - Processing /home/airflow/.local/lib/python3.8/site-packages/airflow/example_dags/example_branch_operator_decorator.py took 0.079 seconds
[2023-10-13T16:24:58.418+0000] {processor.py:157} INFO - Started process (PID=610) to work on /home/airflow/.local/lib/python3.8/site-packages/airflow/example_dags/example_branch_operator_decorator.py
[2023-10-13T16:24:58.427+0000] {processor.py:829} INFO - Processing file /home/airflow/.local/lib/python3.8/site-packages/airflow/example_dags/example_branch_operator_decorator.py for tasks to queue
[2023-10-13T16:24:58.427+0000] {logging_mixin.py:151} INFO - [2023-10-13T16:24:58.427+0000] {dagbag.py:536} INFO - Filling up the DagBag from /home/airflow/.local/lib/python3.8/site-packages/airflow/example_dags/example_branch_operator_decorator.py
[2023-10-13T16:24:58.435+0000] {processor.py:839} INFO - DAG(s) dict_keys(['example_branch_python_operator_decorator']) retrieved from /home/airflow/.local/lib/python3.8/site-packages/airflow/example_dags/example_branch_operator_decorator.py
[2023-10-13T16:24:58.451+0000] {logging_mixin.py:151} INFO - [2023-10-13T16:24:58.451+0000] {dag.py:2941} INFO - Sync 1 DAGs
[2023-10-13T16:24:58.468+0000] {logging_mixin.py:151} INFO - [2023-10-13T16:24:58.468+0000] {dag.py:3722} INFO - Setting next_dagrun for example_branch_python_operator_decorator to 2023-10-12T00:00:00+00:00, run_after=2023-10-13T00:00:00+00:00
[2023-10-13T16:24:58.483+0000] {processor.py:179} INFO - Processing /home/airflow/.local/lib/python3.8/site-packages/airflow/example_dags/example_branch_operator_decorator.py took 0.068 seconds
[2023-10-13T16:29:31.541+0000] {processor.py:157} INFO - Started process (PID=357) to work on /home/airflow/.local/lib/python3.8/site-packages/airflow/example_dags/example_branch_operator_decorator.py
[2023-10-13T16:29:31.542+0000] {processor.py:829} INFO - Processing file /home/airflow/.local/lib/python3.8/site-packages/airflow/example_dags/example_branch_operator_decorator.py for tasks to queue
[2023-10-13T16:29:31.542+0000] {logging_mixin.py:151} INFO - [2023-10-13T16:29:31.542+0000] {dagbag.py:536} INFO - Filling up the DagBag from /home/airflow/.local/lib/python3.8/site-packages/airflow/example_dags/example_branch_operator_decorator.py
[2023-10-13T16:29:31.550+0000] {processor.py:839} INFO - DAG(s) dict_keys(['example_branch_python_operator_decorator']) retrieved from /home/airflow/.local/lib/python3.8/site-packages/airflow/example_dags/example_branch_operator_decorator.py
[2023-10-13T16:29:31.559+0000] {logging_mixin.py:151} INFO - [2023-10-13T16:29:31.559+0000] {dag.py:2941} INFO - Sync 1 DAGs
[2023-10-13T16:29:31.577+0000] {logging_mixin.py:151} INFO - [2023-10-13T16:29:31.577+0000] {dag.py:3722} INFO - Setting next_dagrun for example_branch_python_operator_decorator to 2023-10-12T00:00:00+00:00, run_after=2023-10-13T00:00:00+00:00
[2023-10-13T16:29:31.602+0000] {processor.py:179} INFO - Processing /home/airflow/.local/lib/python3.8/site-packages/airflow/example_dags/example_branch_operator_decorator.py took 0.064 seconds
[2023-10-13T16:30:02.011+0000] {processor.py:157} INFO - Started process (PID=595) to work on /home/airflow/.local/lib/python3.8/site-packages/airflow/example_dags/example_branch_operator_decorator.py
[2023-10-13T16:30:02.011+0000] {processor.py:829} INFO - Processing file /home/airflow/.local/lib/python3.8/site-packages/airflow/example_dags/example_branch_operator_decorator.py for tasks to queue
[2023-10-13T16:30:02.012+0000] {logging_mixin.py:151} INFO - [2023-10-13T16:30:02.012+0000] {dagbag.py:536} INFO - Filling up the DagBag from /home/airflow/.local/lib/python3.8/site-packages/airflow/example_dags/example_branch_operator_decorator.py
[2023-10-13T16:30:02.020+0000] {processor.py:839} INFO - DAG(s) dict_keys(['example_branch_python_operator_decorator']) retrieved from /home/airflow/.local/lib/python3.8/site-packages/airflow/example_dags/example_branch_operator_decorator.py
[2023-10-13T16:30:02.037+0000] {logging_mixin.py:151} INFO - [2023-10-13T16:30:02.037+0000] {dag.py:2941} INFO - Sync 1 DAGs
[2023-10-13T16:30:02.054+0000] {logging_mixin.py:151} INFO - [2023-10-13T16:30:02.054+0000] {dag.py:3722} INFO - Setting next_dagrun for example_branch_python_operator_decorator to 2023-10-12T00:00:00+00:00, run_after=2023-10-13T00:00:00+00:00
[2023-10-13T16:30:02.077+0000] {processor.py:179} INFO - Processing /home/airflow/.local/lib/python3.8/site-packages/airflow/example_dags/example_branch_operator_decorator.py took 0.069 seconds
[2023-10-13T16:30:32.515+0000] {processor.py:157} INFO - Started process (PID=832) to work on /home/airflow/.local/lib/python3.8/site-packages/airflow/example_dags/example_branch_operator_decorator.py
[2023-10-13T16:30:32.517+0000] {processor.py:829} INFO - Processing file /home/airflow/.local/lib/python3.8/site-packages/airflow/example_dags/example_branch_operator_decorator.py for tasks to queue
[2023-10-13T16:30:32.519+0000] {logging_mixin.py:151} INFO - [2023-10-13T16:30:32.518+0000] {dagbag.py:536} INFO - Filling up the DagBag from /home/airflow/.local/lib/python3.8/site-packages/airflow/example_dags/example_branch_operator_decorator.py
[2023-10-13T16:30:32.535+0000] {processor.py:839} INFO - DAG(s) dict_keys(['example_branch_python_operator_decorator']) retrieved from /home/airflow/.local/lib/python3.8/site-packages/airflow/example_dags/example_branch_operator_decorator.py
[2023-10-13T16:30:32.571+0000] {logging_mixin.py:151} INFO - [2023-10-13T16:30:32.570+0000] {dag.py:2941} INFO - Sync 1 DAGs
[2023-10-13T16:30:32.599+0000] {logging_mixin.py:151} INFO - [2023-10-13T16:30:32.599+0000] {dag.py:3722} INFO - Setting next_dagrun for example_branch_python_operator_decorator to 2023-10-12T00:00:00+00:00, run_after=2023-10-13T00:00:00+00:00
[2023-10-13T16:30:32.624+0000] {processor.py:179} INFO - Processing /home/airflow/.local/lib/python3.8/site-packages/airflow/example_dags/example_branch_operator_decorator.py took 0.113 seconds
