[2023-10-13T16:17:38.342+0000] {processor.py:157} INFO - Started process (PID=337) to work on /home/airflow/.local/lib/python3.8/site-packages/airflow/example_dags/example_skip_dag.py
[2023-10-13T16:17:38.343+0000] {processor.py:829} INFO - Processing file /home/airflow/.local/lib/python3.8/site-packages/airflow/example_dags/example_skip_dag.py for tasks to queue
[2023-10-13T16:17:38.343+0000] {logging_mixin.py:151} INFO - [2023-10-13T16:17:38.343+0000] {dagbag.py:536} INFO - Filling up the DagBag from /home/airflow/.local/lib/python3.8/site-packages/airflow/example_dags/example_skip_dag.py
[2023-10-13T16:17:38.349+0000] {processor.py:839} INFO - DAG(s) dict_keys(['example_skip_dag']) retrieved from /home/airflow/.local/lib/python3.8/site-packages/airflow/example_dags/example_skip_dag.py
[2023-10-13T16:17:38.358+0000] {logging_mixin.py:151} INFO - [2023-10-13T16:17:38.358+0000] {dag.py:2941} INFO - Sync 1 DAGs
[2023-10-13T16:17:38.374+0000] {logging_mixin.py:151} INFO - [2023-10-13T16:17:38.374+0000] {dag.py:3722} INFO - Setting next_dagrun for example_skip_dag to 2023-10-12T16:17:38.374304+00:00, run_after=2023-10-13T16:17:38.374304+00:00
[2023-10-13T16:17:38.401+0000] {processor.py:179} INFO - Processing /home/airflow/.local/lib/python3.8/site-packages/airflow/example_dags/example_skip_dag.py took 0.061 seconds
[2023-10-13T16:18:08.558+0000] {processor.py:157} INFO - Started process (PID=575) to work on /home/airflow/.local/lib/python3.8/site-packages/airflow/example_dags/example_skip_dag.py
[2023-10-13T16:18:08.559+0000] {processor.py:829} INFO - Processing file /home/airflow/.local/lib/python3.8/site-packages/airflow/example_dags/example_skip_dag.py for tasks to queue
[2023-10-13T16:18:08.559+0000] {logging_mixin.py:151} INFO - [2023-10-13T16:18:08.559+0000] {dagbag.py:536} INFO - Filling up the DagBag from /home/airflow/.local/lib/python3.8/site-packages/airflow/example_dags/example_skip_dag.py
[2023-10-13T16:18:08.565+0000] {processor.py:839} INFO - DAG(s) dict_keys(['example_skip_dag']) retrieved from /home/airflow/.local/lib/python3.8/site-packages/airflow/example_dags/example_skip_dag.py
[2023-10-13T16:18:08.580+0000] {logging_mixin.py:151} INFO - [2023-10-13T16:18:08.580+0000] {dag.py:2941} INFO - Sync 1 DAGs
[2023-10-13T16:18:08.596+0000] {logging_mixin.py:151} INFO - [2023-10-13T16:18:08.596+0000] {dag.py:3722} INFO - Setting next_dagrun for example_skip_dag to 2023-10-12T16:18:08.595969+00:00, run_after=2023-10-13T16:18:08.595969+00:00
[2023-10-13T16:18:08.617+0000] {processor.py:179} INFO - Processing /home/airflow/.local/lib/python3.8/site-packages/airflow/example_dags/example_skip_dag.py took 0.061 seconds
[2023-10-13T16:18:38.774+0000] {processor.py:157} INFO - Started process (PID=813) to work on /home/airflow/.local/lib/python3.8/site-packages/airflow/example_dags/example_skip_dag.py
[2023-10-13T16:18:38.774+0000] {processor.py:829} INFO - Processing file /home/airflow/.local/lib/python3.8/site-packages/airflow/example_dags/example_skip_dag.py for tasks to queue
[2023-10-13T16:18:38.775+0000] {logging_mixin.py:151} INFO - [2023-10-13T16:18:38.775+0000] {dagbag.py:536} INFO - Filling up the DagBag from /home/airflow/.local/lib/python3.8/site-packages/airflow/example_dags/example_skip_dag.py
[2023-10-13T16:18:38.780+0000] {processor.py:839} INFO - DAG(s) dict_keys(['example_skip_dag']) retrieved from /home/airflow/.local/lib/python3.8/site-packages/airflow/example_dags/example_skip_dag.py
[2023-10-13T16:18:38.803+0000] {logging_mixin.py:151} INFO - [2023-10-13T16:18:38.803+0000] {dag.py:2941} INFO - Sync 1 DAGs
[2023-10-13T16:18:38.822+0000] {logging_mixin.py:151} INFO - [2023-10-13T16:18:38.822+0000] {dag.py:3722} INFO - Setting next_dagrun for example_skip_dag to 2023-10-12T16:18:38.821934+00:00, run_after=2023-10-13T16:18:38.821934+00:00
[2023-10-13T16:18:38.846+0000] {processor.py:179} INFO - Processing /home/airflow/.local/lib/python3.8/site-packages/airflow/example_dags/example_skip_dag.py took 0.075 seconds
[2023-10-13T16:19:09.048+0000] {processor.py:157} INFO - Started process (PID=1051) to work on /home/airflow/.local/lib/python3.8/site-packages/airflow/example_dags/example_skip_dag.py
[2023-10-13T16:19:09.049+0000] {processor.py:829} INFO - Processing file /home/airflow/.local/lib/python3.8/site-packages/airflow/example_dags/example_skip_dag.py for tasks to queue
[2023-10-13T16:19:09.050+0000] {logging_mixin.py:151} INFO - [2023-10-13T16:19:09.050+0000] {dagbag.py:536} INFO - Filling up the DagBag from /home/airflow/.local/lib/python3.8/site-packages/airflow/example_dags/example_skip_dag.py
[2023-10-13T16:19:09.057+0000] {processor.py:839} INFO - DAG(s) dict_keys(['example_skip_dag']) retrieved from /home/airflow/.local/lib/python3.8/site-packages/airflow/example_dags/example_skip_dag.py
[2023-10-13T16:19:09.073+0000] {logging_mixin.py:151} INFO - [2023-10-13T16:19:09.073+0000] {dag.py:2941} INFO - Sync 1 DAGs
[2023-10-13T16:19:09.095+0000] {logging_mixin.py:151} INFO - [2023-10-13T16:19:09.094+0000] {dag.py:3722} INFO - Setting next_dagrun for example_skip_dag to 2023-10-12T16:19:09.094506+00:00, run_after=2023-10-13T16:19:09.094506+00:00
[2023-10-13T16:19:09.120+0000] {processor.py:179} INFO - Processing /home/airflow/.local/lib/python3.8/site-packages/airflow/example_dags/example_skip_dag.py took 0.076 seconds
[2023-10-13T16:19:39.317+0000] {processor.py:157} INFO - Started process (PID=1289) to work on /home/airflow/.local/lib/python3.8/site-packages/airflow/example_dags/example_skip_dag.py
[2023-10-13T16:19:39.317+0000] {processor.py:829} INFO - Processing file /home/airflow/.local/lib/python3.8/site-packages/airflow/example_dags/example_skip_dag.py for tasks to queue
[2023-10-13T16:19:39.318+0000] {logging_mixin.py:151} INFO - [2023-10-13T16:19:39.318+0000] {dagbag.py:536} INFO - Filling up the DagBag from /home/airflow/.local/lib/python3.8/site-packages/airflow/example_dags/example_skip_dag.py
[2023-10-13T16:19:39.323+0000] {processor.py:839} INFO - DAG(s) dict_keys(['example_skip_dag']) retrieved from /home/airflow/.local/lib/python3.8/site-packages/airflow/example_dags/example_skip_dag.py
[2023-10-13T16:19:39.339+0000] {logging_mixin.py:151} INFO - [2023-10-13T16:19:39.339+0000] {dag.py:2941} INFO - Sync 1 DAGs
[2023-10-13T16:19:39.356+0000] {logging_mixin.py:151} INFO - [2023-10-13T16:19:39.356+0000] {dag.py:3722} INFO - Setting next_dagrun for example_skip_dag to 2023-10-12T16:19:39.355909+00:00, run_after=2023-10-13T16:19:39.355909+00:00
[2023-10-13T16:19:39.376+0000] {processor.py:179} INFO - Processing /home/airflow/.local/lib/python3.8/site-packages/airflow/example_dags/example_skip_dag.py took 0.061 seconds
[2023-10-13T16:20:09.885+0000] {processor.py:157} INFO - Started process (PID=1526) to work on /home/airflow/.local/lib/python3.8/site-packages/airflow/example_dags/example_skip_dag.py
[2023-10-13T16:20:09.898+0000] {processor.py:829} INFO - Processing file /home/airflow/.local/lib/python3.8/site-packages/airflow/example_dags/example_skip_dag.py for tasks to queue
[2023-10-13T16:20:09.899+0000] {logging_mixin.py:151} INFO - [2023-10-13T16:20:09.899+0000] {dagbag.py:536} INFO - Filling up the DagBag from /home/airflow/.local/lib/python3.8/site-packages/airflow/example_dags/example_skip_dag.py
[2023-10-13T16:20:09.904+0000] {processor.py:839} INFO - DAG(s) dict_keys(['example_skip_dag']) retrieved from /home/airflow/.local/lib/python3.8/site-packages/airflow/example_dags/example_skip_dag.py
[2023-10-13T16:20:09.920+0000] {logging_mixin.py:151} INFO - [2023-10-13T16:20:09.920+0000] {dag.py:2941} INFO - Sync 1 DAGs
[2023-10-13T16:20:09.938+0000] {logging_mixin.py:151} INFO - [2023-10-13T16:20:09.938+0000] {dag.py:3722} INFO - Setting next_dagrun for example_skip_dag to 2023-10-12T16:20:09.937923+00:00, run_after=2023-10-13T16:20:09.937923+00:00
[2023-10-13T16:20:09.977+0000] {processor.py:179} INFO - Processing /home/airflow/.local/lib/python3.8/site-packages/airflow/example_dags/example_skip_dag.py took 0.095 seconds
[2023-10-13T16:20:41.228+0000] {processor.py:157} INFO - Started process (PID=1764) to work on /home/airflow/.local/lib/python3.8/site-packages/airflow/example_dags/example_skip_dag.py
[2023-10-13T16:20:41.230+0000] {processor.py:829} INFO - Processing file /home/airflow/.local/lib/python3.8/site-packages/airflow/example_dags/example_skip_dag.py for tasks to queue
[2023-10-13T16:20:41.231+0000] {logging_mixin.py:151} INFO - [2023-10-13T16:20:41.230+0000] {dagbag.py:536} INFO - Filling up the DagBag from /home/airflow/.local/lib/python3.8/site-packages/airflow/example_dags/example_skip_dag.py
[2023-10-13T16:20:41.240+0000] {processor.py:839} INFO - DAG(s) dict_keys(['example_skip_dag']) retrieved from /home/airflow/.local/lib/python3.8/site-packages/airflow/example_dags/example_skip_dag.py
[2023-10-13T16:20:41.268+0000] {logging_mixin.py:151} INFO - [2023-10-13T16:20:41.268+0000] {dag.py:2941} INFO - Sync 1 DAGs
[2023-10-13T16:20:41.292+0000] {logging_mixin.py:151} INFO - [2023-10-13T16:20:41.292+0000] {dag.py:3722} INFO - Setting next_dagrun for example_skip_dag to 2023-10-12T16:20:41.291795+00:00, run_after=2023-10-13T16:20:41.291795+00:00
[2023-10-13T16:20:41.330+0000] {processor.py:179} INFO - Processing /home/airflow/.local/lib/python3.8/site-packages/airflow/example_dags/example_skip_dag.py took 0.106 seconds
[2023-10-13T16:21:11.767+0000] {processor.py:157} INFO - Started process (PID=2002) to work on /home/airflow/.local/lib/python3.8/site-packages/airflow/example_dags/example_skip_dag.py
[2023-10-13T16:21:11.779+0000] {processor.py:829} INFO - Processing file /home/airflow/.local/lib/python3.8/site-packages/airflow/example_dags/example_skip_dag.py for tasks to queue
[2023-10-13T16:21:11.781+0000] {logging_mixin.py:151} INFO - [2023-10-13T16:21:11.780+0000] {dagbag.py:536} INFO - Filling up the DagBag from /home/airflow/.local/lib/python3.8/site-packages/airflow/example_dags/example_skip_dag.py
[2023-10-13T16:21:11.789+0000] {processor.py:839} INFO - DAG(s) dict_keys(['example_skip_dag']) retrieved from /home/airflow/.local/lib/python3.8/site-packages/airflow/example_dags/example_skip_dag.py
[2023-10-13T16:21:11.814+0000] {logging_mixin.py:151} INFO - [2023-10-13T16:21:11.814+0000] {dag.py:2941} INFO - Sync 1 DAGs
[2023-10-13T16:21:11.841+0000] {logging_mixin.py:151} INFO - [2023-10-13T16:21:11.841+0000] {dag.py:3722} INFO - Setting next_dagrun for example_skip_dag to 2023-10-12T16:21:11.841242+00:00, run_after=2023-10-13T16:21:11.841242+00:00
[2023-10-13T16:21:11.870+0000] {processor.py:179} INFO - Processing /home/airflow/.local/lib/python3.8/site-packages/airflow/example_dags/example_skip_dag.py took 0.106 seconds
[2023-10-13T16:21:41.949+0000] {processor.py:157} INFO - Started process (PID=2241) to work on /home/airflow/.local/lib/python3.8/site-packages/airflow/example_dags/example_skip_dag.py
[2023-10-13T16:21:41.962+0000] {processor.py:829} INFO - Processing file /home/airflow/.local/lib/python3.8/site-packages/airflow/example_dags/example_skip_dag.py for tasks to queue
[2023-10-13T16:21:41.963+0000] {logging_mixin.py:151} INFO - [2023-10-13T16:21:41.962+0000] {dagbag.py:536} INFO - Filling up the DagBag from /home/airflow/.local/lib/python3.8/site-packages/airflow/example_dags/example_skip_dag.py
[2023-10-13T16:21:41.969+0000] {processor.py:839} INFO - DAG(s) dict_keys(['example_skip_dag']) retrieved from /home/airflow/.local/lib/python3.8/site-packages/airflow/example_dags/example_skip_dag.py
[2023-10-13T16:21:41.988+0000] {logging_mixin.py:151} INFO - [2023-10-13T16:21:41.988+0000] {dag.py:2941} INFO - Sync 1 DAGs
[2023-10-13T16:21:42.010+0000] {logging_mixin.py:151} INFO - [2023-10-13T16:21:42.010+0000] {dag.py:3722} INFO - Setting next_dagrun for example_skip_dag to 2023-10-12T16:21:42.010413+00:00, run_after=2023-10-13T16:21:42.010413+00:00
[2023-10-13T16:21:42.035+0000] {processor.py:179} INFO - Processing /home/airflow/.local/lib/python3.8/site-packages/airflow/example_dags/example_skip_dag.py took 0.090 seconds
[2023-10-13T16:22:12.543+0000] {processor.py:157} INFO - Started process (PID=2480) to work on /home/airflow/.local/lib/python3.8/site-packages/airflow/example_dags/example_skip_dag.py
[2023-10-13T16:22:12.554+0000] {processor.py:829} INFO - Processing file /home/airflow/.local/lib/python3.8/site-packages/airflow/example_dags/example_skip_dag.py for tasks to queue
[2023-10-13T16:22:12.554+0000] {logging_mixin.py:151} INFO - [2023-10-13T16:22:12.554+0000] {dagbag.py:536} INFO - Filling up the DagBag from /home/airflow/.local/lib/python3.8/site-packages/airflow/example_dags/example_skip_dag.py
[2023-10-13T16:22:12.560+0000] {processor.py:839} INFO - DAG(s) dict_keys(['example_skip_dag']) retrieved from /home/airflow/.local/lib/python3.8/site-packages/airflow/example_dags/example_skip_dag.py
[2023-10-13T16:22:12.582+0000] {logging_mixin.py:151} INFO - [2023-10-13T16:22:12.581+0000] {dag.py:2941} INFO - Sync 1 DAGs
[2023-10-13T16:22:12.605+0000] {logging_mixin.py:151} INFO - [2023-10-13T16:22:12.605+0000] {dag.py:3722} INFO - Setting next_dagrun for example_skip_dag to 2023-10-12T16:22:12.605469+00:00, run_after=2023-10-13T16:22:12.605469+00:00
[2023-10-13T16:22:12.631+0000] {processor.py:179} INFO - Processing /home/airflow/.local/lib/python3.8/site-packages/airflow/example_dags/example_skip_dag.py took 0.091 seconds
[2023-10-13T16:22:42.696+0000] {processor.py:157} INFO - Started process (PID=2718) to work on /home/airflow/.local/lib/python3.8/site-packages/airflow/example_dags/example_skip_dag.py
[2023-10-13T16:22:42.700+0000] {processor.py:829} INFO - Processing file /home/airflow/.local/lib/python3.8/site-packages/airflow/example_dags/example_skip_dag.py for tasks to queue
[2023-10-13T16:22:42.701+0000] {logging_mixin.py:151} INFO - [2023-10-13T16:22:42.701+0000] {dagbag.py:536} INFO - Filling up the DagBag from /home/airflow/.local/lib/python3.8/site-packages/airflow/example_dags/example_skip_dag.py
[2023-10-13T16:22:42.706+0000] {processor.py:839} INFO - DAG(s) dict_keys(['example_skip_dag']) retrieved from /home/airflow/.local/lib/python3.8/site-packages/airflow/example_dags/example_skip_dag.py
[2023-10-13T16:22:42.723+0000] {logging_mixin.py:151} INFO - [2023-10-13T16:22:42.723+0000] {dag.py:2941} INFO - Sync 1 DAGs
[2023-10-13T16:22:42.740+0000] {logging_mixin.py:151} INFO - [2023-10-13T16:22:42.740+0000] {dag.py:3722} INFO - Setting next_dagrun for example_skip_dag to 2023-10-12T16:22:42.739941+00:00, run_after=2023-10-13T16:22:42.739941+00:00
[2023-10-13T16:22:42.870+0000] {processor.py:179} INFO - Processing /home/airflow/.local/lib/python3.8/site-packages/airflow/example_dags/example_skip_dag.py took 0.176 seconds
[2023-10-13T16:24:27.950+0000] {processor.py:157} INFO - Started process (PID=342) to work on /home/airflow/.local/lib/python3.8/site-packages/airflow/example_dags/example_skip_dag.py
[2023-10-13T16:24:27.951+0000] {processor.py:829} INFO - Processing file /home/airflow/.local/lib/python3.8/site-packages/airflow/example_dags/example_skip_dag.py for tasks to queue
[2023-10-13T16:24:27.951+0000] {logging_mixin.py:151} INFO - [2023-10-13T16:24:27.951+0000] {dagbag.py:536} INFO - Filling up the DagBag from /home/airflow/.local/lib/python3.8/site-packages/airflow/example_dags/example_skip_dag.py
[2023-10-13T16:24:27.957+0000] {processor.py:839} INFO - DAG(s) dict_keys(['example_skip_dag']) retrieved from /home/airflow/.local/lib/python3.8/site-packages/airflow/example_dags/example_skip_dag.py
[2023-10-13T16:24:27.967+0000] {logging_mixin.py:151} INFO - [2023-10-13T16:24:27.967+0000] {dag.py:2941} INFO - Sync 1 DAGs
[2023-10-13T16:24:27.984+0000] {logging_mixin.py:151} INFO - [2023-10-13T16:24:27.983+0000] {dag.py:3722} INFO - Setting next_dagrun for example_skip_dag to 2023-10-12T16:24:27.983749+00:00, run_after=2023-10-13T16:24:27.983749+00:00
[2023-10-13T16:24:28.008+0000] {processor.py:179} INFO - Processing /home/airflow/.local/lib/python3.8/site-packages/airflow/example_dags/example_skip_dag.py took 0.060 seconds
[2023-10-13T16:24:58.252+0000] {processor.py:157} INFO - Started process (PID=590) to work on /home/airflow/.local/lib/python3.8/site-packages/airflow/example_dags/example_skip_dag.py
[2023-10-13T16:24:58.253+0000] {processor.py:829} INFO - Processing file /home/airflow/.local/lib/python3.8/site-packages/airflow/example_dags/example_skip_dag.py for tasks to queue
[2023-10-13T16:24:58.254+0000] {logging_mixin.py:151} INFO - [2023-10-13T16:24:58.253+0000] {dagbag.py:536} INFO - Filling up the DagBag from /home/airflow/.local/lib/python3.8/site-packages/airflow/example_dags/example_skip_dag.py
[2023-10-13T16:24:58.259+0000] {processor.py:839} INFO - DAG(s) dict_keys(['example_skip_dag']) retrieved from /home/airflow/.local/lib/python3.8/site-packages/airflow/example_dags/example_skip_dag.py
[2023-10-13T16:24:58.280+0000] {logging_mixin.py:151} INFO - [2023-10-13T16:24:58.279+0000] {dag.py:2941} INFO - Sync 1 DAGs
[2023-10-13T16:24:58.301+0000] {logging_mixin.py:151} INFO - [2023-10-13T16:24:58.301+0000] {dag.py:3722} INFO - Setting next_dagrun for example_skip_dag to 2023-10-12T16:24:58.301450+00:00, run_after=2023-10-13T16:24:58.301450+00:00
[2023-10-13T16:24:58.320+0000] {processor.py:179} INFO - Processing /home/airflow/.local/lib/python3.8/site-packages/airflow/example_dags/example_skip_dag.py took 0.071 seconds
[2023-10-13T16:29:31.385+0000] {processor.py:157} INFO - Started process (PID=337) to work on /home/airflow/.local/lib/python3.8/site-packages/airflow/example_dags/example_skip_dag.py
[2023-10-13T16:29:31.385+0000] {processor.py:829} INFO - Processing file /home/airflow/.local/lib/python3.8/site-packages/airflow/example_dags/example_skip_dag.py for tasks to queue
[2023-10-13T16:29:31.386+0000] {logging_mixin.py:151} INFO - [2023-10-13T16:29:31.386+0000] {dagbag.py:536} INFO - Filling up the DagBag from /home/airflow/.local/lib/python3.8/site-packages/airflow/example_dags/example_skip_dag.py
[2023-10-13T16:29:31.391+0000] {processor.py:839} INFO - DAG(s) dict_keys(['example_skip_dag']) retrieved from /home/airflow/.local/lib/python3.8/site-packages/airflow/example_dags/example_skip_dag.py
[2023-10-13T16:29:31.399+0000] {logging_mixin.py:151} INFO - [2023-10-13T16:29:31.399+0000] {dag.py:2941} INFO - Sync 1 DAGs
[2023-10-13T16:29:31.416+0000] {logging_mixin.py:151} INFO - [2023-10-13T16:29:31.416+0000] {dag.py:3722} INFO - Setting next_dagrun for example_skip_dag to 2023-10-12T16:29:31.415910+00:00, run_after=2023-10-13T16:29:31.415910+00:00
[2023-10-13T16:29:31.432+0000] {processor.py:179} INFO - Processing /home/airflow/.local/lib/python3.8/site-packages/airflow/example_dags/example_skip_dag.py took 0.050 seconds
[2023-10-13T16:30:01.830+0000] {processor.py:157} INFO - Started process (PID=575) to work on /home/airflow/.local/lib/python3.8/site-packages/airflow/example_dags/example_skip_dag.py
[2023-10-13T16:30:01.831+0000] {processor.py:829} INFO - Processing file /home/airflow/.local/lib/python3.8/site-packages/airflow/example_dags/example_skip_dag.py for tasks to queue
[2023-10-13T16:30:01.831+0000] {logging_mixin.py:151} INFO - [2023-10-13T16:30:01.831+0000] {dagbag.py:536} INFO - Filling up the DagBag from /home/airflow/.local/lib/python3.8/site-packages/airflow/example_dags/example_skip_dag.py
[2023-10-13T16:30:01.837+0000] {processor.py:839} INFO - DAG(s) dict_keys(['example_skip_dag']) retrieved from /home/airflow/.local/lib/python3.8/site-packages/airflow/example_dags/example_skip_dag.py
[2023-10-13T16:30:01.853+0000] {logging_mixin.py:151} INFO - [2023-10-13T16:30:01.852+0000] {dag.py:2941} INFO - Sync 1 DAGs
[2023-10-13T16:30:01.869+0000] {logging_mixin.py:151} INFO - [2023-10-13T16:30:01.869+0000] {dag.py:3722} INFO - Setting next_dagrun for example_skip_dag to 2023-10-12T16:30:01.869181+00:00, run_after=2023-10-13T16:30:01.869181+00:00
[2023-10-13T16:30:01.899+0000] {processor.py:179} INFO - Processing /home/airflow/.local/lib/python3.8/site-packages/airflow/example_dags/example_skip_dag.py took 0.071 seconds
[2023-10-13T16:30:32.248+0000] {processor.py:157} INFO - Started process (PID=812) to work on /home/airflow/.local/lib/python3.8/site-packages/airflow/example_dags/example_skip_dag.py
[2023-10-13T16:30:32.248+0000] {processor.py:829} INFO - Processing file /home/airflow/.local/lib/python3.8/site-packages/airflow/example_dags/example_skip_dag.py for tasks to queue
[2023-10-13T16:30:32.249+0000] {logging_mixin.py:151} INFO - [2023-10-13T16:30:32.249+0000] {dagbag.py:536} INFO - Filling up the DagBag from /home/airflow/.local/lib/python3.8/site-packages/airflow/example_dags/example_skip_dag.py
[2023-10-13T16:30:32.258+0000] {processor.py:839} INFO - DAG(s) dict_keys(['example_skip_dag']) retrieved from /home/airflow/.local/lib/python3.8/site-packages/airflow/example_dags/example_skip_dag.py
[2023-10-13T16:30:32.277+0000] {logging_mixin.py:151} INFO - [2023-10-13T16:30:32.277+0000] {dag.py:2941} INFO - Sync 1 DAGs
[2023-10-13T16:30:32.298+0000] {logging_mixin.py:151} INFO - [2023-10-13T16:30:32.298+0000] {dag.py:3722} INFO - Setting next_dagrun for example_skip_dag to 2023-10-12T16:30:32.297974+00:00, run_after=2023-10-13T16:30:32.297974+00:00
[2023-10-13T16:30:32.318+0000] {processor.py:179} INFO - Processing /home/airflow/.local/lib/python3.8/site-packages/airflow/example_dags/example_skip_dag.py took 0.073 seconds
