[2023-10-13T16:17:37.343+0000] {processor.py:157} INFO - Started process (PID=227) to work on /home/airflow/.local/lib/python3.8/site-packages/airflow/example_dags/example_sensors.py
[2023-10-13T16:17:37.343+0000] {processor.py:829} INFO - Processing file /home/airflow/.local/lib/python3.8/site-packages/airflow/example_dags/example_sensors.py for tasks to queue
[2023-10-13T16:17:37.344+0000] {logging_mixin.py:151} INFO - [2023-10-13T16:17:37.344+0000] {dagbag.py:536} INFO - Filling up the DagBag from /home/airflow/.local/lib/python3.8/site-packages/airflow/example_dags/example_sensors.py
[2023-10-13T16:17:37.352+0000] {processor.py:839} INFO - DAG(s) dict_keys(['example_sensors']) retrieved from /home/airflow/.local/lib/python3.8/site-packages/airflow/example_dags/example_sensors.py
[2023-10-13T16:17:37.361+0000] {logging_mixin.py:151} INFO - [2023-10-13T16:17:37.361+0000] {dag.py:2941} INFO - Sync 1 DAGs
[2023-10-13T16:17:37.371+0000] {logging_mixin.py:151} INFO - [2023-10-13T16:17:37.371+0000] {dag.py:3722} INFO - Setting next_dagrun for example_sensors to None, run_after=None
[2023-10-13T16:17:37.396+0000] {processor.py:179} INFO - Processing /home/airflow/.local/lib/python3.8/site-packages/airflow/example_dags/example_sensors.py took 0.056 seconds
[2023-10-13T16:18:07.586+0000] {processor.py:157} INFO - Started process (PID=465) to work on /home/airflow/.local/lib/python3.8/site-packages/airflow/example_dags/example_sensors.py
[2023-10-13T16:18:07.590+0000] {processor.py:829} INFO - Processing file /home/airflow/.local/lib/python3.8/site-packages/airflow/example_dags/example_sensors.py for tasks to queue
[2023-10-13T16:18:07.590+0000] {logging_mixin.py:151} INFO - [2023-10-13T16:18:07.590+0000] {dagbag.py:536} INFO - Filling up the DagBag from /home/airflow/.local/lib/python3.8/site-packages/airflow/example_dags/example_sensors.py
[2023-10-13T16:18:07.603+0000] {processor.py:839} INFO - DAG(s) dict_keys(['example_sensors']) retrieved from /home/airflow/.local/lib/python3.8/site-packages/airflow/example_dags/example_sensors.py
[2023-10-13T16:18:07.621+0000] {logging_mixin.py:151} INFO - [2023-10-13T16:18:07.621+0000] {dag.py:2941} INFO - Sync 1 DAGs
[2023-10-13T16:18:07.630+0000] {logging_mixin.py:151} INFO - [2023-10-13T16:18:07.630+0000] {dag.py:3722} INFO - Setting next_dagrun for example_sensors to None, run_after=None
[2023-10-13T16:18:07.694+0000] {processor.py:179} INFO - Processing /home/airflow/.local/lib/python3.8/site-packages/airflow/example_dags/example_sensors.py took 0.110 seconds
[2023-10-13T16:18:37.796+0000] {processor.py:157} INFO - Started process (PID=703) to work on /home/airflow/.local/lib/python3.8/site-packages/airflow/example_dags/example_sensors.py
[2023-10-13T16:18:37.797+0000] {processor.py:829} INFO - Processing file /home/airflow/.local/lib/python3.8/site-packages/airflow/example_dags/example_sensors.py for tasks to queue
[2023-10-13T16:18:37.798+0000] {logging_mixin.py:151} INFO - [2023-10-13T16:18:37.798+0000] {dagbag.py:536} INFO - Filling up the DagBag from /home/airflow/.local/lib/python3.8/site-packages/airflow/example_dags/example_sensors.py
[2023-10-13T16:18:37.810+0000] {processor.py:839} INFO - DAG(s) dict_keys(['example_sensors']) retrieved from /home/airflow/.local/lib/python3.8/site-packages/airflow/example_dags/example_sensors.py
[2023-10-13T16:18:37.833+0000] {logging_mixin.py:151} INFO - [2023-10-13T16:18:37.833+0000] {dag.py:2941} INFO - Sync 1 DAGs
[2023-10-13T16:18:37.842+0000] {logging_mixin.py:151} INFO - [2023-10-13T16:18:37.842+0000] {dag.py:3722} INFO - Setting next_dagrun for example_sensors to None, run_after=None
[2023-10-13T16:18:37.865+0000] {processor.py:179} INFO - Processing /home/airflow/.local/lib/python3.8/site-packages/airflow/example_dags/example_sensors.py took 0.072 seconds
[2023-10-13T16:19:07.974+0000] {processor.py:157} INFO - Started process (PID=941) to work on /home/airflow/.local/lib/python3.8/site-packages/airflow/example_dags/example_sensors.py
[2023-10-13T16:19:07.975+0000] {processor.py:829} INFO - Processing file /home/airflow/.local/lib/python3.8/site-packages/airflow/example_dags/example_sensors.py for tasks to queue
[2023-10-13T16:19:07.975+0000] {logging_mixin.py:151} INFO - [2023-10-13T16:19:07.975+0000] {dagbag.py:536} INFO - Filling up the DagBag from /home/airflow/.local/lib/python3.8/site-packages/airflow/example_dags/example_sensors.py
[2023-10-13T16:19:07.983+0000] {processor.py:839} INFO - DAG(s) dict_keys(['example_sensors']) retrieved from /home/airflow/.local/lib/python3.8/site-packages/airflow/example_dags/example_sensors.py
[2023-10-13T16:19:08.008+0000] {logging_mixin.py:151} INFO - [2023-10-13T16:19:08.007+0000] {dag.py:2941} INFO - Sync 1 DAGs
[2023-10-13T16:19:08.021+0000] {logging_mixin.py:151} INFO - [2023-10-13T16:19:08.020+0000] {dag.py:3722} INFO - Setting next_dagrun for example_sensors to None, run_after=None
[2023-10-13T16:19:08.050+0000] {processor.py:179} INFO - Processing /home/airflow/.local/lib/python3.8/site-packages/airflow/example_dags/example_sensors.py took 0.080 seconds
[2023-10-13T16:19:38.371+0000] {processor.py:157} INFO - Started process (PID=1179) to work on /home/airflow/.local/lib/python3.8/site-packages/airflow/example_dags/example_sensors.py
[2023-10-13T16:19:38.372+0000] {processor.py:829} INFO - Processing file /home/airflow/.local/lib/python3.8/site-packages/airflow/example_dags/example_sensors.py for tasks to queue
[2023-10-13T16:19:38.373+0000] {logging_mixin.py:151} INFO - [2023-10-13T16:19:38.372+0000] {dagbag.py:536} INFO - Filling up the DagBag from /home/airflow/.local/lib/python3.8/site-packages/airflow/example_dags/example_sensors.py
[2023-10-13T16:19:38.380+0000] {processor.py:839} INFO - DAG(s) dict_keys(['example_sensors']) retrieved from /home/airflow/.local/lib/python3.8/site-packages/airflow/example_dags/example_sensors.py
[2023-10-13T16:19:38.400+0000] {logging_mixin.py:151} INFO - [2023-10-13T16:19:38.400+0000] {dag.py:2941} INFO - Sync 1 DAGs
[2023-10-13T16:19:38.411+0000] {logging_mixin.py:151} INFO - [2023-10-13T16:19:38.411+0000] {dag.py:3722} INFO - Setting next_dagrun for example_sensors to None, run_after=None
[2023-10-13T16:19:38.429+0000] {processor.py:179} INFO - Processing /home/airflow/.local/lib/python3.8/site-packages/airflow/example_dags/example_sensors.py took 0.060 seconds
[2023-10-13T16:20:08.741+0000] {processor.py:157} INFO - Started process (PID=1416) to work on /home/airflow/.local/lib/python3.8/site-packages/airflow/example_dags/example_sensors.py
[2023-10-13T16:20:08.742+0000] {processor.py:829} INFO - Processing file /home/airflow/.local/lib/python3.8/site-packages/airflow/example_dags/example_sensors.py for tasks to queue
[2023-10-13T16:20:08.742+0000] {logging_mixin.py:151} INFO - [2023-10-13T16:20:08.742+0000] {dagbag.py:536} INFO - Filling up the DagBag from /home/airflow/.local/lib/python3.8/site-packages/airflow/example_dags/example_sensors.py
[2023-10-13T16:20:08.750+0000] {processor.py:839} INFO - DAG(s) dict_keys(['example_sensors']) retrieved from /home/airflow/.local/lib/python3.8/site-packages/airflow/example_dags/example_sensors.py
[2023-10-13T16:20:08.769+0000] {logging_mixin.py:151} INFO - [2023-10-13T16:20:08.769+0000] {dag.py:2941} INFO - Sync 1 DAGs
[2023-10-13T16:20:08.778+0000] {logging_mixin.py:151} INFO - [2023-10-13T16:20:08.778+0000] {dag.py:3722} INFO - Setting next_dagrun for example_sensors to None, run_after=None
[2023-10-13T16:20:08.796+0000] {processor.py:179} INFO - Processing /home/airflow/.local/lib/python3.8/site-packages/airflow/example_dags/example_sensors.py took 0.058 seconds
[2023-10-13T16:20:39.627+0000] {processor.py:157} INFO - Started process (PID=1654) to work on /home/airflow/.local/lib/python3.8/site-packages/airflow/example_dags/example_sensors.py
[2023-10-13T16:20:39.628+0000] {processor.py:829} INFO - Processing file /home/airflow/.local/lib/python3.8/site-packages/airflow/example_dags/example_sensors.py for tasks to queue
[2023-10-13T16:20:39.629+0000] {logging_mixin.py:151} INFO - [2023-10-13T16:20:39.629+0000] {dagbag.py:536} INFO - Filling up the DagBag from /home/airflow/.local/lib/python3.8/site-packages/airflow/example_dags/example_sensors.py
[2023-10-13T16:20:39.642+0000] {processor.py:839} INFO - DAG(s) dict_keys(['example_sensors']) retrieved from /home/airflow/.local/lib/python3.8/site-packages/airflow/example_dags/example_sensors.py
[2023-10-13T16:20:39.676+0000] {logging_mixin.py:151} INFO - [2023-10-13T16:20:39.675+0000] {dag.py:2941} INFO - Sync 1 DAGs
[2023-10-13T16:20:39.699+0000] {logging_mixin.py:151} INFO - [2023-10-13T16:20:39.699+0000] {dag.py:3722} INFO - Setting next_dagrun for example_sensors to None, run_after=None
[2023-10-13T16:20:39.728+0000] {processor.py:179} INFO - Processing /home/airflow/.local/lib/python3.8/site-packages/airflow/example_dags/example_sensors.py took 0.107 seconds
[2023-10-13T16:21:10.432+0000] {processor.py:157} INFO - Started process (PID=1892) to work on /home/airflow/.local/lib/python3.8/site-packages/airflow/example_dags/example_sensors.py
[2023-10-13T16:21:10.433+0000] {processor.py:829} INFO - Processing file /home/airflow/.local/lib/python3.8/site-packages/airflow/example_dags/example_sensors.py for tasks to queue
[2023-10-13T16:21:10.434+0000] {logging_mixin.py:151} INFO - [2023-10-13T16:21:10.434+0000] {dagbag.py:536} INFO - Filling up the DagBag from /home/airflow/.local/lib/python3.8/site-packages/airflow/example_dags/example_sensors.py
[2023-10-13T16:21:10.442+0000] {processor.py:839} INFO - DAG(s) dict_keys(['example_sensors']) retrieved from /home/airflow/.local/lib/python3.8/site-packages/airflow/example_dags/example_sensors.py
[2023-10-13T16:21:10.467+0000] {logging_mixin.py:151} INFO - [2023-10-13T16:21:10.466+0000] {dag.py:2941} INFO - Sync 1 DAGs
[2023-10-13T16:21:10.481+0000] {logging_mixin.py:151} INFO - [2023-10-13T16:21:10.481+0000] {dag.py:3722} INFO - Setting next_dagrun for example_sensors to None, run_after=None
[2023-10-13T16:21:10.507+0000] {processor.py:179} INFO - Processing /home/airflow/.local/lib/python3.8/site-packages/airflow/example_dags/example_sensors.py took 0.078 seconds
[2023-10-13T16:21:40.652+0000] {processor.py:157} INFO - Started process (PID=2131) to work on /home/airflow/.local/lib/python3.8/site-packages/airflow/example_dags/example_sensors.py
[2023-10-13T16:21:40.653+0000] {processor.py:829} INFO - Processing file /home/airflow/.local/lib/python3.8/site-packages/airflow/example_dags/example_sensors.py for tasks to queue
[2023-10-13T16:21:40.654+0000] {logging_mixin.py:151} INFO - [2023-10-13T16:21:40.653+0000] {dagbag.py:536} INFO - Filling up the DagBag from /home/airflow/.local/lib/python3.8/site-packages/airflow/example_dags/example_sensors.py
[2023-10-13T16:21:40.664+0000] {processor.py:839} INFO - DAG(s) dict_keys(['example_sensors']) retrieved from /home/airflow/.local/lib/python3.8/site-packages/airflow/example_dags/example_sensors.py
[2023-10-13T16:21:40.688+0000] {logging_mixin.py:151} INFO - [2023-10-13T16:21:40.688+0000] {dag.py:2941} INFO - Sync 1 DAGs
[2023-10-13T16:21:40.699+0000] {logging_mixin.py:151} INFO - [2023-10-13T16:21:40.699+0000] {dag.py:3722} INFO - Setting next_dagrun for example_sensors to None, run_after=None
[2023-10-13T16:21:40.724+0000] {processor.py:179} INFO - Processing /home/airflow/.local/lib/python3.8/site-packages/airflow/example_dags/example_sensors.py took 0.075 seconds
[2023-10-13T16:22:11.257+0000] {processor.py:157} INFO - Started process (PID=2370) to work on /home/airflow/.local/lib/python3.8/site-packages/airflow/example_dags/example_sensors.py
[2023-10-13T16:22:11.257+0000] {processor.py:829} INFO - Processing file /home/airflow/.local/lib/python3.8/site-packages/airflow/example_dags/example_sensors.py for tasks to queue
[2023-10-13T16:22:11.258+0000] {logging_mixin.py:151} INFO - [2023-10-13T16:22:11.258+0000] {dagbag.py:536} INFO - Filling up the DagBag from /home/airflow/.local/lib/python3.8/site-packages/airflow/example_dags/example_sensors.py
[2023-10-13T16:22:11.268+0000] {processor.py:839} INFO - DAG(s) dict_keys(['example_sensors']) retrieved from /home/airflow/.local/lib/python3.8/site-packages/airflow/example_dags/example_sensors.py
[2023-10-13T16:22:11.294+0000] {logging_mixin.py:151} INFO - [2023-10-13T16:22:11.294+0000] {dag.py:2941} INFO - Sync 1 DAGs
[2023-10-13T16:22:11.311+0000] {logging_mixin.py:151} INFO - [2023-10-13T16:22:11.311+0000] {dag.py:3722} INFO - Setting next_dagrun for example_sensors to None, run_after=None
[2023-10-13T16:22:11.344+0000] {processor.py:179} INFO - Processing /home/airflow/.local/lib/python3.8/site-packages/airflow/example_dags/example_sensors.py took 0.091 seconds
[2023-10-13T16:22:41.447+0000] {processor.py:157} INFO - Started process (PID=2608) to work on /home/airflow/.local/lib/python3.8/site-packages/airflow/example_dags/example_sensors.py
[2023-10-13T16:22:41.460+0000] {processor.py:829} INFO - Processing file /home/airflow/.local/lib/python3.8/site-packages/airflow/example_dags/example_sensors.py for tasks to queue
[2023-10-13T16:22:41.461+0000] {logging_mixin.py:151} INFO - [2023-10-13T16:22:41.461+0000] {dagbag.py:536} INFO - Filling up the DagBag from /home/airflow/.local/lib/python3.8/site-packages/airflow/example_dags/example_sensors.py
[2023-10-13T16:22:41.472+0000] {processor.py:839} INFO - DAG(s) dict_keys(['example_sensors']) retrieved from /home/airflow/.local/lib/python3.8/site-packages/airflow/example_dags/example_sensors.py
[2023-10-13T16:22:41.496+0000] {logging_mixin.py:151} INFO - [2023-10-13T16:22:41.496+0000] {dag.py:2941} INFO - Sync 1 DAGs
[2023-10-13T16:22:41.505+0000] {logging_mixin.py:151} INFO - [2023-10-13T16:22:41.505+0000] {dag.py:3722} INFO - Setting next_dagrun for example_sensors to None, run_after=None
[2023-10-13T16:22:41.525+0000] {processor.py:179} INFO - Processing /home/airflow/.local/lib/python3.8/site-packages/airflow/example_dags/example_sensors.py took 0.081 seconds
[2023-10-13T16:24:26.617+0000] {processor.py:157} INFO - Started process (PID=234) to work on /home/airflow/.local/lib/python3.8/site-packages/airflow/example_dags/example_sensors.py
[2023-10-13T16:24:26.620+0000] {processor.py:829} INFO - Processing file /home/airflow/.local/lib/python3.8/site-packages/airflow/example_dags/example_sensors.py for tasks to queue
[2023-10-13T16:24:26.621+0000] {logging_mixin.py:151} INFO - [2023-10-13T16:24:26.621+0000] {dagbag.py:536} INFO - Filling up the DagBag from /home/airflow/.local/lib/python3.8/site-packages/airflow/example_dags/example_sensors.py
[2023-10-13T16:24:26.629+0000] {processor.py:839} INFO - DAG(s) dict_keys(['example_sensors']) retrieved from /home/airflow/.local/lib/python3.8/site-packages/airflow/example_dags/example_sensors.py
[2023-10-13T16:24:26.637+0000] {logging_mixin.py:151} INFO - [2023-10-13T16:24:26.637+0000] {dag.py:2941} INFO - Sync 1 DAGs
[2023-10-13T16:24:26.649+0000] {logging_mixin.py:151} INFO - [2023-10-13T16:24:26.648+0000] {dag.py:3722} INFO - Setting next_dagrun for example_sensors to None, run_after=None
[2023-10-13T16:24:26.672+0000] {processor.py:179} INFO - Processing /home/airflow/.local/lib/python3.8/site-packages/airflow/example_dags/example_sensors.py took 0.058 seconds
[2023-10-13T16:24:57.106+0000] {processor.py:157} INFO - Started process (PID=480) to work on /home/airflow/.local/lib/python3.8/site-packages/airflow/example_dags/example_sensors.py
[2023-10-13T16:24:57.116+0000] {processor.py:829} INFO - Processing file /home/airflow/.local/lib/python3.8/site-packages/airflow/example_dags/example_sensors.py for tasks to queue
[2023-10-13T16:24:57.117+0000] {logging_mixin.py:151} INFO - [2023-10-13T16:24:57.116+0000] {dagbag.py:536} INFO - Filling up the DagBag from /home/airflow/.local/lib/python3.8/site-packages/airflow/example_dags/example_sensors.py
[2023-10-13T16:24:57.130+0000] {processor.py:839} INFO - DAG(s) dict_keys(['example_sensors']) retrieved from /home/airflow/.local/lib/python3.8/site-packages/airflow/example_dags/example_sensors.py
[2023-10-13T16:24:57.149+0000] {logging_mixin.py:151} INFO - [2023-10-13T16:24:57.149+0000] {dag.py:2941} INFO - Sync 1 DAGs
[2023-10-13T16:24:57.159+0000] {logging_mixin.py:151} INFO - [2023-10-13T16:24:57.158+0000] {dag.py:3722} INFO - Setting next_dagrun for example_sensors to None, run_after=None
[2023-10-13T16:24:57.175+0000] {processor.py:179} INFO - Processing /home/airflow/.local/lib/python3.8/site-packages/airflow/example_dags/example_sensors.py took 0.071 seconds
[2023-10-13T16:29:30.511+0000] {processor.py:157} INFO - Started process (PID=227) to work on /home/airflow/.local/lib/python3.8/site-packages/airflow/example_dags/example_sensors.py
[2023-10-13T16:29:30.512+0000] {processor.py:829} INFO - Processing file /home/airflow/.local/lib/python3.8/site-packages/airflow/example_dags/example_sensors.py for tasks to queue
[2023-10-13T16:29:30.512+0000] {logging_mixin.py:151} INFO - [2023-10-13T16:29:30.512+0000] {dagbag.py:536} INFO - Filling up the DagBag from /home/airflow/.local/lib/python3.8/site-packages/airflow/example_dags/example_sensors.py
[2023-10-13T16:29:30.521+0000] {processor.py:839} INFO - DAG(s) dict_keys(['example_sensors']) retrieved from /home/airflow/.local/lib/python3.8/site-packages/airflow/example_dags/example_sensors.py
[2023-10-13T16:29:30.529+0000] {logging_mixin.py:151} INFO - [2023-10-13T16:29:30.529+0000] {dag.py:2941} INFO - Sync 1 DAGs
[2023-10-13T16:29:30.541+0000] {logging_mixin.py:151} INFO - [2023-10-13T16:29:30.541+0000] {dag.py:3722} INFO - Setting next_dagrun for example_sensors to None, run_after=None
[2023-10-13T16:29:30.565+0000] {processor.py:179} INFO - Processing /home/airflow/.local/lib/python3.8/site-packages/airflow/example_dags/example_sensors.py took 0.056 seconds
[2023-10-13T16:30:00.697+0000] {processor.py:157} INFO - Started process (PID=465) to work on /home/airflow/.local/lib/python3.8/site-packages/airflow/example_dags/example_sensors.py
[2023-10-13T16:30:00.697+0000] {processor.py:829} INFO - Processing file /home/airflow/.local/lib/python3.8/site-packages/airflow/example_dags/example_sensors.py for tasks to queue
[2023-10-13T16:30:00.698+0000] {logging_mixin.py:151} INFO - [2023-10-13T16:30:00.698+0000] {dagbag.py:536} INFO - Filling up the DagBag from /home/airflow/.local/lib/python3.8/site-packages/airflow/example_dags/example_sensors.py
[2023-10-13T16:30:00.706+0000] {processor.py:839} INFO - DAG(s) dict_keys(['example_sensors']) retrieved from /home/airflow/.local/lib/python3.8/site-packages/airflow/example_dags/example_sensors.py
[2023-10-13T16:30:00.736+0000] {logging_mixin.py:151} INFO - [2023-10-13T16:30:00.736+0000] {dag.py:2941} INFO - Sync 1 DAGs
[2023-10-13T16:30:00.745+0000] {logging_mixin.py:151} INFO - [2023-10-13T16:30:00.745+0000] {dag.py:3722} INFO - Setting next_dagrun for example_sensors to None, run_after=None
[2023-10-13T16:30:00.773+0000] {processor.py:179} INFO - Processing /home/airflow/.local/lib/python3.8/site-packages/airflow/example_dags/example_sensors.py took 0.079 seconds
[2023-10-13T16:30:31.233+0000] {processor.py:157} INFO - Started process (PID=702) to work on /home/airflow/.local/lib/python3.8/site-packages/airflow/example_dags/example_sensors.py
[2023-10-13T16:30:31.233+0000] {processor.py:829} INFO - Processing file /home/airflow/.local/lib/python3.8/site-packages/airflow/example_dags/example_sensors.py for tasks to queue
[2023-10-13T16:30:31.234+0000] {logging_mixin.py:151} INFO - [2023-10-13T16:30:31.234+0000] {dagbag.py:536} INFO - Filling up the DagBag from /home/airflow/.local/lib/python3.8/site-packages/airflow/example_dags/example_sensors.py
[2023-10-13T16:30:31.242+0000] {processor.py:839} INFO - DAG(s) dict_keys(['example_sensors']) retrieved from /home/airflow/.local/lib/python3.8/site-packages/airflow/example_dags/example_sensors.py
[2023-10-13T16:30:31.260+0000] {logging_mixin.py:151} INFO - [2023-10-13T16:30:31.260+0000] {dag.py:2941} INFO - Sync 1 DAGs
[2023-10-13T16:30:31.270+0000] {logging_mixin.py:151} INFO - [2023-10-13T16:30:31.270+0000] {dag.py:3722} INFO - Setting next_dagrun for example_sensors to None, run_after=None
[2023-10-13T16:30:31.291+0000] {processor.py:179} INFO - Processing /home/airflow/.local/lib/python3.8/site-packages/airflow/example_dags/example_sensors.py took 0.060 seconds
