[2023-10-13T16:17:38.565+0000] {processor.py:157} INFO - Started process (PID=367) to work on /home/airflow/.local/lib/python3.8/site-packages/airflow/example_dags/example_sla_dag.py
[2023-10-13T16:17:38.566+0000] {processor.py:829} INFO - Processing file /home/airflow/.local/lib/python3.8/site-packages/airflow/example_dags/example_sla_dag.py for tasks to queue
[2023-10-13T16:17:38.566+0000] {logging_mixin.py:151} INFO - [2023-10-13T16:17:38.566+0000] {dagbag.py:536} INFO - Filling up the DagBag from /home/airflow/.local/lib/python3.8/site-packages/airflow/example_dags/example_sla_dag.py
[2023-10-13T16:17:38.572+0000] {processor.py:839} INFO - DAG(s) dict_keys(['example_sla_dag']) retrieved from /home/airflow/.local/lib/python3.8/site-packages/airflow/example_dags/example_sla_dag.py
[2023-10-13T16:17:38.581+0000] {logging_mixin.py:151} INFO - [2023-10-13T16:17:38.581+0000] {dag.py:2941} INFO - Sync 1 DAGs
[2023-10-13T16:17:38.603+0000] {logging_mixin.py:151} INFO - [2023-10-13T16:17:38.603+0000] {dag.py:3722} INFO - Setting next_dagrun for example_sla_dag to 2023-10-13T16:14:00+00:00, run_after=2023-10-13T16:16:00+00:00
[2023-10-13T16:17:38.624+0000] {processor.py:179} INFO - Processing /home/airflow/.local/lib/python3.8/site-packages/airflow/example_dags/example_sla_dag.py took 0.061 seconds
[2023-10-13T16:18:08.804+0000] {processor.py:157} INFO - Started process (PID=605) to work on /home/airflow/.local/lib/python3.8/site-packages/airflow/example_dags/example_sla_dag.py
[2023-10-13T16:18:08.805+0000] {processor.py:829} INFO - Processing file /home/airflow/.local/lib/python3.8/site-packages/airflow/example_dags/example_sla_dag.py for tasks to queue
[2023-10-13T16:18:08.805+0000] {logging_mixin.py:151} INFO - [2023-10-13T16:18:08.805+0000] {dagbag.py:536} INFO - Filling up the DagBag from /home/airflow/.local/lib/python3.8/site-packages/airflow/example_dags/example_sla_dag.py
[2023-10-13T16:18:08.811+0000] {processor.py:839} INFO - DAG(s) dict_keys(['example_sla_dag']) retrieved from /home/airflow/.local/lib/python3.8/site-packages/airflow/example_dags/example_sla_dag.py
[2023-10-13T16:18:08.825+0000] {logging_mixin.py:151} INFO - [2023-10-13T16:18:08.825+0000] {dag.py:2941} INFO - Sync 1 DAGs
[2023-10-13T16:18:08.846+0000] {logging_mixin.py:151} INFO - [2023-10-13T16:18:08.845+0000] {dag.py:3722} INFO - Setting next_dagrun for example_sla_dag to 2023-10-13T16:16:00+00:00, run_after=2023-10-13T16:18:00+00:00
[2023-10-13T16:18:08.862+0000] {processor.py:179} INFO - Processing /home/airflow/.local/lib/python3.8/site-packages/airflow/example_dags/example_sla_dag.py took 0.061 seconds
[2023-10-13T16:18:39.033+0000] {processor.py:157} INFO - Started process (PID=845) to work on /home/airflow/.local/lib/python3.8/site-packages/airflow/example_dags/example_sla_dag.py
[2023-10-13T16:18:39.034+0000] {processor.py:829} INFO - Processing file /home/airflow/.local/lib/python3.8/site-packages/airflow/example_dags/example_sla_dag.py for tasks to queue
[2023-10-13T16:18:39.034+0000] {logging_mixin.py:151} INFO - [2023-10-13T16:18:39.034+0000] {dagbag.py:536} INFO - Filling up the DagBag from /home/airflow/.local/lib/python3.8/site-packages/airflow/example_dags/example_sla_dag.py
[2023-10-13T16:18:39.040+0000] {processor.py:839} INFO - DAG(s) dict_keys(['example_sla_dag']) retrieved from /home/airflow/.local/lib/python3.8/site-packages/airflow/example_dags/example_sla_dag.py
[2023-10-13T16:18:39.055+0000] {logging_mixin.py:151} INFO - [2023-10-13T16:18:39.054+0000] {dag.py:2941} INFO - Sync 1 DAGs
[2023-10-13T16:18:39.074+0000] {logging_mixin.py:151} INFO - [2023-10-13T16:18:39.073+0000] {dag.py:3722} INFO - Setting next_dagrun for example_sla_dag to 2023-10-13T16:16:00+00:00, run_after=2023-10-13T16:18:00+00:00
[2023-10-13T16:18:39.090+0000] {processor.py:179} INFO - Processing /home/airflow/.local/lib/python3.8/site-packages/airflow/example_dags/example_sla_dag.py took 0.059 seconds
[2023-10-13T16:19:09.324+0000] {processor.py:157} INFO - Started process (PID=1081) to work on /home/airflow/.local/lib/python3.8/site-packages/airflow/example_dags/example_sla_dag.py
[2023-10-13T16:19:09.325+0000] {processor.py:829} INFO - Processing file /home/airflow/.local/lib/python3.8/site-packages/airflow/example_dags/example_sla_dag.py for tasks to queue
[2023-10-13T16:19:09.326+0000] {logging_mixin.py:151} INFO - [2023-10-13T16:19:09.326+0000] {dagbag.py:536} INFO - Filling up the DagBag from /home/airflow/.local/lib/python3.8/site-packages/airflow/example_dags/example_sla_dag.py
[2023-10-13T16:19:09.332+0000] {processor.py:839} INFO - DAG(s) dict_keys(['example_sla_dag']) retrieved from /home/airflow/.local/lib/python3.8/site-packages/airflow/example_dags/example_sla_dag.py
[2023-10-13T16:19:09.350+0000] {logging_mixin.py:151} INFO - [2023-10-13T16:19:09.350+0000] {dag.py:2941} INFO - Sync 1 DAGs
[2023-10-13T16:19:09.374+0000] {logging_mixin.py:151} INFO - [2023-10-13T16:19:09.374+0000] {dag.py:3722} INFO - Setting next_dagrun for example_sla_dag to 2023-10-13T16:16:00+00:00, run_after=2023-10-13T16:18:00+00:00
[2023-10-13T16:19:09.399+0000] {processor.py:179} INFO - Processing /home/airflow/.local/lib/python3.8/site-packages/airflow/example_dags/example_sla_dag.py took 0.077 seconds
[2023-10-13T16:19:39.616+0000] {processor.py:157} INFO - Started process (PID=1319) to work on /home/airflow/.local/lib/python3.8/site-packages/airflow/example_dags/example_sla_dag.py
[2023-10-13T16:19:39.627+0000] {processor.py:829} INFO - Processing file /home/airflow/.local/lib/python3.8/site-packages/airflow/example_dags/example_sla_dag.py for tasks to queue
[2023-10-13T16:19:39.628+0000] {logging_mixin.py:151} INFO - [2023-10-13T16:19:39.627+0000] {dagbag.py:536} INFO - Filling up the DagBag from /home/airflow/.local/lib/python3.8/site-packages/airflow/example_dags/example_sla_dag.py
[2023-10-13T16:19:39.637+0000] {processor.py:839} INFO - DAG(s) dict_keys(['example_sla_dag']) retrieved from /home/airflow/.local/lib/python3.8/site-packages/airflow/example_dags/example_sla_dag.py
[2023-10-13T16:19:39.658+0000] {logging_mixin.py:151} INFO - [2023-10-13T16:19:39.658+0000] {dag.py:2941} INFO - Sync 1 DAGs
[2023-10-13T16:19:39.688+0000] {logging_mixin.py:151} INFO - [2023-10-13T16:19:39.688+0000] {dag.py:3722} INFO - Setting next_dagrun for example_sla_dag to 2023-10-13T16:16:00+00:00, run_after=2023-10-13T16:18:00+00:00
[2023-10-13T16:19:39.722+0000] {processor.py:179} INFO - Processing /home/airflow/.local/lib/python3.8/site-packages/airflow/example_dags/example_sla_dag.py took 0.109 seconds
[2023-10-13T16:20:10.350+0000] {processor.py:157} INFO - Started process (PID=1556) to work on /home/airflow/.local/lib/python3.8/site-packages/airflow/example_dags/example_sla_dag.py
[2023-10-13T16:20:10.353+0000] {processor.py:829} INFO - Processing file /home/airflow/.local/lib/python3.8/site-packages/airflow/example_dags/example_sla_dag.py for tasks to queue
[2023-10-13T16:20:10.353+0000] {logging_mixin.py:151} INFO - [2023-10-13T16:20:10.353+0000] {dagbag.py:536} INFO - Filling up the DagBag from /home/airflow/.local/lib/python3.8/site-packages/airflow/example_dags/example_sla_dag.py
[2023-10-13T16:20:10.361+0000] {processor.py:839} INFO - DAG(s) dict_keys(['example_sla_dag']) retrieved from /home/airflow/.local/lib/python3.8/site-packages/airflow/example_dags/example_sla_dag.py
[2023-10-13T16:20:10.378+0000] {logging_mixin.py:151} INFO - [2023-10-13T16:20:10.378+0000] {dag.py:2941} INFO - Sync 1 DAGs
[2023-10-13T16:20:10.399+0000] {logging_mixin.py:151} INFO - [2023-10-13T16:20:10.399+0000] {dag.py:3722} INFO - Setting next_dagrun for example_sla_dag to 2023-10-13T16:18:00+00:00, run_after=2023-10-13T16:20:00+00:00
[2023-10-13T16:20:10.428+0000] {processor.py:179} INFO - Processing /home/airflow/.local/lib/python3.8/site-packages/airflow/example_dags/example_sla_dag.py took 0.080 seconds
[2023-10-13T16:20:41.587+0000] {processor.py:157} INFO - Started process (PID=1794) to work on /home/airflow/.local/lib/python3.8/site-packages/airflow/example_dags/example_sla_dag.py
[2023-10-13T16:20:41.590+0000] {processor.py:829} INFO - Processing file /home/airflow/.local/lib/python3.8/site-packages/airflow/example_dags/example_sla_dag.py for tasks to queue
[2023-10-13T16:20:41.591+0000] {logging_mixin.py:151} INFO - [2023-10-13T16:20:41.591+0000] {dagbag.py:536} INFO - Filling up the DagBag from /home/airflow/.local/lib/python3.8/site-packages/airflow/example_dags/example_sla_dag.py
[2023-10-13T16:20:41.600+0000] {processor.py:839} INFO - DAG(s) dict_keys(['example_sla_dag']) retrieved from /home/airflow/.local/lib/python3.8/site-packages/airflow/example_dags/example_sla_dag.py
[2023-10-13T16:20:41.618+0000] {logging_mixin.py:151} INFO - [2023-10-13T16:20:41.618+0000] {dag.py:2941} INFO - Sync 1 DAGs
[2023-10-13T16:20:41.645+0000] {logging_mixin.py:151} INFO - [2023-10-13T16:20:41.645+0000] {dag.py:3722} INFO - Setting next_dagrun for example_sla_dag to 2023-10-13T16:18:00+00:00, run_after=2023-10-13T16:20:00+00:00
[2023-10-13T16:20:41.674+0000] {processor.py:179} INFO - Processing /home/airflow/.local/lib/python3.8/site-packages/airflow/example_dags/example_sla_dag.py took 0.089 seconds
[2023-10-13T16:21:12.139+0000] {processor.py:157} INFO - Started process (PID=2032) to work on /home/airflow/.local/lib/python3.8/site-packages/airflow/example_dags/example_sla_dag.py
[2023-10-13T16:21:12.146+0000] {processor.py:829} INFO - Processing file /home/airflow/.local/lib/python3.8/site-packages/airflow/example_dags/example_sla_dag.py for tasks to queue
[2023-10-13T16:21:12.147+0000] {logging_mixin.py:151} INFO - [2023-10-13T16:21:12.147+0000] {dagbag.py:536} INFO - Filling up the DagBag from /home/airflow/.local/lib/python3.8/site-packages/airflow/example_dags/example_sla_dag.py
[2023-10-13T16:21:12.156+0000] {processor.py:839} INFO - DAG(s) dict_keys(['example_sla_dag']) retrieved from /home/airflow/.local/lib/python3.8/site-packages/airflow/example_dags/example_sla_dag.py
[2023-10-13T16:21:12.174+0000] {logging_mixin.py:151} INFO - [2023-10-13T16:21:12.174+0000] {dag.py:2941} INFO - Sync 1 DAGs
[2023-10-13T16:21:12.213+0000] {logging_mixin.py:151} INFO - [2023-10-13T16:21:12.213+0000] {dag.py:3722} INFO - Setting next_dagrun for example_sla_dag to 2023-10-13T16:18:00+00:00, run_after=2023-10-13T16:20:00+00:00
[2023-10-13T16:21:12.239+0000] {processor.py:179} INFO - Processing /home/airflow/.local/lib/python3.8/site-packages/airflow/example_dags/example_sla_dag.py took 0.103 seconds
[2023-10-13T16:21:42.303+0000] {processor.py:157} INFO - Started process (PID=2271) to work on /home/airflow/.local/lib/python3.8/site-packages/airflow/example_dags/example_sla_dag.py
[2023-10-13T16:21:42.306+0000] {processor.py:829} INFO - Processing file /home/airflow/.local/lib/python3.8/site-packages/airflow/example_dags/example_sla_dag.py for tasks to queue
[2023-10-13T16:21:42.307+0000] {logging_mixin.py:151} INFO - [2023-10-13T16:21:42.307+0000] {dagbag.py:536} INFO - Filling up the DagBag from /home/airflow/.local/lib/python3.8/site-packages/airflow/example_dags/example_sla_dag.py
[2023-10-13T16:21:42.313+0000] {processor.py:839} INFO - DAG(s) dict_keys(['example_sla_dag']) retrieved from /home/airflow/.local/lib/python3.8/site-packages/airflow/example_dags/example_sla_dag.py
[2023-10-13T16:21:42.335+0000] {logging_mixin.py:151} INFO - [2023-10-13T16:21:42.335+0000] {dag.py:2941} INFO - Sync 1 DAGs
[2023-10-13T16:21:42.355+0000] {logging_mixin.py:151} INFO - [2023-10-13T16:21:42.355+0000] {dag.py:3722} INFO - Setting next_dagrun for example_sla_dag to 2023-10-13T16:18:00+00:00, run_after=2023-10-13T16:20:00+00:00
[2023-10-13T16:21:42.380+0000] {processor.py:179} INFO - Processing /home/airflow/.local/lib/python3.8/site-packages/airflow/example_dags/example_sla_dag.py took 0.080 seconds
[2023-10-13T16:22:13.172+0000] {processor.py:157} INFO - Started process (PID=2510) to work on /home/airflow/.local/lib/python3.8/site-packages/airflow/example_dags/example_sla_dag.py
[2023-10-13T16:22:13.176+0000] {processor.py:829} INFO - Processing file /home/airflow/.local/lib/python3.8/site-packages/airflow/example_dags/example_sla_dag.py for tasks to queue
[2023-10-13T16:22:13.179+0000] {logging_mixin.py:151} INFO - [2023-10-13T16:22:13.178+0000] {dagbag.py:536} INFO - Filling up the DagBag from /home/airflow/.local/lib/python3.8/site-packages/airflow/example_dags/example_sla_dag.py
[2023-10-13T16:22:13.208+0000] {processor.py:839} INFO - DAG(s) dict_keys(['example_sla_dag']) retrieved from /home/airflow/.local/lib/python3.8/site-packages/airflow/example_dags/example_sla_dag.py
[2023-10-13T16:22:13.244+0000] {logging_mixin.py:151} INFO - [2023-10-13T16:22:13.244+0000] {dag.py:2941} INFO - Sync 1 DAGs
[2023-10-13T16:22:13.275+0000] {logging_mixin.py:151} INFO - [2023-10-13T16:22:13.274+0000] {dag.py:3722} INFO - Setting next_dagrun for example_sla_dag to 2023-10-13T16:20:00+00:00, run_after=2023-10-13T16:22:00+00:00
[2023-10-13T16:22:13.298+0000] {processor.py:179} INFO - Processing /home/airflow/.local/lib/python3.8/site-packages/airflow/example_dags/example_sla_dag.py took 0.134 seconds
[2023-10-13T16:22:44.190+0000] {processor.py:157} INFO - Started process (PID=2750) to work on /home/airflow/.local/lib/python3.8/site-packages/airflow/example_dags/example_sla_dag.py
[2023-10-13T16:22:44.190+0000] {processor.py:829} INFO - Processing file /home/airflow/.local/lib/python3.8/site-packages/airflow/example_dags/example_sla_dag.py for tasks to queue
[2023-10-13T16:22:44.191+0000] {logging_mixin.py:151} INFO - [2023-10-13T16:22:44.191+0000] {dagbag.py:536} INFO - Filling up the DagBag from /home/airflow/.local/lib/python3.8/site-packages/airflow/example_dags/example_sla_dag.py
[2023-10-13T16:22:44.200+0000] {processor.py:839} INFO - DAG(s) dict_keys(['example_sla_dag']) retrieved from /home/airflow/.local/lib/python3.8/site-packages/airflow/example_dags/example_sla_dag.py
[2023-10-13T16:22:44.216+0000] {logging_mixin.py:151} INFO - [2023-10-13T16:22:44.216+0000] {dag.py:2941} INFO - Sync 1 DAGs
[2023-10-13T16:22:44.236+0000] {logging_mixin.py:151} INFO - [2023-10-13T16:22:44.235+0000] {dag.py:3722} INFO - Setting next_dagrun for example_sla_dag to 2023-10-13T16:20:00+00:00, run_after=2023-10-13T16:22:00+00:00
[2023-10-13T16:22:44.252+0000] {processor.py:179} INFO - Processing /home/airflow/.local/lib/python3.8/site-packages/airflow/example_dags/example_sla_dag.py took 0.065 seconds
[2023-10-13T16:24:28.207+0000] {processor.py:157} INFO - Started process (PID=372) to work on /home/airflow/.local/lib/python3.8/site-packages/airflow/example_dags/example_sla_dag.py
[2023-10-13T16:24:28.214+0000] {processor.py:829} INFO - Processing file /home/airflow/.local/lib/python3.8/site-packages/airflow/example_dags/example_sla_dag.py for tasks to queue
[2023-10-13T16:24:28.215+0000] {logging_mixin.py:151} INFO - [2023-10-13T16:24:28.215+0000] {dagbag.py:536} INFO - Filling up the DagBag from /home/airflow/.local/lib/python3.8/site-packages/airflow/example_dags/example_sla_dag.py
[2023-10-13T16:24:28.223+0000] {processor.py:839} INFO - DAG(s) dict_keys(['example_sla_dag']) retrieved from /home/airflow/.local/lib/python3.8/site-packages/airflow/example_dags/example_sla_dag.py
[2023-10-13T16:24:28.234+0000] {logging_mixin.py:151} INFO - [2023-10-13T16:24:28.233+0000] {dag.py:2941} INFO - Sync 1 DAGs
[2023-10-13T16:24:28.257+0000] {logging_mixin.py:151} INFO - [2023-10-13T16:24:28.257+0000] {dag.py:3722} INFO - Setting next_dagrun for example_sla_dag to 2023-10-13T16:22:00+00:00, run_after=2023-10-13T16:24:00+00:00
[2023-10-13T16:24:28.275+0000] {processor.py:179} INFO - Processing /home/airflow/.local/lib/python3.8/site-packages/airflow/example_dags/example_sla_dag.py took 0.070 seconds
[2023-10-13T16:24:58.504+0000] {processor.py:157} INFO - Started process (PID=620) to work on /home/airflow/.local/lib/python3.8/site-packages/airflow/example_dags/example_sla_dag.py
[2023-10-13T16:24:58.505+0000] {processor.py:829} INFO - Processing file /home/airflow/.local/lib/python3.8/site-packages/airflow/example_dags/example_sla_dag.py for tasks to queue
[2023-10-13T16:24:58.506+0000] {logging_mixin.py:151} INFO - [2023-10-13T16:24:58.506+0000] {dagbag.py:536} INFO - Filling up the DagBag from /home/airflow/.local/lib/python3.8/site-packages/airflow/example_dags/example_sla_dag.py
[2023-10-13T16:24:58.512+0000] {processor.py:839} INFO - DAG(s) dict_keys(['example_sla_dag']) retrieved from /home/airflow/.local/lib/python3.8/site-packages/airflow/example_dags/example_sla_dag.py
[2023-10-13T16:24:58.526+0000] {logging_mixin.py:151} INFO - [2023-10-13T16:24:58.526+0000] {dag.py:2941} INFO - Sync 1 DAGs
[2023-10-13T16:24:58.545+0000] {logging_mixin.py:151} INFO - [2023-10-13T16:24:58.544+0000] {dag.py:3722} INFO - Setting next_dagrun for example_sla_dag to 2023-10-13T16:22:00+00:00, run_after=2023-10-13T16:24:00+00:00
[2023-10-13T16:24:58.572+0000] {processor.py:179} INFO - Processing /home/airflow/.local/lib/python3.8/site-packages/airflow/example_dags/example_sla_dag.py took 0.071 seconds
[2023-10-13T16:29:31.624+0000] {processor.py:157} INFO - Started process (PID=367) to work on /home/airflow/.local/lib/python3.8/site-packages/airflow/example_dags/example_sla_dag.py
[2023-10-13T16:29:31.624+0000] {processor.py:829} INFO - Processing file /home/airflow/.local/lib/python3.8/site-packages/airflow/example_dags/example_sla_dag.py for tasks to queue
[2023-10-13T16:29:31.625+0000] {logging_mixin.py:151} INFO - [2023-10-13T16:29:31.625+0000] {dagbag.py:536} INFO - Filling up the DagBag from /home/airflow/.local/lib/python3.8/site-packages/airflow/example_dags/example_sla_dag.py
[2023-10-13T16:29:31.631+0000] {processor.py:839} INFO - DAG(s) dict_keys(['example_sla_dag']) retrieved from /home/airflow/.local/lib/python3.8/site-packages/airflow/example_dags/example_sla_dag.py
[2023-10-13T16:29:31.640+0000] {logging_mixin.py:151} INFO - [2023-10-13T16:29:31.640+0000] {dag.py:2941} INFO - Sync 1 DAGs
[2023-10-13T16:29:31.659+0000] {logging_mixin.py:151} INFO - [2023-10-13T16:29:31.659+0000] {dag.py:3722} INFO - Setting next_dagrun for example_sla_dag to 2023-10-13T16:26:00+00:00, run_after=2023-10-13T16:28:00+00:00
[2023-10-13T16:29:31.678+0000] {processor.py:179} INFO - Processing /home/airflow/.local/lib/python3.8/site-packages/airflow/example_dags/example_sla_dag.py took 0.057 seconds
[2023-10-13T16:30:02.097+0000] {processor.py:157} INFO - Started process (PID=605) to work on /home/airflow/.local/lib/python3.8/site-packages/airflow/example_dags/example_sla_dag.py
[2023-10-13T16:30:02.098+0000] {processor.py:829} INFO - Processing file /home/airflow/.local/lib/python3.8/site-packages/airflow/example_dags/example_sla_dag.py for tasks to queue
[2023-10-13T16:30:02.099+0000] {logging_mixin.py:151} INFO - [2023-10-13T16:30:02.098+0000] {dagbag.py:536} INFO - Filling up the DagBag from /home/airflow/.local/lib/python3.8/site-packages/airflow/example_dags/example_sla_dag.py
[2023-10-13T16:30:02.104+0000] {processor.py:839} INFO - DAG(s) dict_keys(['example_sla_dag']) retrieved from /home/airflow/.local/lib/python3.8/site-packages/airflow/example_dags/example_sla_dag.py
[2023-10-13T16:30:02.119+0000] {logging_mixin.py:151} INFO - [2023-10-13T16:30:02.119+0000] {dag.py:2941} INFO - Sync 1 DAGs
[2023-10-13T16:30:02.137+0000] {logging_mixin.py:151} INFO - [2023-10-13T16:30:02.137+0000] {dag.py:3722} INFO - Setting next_dagrun for example_sla_dag to 2023-10-13T16:28:00+00:00, run_after=2023-10-13T16:30:00+00:00
[2023-10-13T16:30:02.156+0000] {processor.py:179} INFO - Processing /home/airflow/.local/lib/python3.8/site-packages/airflow/example_dags/example_sla_dag.py took 0.060 seconds
[2023-10-13T16:30:32.645+0000] {processor.py:157} INFO - Started process (PID=834) to work on /home/airflow/.local/lib/python3.8/site-packages/airflow/example_dags/example_sla_dag.py
[2023-10-13T16:30:32.645+0000] {processor.py:829} INFO - Processing file /home/airflow/.local/lib/python3.8/site-packages/airflow/example_dags/example_sla_dag.py for tasks to queue
[2023-10-13T16:30:32.646+0000] {logging_mixin.py:151} INFO - [2023-10-13T16:30:32.646+0000] {dagbag.py:536} INFO - Filling up the DagBag from /home/airflow/.local/lib/python3.8/site-packages/airflow/example_dags/example_sla_dag.py
[2023-10-13T16:30:32.654+0000] {processor.py:839} INFO - DAG(s) dict_keys(['example_sla_dag']) retrieved from /home/airflow/.local/lib/python3.8/site-packages/airflow/example_dags/example_sla_dag.py
[2023-10-13T16:30:32.673+0000] {logging_mixin.py:151} INFO - [2023-10-13T16:30:32.673+0000] {dag.py:2941} INFO - Sync 1 DAGs
[2023-10-13T16:30:32.699+0000] {logging_mixin.py:151} INFO - [2023-10-13T16:30:32.699+0000] {dag.py:3722} INFO - Setting next_dagrun for example_sla_dag to 2023-10-13T16:28:00+00:00, run_after=2023-10-13T16:30:00+00:00
[2023-10-13T16:30:32.723+0000] {processor.py:179} INFO - Processing /home/airflow/.local/lib/python3.8/site-packages/airflow/example_dags/example_sla_dag.py took 0.081 seconds
