[2023-10-13T16:17:38.330+0000] {processor.py:157} INFO - Started process (PID=332) to work on /home/airflow/.local/lib/python3.8/site-packages/airflow/example_dags/example_nested_branch_dag.py
[2023-10-13T16:17:38.330+0000] {processor.py:829} INFO - Processing file /home/airflow/.local/lib/python3.8/site-packages/airflow/example_dags/example_nested_branch_dag.py for tasks to queue
[2023-10-13T16:17:38.331+0000] {logging_mixin.py:151} INFO - [2023-10-13T16:17:38.331+0000] {dagbag.py:536} INFO - Filling up the DagBag from /home/airflow/.local/lib/python3.8/site-packages/airflow/example_dags/example_nested_branch_dag.py
[2023-10-13T16:17:38.339+0000] {processor.py:839} INFO - DAG(s) dict_keys(['example_nested_branch_dag']) retrieved from /home/airflow/.local/lib/python3.8/site-packages/airflow/example_dags/example_nested_branch_dag.py
[2023-10-13T16:17:38.347+0000] {logging_mixin.py:151} INFO - [2023-10-13T16:17:38.347+0000] {dag.py:2941} INFO - Sync 1 DAGs
[2023-10-13T16:17:38.365+0000] {logging_mixin.py:151} INFO - [2023-10-13T16:17:38.365+0000] {dag.py:3722} INFO - Setting next_dagrun for example_nested_branch_dag to 2023-10-12T00:00:00+00:00, run_after=2023-10-13T00:00:00+00:00
[2023-10-13T16:17:38.390+0000] {processor.py:179} INFO - Processing /home/airflow/.local/lib/python3.8/site-packages/airflow/example_dags/example_nested_branch_dag.py took 0.062 seconds
[2023-10-13T16:18:08.546+0000] {processor.py:157} INFO - Started process (PID=571) to work on /home/airflow/.local/lib/python3.8/site-packages/airflow/example_dags/example_nested_branch_dag.py
[2023-10-13T16:18:08.547+0000] {processor.py:829} INFO - Processing file /home/airflow/.local/lib/python3.8/site-packages/airflow/example_dags/example_nested_branch_dag.py for tasks to queue
[2023-10-13T16:18:08.548+0000] {logging_mixin.py:151} INFO - [2023-10-13T16:18:08.547+0000] {dagbag.py:536} INFO - Filling up the DagBag from /home/airflow/.local/lib/python3.8/site-packages/airflow/example_dags/example_nested_branch_dag.py
[2023-10-13T16:18:08.555+0000] {processor.py:839} INFO - DAG(s) dict_keys(['example_nested_branch_dag']) retrieved from /home/airflow/.local/lib/python3.8/site-packages/airflow/example_dags/example_nested_branch_dag.py
[2023-10-13T16:18:08.570+0000] {logging_mixin.py:151} INFO - [2023-10-13T16:18:08.570+0000] {dag.py:2941} INFO - Sync 1 DAGs
[2023-10-13T16:18:08.587+0000] {logging_mixin.py:151} INFO - [2023-10-13T16:18:08.587+0000] {dag.py:3722} INFO - Setting next_dagrun for example_nested_branch_dag to 2023-10-12T00:00:00+00:00, run_after=2023-10-13T00:00:00+00:00
[2023-10-13T16:18:08.606+0000] {processor.py:179} INFO - Processing /home/airflow/.local/lib/python3.8/site-packages/airflow/example_dags/example_nested_branch_dag.py took 0.062 seconds
[2023-10-13T16:18:38.724+0000] {processor.py:157} INFO - Started process (PID=808) to work on /home/airflow/.local/lib/python3.8/site-packages/airflow/example_dags/example_nested_branch_dag.py
[2023-10-13T16:18:38.728+0000] {processor.py:829} INFO - Processing file /home/airflow/.local/lib/python3.8/site-packages/airflow/example_dags/example_nested_branch_dag.py for tasks to queue
[2023-10-13T16:18:38.728+0000] {logging_mixin.py:151} INFO - [2023-10-13T16:18:38.728+0000] {dagbag.py:536} INFO - Filling up the DagBag from /home/airflow/.local/lib/python3.8/site-packages/airflow/example_dags/example_nested_branch_dag.py
[2023-10-13T16:18:38.739+0000] {processor.py:839} INFO - DAG(s) dict_keys(['example_nested_branch_dag']) retrieved from /home/airflow/.local/lib/python3.8/site-packages/airflow/example_dags/example_nested_branch_dag.py
[2023-10-13T16:18:38.756+0000] {logging_mixin.py:151} INFO - [2023-10-13T16:18:38.756+0000] {dag.py:2941} INFO - Sync 1 DAGs
[2023-10-13T16:18:38.773+0000] {logging_mixin.py:151} INFO - [2023-10-13T16:18:38.773+0000] {dag.py:3722} INFO - Setting next_dagrun for example_nested_branch_dag to 2023-10-12T00:00:00+00:00, run_after=2023-10-13T00:00:00+00:00
[2023-10-13T16:18:38.791+0000] {processor.py:179} INFO - Processing /home/airflow/.local/lib/python3.8/site-packages/airflow/example_dags/example_nested_branch_dag.py took 0.070 seconds
[2023-10-13T16:19:09.032+0000] {processor.py:157} INFO - Started process (PID=1048) to work on /home/airflow/.local/lib/python3.8/site-packages/airflow/example_dags/example_nested_branch_dag.py
[2023-10-13T16:19:09.034+0000] {processor.py:829} INFO - Processing file /home/airflow/.local/lib/python3.8/site-packages/airflow/example_dags/example_nested_branch_dag.py for tasks to queue
[2023-10-13T16:19:09.035+0000] {logging_mixin.py:151} INFO - [2023-10-13T16:19:09.034+0000] {dagbag.py:536} INFO - Filling up the DagBag from /home/airflow/.local/lib/python3.8/site-packages/airflow/example_dags/example_nested_branch_dag.py
[2023-10-13T16:19:09.048+0000] {processor.py:839} INFO - DAG(s) dict_keys(['example_nested_branch_dag']) retrieved from /home/airflow/.local/lib/python3.8/site-packages/airflow/example_dags/example_nested_branch_dag.py
[2023-10-13T16:19:09.066+0000] {logging_mixin.py:151} INFO - [2023-10-13T16:19:09.066+0000] {dag.py:2941} INFO - Sync 1 DAGs
[2023-10-13T16:19:09.088+0000] {logging_mixin.py:151} INFO - [2023-10-13T16:19:09.088+0000] {dag.py:3722} INFO - Setting next_dagrun for example_nested_branch_dag to 2023-10-12T00:00:00+00:00, run_after=2023-10-13T00:00:00+00:00
[2023-10-13T16:19:09.107+0000] {processor.py:179} INFO - Processing /home/airflow/.local/lib/python3.8/site-packages/airflow/example_dags/example_nested_branch_dag.py took 0.079 seconds
[2023-10-13T16:19:39.305+0000] {processor.py:157} INFO - Started process (PID=1285) to work on /home/airflow/.local/lib/python3.8/site-packages/airflow/example_dags/example_nested_branch_dag.py
[2023-10-13T16:19:39.319+0000] {processor.py:829} INFO - Processing file /home/airflow/.local/lib/python3.8/site-packages/airflow/example_dags/example_nested_branch_dag.py for tasks to queue
[2023-10-13T16:19:39.319+0000] {logging_mixin.py:151} INFO - [2023-10-13T16:19:39.319+0000] {dagbag.py:536} INFO - Filling up the DagBag from /home/airflow/.local/lib/python3.8/site-packages/airflow/example_dags/example_nested_branch_dag.py
[2023-10-13T16:19:39.326+0000] {processor.py:839} INFO - DAG(s) dict_keys(['example_nested_branch_dag']) retrieved from /home/airflow/.local/lib/python3.8/site-packages/airflow/example_dags/example_nested_branch_dag.py
[2023-10-13T16:19:39.342+0000] {logging_mixin.py:151} INFO - [2023-10-13T16:19:39.341+0000] {dag.py:2941} INFO - Sync 1 DAGs
[2023-10-13T16:19:39.359+0000] {logging_mixin.py:151} INFO - [2023-10-13T16:19:39.358+0000] {dag.py:3722} INFO - Setting next_dagrun for example_nested_branch_dag to 2023-10-12T00:00:00+00:00, run_after=2023-10-13T00:00:00+00:00
[2023-10-13T16:19:39.387+0000] {processor.py:179} INFO - Processing /home/airflow/.local/lib/python3.8/site-packages/airflow/example_dags/example_nested_branch_dag.py took 0.084 seconds
[2023-10-13T16:20:09.863+0000] {processor.py:157} INFO - Started process (PID=1521) to work on /home/airflow/.local/lib/python3.8/site-packages/airflow/example_dags/example_nested_branch_dag.py
[2023-10-13T16:20:09.898+0000] {processor.py:829} INFO - Processing file /home/airflow/.local/lib/python3.8/site-packages/airflow/example_dags/example_nested_branch_dag.py for tasks to queue
[2023-10-13T16:20:09.898+0000] {logging_mixin.py:151} INFO - [2023-10-13T16:20:09.898+0000] {dagbag.py:536} INFO - Filling up the DagBag from /home/airflow/.local/lib/python3.8/site-packages/airflow/example_dags/example_nested_branch_dag.py
[2023-10-13T16:20:09.905+0000] {processor.py:839} INFO - DAG(s) dict_keys(['example_nested_branch_dag']) retrieved from /home/airflow/.local/lib/python3.8/site-packages/airflow/example_dags/example_nested_branch_dag.py
[2023-10-13T16:20:09.921+0000] {logging_mixin.py:151} INFO - [2023-10-13T16:20:09.920+0000] {dag.py:2941} INFO - Sync 1 DAGs
[2023-10-13T16:20:09.940+0000] {logging_mixin.py:151} INFO - [2023-10-13T16:20:09.940+0000] {dag.py:3722} INFO - Setting next_dagrun for example_nested_branch_dag to 2023-10-12T00:00:00+00:00, run_after=2023-10-13T00:00:00+00:00
[2023-10-13T16:20:10.015+0000] {processor.py:179} INFO - Processing /home/airflow/.local/lib/python3.8/site-packages/airflow/example_dags/example_nested_branch_dag.py took 0.155 seconds
[2023-10-13T16:20:41.203+0000] {processor.py:157} INFO - Started process (PID=1759) to work on /home/airflow/.local/lib/python3.8/site-packages/airflow/example_dags/example_nested_branch_dag.py
[2023-10-13T16:20:41.204+0000] {processor.py:829} INFO - Processing file /home/airflow/.local/lib/python3.8/site-packages/airflow/example_dags/example_nested_branch_dag.py for tasks to queue
[2023-10-13T16:20:41.205+0000] {logging_mixin.py:151} INFO - [2023-10-13T16:20:41.204+0000] {dagbag.py:536} INFO - Filling up the DagBag from /home/airflow/.local/lib/python3.8/site-packages/airflow/example_dags/example_nested_branch_dag.py
[2023-10-13T16:20:41.218+0000] {processor.py:839} INFO - DAG(s) dict_keys(['example_nested_branch_dag']) retrieved from /home/airflow/.local/lib/python3.8/site-packages/airflow/example_dags/example_nested_branch_dag.py
[2023-10-13T16:20:41.250+0000] {logging_mixin.py:151} INFO - [2023-10-13T16:20:41.249+0000] {dag.py:2941} INFO - Sync 1 DAGs
[2023-10-13T16:20:41.282+0000] {logging_mixin.py:151} INFO - [2023-10-13T16:20:41.282+0000] {dag.py:3722} INFO - Setting next_dagrun for example_nested_branch_dag to 2023-10-12T00:00:00+00:00, run_after=2023-10-13T00:00:00+00:00
[2023-10-13T16:20:41.316+0000] {processor.py:179} INFO - Processing /home/airflow/.local/lib/python3.8/site-packages/airflow/example_dags/example_nested_branch_dag.py took 0.118 seconds
[2023-10-13T16:21:11.741+0000] {processor.py:157} INFO - Started process (PID=1997) to work on /home/airflow/.local/lib/python3.8/site-packages/airflow/example_dags/example_nested_branch_dag.py
[2023-10-13T16:21:11.741+0000] {processor.py:829} INFO - Processing file /home/airflow/.local/lib/python3.8/site-packages/airflow/example_dags/example_nested_branch_dag.py for tasks to queue
[2023-10-13T16:21:11.742+0000] {logging_mixin.py:151} INFO - [2023-10-13T16:21:11.742+0000] {dagbag.py:536} INFO - Filling up the DagBag from /home/airflow/.local/lib/python3.8/site-packages/airflow/example_dags/example_nested_branch_dag.py
[2023-10-13T16:21:11.758+0000] {processor.py:839} INFO - DAG(s) dict_keys(['example_nested_branch_dag']) retrieved from /home/airflow/.local/lib/python3.8/site-packages/airflow/example_dags/example_nested_branch_dag.py
[2023-10-13T16:21:11.784+0000] {logging_mixin.py:151} INFO - [2023-10-13T16:21:11.783+0000] {dag.py:2941} INFO - Sync 1 DAGs
[2023-10-13T16:21:11.817+0000] {logging_mixin.py:151} INFO - [2023-10-13T16:21:11.817+0000] {dag.py:3722} INFO - Setting next_dagrun for example_nested_branch_dag to 2023-10-12T00:00:00+00:00, run_after=2023-10-13T00:00:00+00:00
[2023-10-13T16:21:11.848+0000] {processor.py:179} INFO - Processing /home/airflow/.local/lib/python3.8/site-packages/airflow/example_dags/example_nested_branch_dag.py took 0.111 seconds
[2023-10-13T16:21:41.935+0000] {processor.py:157} INFO - Started process (PID=2238) to work on /home/airflow/.local/lib/python3.8/site-packages/airflow/example_dags/example_nested_branch_dag.py
[2023-10-13T16:21:41.935+0000] {processor.py:829} INFO - Processing file /home/airflow/.local/lib/python3.8/site-packages/airflow/example_dags/example_nested_branch_dag.py for tasks to queue
[2023-10-13T16:21:41.936+0000] {logging_mixin.py:151} INFO - [2023-10-13T16:21:41.936+0000] {dagbag.py:536} INFO - Filling up the DagBag from /home/airflow/.local/lib/python3.8/site-packages/airflow/example_dags/example_nested_branch_dag.py
[2023-10-13T16:21:41.946+0000] {processor.py:839} INFO - DAG(s) dict_keys(['example_nested_branch_dag']) retrieved from /home/airflow/.local/lib/python3.8/site-packages/airflow/example_dags/example_nested_branch_dag.py
[2023-10-13T16:21:41.966+0000] {logging_mixin.py:151} INFO - [2023-10-13T16:21:41.966+0000] {dag.py:2941} INFO - Sync 1 DAGs
[2023-10-13T16:21:41.987+0000] {logging_mixin.py:151} INFO - [2023-10-13T16:21:41.987+0000] {dag.py:3722} INFO - Setting next_dagrun for example_nested_branch_dag to 2023-10-12T00:00:00+00:00, run_after=2023-10-13T00:00:00+00:00
[2023-10-13T16:21:42.010+0000] {processor.py:179} INFO - Processing /home/airflow/.local/lib/python3.8/site-packages/airflow/example_dags/example_nested_branch_dag.py took 0.078 seconds
[2023-10-13T16:22:12.498+0000] {processor.py:157} INFO - Started process (PID=2475) to work on /home/airflow/.local/lib/python3.8/site-packages/airflow/example_dags/example_nested_branch_dag.py
[2023-10-13T16:22:12.500+0000] {processor.py:829} INFO - Processing file /home/airflow/.local/lib/python3.8/site-packages/airflow/example_dags/example_nested_branch_dag.py for tasks to queue
[2023-10-13T16:22:12.501+0000] {logging_mixin.py:151} INFO - [2023-10-13T16:22:12.500+0000] {dagbag.py:536} INFO - Filling up the DagBag from /home/airflow/.local/lib/python3.8/site-packages/airflow/example_dags/example_nested_branch_dag.py
[2023-10-13T16:22:12.509+0000] {processor.py:839} INFO - DAG(s) dict_keys(['example_nested_branch_dag']) retrieved from /home/airflow/.local/lib/python3.8/site-packages/airflow/example_dags/example_nested_branch_dag.py
[2023-10-13T16:22:12.530+0000] {logging_mixin.py:151} INFO - [2023-10-13T16:22:12.529+0000] {dag.py:2941} INFO - Sync 1 DAGs
[2023-10-13T16:22:12.554+0000] {logging_mixin.py:151} INFO - [2023-10-13T16:22:12.554+0000] {dag.py:3722} INFO - Setting next_dagrun for example_nested_branch_dag to 2023-10-12T00:00:00+00:00, run_after=2023-10-13T00:00:00+00:00
[2023-10-13T16:22:12.574+0000] {processor.py:179} INFO - Processing /home/airflow/.local/lib/python3.8/site-packages/airflow/example_dags/example_nested_branch_dag.py took 0.080 seconds
[2023-10-13T16:22:42.629+0000] {processor.py:157} INFO - Started process (PID=2713) to work on /home/airflow/.local/lib/python3.8/site-packages/airflow/example_dags/example_nested_branch_dag.py
[2023-10-13T16:22:42.629+0000] {processor.py:829} INFO - Processing file /home/airflow/.local/lib/python3.8/site-packages/airflow/example_dags/example_nested_branch_dag.py for tasks to queue
[2023-10-13T16:22:42.630+0000] {logging_mixin.py:151} INFO - [2023-10-13T16:22:42.630+0000] {dagbag.py:536} INFO - Filling up the DagBag from /home/airflow/.local/lib/python3.8/site-packages/airflow/example_dags/example_nested_branch_dag.py
[2023-10-13T16:22:42.637+0000] {processor.py:839} INFO - DAG(s) dict_keys(['example_nested_branch_dag']) retrieved from /home/airflow/.local/lib/python3.8/site-packages/airflow/example_dags/example_nested_branch_dag.py
[2023-10-13T16:22:42.658+0000] {logging_mixin.py:151} INFO - [2023-10-13T16:22:42.658+0000] {dag.py:2941} INFO - Sync 1 DAGs
[2023-10-13T16:22:42.682+0000] {logging_mixin.py:151} INFO - [2023-10-13T16:22:42.681+0000] {dag.py:3722} INFO - Setting next_dagrun for example_nested_branch_dag to 2023-10-12T00:00:00+00:00, run_after=2023-10-13T00:00:00+00:00
[2023-10-13T16:22:42.707+0000] {processor.py:179} INFO - Processing /home/airflow/.local/lib/python3.8/site-packages/airflow/example_dags/example_nested_branch_dag.py took 0.081 seconds
[2023-10-13T16:24:27.925+0000] {processor.py:157} INFO - Started process (PID=337) to work on /home/airflow/.local/lib/python3.8/site-packages/airflow/example_dags/example_nested_branch_dag.py
[2023-10-13T16:24:27.926+0000] {processor.py:829} INFO - Processing file /home/airflow/.local/lib/python3.8/site-packages/airflow/example_dags/example_nested_branch_dag.py for tasks to queue
[2023-10-13T16:24:27.927+0000] {logging_mixin.py:151} INFO - [2023-10-13T16:24:27.926+0000] {dagbag.py:536} INFO - Filling up the DagBag from /home/airflow/.local/lib/python3.8/site-packages/airflow/example_dags/example_nested_branch_dag.py
[2023-10-13T16:24:27.938+0000] {processor.py:839} INFO - DAG(s) dict_keys(['example_nested_branch_dag']) retrieved from /home/airflow/.local/lib/python3.8/site-packages/airflow/example_dags/example_nested_branch_dag.py
[2023-10-13T16:24:27.947+0000] {logging_mixin.py:151} INFO - [2023-10-13T16:24:27.947+0000] {dag.py:2941} INFO - Sync 1 DAGs
[2023-10-13T16:24:27.966+0000] {logging_mixin.py:151} INFO - [2023-10-13T16:24:27.966+0000] {dag.py:3722} INFO - Setting next_dagrun for example_nested_branch_dag to 2023-10-12T00:00:00+00:00, run_after=2023-10-13T00:00:00+00:00
[2023-10-13T16:24:27.985+0000] {processor.py:179} INFO - Processing /home/airflow/.local/lib/python3.8/site-packages/airflow/example_dags/example_nested_branch_dag.py took 0.062 seconds
[2023-10-13T16:24:58.239+0000] {processor.py:157} INFO - Started process (PID=587) to work on /home/airflow/.local/lib/python3.8/site-packages/airflow/example_dags/example_nested_branch_dag.py
[2023-10-13T16:24:58.240+0000] {processor.py:829} INFO - Processing file /home/airflow/.local/lib/python3.8/site-packages/airflow/example_dags/example_nested_branch_dag.py for tasks to queue
[2023-10-13T16:24:58.240+0000] {logging_mixin.py:151} INFO - [2023-10-13T16:24:58.240+0000] {dagbag.py:536} INFO - Filling up the DagBag from /home/airflow/.local/lib/python3.8/site-packages/airflow/example_dags/example_nested_branch_dag.py
[2023-10-13T16:24:58.248+0000] {processor.py:839} INFO - DAG(s) dict_keys(['example_nested_branch_dag']) retrieved from /home/airflow/.local/lib/python3.8/site-packages/airflow/example_dags/example_nested_branch_dag.py
[2023-10-13T16:24:58.264+0000] {logging_mixin.py:151} INFO - [2023-10-13T16:24:58.264+0000] {dag.py:2941} INFO - Sync 1 DAGs
[2023-10-13T16:24:58.290+0000] {logging_mixin.py:151} INFO - [2023-10-13T16:24:58.290+0000] {dag.py:3722} INFO - Setting next_dagrun for example_nested_branch_dag to 2023-10-12T00:00:00+00:00, run_after=2023-10-13T00:00:00+00:00
[2023-10-13T16:24:58.309+0000] {processor.py:179} INFO - Processing /home/airflow/.local/lib/python3.8/site-packages/airflow/example_dags/example_nested_branch_dag.py took 0.073 seconds
[2023-10-13T16:29:31.373+0000] {processor.py:157} INFO - Started process (PID=332) to work on /home/airflow/.local/lib/python3.8/site-packages/airflow/example_dags/example_nested_branch_dag.py
[2023-10-13T16:29:31.382+0000] {processor.py:829} INFO - Processing file /home/airflow/.local/lib/python3.8/site-packages/airflow/example_dags/example_nested_branch_dag.py for tasks to queue
[2023-10-13T16:29:31.383+0000] {logging_mixin.py:151} INFO - [2023-10-13T16:29:31.382+0000] {dagbag.py:536} INFO - Filling up the DagBag from /home/airflow/.local/lib/python3.8/site-packages/airflow/example_dags/example_nested_branch_dag.py
[2023-10-13T16:29:31.390+0000] {processor.py:839} INFO - DAG(s) dict_keys(['example_nested_branch_dag']) retrieved from /home/airflow/.local/lib/python3.8/site-packages/airflow/example_dags/example_nested_branch_dag.py
[2023-10-13T16:29:31.399+0000] {logging_mixin.py:151} INFO - [2023-10-13T16:29:31.398+0000] {dag.py:2941} INFO - Sync 1 DAGs
[2023-10-13T16:29:31.417+0000] {logging_mixin.py:151} INFO - [2023-10-13T16:29:31.417+0000] {dag.py:3722} INFO - Setting next_dagrun for example_nested_branch_dag to 2023-10-12T00:00:00+00:00, run_after=2023-10-13T00:00:00+00:00
[2023-10-13T16:29:31.444+0000] {processor.py:179} INFO - Processing /home/airflow/.local/lib/python3.8/site-packages/airflow/example_dags/example_nested_branch_dag.py took 0.073 seconds
[2023-10-13T16:30:01.819+0000] {processor.py:157} INFO - Started process (PID=572) to work on /home/airflow/.local/lib/python3.8/site-packages/airflow/example_dags/example_nested_branch_dag.py
[2023-10-13T16:30:01.820+0000] {processor.py:829} INFO - Processing file /home/airflow/.local/lib/python3.8/site-packages/airflow/example_dags/example_nested_branch_dag.py for tasks to queue
[2023-10-13T16:30:01.820+0000] {logging_mixin.py:151} INFO - [2023-10-13T16:30:01.820+0000] {dagbag.py:536} INFO - Filling up the DagBag from /home/airflow/.local/lib/python3.8/site-packages/airflow/example_dags/example_nested_branch_dag.py
[2023-10-13T16:30:01.828+0000] {processor.py:839} INFO - DAG(s) dict_keys(['example_nested_branch_dag']) retrieved from /home/airflow/.local/lib/python3.8/site-packages/airflow/example_dags/example_nested_branch_dag.py
[2023-10-13T16:30:01.845+0000] {logging_mixin.py:151} INFO - [2023-10-13T16:30:01.845+0000] {dag.py:2941} INFO - Sync 1 DAGs
[2023-10-13T16:30:01.862+0000] {logging_mixin.py:151} INFO - [2023-10-13T16:30:01.862+0000] {dag.py:3722} INFO - Setting next_dagrun for example_nested_branch_dag to 2023-10-12T00:00:00+00:00, run_after=2023-10-13T00:00:00+00:00
[2023-10-13T16:30:01.887+0000] {processor.py:179} INFO - Processing /home/airflow/.local/lib/python3.8/site-packages/airflow/example_dags/example_nested_branch_dag.py took 0.071 seconds
[2023-10-13T16:30:32.197+0000] {processor.py:157} INFO - Started process (PID=807) to work on /home/airflow/.local/lib/python3.8/site-packages/airflow/example_dags/example_nested_branch_dag.py
[2023-10-13T16:30:32.198+0000] {processor.py:829} INFO - Processing file /home/airflow/.local/lib/python3.8/site-packages/airflow/example_dags/example_nested_branch_dag.py for tasks to queue
[2023-10-13T16:30:32.199+0000] {logging_mixin.py:151} INFO - [2023-10-13T16:30:32.198+0000] {dagbag.py:536} INFO - Filling up the DagBag from /home/airflow/.local/lib/python3.8/site-packages/airflow/example_dags/example_nested_branch_dag.py
[2023-10-13T16:30:32.208+0000] {processor.py:839} INFO - DAG(s) dict_keys(['example_nested_branch_dag']) retrieved from /home/airflow/.local/lib/python3.8/site-packages/airflow/example_dags/example_nested_branch_dag.py
[2023-10-13T16:30:32.232+0000] {logging_mixin.py:151} INFO - [2023-10-13T16:30:32.232+0000] {dag.py:2941} INFO - Sync 1 DAGs
[2023-10-13T16:30:32.259+0000] {logging_mixin.py:151} INFO - [2023-10-13T16:30:32.258+0000] {dag.py:3722} INFO - Setting next_dagrun for example_nested_branch_dag to 2023-10-12T00:00:00+00:00, run_after=2023-10-13T00:00:00+00:00
[2023-10-13T16:30:32.284+0000] {processor.py:179} INFO - Processing /home/airflow/.local/lib/python3.8/site-packages/airflow/example_dags/example_nested_branch_dag.py took 0.089 seconds
