[2023-10-13T16:17:38.474+0000] {processor.py:157} INFO - Started process (PID=352) to work on /home/airflow/.local/lib/python3.8/site-packages/airflow/example_dags/example_setup_teardown.py
[2023-10-13T16:17:38.475+0000] {processor.py:829} INFO - Processing file /home/airflow/.local/lib/python3.8/site-packages/airflow/example_dags/example_setup_teardown.py for tasks to queue
[2023-10-13T16:17:38.476+0000] {logging_mixin.py:151} INFO - [2023-10-13T16:17:38.475+0000] {dagbag.py:536} INFO - Filling up the DagBag from /home/airflow/.local/lib/python3.8/site-packages/airflow/example_dags/example_setup_teardown.py
[2023-10-13T16:17:38.481+0000] {processor.py:839} INFO - DAG(s) dict_keys(['example_setup_teardown']) retrieved from /home/airflow/.local/lib/python3.8/site-packages/airflow/example_dags/example_setup_teardown.py
[2023-10-13T16:17:38.489+0000] {logging_mixin.py:151} INFO - [2023-10-13T16:17:38.489+0000] {dag.py:2941} INFO - Sync 1 DAGs
[2023-10-13T16:17:38.506+0000] {logging_mixin.py:151} INFO - [2023-10-13T16:17:38.506+0000] {dag.py:3722} INFO - Setting next_dagrun for example_setup_teardown to 2023-10-12T16:17:38.506073+00:00, run_after=2023-10-13T16:17:38.506073+00:00
[2023-10-13T16:17:38.524+0000] {processor.py:179} INFO - Processing /home/airflow/.local/lib/python3.8/site-packages/airflow/example_dags/example_setup_teardown.py took 0.051 seconds
[2023-10-13T16:18:08.691+0000] {processor.py:157} INFO - Started process (PID=590) to work on /home/airflow/.local/lib/python3.8/site-packages/airflow/example_dags/example_setup_teardown.py
[2023-10-13T16:18:08.691+0000] {processor.py:829} INFO - Processing file /home/airflow/.local/lib/python3.8/site-packages/airflow/example_dags/example_setup_teardown.py for tasks to queue
[2023-10-13T16:18:08.692+0000] {logging_mixin.py:151} INFO - [2023-10-13T16:18:08.692+0000] {dagbag.py:536} INFO - Filling up the DagBag from /home/airflow/.local/lib/python3.8/site-packages/airflow/example_dags/example_setup_teardown.py
[2023-10-13T16:18:08.697+0000] {processor.py:839} INFO - DAG(s) dict_keys(['example_setup_teardown']) retrieved from /home/airflow/.local/lib/python3.8/site-packages/airflow/example_dags/example_setup_teardown.py
[2023-10-13T16:18:08.713+0000] {logging_mixin.py:151} INFO - [2023-10-13T16:18:08.713+0000] {dag.py:2941} INFO - Sync 1 DAGs
[2023-10-13T16:18:08.730+0000] {logging_mixin.py:151} INFO - [2023-10-13T16:18:08.730+0000] {dag.py:3722} INFO - Setting next_dagrun for example_setup_teardown to 2023-10-12T16:18:08.730165+00:00, run_after=2023-10-13T16:18:08.730165+00:00
[2023-10-13T16:18:08.751+0000] {processor.py:179} INFO - Processing /home/airflow/.local/lib/python3.8/site-packages/airflow/example_dags/example_setup_teardown.py took 0.062 seconds
[2023-10-13T16:18:38.888+0000] {processor.py:157} INFO - Started process (PID=828) to work on /home/airflow/.local/lib/python3.8/site-packages/airflow/example_dags/example_setup_teardown.py
[2023-10-13T16:18:38.888+0000] {processor.py:829} INFO - Processing file /home/airflow/.local/lib/python3.8/site-packages/airflow/example_dags/example_setup_teardown.py for tasks to queue
[2023-10-13T16:18:38.889+0000] {logging_mixin.py:151} INFO - [2023-10-13T16:18:38.889+0000] {dagbag.py:536} INFO - Filling up the DagBag from /home/airflow/.local/lib/python3.8/site-packages/airflow/example_dags/example_setup_teardown.py
[2023-10-13T16:18:38.894+0000] {processor.py:839} INFO - DAG(s) dict_keys(['example_setup_teardown']) retrieved from /home/airflow/.local/lib/python3.8/site-packages/airflow/example_dags/example_setup_teardown.py
[2023-10-13T16:18:38.909+0000] {logging_mixin.py:151} INFO - [2023-10-13T16:18:38.909+0000] {dag.py:2941} INFO - Sync 1 DAGs
[2023-10-13T16:18:38.925+0000] {logging_mixin.py:151} INFO - [2023-10-13T16:18:38.924+0000] {dag.py:3722} INFO - Setting next_dagrun for example_setup_teardown to 2023-10-12T16:18:38.924748+00:00, run_after=2023-10-13T16:18:38.924748+00:00
[2023-10-13T16:18:38.945+0000] {processor.py:179} INFO - Processing /home/airflow/.local/lib/python3.8/site-packages/airflow/example_dags/example_setup_teardown.py took 0.060 seconds
[2023-10-13T16:19:09.202+0000] {processor.py:157} INFO - Started process (PID=1066) to work on /home/airflow/.local/lib/python3.8/site-packages/airflow/example_dags/example_setup_teardown.py
[2023-10-13T16:19:09.203+0000] {processor.py:829} INFO - Processing file /home/airflow/.local/lib/python3.8/site-packages/airflow/example_dags/example_setup_teardown.py for tasks to queue
[2023-10-13T16:19:09.203+0000] {logging_mixin.py:151} INFO - [2023-10-13T16:19:09.203+0000] {dagbag.py:536} INFO - Filling up the DagBag from /home/airflow/.local/lib/python3.8/site-packages/airflow/example_dags/example_setup_teardown.py
[2023-10-13T16:19:09.209+0000] {processor.py:839} INFO - DAG(s) dict_keys(['example_setup_teardown']) retrieved from /home/airflow/.local/lib/python3.8/site-packages/airflow/example_dags/example_setup_teardown.py
[2023-10-13T16:19:09.224+0000] {logging_mixin.py:151} INFO - [2023-10-13T16:19:09.224+0000] {dag.py:2941} INFO - Sync 1 DAGs
[2023-10-13T16:19:09.243+0000] {logging_mixin.py:151} INFO - [2023-10-13T16:19:09.243+0000] {dag.py:3722} INFO - Setting next_dagrun for example_setup_teardown to 2023-10-12T16:19:09.243396+00:00, run_after=2023-10-13T16:19:09.243396+00:00
[2023-10-13T16:19:09.264+0000] {processor.py:179} INFO - Processing /home/airflow/.local/lib/python3.8/site-packages/airflow/example_dags/example_setup_teardown.py took 0.064 seconds
[2023-10-13T16:19:39.489+0000] {processor.py:157} INFO - Started process (PID=1306) to work on /home/airflow/.local/lib/python3.8/site-packages/airflow/example_dags/example_setup_teardown.py
[2023-10-13T16:19:39.496+0000] {processor.py:829} INFO - Processing file /home/airflow/.local/lib/python3.8/site-packages/airflow/example_dags/example_setup_teardown.py for tasks to queue
[2023-10-13T16:19:39.497+0000] {logging_mixin.py:151} INFO - [2023-10-13T16:19:39.497+0000] {dagbag.py:536} INFO - Filling up the DagBag from /home/airflow/.local/lib/python3.8/site-packages/airflow/example_dags/example_setup_teardown.py
[2023-10-13T16:19:39.503+0000] {processor.py:839} INFO - DAG(s) dict_keys(['example_setup_teardown']) retrieved from /home/airflow/.local/lib/python3.8/site-packages/airflow/example_dags/example_setup_teardown.py
[2023-10-13T16:19:39.522+0000] {logging_mixin.py:151} INFO - [2023-10-13T16:19:39.521+0000] {dag.py:2941} INFO - Sync 1 DAGs
[2023-10-13T16:19:39.550+0000] {logging_mixin.py:151} INFO - [2023-10-13T16:19:39.550+0000] {dag.py:3722} INFO - Setting next_dagrun for example_setup_teardown to 2023-10-12T16:19:39.549998+00:00, run_after=2023-10-13T16:19:39.549998+00:00
[2023-10-13T16:19:39.578+0000] {processor.py:179} INFO - Processing /home/airflow/.local/lib/python3.8/site-packages/airflow/example_dags/example_setup_teardown.py took 0.091 seconds
[2023-10-13T16:20:10.167+0000] {processor.py:157} INFO - Started process (PID=1541) to work on /home/airflow/.local/lib/python3.8/site-packages/airflow/example_dags/example_setup_teardown.py
[2023-10-13T16:20:10.198+0000] {processor.py:829} INFO - Processing file /home/airflow/.local/lib/python3.8/site-packages/airflow/example_dags/example_setup_teardown.py for tasks to queue
[2023-10-13T16:20:10.198+0000] {logging_mixin.py:151} INFO - [2023-10-13T16:20:10.198+0000] {dagbag.py:536} INFO - Filling up the DagBag from /home/airflow/.local/lib/python3.8/site-packages/airflow/example_dags/example_setup_teardown.py
[2023-10-13T16:20:10.204+0000] {processor.py:839} INFO - DAG(s) dict_keys(['example_setup_teardown']) retrieved from /home/airflow/.local/lib/python3.8/site-packages/airflow/example_dags/example_setup_teardown.py
[2023-10-13T16:20:10.228+0000] {logging_mixin.py:151} INFO - [2023-10-13T16:20:10.227+0000] {dag.py:2941} INFO - Sync 1 DAGs
[2023-10-13T16:20:10.245+0000] {logging_mixin.py:151} INFO - [2023-10-13T16:20:10.245+0000] {dag.py:3722} INFO - Setting next_dagrun for example_setup_teardown to 2023-10-12T16:20:10.245205+00:00, run_after=2023-10-13T16:20:10.245205+00:00
[2023-10-13T16:20:10.283+0000] {processor.py:179} INFO - Processing /home/airflow/.local/lib/python3.8/site-packages/airflow/example_dags/example_setup_teardown.py took 0.118 seconds
[2023-10-13T16:20:41.445+0000] {processor.py:157} INFO - Started process (PID=1779) to work on /home/airflow/.local/lib/python3.8/site-packages/airflow/example_dags/example_setup_teardown.py
[2023-10-13T16:20:41.446+0000] {processor.py:829} INFO - Processing file /home/airflow/.local/lib/python3.8/site-packages/airflow/example_dags/example_setup_teardown.py for tasks to queue
[2023-10-13T16:20:41.446+0000] {logging_mixin.py:151} INFO - [2023-10-13T16:20:41.446+0000] {dagbag.py:536} INFO - Filling up the DagBag from /home/airflow/.local/lib/python3.8/site-packages/airflow/example_dags/example_setup_teardown.py
[2023-10-13T16:20:41.453+0000] {processor.py:839} INFO - DAG(s) dict_keys(['example_setup_teardown']) retrieved from /home/airflow/.local/lib/python3.8/site-packages/airflow/example_dags/example_setup_teardown.py
[2023-10-13T16:20:41.474+0000] {logging_mixin.py:151} INFO - [2023-10-13T16:20:41.474+0000] {dag.py:2941} INFO - Sync 1 DAGs
[2023-10-13T16:20:41.504+0000] {logging_mixin.py:151} INFO - [2023-10-13T16:20:41.504+0000] {dag.py:3722} INFO - Setting next_dagrun for example_setup_teardown to 2023-10-12T16:20:41.504367+00:00, run_after=2023-10-13T16:20:41.504367+00:00
[2023-10-13T16:20:41.531+0000] {processor.py:179} INFO - Processing /home/airflow/.local/lib/python3.8/site-packages/airflow/example_dags/example_setup_teardown.py took 0.090 seconds
[2023-10-13T16:21:11.971+0000] {processor.py:157} INFO - Started process (PID=2017) to work on /home/airflow/.local/lib/python3.8/site-packages/airflow/example_dags/example_setup_teardown.py
[2023-10-13T16:21:11.972+0000] {processor.py:829} INFO - Processing file /home/airflow/.local/lib/python3.8/site-packages/airflow/example_dags/example_setup_teardown.py for tasks to queue
[2023-10-13T16:21:11.973+0000] {logging_mixin.py:151} INFO - [2023-10-13T16:21:11.973+0000] {dagbag.py:536} INFO - Filling up the DagBag from /home/airflow/.local/lib/python3.8/site-packages/airflow/example_dags/example_setup_teardown.py
[2023-10-13T16:21:11.981+0000] {processor.py:839} INFO - DAG(s) dict_keys(['example_setup_teardown']) retrieved from /home/airflow/.local/lib/python3.8/site-packages/airflow/example_dags/example_setup_teardown.py
[2023-10-13T16:21:12.003+0000] {logging_mixin.py:151} INFO - [2023-10-13T16:21:12.003+0000] {dag.py:2941} INFO - Sync 1 DAGs
[2023-10-13T16:21:12.032+0000] {logging_mixin.py:151} INFO - [2023-10-13T16:21:12.032+0000] {dag.py:3722} INFO - Setting next_dagrun for example_setup_teardown to 2023-10-12T16:21:12.032530+00:00, run_after=2023-10-13T16:21:12.032530+00:00
[2023-10-13T16:21:12.057+0000] {processor.py:179} INFO - Processing /home/airflow/.local/lib/python3.8/site-packages/airflow/example_dags/example_setup_teardown.py took 0.089 seconds
[2023-10-13T16:21:42.135+0000] {processor.py:157} INFO - Started process (PID=2256) to work on /home/airflow/.local/lib/python3.8/site-packages/airflow/example_dags/example_setup_teardown.py
[2023-10-13T16:21:42.140+0000] {processor.py:829} INFO - Processing file /home/airflow/.local/lib/python3.8/site-packages/airflow/example_dags/example_setup_teardown.py for tasks to queue
[2023-10-13T16:21:42.140+0000] {logging_mixin.py:151} INFO - [2023-10-13T16:21:42.140+0000] {dagbag.py:536} INFO - Filling up the DagBag from /home/airflow/.local/lib/python3.8/site-packages/airflow/example_dags/example_setup_teardown.py
[2023-10-13T16:21:42.150+0000] {processor.py:839} INFO - DAG(s) dict_keys(['example_setup_teardown']) retrieved from /home/airflow/.local/lib/python3.8/site-packages/airflow/example_dags/example_setup_teardown.py
[2023-10-13T16:21:42.171+0000] {logging_mixin.py:151} INFO - [2023-10-13T16:21:42.171+0000] {dag.py:2941} INFO - Sync 1 DAGs
[2023-10-13T16:21:42.193+0000] {logging_mixin.py:151} INFO - [2023-10-13T16:21:42.193+0000] {dag.py:3722} INFO - Setting next_dagrun for example_setup_teardown to 2023-10-12T16:21:42.193031+00:00, run_after=2023-10-13T16:21:42.193031+00:00
[2023-10-13T16:21:42.221+0000] {processor.py:179} INFO - Processing /home/airflow/.local/lib/python3.8/site-packages/airflow/example_dags/example_setup_teardown.py took 0.089 seconds
[2023-10-13T16:22:12.690+0000] {processor.py:157} INFO - Started process (PID=2495) to work on /home/airflow/.local/lib/python3.8/site-packages/airflow/example_dags/example_setup_teardown.py
[2023-10-13T16:22:12.690+0000] {processor.py:829} INFO - Processing file /home/airflow/.local/lib/python3.8/site-packages/airflow/example_dags/example_setup_teardown.py for tasks to queue
[2023-10-13T16:22:12.691+0000] {logging_mixin.py:151} INFO - [2023-10-13T16:22:12.691+0000] {dagbag.py:536} INFO - Filling up the DagBag from /home/airflow/.local/lib/python3.8/site-packages/airflow/example_dags/example_setup_teardown.py
[2023-10-13T16:22:12.697+0000] {processor.py:839} INFO - DAG(s) dict_keys(['example_setup_teardown']) retrieved from /home/airflow/.local/lib/python3.8/site-packages/airflow/example_dags/example_setup_teardown.py
[2023-10-13T16:22:12.718+0000] {logging_mixin.py:151} INFO - [2023-10-13T16:22:12.718+0000] {dag.py:2941} INFO - Sync 1 DAGs
[2023-10-13T16:22:12.738+0000] {logging_mixin.py:151} INFO - [2023-10-13T16:22:12.738+0000] {dag.py:3722} INFO - Setting next_dagrun for example_setup_teardown to 2023-10-12T16:22:12.738528+00:00, run_after=2023-10-13T16:22:12.738528+00:00
[2023-10-13T16:22:12.863+0000] {processor.py:179} INFO - Processing /home/airflow/.local/lib/python3.8/site-packages/airflow/example_dags/example_setup_teardown.py took 0.176 seconds
[2023-10-13T16:22:42.995+0000] {processor.py:157} INFO - Started process (PID=2735) to work on /home/airflow/.local/lib/python3.8/site-packages/airflow/example_dags/example_setup_teardown.py
[2023-10-13T16:22:42.996+0000] {processor.py:829} INFO - Processing file /home/airflow/.local/lib/python3.8/site-packages/airflow/example_dags/example_setup_teardown.py for tasks to queue
[2023-10-13T16:22:42.996+0000] {logging_mixin.py:151} INFO - [2023-10-13T16:22:42.996+0000] {dagbag.py:536} INFO - Filling up the DagBag from /home/airflow/.local/lib/python3.8/site-packages/airflow/example_dags/example_setup_teardown.py
[2023-10-13T16:22:43.003+0000] {processor.py:839} INFO - DAG(s) dict_keys(['example_setup_teardown']) retrieved from /home/airflow/.local/lib/python3.8/site-packages/airflow/example_dags/example_setup_teardown.py
[2023-10-13T16:22:43.022+0000] {logging_mixin.py:151} INFO - [2023-10-13T16:22:43.021+0000] {dag.py:2941} INFO - Sync 1 DAGs
[2023-10-13T16:22:43.042+0000] {logging_mixin.py:151} INFO - [2023-10-13T16:22:43.042+0000] {dag.py:3722} INFO - Setting next_dagrun for example_setup_teardown to 2023-10-12T16:22:43.042109+00:00, run_after=2023-10-13T16:22:43.042109+00:00
[2023-10-13T16:22:43.062+0000] {processor.py:179} INFO - Processing /home/airflow/.local/lib/python3.8/site-packages/airflow/example_dags/example_setup_teardown.py took 0.070 seconds
[2023-10-13T16:24:28.071+0000] {processor.py:157} INFO - Started process (PID=357) to work on /home/airflow/.local/lib/python3.8/site-packages/airflow/example_dags/example_setup_teardown.py
[2023-10-13T16:24:28.080+0000] {processor.py:829} INFO - Processing file /home/airflow/.local/lib/python3.8/site-packages/airflow/example_dags/example_setup_teardown.py for tasks to queue
[2023-10-13T16:24:28.080+0000] {logging_mixin.py:151} INFO - [2023-10-13T16:24:28.080+0000] {dagbag.py:536} INFO - Filling up the DagBag from /home/airflow/.local/lib/python3.8/site-packages/airflow/example_dags/example_setup_teardown.py
[2023-10-13T16:24:28.087+0000] {processor.py:839} INFO - DAG(s) dict_keys(['example_setup_teardown']) retrieved from /home/airflow/.local/lib/python3.8/site-packages/airflow/example_dags/example_setup_teardown.py
[2023-10-13T16:24:28.096+0000] {logging_mixin.py:151} INFO - [2023-10-13T16:24:28.096+0000] {dag.py:2941} INFO - Sync 1 DAGs
[2023-10-13T16:24:28.114+0000] {logging_mixin.py:151} INFO - [2023-10-13T16:24:28.113+0000] {dag.py:3722} INFO - Setting next_dagrun for example_setup_teardown to 2023-10-12T16:24:28.113726+00:00, run_after=2023-10-13T16:24:28.113726+00:00
[2023-10-13T16:24:28.132+0000] {processor.py:179} INFO - Processing /home/airflow/.local/lib/python3.8/site-packages/airflow/example_dags/example_setup_teardown.py took 0.063 seconds
[2023-10-13T16:24:58.394+0000] {processor.py:157} INFO - Started process (PID=605) to work on /home/airflow/.local/lib/python3.8/site-packages/airflow/example_dags/example_setup_teardown.py
[2023-10-13T16:24:58.395+0000] {processor.py:829} INFO - Processing file /home/airflow/.local/lib/python3.8/site-packages/airflow/example_dags/example_setup_teardown.py for tasks to queue
[2023-10-13T16:24:58.395+0000] {logging_mixin.py:151} INFO - [2023-10-13T16:24:58.395+0000] {dagbag.py:536} INFO - Filling up the DagBag from /home/airflow/.local/lib/python3.8/site-packages/airflow/example_dags/example_setup_teardown.py
[2023-10-13T16:24:58.401+0000] {processor.py:839} INFO - DAG(s) dict_keys(['example_setup_teardown']) retrieved from /home/airflow/.local/lib/python3.8/site-packages/airflow/example_dags/example_setup_teardown.py
[2023-10-13T16:24:58.416+0000] {logging_mixin.py:151} INFO - [2023-10-13T16:24:58.416+0000] {dag.py:2941} INFO - Sync 1 DAGs
[2023-10-13T16:24:58.432+0000] {logging_mixin.py:151} INFO - [2023-10-13T16:24:58.431+0000] {dag.py:3722} INFO - Setting next_dagrun for example_setup_teardown to 2023-10-12T16:24:58.431815+00:00, run_after=2023-10-13T16:24:58.431815+00:00
[2023-10-13T16:24:58.472+0000] {processor.py:179} INFO - Processing /home/airflow/.local/lib/python3.8/site-packages/airflow/example_dags/example_setup_teardown.py took 0.080 seconds
[2023-10-13T16:29:31.519+0000] {processor.py:157} INFO - Started process (PID=352) to work on /home/airflow/.local/lib/python3.8/site-packages/airflow/example_dags/example_setup_teardown.py
[2023-10-13T16:29:31.519+0000] {processor.py:829} INFO - Processing file /home/airflow/.local/lib/python3.8/site-packages/airflow/example_dags/example_setup_teardown.py for tasks to queue
[2023-10-13T16:29:31.520+0000] {logging_mixin.py:151} INFO - [2023-10-13T16:29:31.520+0000] {dagbag.py:536} INFO - Filling up the DagBag from /home/airflow/.local/lib/python3.8/site-packages/airflow/example_dags/example_setup_teardown.py
[2023-10-13T16:29:31.526+0000] {processor.py:839} INFO - DAG(s) dict_keys(['example_setup_teardown']) retrieved from /home/airflow/.local/lib/python3.8/site-packages/airflow/example_dags/example_setup_teardown.py
[2023-10-13T16:29:31.535+0000] {logging_mixin.py:151} INFO - [2023-10-13T16:29:31.535+0000] {dag.py:2941} INFO - Sync 1 DAGs
[2023-10-13T16:29:31.552+0000] {logging_mixin.py:151} INFO - [2023-10-13T16:29:31.551+0000] {dag.py:3722} INFO - Setting next_dagrun for example_setup_teardown to 2023-10-12T16:29:31.551804+00:00, run_after=2023-10-13T16:29:31.551804+00:00
[2023-10-13T16:29:31.577+0000] {processor.py:179} INFO - Processing /home/airflow/.local/lib/python3.8/site-packages/airflow/example_dags/example_setup_teardown.py took 0.061 seconds
[2023-10-13T16:30:01.997+0000] {processor.py:157} INFO - Started process (PID=590) to work on /home/airflow/.local/lib/python3.8/site-packages/airflow/example_dags/example_setup_teardown.py
[2023-10-13T16:30:01.998+0000] {processor.py:829} INFO - Processing file /home/airflow/.local/lib/python3.8/site-packages/airflow/example_dags/example_setup_teardown.py for tasks to queue
[2023-10-13T16:30:01.999+0000] {logging_mixin.py:151} INFO - [2023-10-13T16:30:01.998+0000] {dagbag.py:536} INFO - Filling up the DagBag from /home/airflow/.local/lib/python3.8/site-packages/airflow/example_dags/example_setup_teardown.py
[2023-10-13T16:30:02.004+0000] {processor.py:839} INFO - DAG(s) dict_keys(['example_setup_teardown']) retrieved from /home/airflow/.local/lib/python3.8/site-packages/airflow/example_dags/example_setup_teardown.py
[2023-10-13T16:30:02.019+0000] {logging_mixin.py:151} INFO - [2023-10-13T16:30:02.019+0000] {dag.py:2941} INFO - Sync 1 DAGs
[2023-10-13T16:30:02.035+0000] {logging_mixin.py:151} INFO - [2023-10-13T16:30:02.035+0000] {dag.py:3722} INFO - Setting next_dagrun for example_setup_teardown to 2023-10-12T16:30:02.035180+00:00, run_after=2023-10-13T16:30:02.035180+00:00
[2023-10-13T16:30:02.055+0000] {processor.py:179} INFO - Processing /home/airflow/.local/lib/python3.8/site-packages/airflow/example_dags/example_setup_teardown.py took 0.060 seconds
[2023-10-13T16:30:32.428+0000] {processor.py:157} INFO - Started process (PID=827) to work on /home/airflow/.local/lib/python3.8/site-packages/airflow/example_dags/example_setup_teardown.py
[2023-10-13T16:30:32.436+0000] {processor.py:829} INFO - Processing file /home/airflow/.local/lib/python3.8/site-packages/airflow/example_dags/example_setup_teardown.py for tasks to queue
[2023-10-13T16:30:32.438+0000] {logging_mixin.py:151} INFO - [2023-10-13T16:30:32.438+0000] {dagbag.py:536} INFO - Filling up the DagBag from /home/airflow/.local/lib/python3.8/site-packages/airflow/example_dags/example_setup_teardown.py
[2023-10-13T16:30:32.445+0000] {processor.py:839} INFO - DAG(s) dict_keys(['example_setup_teardown']) retrieved from /home/airflow/.local/lib/python3.8/site-packages/airflow/example_dags/example_setup_teardown.py
[2023-10-13T16:30:32.476+0000] {logging_mixin.py:151} INFO - [2023-10-13T16:30:32.475+0000] {dag.py:2941} INFO - Sync 1 DAGs
[2023-10-13T16:30:32.527+0000] {logging_mixin.py:151} INFO - [2023-10-13T16:30:32.527+0000] {dag.py:3722} INFO - Setting next_dagrun for example_setup_teardown to 2023-10-12T16:30:32.526910+00:00, run_after=2023-10-13T16:30:32.526910+00:00
[2023-10-13T16:30:32.564+0000] {processor.py:179} INFO - Processing /home/airflow/.local/lib/python3.8/site-packages/airflow/example_dags/example_setup_teardown.py took 0.139 seconds
