[2023-10-13T16:17:38.183+0000] {processor.py:157} INFO - Started process (PID=312) to work on /home/airflow/.local/lib/python3.8/site-packages/airflow/example_dags/example_branch_python_dop_operator_3.py
[2023-10-13T16:17:38.183+0000] {processor.py:829} INFO - Processing file /home/airflow/.local/lib/python3.8/site-packages/airflow/example_dags/example_branch_python_dop_operator_3.py for tasks to queue
[2023-10-13T16:17:38.184+0000] {logging_mixin.py:151} INFO - [2023-10-13T16:17:38.184+0000] {dagbag.py:536} INFO - Filling up the DagBag from /home/airflow/.local/lib/python3.8/site-packages/airflow/example_dags/example_branch_python_dop_operator_3.py
[2023-10-13T16:17:38.191+0000] {processor.py:839} INFO - DAG(s) dict_keys(['example_branch_dop_operator_v3']) retrieved from /home/airflow/.local/lib/python3.8/site-packages/airflow/example_dags/example_branch_python_dop_operator_3.py
[2023-10-13T16:17:38.199+0000] {logging_mixin.py:151} INFO - [2023-10-13T16:17:38.199+0000] {dag.py:2941} INFO - Sync 1 DAGs
[2023-10-13T16:17:38.220+0000] {logging_mixin.py:151} INFO - [2023-10-13T16:17:38.220+0000] {dag.py:3722} INFO - Setting next_dagrun for example_branch_dop_operator_v3 to 2023-10-13T16:16:00+00:00, run_after=2023-10-13T16:17:00+00:00
[2023-10-13T16:17:38.245+0000] {processor.py:179} INFO - Processing /home/airflow/.local/lib/python3.8/site-packages/airflow/example_dags/example_branch_python_dop_operator_3.py took 0.064 seconds
[2023-10-13T16:18:08.380+0000] {processor.py:157} INFO - Started process (PID=550) to work on /home/airflow/.local/lib/python3.8/site-packages/airflow/example_dags/example_branch_python_dop_operator_3.py
[2023-10-13T16:18:08.381+0000] {processor.py:829} INFO - Processing file /home/airflow/.local/lib/python3.8/site-packages/airflow/example_dags/example_branch_python_dop_operator_3.py for tasks to queue
[2023-10-13T16:18:08.381+0000] {logging_mixin.py:151} INFO - [2023-10-13T16:18:08.381+0000] {dagbag.py:536} INFO - Filling up the DagBag from /home/airflow/.local/lib/python3.8/site-packages/airflow/example_dags/example_branch_python_dop_operator_3.py
[2023-10-13T16:18:08.391+0000] {processor.py:839} INFO - DAG(s) dict_keys(['example_branch_dop_operator_v3']) retrieved from /home/airflow/.local/lib/python3.8/site-packages/airflow/example_dags/example_branch_python_dop_operator_3.py
[2023-10-13T16:18:08.406+0000] {logging_mixin.py:151} INFO - [2023-10-13T16:18:08.406+0000] {dag.py:2941} INFO - Sync 1 DAGs
[2023-10-13T16:18:08.427+0000] {logging_mixin.py:151} INFO - [2023-10-13T16:18:08.427+0000] {dag.py:3722} INFO - Setting next_dagrun for example_branch_dop_operator_v3 to 2023-10-13T16:17:00+00:00, run_after=2023-10-13T16:18:00+00:00
[2023-10-13T16:18:08.450+0000] {processor.py:179} INFO - Processing /home/airflow/.local/lib/python3.8/site-packages/airflow/example_dags/example_branch_python_dop_operator_3.py took 0.072 seconds
[2023-10-13T16:18:38.552+0000] {processor.py:157} INFO - Started process (PID=788) to work on /home/airflow/.local/lib/python3.8/site-packages/airflow/example_dags/example_branch_python_dop_operator_3.py
[2023-10-13T16:18:38.552+0000] {processor.py:829} INFO - Processing file /home/airflow/.local/lib/python3.8/site-packages/airflow/example_dags/example_branch_python_dop_operator_3.py for tasks to queue
[2023-10-13T16:18:38.553+0000] {logging_mixin.py:151} INFO - [2023-10-13T16:18:38.553+0000] {dagbag.py:536} INFO - Filling up the DagBag from /home/airflow/.local/lib/python3.8/site-packages/airflow/example_dags/example_branch_python_dop_operator_3.py
[2023-10-13T16:18:38.559+0000] {processor.py:839} INFO - DAG(s) dict_keys(['example_branch_dop_operator_v3']) retrieved from /home/airflow/.local/lib/python3.8/site-packages/airflow/example_dags/example_branch_python_dop_operator_3.py
[2023-10-13T16:18:38.574+0000] {logging_mixin.py:151} INFO - [2023-10-13T16:18:38.574+0000] {dag.py:2941} INFO - Sync 1 DAGs
[2023-10-13T16:18:38.598+0000] {logging_mixin.py:151} INFO - [2023-10-13T16:18:38.597+0000] {dag.py:3722} INFO - Setting next_dagrun for example_branch_dop_operator_v3 to 2023-10-13T16:17:00+00:00, run_after=2023-10-13T16:18:00+00:00
[2023-10-13T16:18:38.622+0000] {processor.py:179} INFO - Processing /home/airflow/.local/lib/python3.8/site-packages/airflow/example_dags/example_branch_python_dop_operator_3.py took 0.073 seconds
[2023-10-13T16:19:08.824+0000] {processor.py:157} INFO - Started process (PID=1026) to work on /home/airflow/.local/lib/python3.8/site-packages/airflow/example_dags/example_branch_python_dop_operator_3.py
[2023-10-13T16:19:08.825+0000] {processor.py:829} INFO - Processing file /home/airflow/.local/lib/python3.8/site-packages/airflow/example_dags/example_branch_python_dop_operator_3.py for tasks to queue
[2023-10-13T16:19:08.825+0000] {logging_mixin.py:151} INFO - [2023-10-13T16:19:08.825+0000] {dagbag.py:536} INFO - Filling up the DagBag from /home/airflow/.local/lib/python3.8/site-packages/airflow/example_dags/example_branch_python_dop_operator_3.py
[2023-10-13T16:19:08.836+0000] {processor.py:839} INFO - DAG(s) dict_keys(['example_branch_dop_operator_v3']) retrieved from /home/airflow/.local/lib/python3.8/site-packages/airflow/example_dags/example_branch_python_dop_operator_3.py
[2023-10-13T16:19:08.855+0000] {logging_mixin.py:151} INFO - [2023-10-13T16:19:08.855+0000] {dag.py:2941} INFO - Sync 1 DAGs
[2023-10-13T16:19:08.881+0000] {logging_mixin.py:151} INFO - [2023-10-13T16:19:08.881+0000] {dag.py:3722} INFO - Setting next_dagrun for example_branch_dop_operator_v3 to 2023-10-13T16:18:00+00:00, run_after=2023-10-13T16:19:00+00:00
[2023-10-13T16:19:08.907+0000] {processor.py:179} INFO - Processing /home/airflow/.local/lib/python3.8/site-packages/airflow/example_dags/example_branch_python_dop_operator_3.py took 0.085 seconds
[2023-10-13T16:19:39.140+0000] {processor.py:157} INFO - Started process (PID=1264) to work on /home/airflow/.local/lib/python3.8/site-packages/airflow/example_dags/example_branch_python_dop_operator_3.py
[2023-10-13T16:19:39.140+0000] {processor.py:829} INFO - Processing file /home/airflow/.local/lib/python3.8/site-packages/airflow/example_dags/example_branch_python_dop_operator_3.py for tasks to queue
[2023-10-13T16:19:39.141+0000] {logging_mixin.py:151} INFO - [2023-10-13T16:19:39.141+0000] {dagbag.py:536} INFO - Filling up the DagBag from /home/airflow/.local/lib/python3.8/site-packages/airflow/example_dags/example_branch_python_dop_operator_3.py
[2023-10-13T16:19:39.147+0000] {processor.py:839} INFO - DAG(s) dict_keys(['example_branch_dop_operator_v3']) retrieved from /home/airflow/.local/lib/python3.8/site-packages/airflow/example_dags/example_branch_python_dop_operator_3.py
[2023-10-13T16:19:39.162+0000] {logging_mixin.py:151} INFO - [2023-10-13T16:19:39.162+0000] {dag.py:2941} INFO - Sync 1 DAGs
[2023-10-13T16:19:39.183+0000] {logging_mixin.py:151} INFO - [2023-10-13T16:19:39.183+0000] {dag.py:3722} INFO - Setting next_dagrun for example_branch_dop_operator_v3 to 2023-10-13T16:18:00+00:00, run_after=2023-10-13T16:19:00+00:00
[2023-10-13T16:19:39.209+0000] {processor.py:179} INFO - Processing /home/airflow/.local/lib/python3.8/site-packages/airflow/example_dags/example_branch_python_dop_operator_3.py took 0.071 seconds
[2023-10-13T16:20:09.664+0000] {processor.py:157} INFO - Started process (PID=1501) to work on /home/airflow/.local/lib/python3.8/site-packages/airflow/example_dags/example_branch_python_dop_operator_3.py
[2023-10-13T16:20:09.665+0000] {processor.py:829} INFO - Processing file /home/airflow/.local/lib/python3.8/site-packages/airflow/example_dags/example_branch_python_dop_operator_3.py for tasks to queue
[2023-10-13T16:20:09.665+0000] {logging_mixin.py:151} INFO - [2023-10-13T16:20:09.665+0000] {dagbag.py:536} INFO - Filling up the DagBag from /home/airflow/.local/lib/python3.8/site-packages/airflow/example_dags/example_branch_python_dop_operator_3.py
[2023-10-13T16:20:09.673+0000] {processor.py:839} INFO - DAG(s) dict_keys(['example_branch_dop_operator_v3']) retrieved from /home/airflow/.local/lib/python3.8/site-packages/airflow/example_dags/example_branch_python_dop_operator_3.py
[2023-10-13T16:20:09.688+0000] {logging_mixin.py:151} INFO - [2023-10-13T16:20:09.688+0000] {dag.py:2941} INFO - Sync 1 DAGs
[2023-10-13T16:20:09.711+0000] {logging_mixin.py:151} INFO - [2023-10-13T16:20:09.711+0000] {dag.py:3722} INFO - Setting next_dagrun for example_branch_dop_operator_v3 to 2023-10-13T16:19:00+00:00, run_after=2023-10-13T16:20:00+00:00
[2023-10-13T16:20:09.732+0000] {processor.py:179} INFO - Processing /home/airflow/.local/lib/python3.8/site-packages/airflow/example_dags/example_branch_python_dop_operator_3.py took 0.071 seconds
[2023-10-13T16:20:40.921+0000] {processor.py:157} INFO - Started process (PID=1739) to work on /home/airflow/.local/lib/python3.8/site-packages/airflow/example_dags/example_branch_python_dop_operator_3.py
[2023-10-13T16:20:40.922+0000] {processor.py:829} INFO - Processing file /home/airflow/.local/lib/python3.8/site-packages/airflow/example_dags/example_branch_python_dop_operator_3.py for tasks to queue
[2023-10-13T16:20:40.923+0000] {logging_mixin.py:151} INFO - [2023-10-13T16:20:40.922+0000] {dagbag.py:536} INFO - Filling up the DagBag from /home/airflow/.local/lib/python3.8/site-packages/airflow/example_dags/example_branch_python_dop_operator_3.py
[2023-10-13T16:20:40.935+0000] {processor.py:839} INFO - DAG(s) dict_keys(['example_branch_dop_operator_v3']) retrieved from /home/airflow/.local/lib/python3.8/site-packages/airflow/example_dags/example_branch_python_dop_operator_3.py
[2023-10-13T16:20:40.961+0000] {logging_mixin.py:151} INFO - [2023-10-13T16:20:40.960+0000] {dag.py:2941} INFO - Sync 1 DAGs
[2023-10-13T16:20:41.003+0000] {logging_mixin.py:151} INFO - [2023-10-13T16:20:41.002+0000] {dag.py:3722} INFO - Setting next_dagrun for example_branch_dop_operator_v3 to 2023-10-13T16:19:00+00:00, run_after=2023-10-13T16:20:00+00:00
[2023-10-13T16:20:41.041+0000] {processor.py:179} INFO - Processing /home/airflow/.local/lib/python3.8/site-packages/airflow/example_dags/example_branch_python_dop_operator_3.py took 0.124 seconds
[2023-10-13T16:21:11.503+0000] {processor.py:157} INFO - Started process (PID=1977) to work on /home/airflow/.local/lib/python3.8/site-packages/airflow/example_dags/example_branch_python_dop_operator_3.py
[2023-10-13T16:21:11.504+0000] {processor.py:829} INFO - Processing file /home/airflow/.local/lib/python3.8/site-packages/airflow/example_dags/example_branch_python_dop_operator_3.py for tasks to queue
[2023-10-13T16:21:11.505+0000] {logging_mixin.py:151} INFO - [2023-10-13T16:21:11.504+0000] {dagbag.py:536} INFO - Filling up the DagBag from /home/airflow/.local/lib/python3.8/site-packages/airflow/example_dags/example_branch_python_dop_operator_3.py
[2023-10-13T16:21:11.513+0000] {processor.py:839} INFO - DAG(s) dict_keys(['example_branch_dop_operator_v3']) retrieved from /home/airflow/.local/lib/python3.8/site-packages/airflow/example_dags/example_branch_python_dop_operator_3.py
[2023-10-13T16:21:11.532+0000] {logging_mixin.py:151} INFO - [2023-10-13T16:21:11.532+0000] {dag.py:2941} INFO - Sync 1 DAGs
[2023-10-13T16:21:11.565+0000] {logging_mixin.py:151} INFO - [2023-10-13T16:21:11.565+0000] {dag.py:3722} INFO - Setting next_dagrun for example_branch_dop_operator_v3 to 2023-10-13T16:20:00+00:00, run_after=2023-10-13T16:21:00+00:00
[2023-10-13T16:21:11.590+0000] {processor.py:179} INFO - Processing /home/airflow/.local/lib/python3.8/site-packages/airflow/example_dags/example_branch_python_dop_operator_3.py took 0.090 seconds
[2023-10-13T16:21:41.719+0000] {processor.py:157} INFO - Started process (PID=2218) to work on /home/airflow/.local/lib/python3.8/site-packages/airflow/example_dags/example_branch_python_dop_operator_3.py
[2023-10-13T16:21:41.720+0000] {processor.py:829} INFO - Processing file /home/airflow/.local/lib/python3.8/site-packages/airflow/example_dags/example_branch_python_dop_operator_3.py for tasks to queue
[2023-10-13T16:21:41.720+0000] {logging_mixin.py:151} INFO - [2023-10-13T16:21:41.720+0000] {dagbag.py:536} INFO - Filling up the DagBag from /home/airflow/.local/lib/python3.8/site-packages/airflow/example_dags/example_branch_python_dop_operator_3.py
[2023-10-13T16:21:41.729+0000] {processor.py:839} INFO - DAG(s) dict_keys(['example_branch_dop_operator_v3']) retrieved from /home/airflow/.local/lib/python3.8/site-packages/airflow/example_dags/example_branch_python_dop_operator_3.py
[2023-10-13T16:21:41.748+0000] {logging_mixin.py:151} INFO - [2023-10-13T16:21:41.748+0000] {dag.py:2941} INFO - Sync 1 DAGs
[2023-10-13T16:21:41.781+0000] {logging_mixin.py:151} INFO - [2023-10-13T16:21:41.780+0000] {dag.py:3722} INFO - Setting next_dagrun for example_branch_dop_operator_v3 to 2023-10-13T16:20:00+00:00, run_after=2023-10-13T16:21:00+00:00
[2023-10-13T16:21:41.821+0000] {processor.py:179} INFO - Processing /home/airflow/.local/lib/python3.8/site-packages/airflow/example_dags/example_branch_python_dop_operator_3.py took 0.105 seconds
[2023-10-13T16:22:12.260+0000] {processor.py:157} INFO - Started process (PID=2455) to work on /home/airflow/.local/lib/python3.8/site-packages/airflow/example_dags/example_branch_python_dop_operator_3.py
[2023-10-13T16:22:12.265+0000] {processor.py:829} INFO - Processing file /home/airflow/.local/lib/python3.8/site-packages/airflow/example_dags/example_branch_python_dop_operator_3.py for tasks to queue
[2023-10-13T16:22:12.266+0000] {logging_mixin.py:151} INFO - [2023-10-13T16:22:12.265+0000] {dagbag.py:536} INFO - Filling up the DagBag from /home/airflow/.local/lib/python3.8/site-packages/airflow/example_dags/example_branch_python_dop_operator_3.py
[2023-10-13T16:22:12.275+0000] {processor.py:839} INFO - DAG(s) dict_keys(['example_branch_dop_operator_v3']) retrieved from /home/airflow/.local/lib/python3.8/site-packages/airflow/example_dags/example_branch_python_dop_operator_3.py
[2023-10-13T16:22:12.295+0000] {logging_mixin.py:151} INFO - [2023-10-13T16:22:12.295+0000] {dag.py:2941} INFO - Sync 1 DAGs
[2023-10-13T16:22:12.326+0000] {logging_mixin.py:151} INFO - [2023-10-13T16:22:12.326+0000] {dag.py:3722} INFO - Setting next_dagrun for example_branch_dop_operator_v3 to 2023-10-13T16:21:00+00:00, run_after=2023-10-13T16:22:00+00:00
[2023-10-13T16:22:12.352+0000] {processor.py:179} INFO - Processing /home/airflow/.local/lib/python3.8/site-packages/airflow/example_dags/example_branch_python_dop_operator_3.py took 0.094 seconds
[2023-10-13T16:22:42.413+0000] {processor.py:157} INFO - Started process (PID=2695) to work on /home/airflow/.local/lib/python3.8/site-packages/airflow/example_dags/example_branch_python_dop_operator_3.py
[2023-10-13T16:22:42.414+0000] {processor.py:829} INFO - Processing file /home/airflow/.local/lib/python3.8/site-packages/airflow/example_dags/example_branch_python_dop_operator_3.py for tasks to queue
[2023-10-13T16:22:42.414+0000] {logging_mixin.py:151} INFO - [2023-10-13T16:22:42.414+0000] {dagbag.py:536} INFO - Filling up the DagBag from /home/airflow/.local/lib/python3.8/site-packages/airflow/example_dags/example_branch_python_dop_operator_3.py
[2023-10-13T16:22:42.421+0000] {processor.py:839} INFO - DAG(s) dict_keys(['example_branch_dop_operator_v3']) retrieved from /home/airflow/.local/lib/python3.8/site-packages/airflow/example_dags/example_branch_python_dop_operator_3.py
[2023-10-13T16:22:42.435+0000] {logging_mixin.py:151} INFO - [2023-10-13T16:22:42.435+0000] {dag.py:2941} INFO - Sync 1 DAGs
[2023-10-13T16:22:42.461+0000] {logging_mixin.py:151} INFO - [2023-10-13T16:22:42.461+0000] {dag.py:3722} INFO - Setting next_dagrun for example_branch_dop_operator_v3 to 2023-10-13T16:21:00+00:00, run_after=2023-10-13T16:22:00+00:00
[2023-10-13T16:22:42.496+0000] {processor.py:179} INFO - Processing /home/airflow/.local/lib/python3.8/site-packages/airflow/example_dags/example_branch_python_dop_operator_3.py took 0.085 seconds
[2023-10-13T16:24:27.740+0000] {processor.py:157} INFO - Started process (PID=317) to work on /home/airflow/.local/lib/python3.8/site-packages/airflow/example_dags/example_branch_python_dop_operator_3.py
[2023-10-13T16:24:27.747+0000] {processor.py:829} INFO - Processing file /home/airflow/.local/lib/python3.8/site-packages/airflow/example_dags/example_branch_python_dop_operator_3.py for tasks to queue
[2023-10-13T16:24:27.748+0000] {logging_mixin.py:151} INFO - [2023-10-13T16:24:27.748+0000] {dagbag.py:536} INFO - Filling up the DagBag from /home/airflow/.local/lib/python3.8/site-packages/airflow/example_dags/example_branch_python_dop_operator_3.py
[2023-10-13T16:24:27.759+0000] {processor.py:839} INFO - DAG(s) dict_keys(['example_branch_dop_operator_v3']) retrieved from /home/airflow/.local/lib/python3.8/site-packages/airflow/example_dags/example_branch_python_dop_operator_3.py
[2023-10-13T16:24:27.769+0000] {logging_mixin.py:151} INFO - [2023-10-13T16:24:27.768+0000] {dag.py:2941} INFO - Sync 1 DAGs
[2023-10-13T16:24:27.795+0000] {logging_mixin.py:151} INFO - [2023-10-13T16:24:27.794+0000] {dag.py:3722} INFO - Setting next_dagrun for example_branch_dop_operator_v3 to 2023-10-13T16:23:00+00:00, run_after=2023-10-13T16:24:00+00:00
[2023-10-13T16:24:27.821+0000] {processor.py:179} INFO - Processing /home/airflow/.local/lib/python3.8/site-packages/airflow/example_dags/example_branch_python_dop_operator_3.py took 0.084 seconds
[2023-10-13T16:24:58.083+0000] {processor.py:157} INFO - Started process (PID=565) to work on /home/airflow/.local/lib/python3.8/site-packages/airflow/example_dags/example_branch_python_dop_operator_3.py
[2023-10-13T16:24:58.084+0000] {processor.py:829} INFO - Processing file /home/airflow/.local/lib/python3.8/site-packages/airflow/example_dags/example_branch_python_dop_operator_3.py for tasks to queue
[2023-10-13T16:24:58.084+0000] {logging_mixin.py:151} INFO - [2023-10-13T16:24:58.084+0000] {dagbag.py:536} INFO - Filling up the DagBag from /home/airflow/.local/lib/python3.8/site-packages/airflow/example_dags/example_branch_python_dop_operator_3.py
[2023-10-13T16:24:58.091+0000] {processor.py:839} INFO - DAG(s) dict_keys(['example_branch_dop_operator_v3']) retrieved from /home/airflow/.local/lib/python3.8/site-packages/airflow/example_dags/example_branch_python_dop_operator_3.py
[2023-10-13T16:24:58.106+0000] {logging_mixin.py:151} INFO - [2023-10-13T16:24:58.106+0000] {dag.py:2941} INFO - Sync 1 DAGs
[2023-10-13T16:24:58.126+0000] {logging_mixin.py:151} INFO - [2023-10-13T16:24:58.126+0000] {dag.py:3722} INFO - Setting next_dagrun for example_branch_dop_operator_v3 to 2023-10-13T16:23:00+00:00, run_after=2023-10-13T16:24:00+00:00
[2023-10-13T16:24:58.141+0000] {processor.py:179} INFO - Processing /home/airflow/.local/lib/python3.8/site-packages/airflow/example_dags/example_branch_python_dop_operator_3.py took 0.061 seconds
[2023-10-13T16:29:31.229+0000] {processor.py:157} INFO - Started process (PID=312) to work on /home/airflow/.local/lib/python3.8/site-packages/airflow/example_dags/example_branch_python_dop_operator_3.py
[2023-10-13T16:29:31.229+0000] {processor.py:829} INFO - Processing file /home/airflow/.local/lib/python3.8/site-packages/airflow/example_dags/example_branch_python_dop_operator_3.py for tasks to queue
[2023-10-13T16:29:31.230+0000] {logging_mixin.py:151} INFO - [2023-10-13T16:29:31.230+0000] {dagbag.py:536} INFO - Filling up the DagBag from /home/airflow/.local/lib/python3.8/site-packages/airflow/example_dags/example_branch_python_dop_operator_3.py
[2023-10-13T16:29:31.237+0000] {processor.py:839} INFO - DAG(s) dict_keys(['example_branch_dop_operator_v3']) retrieved from /home/airflow/.local/lib/python3.8/site-packages/airflow/example_dags/example_branch_python_dop_operator_3.py
[2023-10-13T16:29:31.246+0000] {logging_mixin.py:151} INFO - [2023-10-13T16:29:31.246+0000] {dag.py:2941} INFO - Sync 1 DAGs
[2023-10-13T16:29:31.267+0000] {logging_mixin.py:151} INFO - [2023-10-13T16:29:31.267+0000] {dag.py:3722} INFO - Setting next_dagrun for example_branch_dop_operator_v3 to 2023-10-13T16:28:00+00:00, run_after=2023-10-13T16:29:00+00:00
[2023-10-13T16:29:31.287+0000] {processor.py:179} INFO - Processing /home/airflow/.local/lib/python3.8/site-packages/airflow/example_dags/example_branch_python_dop_operator_3.py took 0.061 seconds
[2023-10-13T16:30:01.584+0000] {processor.py:157} INFO - Started process (PID=550) to work on /home/airflow/.local/lib/python3.8/site-packages/airflow/example_dags/example_branch_python_dop_operator_3.py
[2023-10-13T16:30:01.585+0000] {processor.py:829} INFO - Processing file /home/airflow/.local/lib/python3.8/site-packages/airflow/example_dags/example_branch_python_dop_operator_3.py for tasks to queue
[2023-10-13T16:30:01.585+0000] {logging_mixin.py:151} INFO - [2023-10-13T16:30:01.585+0000] {dagbag.py:536} INFO - Filling up the DagBag from /home/airflow/.local/lib/python3.8/site-packages/airflow/example_dags/example_branch_python_dop_operator_3.py
[2023-10-13T16:30:01.592+0000] {processor.py:839} INFO - DAG(s) dict_keys(['example_branch_dop_operator_v3']) retrieved from /home/airflow/.local/lib/python3.8/site-packages/airflow/example_dags/example_branch_python_dop_operator_3.py
[2023-10-13T16:30:01.607+0000] {logging_mixin.py:151} INFO - [2023-10-13T16:30:01.607+0000] {dag.py:2941} INFO - Sync 1 DAGs
[2023-10-13T16:30:01.628+0000] {logging_mixin.py:151} INFO - [2023-10-13T16:30:01.628+0000] {dag.py:3722} INFO - Setting next_dagrun for example_branch_dop_operator_v3 to 2023-10-13T16:29:00+00:00, run_after=2023-10-13T16:30:00+00:00
[2023-10-13T16:30:01.711+0000] {processor.py:179} INFO - Processing /home/airflow/.local/lib/python3.8/site-packages/airflow/example_dags/example_branch_python_dop_operator_3.py took 0.129 seconds
[2023-10-13T16:30:31.986+0000] {processor.py:157} INFO - Started process (PID=787) to work on /home/airflow/.local/lib/python3.8/site-packages/airflow/example_dags/example_branch_python_dop_operator_3.py
[2023-10-13T16:30:31.987+0000] {processor.py:829} INFO - Processing file /home/airflow/.local/lib/python3.8/site-packages/airflow/example_dags/example_branch_python_dop_operator_3.py for tasks to queue
[2023-10-13T16:30:31.988+0000] {logging_mixin.py:151} INFO - [2023-10-13T16:30:31.987+0000] {dagbag.py:536} INFO - Filling up the DagBag from /home/airflow/.local/lib/python3.8/site-packages/airflow/example_dags/example_branch_python_dop_operator_3.py
[2023-10-13T16:30:32.001+0000] {processor.py:839} INFO - DAG(s) dict_keys(['example_branch_dop_operator_v3']) retrieved from /home/airflow/.local/lib/python3.8/site-packages/airflow/example_dags/example_branch_python_dop_operator_3.py
[2023-10-13T16:30:32.021+0000] {logging_mixin.py:151} INFO - [2023-10-13T16:30:32.021+0000] {dag.py:2941} INFO - Sync 1 DAGs
[2023-10-13T16:30:32.051+0000] {logging_mixin.py:151} INFO - [2023-10-13T16:30:32.051+0000] {dag.py:3722} INFO - Setting next_dagrun for example_branch_dop_operator_v3 to 2023-10-13T16:29:00+00:00, run_after=2023-10-13T16:30:00+00:00
[2023-10-13T16:30:32.076+0000] {processor.py:179} INFO - Processing /home/airflow/.local/lib/python3.8/site-packages/airflow/example_dags/example_branch_python_dop_operator_3.py took 0.093 seconds
