[2023-10-13T16:17:38.543+0000] {processor.py:157} INFO - Started process (PID=362) to work on /home/airflow/.local/lib/python3.8/site-packages/airflow/example_dags/example_complex.py
[2023-10-13T16:17:38.544+0000] {processor.py:829} INFO - Processing file /home/airflow/.local/lib/python3.8/site-packages/airflow/example_dags/example_complex.py for tasks to queue
[2023-10-13T16:17:38.544+0000] {logging_mixin.py:151} INFO - [2023-10-13T16:17:38.544+0000] {dagbag.py:536} INFO - Filling up the DagBag from /home/airflow/.local/lib/python3.8/site-packages/airflow/example_dags/example_complex.py
[2023-10-13T16:17:38.554+0000] {processor.py:839} INFO - DAG(s) dict_keys(['example_complex']) retrieved from /home/airflow/.local/lib/python3.8/site-packages/airflow/example_dags/example_complex.py
[2023-10-13T16:17:38.562+0000] {logging_mixin.py:151} INFO - [2023-10-13T16:17:38.562+0000] {dag.py:2941} INFO - Sync 1 DAGs
[2023-10-13T16:17:38.572+0000] {logging_mixin.py:151} INFO - [2023-10-13T16:17:38.572+0000] {dag.py:3722} INFO - Setting next_dagrun for example_complex to None, run_after=None
[2023-10-13T16:17:38.591+0000] {processor.py:179} INFO - Processing /home/airflow/.local/lib/python3.8/site-packages/airflow/example_dags/example_complex.py took 0.050 seconds
[2023-10-13T16:18:08.769+0000] {processor.py:157} INFO - Started process (PID=600) to work on /home/airflow/.local/lib/python3.8/site-packages/airflow/example_dags/example_complex.py
[2023-10-13T16:18:08.779+0000] {processor.py:829} INFO - Processing file /home/airflow/.local/lib/python3.8/site-packages/airflow/example_dags/example_complex.py for tasks to queue
[2023-10-13T16:18:08.779+0000] {logging_mixin.py:151} INFO - [2023-10-13T16:18:08.779+0000] {dagbag.py:536} INFO - Filling up the DagBag from /home/airflow/.local/lib/python3.8/site-packages/airflow/example_dags/example_complex.py
[2023-10-13T16:18:08.788+0000] {processor.py:839} INFO - DAG(s) dict_keys(['example_complex']) retrieved from /home/airflow/.local/lib/python3.8/site-packages/airflow/example_dags/example_complex.py
[2023-10-13T16:18:08.813+0000] {logging_mixin.py:151} INFO - [2023-10-13T16:18:08.813+0000] {dag.py:2941} INFO - Sync 1 DAGs
[2023-10-13T16:18:08.822+0000] {logging_mixin.py:151} INFO - [2023-10-13T16:18:08.822+0000] {dag.py:3722} INFO - Setting next_dagrun for example_complex to None, run_after=None
[2023-10-13T16:18:08.840+0000] {processor.py:179} INFO - Processing /home/airflow/.local/lib/python3.8/site-packages/airflow/example_dags/example_complex.py took 0.073 seconds
[2023-10-13T16:18:38.967+0000] {processor.py:157} INFO - Started process (PID=838) to work on /home/airflow/.local/lib/python3.8/site-packages/airflow/example_dags/example_complex.py
[2023-10-13T16:18:38.968+0000] {processor.py:829} INFO - Processing file /home/airflow/.local/lib/python3.8/site-packages/airflow/example_dags/example_complex.py for tasks to queue
[2023-10-13T16:18:38.969+0000] {logging_mixin.py:151} INFO - [2023-10-13T16:18:38.968+0000] {dagbag.py:536} INFO - Filling up the DagBag from /home/airflow/.local/lib/python3.8/site-packages/airflow/example_dags/example_complex.py
[2023-10-13T16:18:38.977+0000] {processor.py:839} INFO - DAG(s) dict_keys(['example_complex']) retrieved from /home/airflow/.local/lib/python3.8/site-packages/airflow/example_dags/example_complex.py
[2023-10-13T16:18:38.999+0000] {logging_mixin.py:151} INFO - [2023-10-13T16:18:38.999+0000] {dag.py:2941} INFO - Sync 1 DAGs
[2023-10-13T16:18:39.009+0000] {logging_mixin.py:151} INFO - [2023-10-13T16:18:39.009+0000] {dag.py:3722} INFO - Setting next_dagrun for example_complex to None, run_after=None
[2023-10-13T16:18:39.024+0000] {processor.py:179} INFO - Processing /home/airflow/.local/lib/python3.8/site-packages/airflow/example_dags/example_complex.py took 0.059 seconds
[2023-10-13T16:19:09.286+0000] {processor.py:157} INFO - Started process (PID=1076) to work on /home/airflow/.local/lib/python3.8/site-packages/airflow/example_dags/example_complex.py
[2023-10-13T16:19:09.290+0000] {processor.py:829} INFO - Processing file /home/airflow/.local/lib/python3.8/site-packages/airflow/example_dags/example_complex.py for tasks to queue
[2023-10-13T16:19:09.291+0000] {logging_mixin.py:151} INFO - [2023-10-13T16:19:09.290+0000] {dagbag.py:536} INFO - Filling up the DagBag from /home/airflow/.local/lib/python3.8/site-packages/airflow/example_dags/example_complex.py
[2023-10-13T16:19:09.301+0000] {processor.py:839} INFO - DAG(s) dict_keys(['example_complex']) retrieved from /home/airflow/.local/lib/python3.8/site-packages/airflow/example_dags/example_complex.py
[2023-10-13T16:19:09.330+0000] {logging_mixin.py:151} INFO - [2023-10-13T16:19:09.329+0000] {dag.py:2941} INFO - Sync 1 DAGs
[2023-10-13T16:19:09.340+0000] {logging_mixin.py:151} INFO - [2023-10-13T16:19:09.340+0000] {dag.py:3722} INFO - Setting next_dagrun for example_complex to None, run_after=None
[2023-10-13T16:19:09.364+0000] {processor.py:179} INFO - Processing /home/airflow/.local/lib/python3.8/site-packages/airflow/example_dags/example_complex.py took 0.080 seconds
[2023-10-13T16:19:39.603+0000] {processor.py:157} INFO - Started process (PID=1316) to work on /home/airflow/.local/lib/python3.8/site-packages/airflow/example_dags/example_complex.py
[2023-10-13T16:19:39.616+0000] {processor.py:829} INFO - Processing file /home/airflow/.local/lib/python3.8/site-packages/airflow/example_dags/example_complex.py for tasks to queue
[2023-10-13T16:19:39.616+0000] {logging_mixin.py:151} INFO - [2023-10-13T16:19:39.616+0000] {dagbag.py:536} INFO - Filling up the DagBag from /home/airflow/.local/lib/python3.8/site-packages/airflow/example_dags/example_complex.py
[2023-10-13T16:19:39.625+0000] {processor.py:839} INFO - DAG(s) dict_keys(['example_complex']) retrieved from /home/airflow/.local/lib/python3.8/site-packages/airflow/example_dags/example_complex.py
[2023-10-13T16:19:39.663+0000] {logging_mixin.py:151} INFO - [2023-10-13T16:19:39.663+0000] {dag.py:2941} INFO - Sync 1 DAGs
[2023-10-13T16:19:39.677+0000] {logging_mixin.py:151} INFO - [2023-10-13T16:19:39.676+0000] {dag.py:3722} INFO - Setting next_dagrun for example_complex to None, run_after=None
[2023-10-13T16:19:39.711+0000] {processor.py:179} INFO - Processing /home/airflow/.local/lib/python3.8/site-packages/airflow/example_dags/example_complex.py took 0.111 seconds
[2023-10-13T16:20:10.304+0000] {processor.py:157} INFO - Started process (PID=1551) to work on /home/airflow/.local/lib/python3.8/site-packages/airflow/example_dags/example_complex.py
[2023-10-13T16:20:10.308+0000] {processor.py:829} INFO - Processing file /home/airflow/.local/lib/python3.8/site-packages/airflow/example_dags/example_complex.py for tasks to queue
[2023-10-13T16:20:10.309+0000] {logging_mixin.py:151} INFO - [2023-10-13T16:20:10.309+0000] {dagbag.py:536} INFO - Filling up the DagBag from /home/airflow/.local/lib/python3.8/site-packages/airflow/example_dags/example_complex.py
[2023-10-13T16:20:10.317+0000] {processor.py:839} INFO - DAG(s) dict_keys(['example_complex']) retrieved from /home/airflow/.local/lib/python3.8/site-packages/airflow/example_dags/example_complex.py
[2023-10-13T16:20:10.343+0000] {logging_mixin.py:151} INFO - [2023-10-13T16:20:10.343+0000] {dag.py:2941} INFO - Sync 1 DAGs
[2023-10-13T16:20:10.353+0000] {logging_mixin.py:151} INFO - [2023-10-13T16:20:10.353+0000] {dag.py:3722} INFO - Setting next_dagrun for example_complex to None, run_after=None
[2023-10-13T16:20:10.372+0000] {processor.py:179} INFO - Processing /home/airflow/.local/lib/python3.8/site-packages/airflow/example_dags/example_complex.py took 0.071 seconds
[2023-10-13T16:20:41.556+0000] {processor.py:157} INFO - Started process (PID=1789) to work on /home/airflow/.local/lib/python3.8/site-packages/airflow/example_dags/example_complex.py
[2023-10-13T16:20:41.568+0000] {processor.py:829} INFO - Processing file /home/airflow/.local/lib/python3.8/site-packages/airflow/example_dags/example_complex.py for tasks to queue
[2023-10-13T16:20:41.569+0000] {logging_mixin.py:151} INFO - [2023-10-13T16:20:41.569+0000] {dagbag.py:536} INFO - Filling up the DagBag from /home/airflow/.local/lib/python3.8/site-packages/airflow/example_dags/example_complex.py
[2023-10-13T16:20:41.583+0000] {processor.py:839} INFO - DAG(s) dict_keys(['example_complex']) retrieved from /home/airflow/.local/lib/python3.8/site-packages/airflow/example_dags/example_complex.py
[2023-10-13T16:20:41.615+0000] {logging_mixin.py:151} INFO - [2023-10-13T16:20:41.615+0000] {dag.py:2941} INFO - Sync 1 DAGs
[2023-10-13T16:20:41.626+0000] {logging_mixin.py:151} INFO - [2023-10-13T16:20:41.626+0000] {dag.py:3722} INFO - Setting next_dagrun for example_complex to None, run_after=None
[2023-10-13T16:20:41.650+0000] {processor.py:179} INFO - Processing /home/airflow/.local/lib/python3.8/site-packages/airflow/example_dags/example_complex.py took 0.096 seconds
[2023-10-13T16:21:12.086+0000] {processor.py:157} INFO - Started process (PID=2027) to work on /home/airflow/.local/lib/python3.8/site-packages/airflow/example_dags/example_complex.py
[2023-10-13T16:21:12.090+0000] {processor.py:829} INFO - Processing file /home/airflow/.local/lib/python3.8/site-packages/airflow/example_dags/example_complex.py for tasks to queue
[2023-10-13T16:21:12.091+0000] {logging_mixin.py:151} INFO - [2023-10-13T16:21:12.091+0000] {dagbag.py:536} INFO - Filling up the DagBag from /home/airflow/.local/lib/python3.8/site-packages/airflow/example_dags/example_complex.py
[2023-10-13T16:21:12.107+0000] {processor.py:839} INFO - DAG(s) dict_keys(['example_complex']) retrieved from /home/airflow/.local/lib/python3.8/site-packages/airflow/example_dags/example_complex.py
[2023-10-13T16:21:12.143+0000] {logging_mixin.py:151} INFO - [2023-10-13T16:21:12.143+0000] {dag.py:2941} INFO - Sync 1 DAGs
[2023-10-13T16:21:12.156+0000] {logging_mixin.py:151} INFO - [2023-10-13T16:21:12.155+0000] {dag.py:3722} INFO - Setting next_dagrun for example_complex to None, run_after=None
[2023-10-13T16:21:12.183+0000] {processor.py:179} INFO - Processing /home/airflow/.local/lib/python3.8/site-packages/airflow/example_dags/example_complex.py took 0.101 seconds
[2023-10-13T16:21:42.249+0000] {processor.py:157} INFO - Started process (PID=2266) to work on /home/airflow/.local/lib/python3.8/site-packages/airflow/example_dags/example_complex.py
[2023-10-13T16:21:42.262+0000] {processor.py:829} INFO - Processing file /home/airflow/.local/lib/python3.8/site-packages/airflow/example_dags/example_complex.py for tasks to queue
[2023-10-13T16:21:42.263+0000] {logging_mixin.py:151} INFO - [2023-10-13T16:21:42.262+0000] {dagbag.py:536} INFO - Filling up the DagBag from /home/airflow/.local/lib/python3.8/site-packages/airflow/example_dags/example_complex.py
[2023-10-13T16:21:42.273+0000] {processor.py:839} INFO - DAG(s) dict_keys(['example_complex']) retrieved from /home/airflow/.local/lib/python3.8/site-packages/airflow/example_dags/example_complex.py
[2023-10-13T16:21:42.311+0000] {logging_mixin.py:151} INFO - [2023-10-13T16:21:42.311+0000] {dag.py:2941} INFO - Sync 1 DAGs
[2023-10-13T16:21:42.326+0000] {logging_mixin.py:151} INFO - [2023-10-13T16:21:42.325+0000] {dag.py:3722} INFO - Setting next_dagrun for example_complex to None, run_after=None
[2023-10-13T16:21:42.355+0000] {processor.py:179} INFO - Processing /home/airflow/.local/lib/python3.8/site-packages/airflow/example_dags/example_complex.py took 0.110 seconds
[2023-10-13T16:22:13.159+0000] {processor.py:157} INFO - Started process (PID=2507) to work on /home/airflow/.local/lib/python3.8/site-packages/airflow/example_dags/example_complex.py
[2023-10-13T16:22:13.166+0000] {processor.py:829} INFO - Processing file /home/airflow/.local/lib/python3.8/site-packages/airflow/example_dags/example_complex.py for tasks to queue
[2023-10-13T16:22:13.168+0000] {logging_mixin.py:151} INFO - [2023-10-13T16:22:13.168+0000] {dagbag.py:536} INFO - Filling up the DagBag from /home/airflow/.local/lib/python3.8/site-packages/airflow/example_dags/example_complex.py
[2023-10-13T16:22:13.211+0000] {processor.py:839} INFO - DAG(s) dict_keys(['example_complex']) retrieved from /home/airflow/.local/lib/python3.8/site-packages/airflow/example_dags/example_complex.py
[2023-10-13T16:22:13.271+0000] {logging_mixin.py:151} INFO - [2023-10-13T16:22:13.271+0000] {dag.py:2941} INFO - Sync 1 DAGs
[2023-10-13T16:22:13.285+0000] {logging_mixin.py:151} INFO - [2023-10-13T16:22:13.284+0000] {dag.py:3722} INFO - Setting next_dagrun for example_complex to None, run_after=None
[2023-10-13T16:22:13.310+0000] {processor.py:179} INFO - Processing /home/airflow/.local/lib/python3.8/site-packages/airflow/example_dags/example_complex.py took 0.161 seconds
[2023-10-13T16:22:44.038+0000] {processor.py:157} INFO - Started process (PID=2743) to work on /home/airflow/.local/lib/python3.8/site-packages/airflow/example_dags/example_complex.py
[2023-10-13T16:22:44.040+0000] {processor.py:829} INFO - Processing file /home/airflow/.local/lib/python3.8/site-packages/airflow/example_dags/example_complex.py for tasks to queue
[2023-10-13T16:22:44.040+0000] {logging_mixin.py:151} INFO - [2023-10-13T16:22:44.040+0000] {dagbag.py:536} INFO - Filling up the DagBag from /home/airflow/.local/lib/python3.8/site-packages/airflow/example_dags/example_complex.py
[2023-10-13T16:22:44.053+0000] {processor.py:839} INFO - DAG(s) dict_keys(['example_complex']) retrieved from /home/airflow/.local/lib/python3.8/site-packages/airflow/example_dags/example_complex.py
[2023-10-13T16:22:44.083+0000] {logging_mixin.py:151} INFO - [2023-10-13T16:22:44.082+0000] {dag.py:2941} INFO - Sync 1 DAGs
[2023-10-13T16:22:44.093+0000] {logging_mixin.py:151} INFO - [2023-10-13T16:22:44.093+0000] {dag.py:3722} INFO - Setting next_dagrun for example_complex to None, run_after=None
[2023-10-13T16:22:44.166+0000] {processor.py:179} INFO - Processing /home/airflow/.local/lib/python3.8/site-packages/airflow/example_dags/example_complex.py took 0.131 seconds
[2023-10-13T16:24:28.153+0000] {processor.py:157} INFO - Started process (PID=367) to work on /home/airflow/.local/lib/python3.8/site-packages/airflow/example_dags/example_complex.py
[2023-10-13T16:24:28.159+0000] {processor.py:829} INFO - Processing file /home/airflow/.local/lib/python3.8/site-packages/airflow/example_dags/example_complex.py for tasks to queue
[2023-10-13T16:24:28.161+0000] {logging_mixin.py:151} INFO - [2023-10-13T16:24:28.160+0000] {dagbag.py:536} INFO - Filling up the DagBag from /home/airflow/.local/lib/python3.8/site-packages/airflow/example_dags/example_complex.py
[2023-10-13T16:24:28.188+0000] {processor.py:839} INFO - DAG(s) dict_keys(['example_complex']) retrieved from /home/airflow/.local/lib/python3.8/site-packages/airflow/example_dags/example_complex.py
[2023-10-13T16:24:28.200+0000] {logging_mixin.py:151} INFO - [2023-10-13T16:24:28.199+0000] {dag.py:2941} INFO - Sync 1 DAGs
[2023-10-13T16:24:28.212+0000] {logging_mixin.py:151} INFO - [2023-10-13T16:24:28.212+0000] {dag.py:3722} INFO - Setting next_dagrun for example_complex to None, run_after=None
[2023-10-13T16:24:28.232+0000] {processor.py:179} INFO - Processing /home/airflow/.local/lib/python3.8/site-packages/airflow/example_dags/example_complex.py took 0.081 seconds
[2023-10-13T16:24:58.491+0000] {processor.py:157} INFO - Started process (PID=617) to work on /home/airflow/.local/lib/python3.8/site-packages/airflow/example_dags/example_complex.py
[2023-10-13T16:24:58.494+0000] {processor.py:829} INFO - Processing file /home/airflow/.local/lib/python3.8/site-packages/airflow/example_dags/example_complex.py for tasks to queue
[2023-10-13T16:24:58.495+0000] {logging_mixin.py:151} INFO - [2023-10-13T16:24:58.495+0000] {dagbag.py:536} INFO - Filling up the DagBag from /home/airflow/.local/lib/python3.8/site-packages/airflow/example_dags/example_complex.py
[2023-10-13T16:24:58.503+0000] {processor.py:839} INFO - DAG(s) dict_keys(['example_complex']) retrieved from /home/airflow/.local/lib/python3.8/site-packages/airflow/example_dags/example_complex.py
[2023-10-13T16:24:58.526+0000] {logging_mixin.py:151} INFO - [2023-10-13T16:24:58.526+0000] {dag.py:2941} INFO - Sync 1 DAGs
[2023-10-13T16:24:58.535+0000] {logging_mixin.py:151} INFO - [2023-10-13T16:24:58.535+0000] {dag.py:3722} INFO - Setting next_dagrun for example_complex to None, run_after=None
[2023-10-13T16:24:58.561+0000] {processor.py:179} INFO - Processing /home/airflow/.local/lib/python3.8/site-packages/airflow/example_dags/example_complex.py took 0.072 seconds
[2023-10-13T16:29:31.598+0000] {processor.py:157} INFO - Started process (PID=362) to work on /home/airflow/.local/lib/python3.8/site-packages/airflow/example_dags/example_complex.py
[2023-10-13T16:29:31.599+0000] {processor.py:829} INFO - Processing file /home/airflow/.local/lib/python3.8/site-packages/airflow/example_dags/example_complex.py for tasks to queue
[2023-10-13T16:29:31.600+0000] {logging_mixin.py:151} INFO - [2023-10-13T16:29:31.599+0000] {dagbag.py:536} INFO - Filling up the DagBag from /home/airflow/.local/lib/python3.8/site-packages/airflow/example_dags/example_complex.py
[2023-10-13T16:29:31.616+0000] {processor.py:839} INFO - DAG(s) dict_keys(['example_complex']) retrieved from /home/airflow/.local/lib/python3.8/site-packages/airflow/example_dags/example_complex.py
[2023-10-13T16:29:31.625+0000] {logging_mixin.py:151} INFO - [2023-10-13T16:29:31.625+0000] {dag.py:2941} INFO - Sync 1 DAGs
[2023-10-13T16:29:31.635+0000] {logging_mixin.py:151} INFO - [2023-10-13T16:29:31.635+0000] {dag.py:3722} INFO - Setting next_dagrun for example_complex to None, run_after=None
[2023-10-13T16:29:31.655+0000] {processor.py:179} INFO - Processing /home/airflow/.local/lib/python3.8/site-packages/airflow/example_dags/example_complex.py took 0.061 seconds
[2023-10-13T16:30:02.074+0000] {processor.py:157} INFO - Started process (PID=600) to work on /home/airflow/.local/lib/python3.8/site-packages/airflow/example_dags/example_complex.py
[2023-10-13T16:30:02.075+0000] {processor.py:829} INFO - Processing file /home/airflow/.local/lib/python3.8/site-packages/airflow/example_dags/example_complex.py for tasks to queue
[2023-10-13T16:30:02.075+0000] {logging_mixin.py:151} INFO - [2023-10-13T16:30:02.075+0000] {dagbag.py:536} INFO - Filling up the DagBag from /home/airflow/.local/lib/python3.8/site-packages/airflow/example_dags/example_complex.py
[2023-10-13T16:30:02.085+0000] {processor.py:839} INFO - DAG(s) dict_keys(['example_complex']) retrieved from /home/airflow/.local/lib/python3.8/site-packages/airflow/example_dags/example_complex.py
[2023-10-13T16:30:02.110+0000] {logging_mixin.py:151} INFO - [2023-10-13T16:30:02.110+0000] {dag.py:2941} INFO - Sync 1 DAGs
[2023-10-13T16:30:02.119+0000] {logging_mixin.py:151} INFO - [2023-10-13T16:30:02.119+0000] {dag.py:3722} INFO - Setting next_dagrun for example_complex to None, run_after=None
[2023-10-13T16:30:02.144+0000] {processor.py:179} INFO - Processing /home/airflow/.local/lib/python3.8/site-packages/airflow/example_dags/example_complex.py took 0.072 seconds
[2023-10-13T16:30:32.597+0000] {processor.py:157} INFO - Started process (PID=833) to work on /home/airflow/.local/lib/python3.8/site-packages/airflow/example_dags/example_complex.py
[2023-10-13T16:30:32.597+0000] {processor.py:829} INFO - Processing file /home/airflow/.local/lib/python3.8/site-packages/airflow/example_dags/example_complex.py for tasks to queue
[2023-10-13T16:30:32.598+0000] {logging_mixin.py:151} INFO - [2023-10-13T16:30:32.598+0000] {dagbag.py:536} INFO - Filling up the DagBag from /home/airflow/.local/lib/python3.8/site-packages/airflow/example_dags/example_complex.py
[2023-10-13T16:30:32.609+0000] {processor.py:839} INFO - DAG(s) dict_keys(['example_complex']) retrieved from /home/airflow/.local/lib/python3.8/site-packages/airflow/example_dags/example_complex.py
[2023-10-13T16:30:32.638+0000] {logging_mixin.py:151} INFO - [2023-10-13T16:30:32.638+0000] {dag.py:2941} INFO - Sync 1 DAGs
[2023-10-13T16:30:32.649+0000] {logging_mixin.py:151} INFO - [2023-10-13T16:30:32.649+0000] {dag.py:3722} INFO - Setting next_dagrun for example_complex to None, run_after=None
[2023-10-13T16:30:32.679+0000] {processor.py:179} INFO - Processing /home/airflow/.local/lib/python3.8/site-packages/airflow/example_dags/example_complex.py took 0.084 seconds
