[2023-10-13T16:17:38.130+0000] {processor.py:157} INFO - Started process (PID=307) to work on /home/airflow/.local/lib/python3.8/site-packages/airflow/example_dags/example_latest_only.py
[2023-10-13T16:17:38.130+0000] {processor.py:829} INFO - Processing file /home/airflow/.local/lib/python3.8/site-packages/airflow/example_dags/example_latest_only.py for tasks to queue
[2023-10-13T16:17:38.131+0000] {logging_mixin.py:151} INFO - [2023-10-13T16:17:38.130+0000] {dagbag.py:536} INFO - Filling up the DagBag from /home/airflow/.local/lib/python3.8/site-packages/airflow/example_dags/example_latest_only.py
[2023-10-13T16:17:38.135+0000] {processor.py:839} INFO - DAG(s) dict_keys(['latest_only']) retrieved from /home/airflow/.local/lib/python3.8/site-packages/airflow/example_dags/example_latest_only.py
[2023-10-13T16:17:38.144+0000] {logging_mixin.py:151} INFO - [2023-10-13T16:17:38.143+0000] {dag.py:2941} INFO - Sync 1 DAGs
[2023-10-13T16:17:38.160+0000] {logging_mixin.py:151} INFO - [2023-10-13T16:17:38.159+0000] {dag.py:3722} INFO - Setting next_dagrun for latest_only to 2023-10-13T12:17:38.159822+00:00, run_after=2023-10-13T16:17:38.159822+00:00
[2023-10-13T16:17:38.177+0000] {processor.py:179} INFO - Processing /home/airflow/.local/lib/python3.8/site-packages/airflow/example_dags/example_latest_only.py took 0.049 seconds
[2023-10-13T16:18:08.345+0000] {processor.py:157} INFO - Started process (PID=545) to work on /home/airflow/.local/lib/python3.8/site-packages/airflow/example_dags/example_latest_only.py
[2023-10-13T16:18:08.346+0000] {processor.py:829} INFO - Processing file /home/airflow/.local/lib/python3.8/site-packages/airflow/example_dags/example_latest_only.py for tasks to queue
[2023-10-13T16:18:08.347+0000] {logging_mixin.py:151} INFO - [2023-10-13T16:18:08.346+0000] {dagbag.py:536} INFO - Filling up the DagBag from /home/airflow/.local/lib/python3.8/site-packages/airflow/example_dags/example_latest_only.py
[2023-10-13T16:18:08.351+0000] {processor.py:839} INFO - DAG(s) dict_keys(['latest_only']) retrieved from /home/airflow/.local/lib/python3.8/site-packages/airflow/example_dags/example_latest_only.py
[2023-10-13T16:18:08.366+0000] {logging_mixin.py:151} INFO - [2023-10-13T16:18:08.365+0000] {dag.py:2941} INFO - Sync 1 DAGs
[2023-10-13T16:18:08.383+0000] {logging_mixin.py:151} INFO - [2023-10-13T16:18:08.383+0000] {dag.py:3722} INFO - Setting next_dagrun for latest_only to 2023-10-13T12:18:08.383624+00:00, run_after=2023-10-13T16:18:08.383624+00:00
[2023-10-13T16:18:08.405+0000] {processor.py:179} INFO - Processing /home/airflow/.local/lib/python3.8/site-packages/airflow/example_dags/example_latest_only.py took 0.062 seconds
[2023-10-13T16:18:38.528+0000] {processor.py:157} INFO - Started process (PID=783) to work on /home/airflow/.local/lib/python3.8/site-packages/airflow/example_dags/example_latest_only.py
[2023-10-13T16:18:38.528+0000] {processor.py:829} INFO - Processing file /home/airflow/.local/lib/python3.8/site-packages/airflow/example_dags/example_latest_only.py for tasks to queue
[2023-10-13T16:18:38.529+0000] {logging_mixin.py:151} INFO - [2023-10-13T16:18:38.529+0000] {dagbag.py:536} INFO - Filling up the DagBag from /home/airflow/.local/lib/python3.8/site-packages/airflow/example_dags/example_latest_only.py
[2023-10-13T16:18:38.533+0000] {processor.py:839} INFO - DAG(s) dict_keys(['latest_only']) retrieved from /home/airflow/.local/lib/python3.8/site-packages/airflow/example_dags/example_latest_only.py
[2023-10-13T16:18:38.549+0000] {logging_mixin.py:151} INFO - [2023-10-13T16:18:38.548+0000] {dag.py:2941} INFO - Sync 1 DAGs
[2023-10-13T16:18:38.565+0000] {logging_mixin.py:151} INFO - [2023-10-13T16:18:38.565+0000] {dag.py:3722} INFO - Setting next_dagrun for latest_only to 2023-10-13T12:18:38.565654+00:00, run_after=2023-10-13T16:18:38.565654+00:00
[2023-10-13T16:18:38.588+0000] {processor.py:179} INFO - Processing /home/airflow/.local/lib/python3.8/site-packages/airflow/example_dags/example_latest_only.py took 0.063 seconds
[2023-10-13T16:19:08.790+0000] {processor.py:157} INFO - Started process (PID=1021) to work on /home/airflow/.local/lib/python3.8/site-packages/airflow/example_dags/example_latest_only.py
[2023-10-13T16:19:08.791+0000] {processor.py:829} INFO - Processing file /home/airflow/.local/lib/python3.8/site-packages/airflow/example_dags/example_latest_only.py for tasks to queue
[2023-10-13T16:19:08.792+0000] {logging_mixin.py:151} INFO - [2023-10-13T16:19:08.791+0000] {dagbag.py:536} INFO - Filling up the DagBag from /home/airflow/.local/lib/python3.8/site-packages/airflow/example_dags/example_latest_only.py
[2023-10-13T16:19:08.796+0000] {processor.py:839} INFO - DAG(s) dict_keys(['latest_only']) retrieved from /home/airflow/.local/lib/python3.8/site-packages/airflow/example_dags/example_latest_only.py
[2023-10-13T16:19:08.810+0000] {logging_mixin.py:151} INFO - [2023-10-13T16:19:08.810+0000] {dag.py:2941} INFO - Sync 1 DAGs
[2023-10-13T16:19:08.833+0000] {logging_mixin.py:151} INFO - [2023-10-13T16:19:08.832+0000] {dag.py:3722} INFO - Setting next_dagrun for latest_only to 2023-10-13T12:19:08.832526+00:00, run_after=2023-10-13T16:19:08.832526+00:00
[2023-10-13T16:19:08.851+0000] {processor.py:179} INFO - Processing /home/airflow/.local/lib/python3.8/site-packages/airflow/example_dags/example_latest_only.py took 0.063 seconds
[2023-10-13T16:19:39.105+0000] {processor.py:157} INFO - Started process (PID=1259) to work on /home/airflow/.local/lib/python3.8/site-packages/airflow/example_dags/example_latest_only.py
[2023-10-13T16:19:39.105+0000] {processor.py:829} INFO - Processing file /home/airflow/.local/lib/python3.8/site-packages/airflow/example_dags/example_latest_only.py for tasks to queue
[2023-10-13T16:19:39.106+0000] {logging_mixin.py:151} INFO - [2023-10-13T16:19:39.106+0000] {dagbag.py:536} INFO - Filling up the DagBag from /home/airflow/.local/lib/python3.8/site-packages/airflow/example_dags/example_latest_only.py
[2023-10-13T16:19:39.110+0000] {processor.py:839} INFO - DAG(s) dict_keys(['latest_only']) retrieved from /home/airflow/.local/lib/python3.8/site-packages/airflow/example_dags/example_latest_only.py
[2023-10-13T16:19:39.125+0000] {logging_mixin.py:151} INFO - [2023-10-13T16:19:39.125+0000] {dag.py:2941} INFO - Sync 1 DAGs
[2023-10-13T16:19:39.143+0000] {logging_mixin.py:151} INFO - [2023-10-13T16:19:39.142+0000] {dag.py:3722} INFO - Setting next_dagrun for latest_only to 2023-10-13T12:19:39.142752+00:00, run_after=2023-10-13T16:19:39.142752+00:00
[2023-10-13T16:19:39.164+0000] {processor.py:179} INFO - Processing /home/airflow/.local/lib/python3.8/site-packages/airflow/example_dags/example_latest_only.py took 0.062 seconds
[2023-10-13T16:20:09.618+0000] {processor.py:157} INFO - Started process (PID=1496) to work on /home/airflow/.local/lib/python3.8/site-packages/airflow/example_dags/example_latest_only.py
[2023-10-13T16:20:09.626+0000] {processor.py:829} INFO - Processing file /home/airflow/.local/lib/python3.8/site-packages/airflow/example_dags/example_latest_only.py for tasks to queue
[2023-10-13T16:20:09.627+0000] {logging_mixin.py:151} INFO - [2023-10-13T16:20:09.626+0000] {dagbag.py:536} INFO - Filling up the DagBag from /home/airflow/.local/lib/python3.8/site-packages/airflow/example_dags/example_latest_only.py
[2023-10-13T16:20:09.631+0000] {processor.py:839} INFO - DAG(s) dict_keys(['latest_only']) retrieved from /home/airflow/.local/lib/python3.8/site-packages/airflow/example_dags/example_latest_only.py
[2023-10-13T16:20:09.645+0000] {logging_mixin.py:151} INFO - [2023-10-13T16:20:09.645+0000] {dag.py:2941} INFO - Sync 1 DAGs
[2023-10-13T16:20:09.665+0000] {logging_mixin.py:151} INFO - [2023-10-13T16:20:09.665+0000] {dag.py:3722} INFO - Setting next_dagrun for latest_only to 2023-10-13T12:20:09.665105+00:00, run_after=2023-10-13T16:20:09.665105+00:00
[2023-10-13T16:20:09.690+0000] {processor.py:179} INFO - Processing /home/airflow/.local/lib/python3.8/site-packages/airflow/example_dags/example_latest_only.py took 0.074 seconds
[2023-10-13T16:20:40.873+0000] {processor.py:157} INFO - Started process (PID=1734) to work on /home/airflow/.local/lib/python3.8/site-packages/airflow/example_dags/example_latest_only.py
[2023-10-13T16:20:40.874+0000] {processor.py:829} INFO - Processing file /home/airflow/.local/lib/python3.8/site-packages/airflow/example_dags/example_latest_only.py for tasks to queue
[2023-10-13T16:20:40.876+0000] {logging_mixin.py:151} INFO - [2023-10-13T16:20:40.875+0000] {dagbag.py:536} INFO - Filling up the DagBag from /home/airflow/.local/lib/python3.8/site-packages/airflow/example_dags/example_latest_only.py
[2023-10-13T16:20:40.881+0000] {processor.py:839} INFO - DAG(s) dict_keys(['latest_only']) retrieved from /home/airflow/.local/lib/python3.8/site-packages/airflow/example_dags/example_latest_only.py
[2023-10-13T16:20:40.901+0000] {logging_mixin.py:151} INFO - [2023-10-13T16:20:40.900+0000] {dag.py:2941} INFO - Sync 1 DAGs
[2023-10-13T16:20:40.931+0000] {logging_mixin.py:151} INFO - [2023-10-13T16:20:40.931+0000] {dag.py:3722} INFO - Setting next_dagrun for latest_only to 2023-10-13T12:20:40.931379+00:00, run_after=2023-10-13T16:20:40.931379+00:00
[2023-10-13T16:20:40.962+0000] {processor.py:179} INFO - Processing /home/airflow/.local/lib/python3.8/site-packages/airflow/example_dags/example_latest_only.py took 0.092 seconds
[2023-10-13T16:21:11.445+0000] {processor.py:157} INFO - Started process (PID=1972) to work on /home/airflow/.local/lib/python3.8/site-packages/airflow/example_dags/example_latest_only.py
[2023-10-13T16:21:11.446+0000] {processor.py:829} INFO - Processing file /home/airflow/.local/lib/python3.8/site-packages/airflow/example_dags/example_latest_only.py for tasks to queue
[2023-10-13T16:21:11.447+0000] {logging_mixin.py:151} INFO - [2023-10-13T16:21:11.447+0000] {dagbag.py:536} INFO - Filling up the DagBag from /home/airflow/.local/lib/python3.8/site-packages/airflow/example_dags/example_latest_only.py
[2023-10-13T16:21:11.454+0000] {processor.py:839} INFO - DAG(s) dict_keys(['latest_only']) retrieved from /home/airflow/.local/lib/python3.8/site-packages/airflow/example_dags/example_latest_only.py
[2023-10-13T16:21:11.477+0000] {logging_mixin.py:151} INFO - [2023-10-13T16:21:11.476+0000] {dag.py:2941} INFO - Sync 1 DAGs
[2023-10-13T16:21:11.504+0000] {logging_mixin.py:151} INFO - [2023-10-13T16:21:11.503+0000] {dag.py:3722} INFO - Setting next_dagrun for latest_only to 2023-10-13T12:21:11.503492+00:00, run_after=2023-10-13T16:21:11.503492+00:00
[2023-10-13T16:21:11.533+0000] {processor.py:179} INFO - Processing /home/airflow/.local/lib/python3.8/site-packages/airflow/example_dags/example_latest_only.py took 0.093 seconds
[2023-10-13T16:21:41.633+0000] {processor.py:157} INFO - Started process (PID=2211) to work on /home/airflow/.local/lib/python3.8/site-packages/airflow/example_dags/example_latest_only.py
[2023-10-13T16:21:41.633+0000] {processor.py:829} INFO - Processing file /home/airflow/.local/lib/python3.8/site-packages/airflow/example_dags/example_latest_only.py for tasks to queue
[2023-10-13T16:21:41.634+0000] {logging_mixin.py:151} INFO - [2023-10-13T16:21:41.634+0000] {dagbag.py:536} INFO - Filling up the DagBag from /home/airflow/.local/lib/python3.8/site-packages/airflow/example_dags/example_latest_only.py
[2023-10-13T16:21:41.639+0000] {processor.py:839} INFO - DAG(s) dict_keys(['latest_only']) retrieved from /home/airflow/.local/lib/python3.8/site-packages/airflow/example_dags/example_latest_only.py
[2023-10-13T16:21:41.659+0000] {logging_mixin.py:151} INFO - [2023-10-13T16:21:41.659+0000] {dag.py:2941} INFO - Sync 1 DAGs
[2023-10-13T16:21:41.685+0000] {logging_mixin.py:151} INFO - [2023-10-13T16:21:41.685+0000] {dag.py:3722} INFO - Setting next_dagrun for latest_only to 2023-10-13T12:21:41.685017+00:00, run_after=2023-10-13T16:21:41.685017+00:00
[2023-10-13T16:21:41.708+0000] {processor.py:179} INFO - Processing /home/airflow/.local/lib/python3.8/site-packages/airflow/example_dags/example_latest_only.py took 0.079 seconds
[2023-10-13T16:22:12.235+0000] {processor.py:157} INFO - Started process (PID=2450) to work on /home/airflow/.local/lib/python3.8/site-packages/airflow/example_dags/example_latest_only.py
[2023-10-13T16:22:12.236+0000] {processor.py:829} INFO - Processing file /home/airflow/.local/lib/python3.8/site-packages/airflow/example_dags/example_latest_only.py for tasks to queue
[2023-10-13T16:22:12.237+0000] {logging_mixin.py:151} INFO - [2023-10-13T16:22:12.237+0000] {dagbag.py:536} INFO - Filling up the DagBag from /home/airflow/.local/lib/python3.8/site-packages/airflow/example_dags/example_latest_only.py
[2023-10-13T16:22:12.244+0000] {processor.py:839} INFO - DAG(s) dict_keys(['latest_only']) retrieved from /home/airflow/.local/lib/python3.8/site-packages/airflow/example_dags/example_latest_only.py
[2023-10-13T16:22:12.268+0000] {logging_mixin.py:151} INFO - [2023-10-13T16:22:12.268+0000] {dag.py:2941} INFO - Sync 1 DAGs
[2023-10-13T16:22:12.292+0000] {logging_mixin.py:151} INFO - [2023-10-13T16:22:12.292+0000] {dag.py:3722} INFO - Setting next_dagrun for latest_only to 2023-10-13T12:22:12.291781+00:00, run_after=2023-10-13T16:22:12.291781+00:00
[2023-10-13T16:22:12.319+0000] {processor.py:179} INFO - Processing /home/airflow/.local/lib/python3.8/site-packages/airflow/example_dags/example_latest_only.py took 0.088 seconds
[2023-10-13T16:22:42.344+0000] {processor.py:157} INFO - Started process (PID=2690) to work on /home/airflow/.local/lib/python3.8/site-packages/airflow/example_dags/example_latest_only.py
[2023-10-13T16:22:42.345+0000] {processor.py:829} INFO - Processing file /home/airflow/.local/lib/python3.8/site-packages/airflow/example_dags/example_latest_only.py for tasks to queue
[2023-10-13T16:22:42.345+0000] {logging_mixin.py:151} INFO - [2023-10-13T16:22:42.345+0000] {dagbag.py:536} INFO - Filling up the DagBag from /home/airflow/.local/lib/python3.8/site-packages/airflow/example_dags/example_latest_only.py
[2023-10-13T16:22:42.349+0000] {processor.py:839} INFO - DAG(s) dict_keys(['latest_only']) retrieved from /home/airflow/.local/lib/python3.8/site-packages/airflow/example_dags/example_latest_only.py
[2023-10-13T16:22:42.364+0000] {logging_mixin.py:151} INFO - [2023-10-13T16:22:42.363+0000] {dag.py:2941} INFO - Sync 1 DAGs
[2023-10-13T16:22:42.379+0000] {logging_mixin.py:151} INFO - [2023-10-13T16:22:42.379+0000] {dag.py:3722} INFO - Setting next_dagrun for latest_only to 2023-10-13T12:22:42.379063+00:00, run_after=2023-10-13T16:22:42.379063+00:00
[2023-10-13T16:22:42.395+0000] {processor.py:179} INFO - Processing /home/airflow/.local/lib/python3.8/site-packages/airflow/example_dags/example_latest_only.py took 0.053 seconds
[2023-10-13T16:24:27.726+0000] {processor.py:157} INFO - Started process (PID=312) to work on /home/airflow/.local/lib/python3.8/site-packages/airflow/example_dags/example_latest_only.py
[2023-10-13T16:24:27.727+0000] {processor.py:829} INFO - Processing file /home/airflow/.local/lib/python3.8/site-packages/airflow/example_dags/example_latest_only.py for tasks to queue
[2023-10-13T16:24:27.728+0000] {logging_mixin.py:151} INFO - [2023-10-13T16:24:27.728+0000] {dagbag.py:536} INFO - Filling up the DagBag from /home/airflow/.local/lib/python3.8/site-packages/airflow/example_dags/example_latest_only.py
[2023-10-13T16:24:27.733+0000] {processor.py:839} INFO - DAG(s) dict_keys(['latest_only']) retrieved from /home/airflow/.local/lib/python3.8/site-packages/airflow/example_dags/example_latest_only.py
[2023-10-13T16:24:27.742+0000] {logging_mixin.py:151} INFO - [2023-10-13T16:24:27.742+0000] {dag.py:2941} INFO - Sync 1 DAGs
[2023-10-13T16:24:27.764+0000] {logging_mixin.py:151} INFO - [2023-10-13T16:24:27.764+0000] {dag.py:3722} INFO - Setting next_dagrun for latest_only to 2023-10-13T12:24:27.764498+00:00, run_after=2023-10-13T16:24:27.764498+00:00
[2023-10-13T16:24:27.786+0000] {processor.py:179} INFO - Processing /home/airflow/.local/lib/python3.8/site-packages/airflow/example_dags/example_latest_only.py took 0.063 seconds
[2023-10-13T16:24:58.007+0000] {processor.py:157} INFO - Started process (PID=560) to work on /home/airflow/.local/lib/python3.8/site-packages/airflow/example_dags/example_latest_only.py
[2023-10-13T16:24:58.008+0000] {processor.py:829} INFO - Processing file /home/airflow/.local/lib/python3.8/site-packages/airflow/example_dags/example_latest_only.py for tasks to queue
[2023-10-13T16:24:58.008+0000] {logging_mixin.py:151} INFO - [2023-10-13T16:24:58.008+0000] {dagbag.py:536} INFO - Filling up the DagBag from /home/airflow/.local/lib/python3.8/site-packages/airflow/example_dags/example_latest_only.py
[2023-10-13T16:24:58.013+0000] {processor.py:839} INFO - DAG(s) dict_keys(['latest_only']) retrieved from /home/airflow/.local/lib/python3.8/site-packages/airflow/example_dags/example_latest_only.py
[2023-10-13T16:24:58.027+0000] {logging_mixin.py:151} INFO - [2023-10-13T16:24:58.027+0000] {dag.py:2941} INFO - Sync 1 DAGs
[2023-10-13T16:24:58.043+0000] {logging_mixin.py:151} INFO - [2023-10-13T16:24:58.043+0000] {dag.py:3722} INFO - Setting next_dagrun for latest_only to 2023-10-13T12:24:58.043127+00:00, run_after=2023-10-13T16:24:58.043127+00:00
[2023-10-13T16:24:58.063+0000] {processor.py:179} INFO - Processing /home/airflow/.local/lib/python3.8/site-packages/airflow/example_dags/example_latest_only.py took 0.059 seconds
[2023-10-13T16:29:31.174+0000] {processor.py:157} INFO - Started process (PID=307) to work on /home/airflow/.local/lib/python3.8/site-packages/airflow/example_dags/example_latest_only.py
[2023-10-13T16:29:31.175+0000] {processor.py:829} INFO - Processing file /home/airflow/.local/lib/python3.8/site-packages/airflow/example_dags/example_latest_only.py for tasks to queue
[2023-10-13T16:29:31.175+0000] {logging_mixin.py:151} INFO - [2023-10-13T16:29:31.175+0000] {dagbag.py:536} INFO - Filling up the DagBag from /home/airflow/.local/lib/python3.8/site-packages/airflow/example_dags/example_latest_only.py
[2023-10-13T16:29:31.180+0000] {processor.py:839} INFO - DAG(s) dict_keys(['latest_only']) retrieved from /home/airflow/.local/lib/python3.8/site-packages/airflow/example_dags/example_latest_only.py
[2023-10-13T16:29:31.189+0000] {logging_mixin.py:151} INFO - [2023-10-13T16:29:31.189+0000] {dag.py:2941} INFO - Sync 1 DAGs
[2023-10-13T16:29:31.206+0000] {logging_mixin.py:151} INFO - [2023-10-13T16:29:31.205+0000] {dag.py:3722} INFO - Setting next_dagrun for latest_only to 2023-10-13T12:29:31.205672+00:00, run_after=2023-10-13T16:29:31.205672+00:00
[2023-10-13T16:29:31.232+0000] {processor.py:179} INFO - Processing /home/airflow/.local/lib/python3.8/site-packages/airflow/example_dags/example_latest_only.py took 0.060 seconds
[2023-10-13T16:30:01.518+0000] {processor.py:157} INFO - Started process (PID=545) to work on /home/airflow/.local/lib/python3.8/site-packages/airflow/example_dags/example_latest_only.py
[2023-10-13T16:30:01.518+0000] {processor.py:829} INFO - Processing file /home/airflow/.local/lib/python3.8/site-packages/airflow/example_dags/example_latest_only.py for tasks to queue
[2023-10-13T16:30:01.519+0000] {logging_mixin.py:151} INFO - [2023-10-13T16:30:01.519+0000] {dagbag.py:536} INFO - Filling up the DagBag from /home/airflow/.local/lib/python3.8/site-packages/airflow/example_dags/example_latest_only.py
[2023-10-13T16:30:01.523+0000] {processor.py:839} INFO - DAG(s) dict_keys(['latest_only']) retrieved from /home/airflow/.local/lib/python3.8/site-packages/airflow/example_dags/example_latest_only.py
[2023-10-13T16:30:01.538+0000] {logging_mixin.py:151} INFO - [2023-10-13T16:30:01.538+0000] {dag.py:2941} INFO - Sync 1 DAGs
[2023-10-13T16:30:01.554+0000] {logging_mixin.py:151} INFO - [2023-10-13T16:30:01.554+0000] {dag.py:3722} INFO - Setting next_dagrun for latest_only to 2023-10-13T12:30:01.553898+00:00, run_after=2023-10-13T16:30:01.553898+00:00
[2023-10-13T16:30:01.577+0000] {processor.py:179} INFO - Processing /home/airflow/.local/lib/python3.8/site-packages/airflow/example_dags/example_latest_only.py took 0.062 seconds
[2023-10-13T16:30:31.959+0000] {processor.py:157} INFO - Started process (PID=782) to work on /home/airflow/.local/lib/python3.8/site-packages/airflow/example_dags/example_latest_only.py
[2023-10-13T16:30:31.960+0000] {processor.py:829} INFO - Processing file /home/airflow/.local/lib/python3.8/site-packages/airflow/example_dags/example_latest_only.py for tasks to queue
[2023-10-13T16:30:31.960+0000] {logging_mixin.py:151} INFO - [2023-10-13T16:30:31.960+0000] {dagbag.py:536} INFO - Filling up the DagBag from /home/airflow/.local/lib/python3.8/site-packages/airflow/example_dags/example_latest_only.py
[2023-10-13T16:30:31.967+0000] {processor.py:839} INFO - DAG(s) dict_keys(['latest_only']) retrieved from /home/airflow/.local/lib/python3.8/site-packages/airflow/example_dags/example_latest_only.py
[2023-10-13T16:30:31.983+0000] {logging_mixin.py:151} INFO - [2023-10-13T16:30:31.983+0000] {dag.py:2941} INFO - Sync 1 DAGs
[2023-10-13T16:30:32.012+0000] {logging_mixin.py:151} INFO - [2023-10-13T16:30:32.012+0000] {dag.py:3722} INFO - Setting next_dagrun for latest_only to 2023-10-13T12:30:32.012297+00:00, run_after=2023-10-13T16:30:32.012297+00:00
[2023-10-13T16:30:32.041+0000] {processor.py:179} INFO - Processing /home/airflow/.local/lib/python3.8/site-packages/airflow/example_dags/example_latest_only.py took 0.085 seconds
