[2023-10-13T16:17:37.984+0000] {processor.py:157} INFO - Started process (PID=287) to work on /home/airflow/.local/lib/python3.8/site-packages/airflow/example_dags/example_branch_labels.py
[2023-10-13T16:17:37.985+0000] {processor.py:829} INFO - Processing file /home/airflow/.local/lib/python3.8/site-packages/airflow/example_dags/example_branch_labels.py for tasks to queue
[2023-10-13T16:17:37.985+0000] {logging_mixin.py:151} INFO - [2023-10-13T16:17:37.985+0000] {dagbag.py:536} INFO - Filling up the DagBag from /home/airflow/.local/lib/python3.8/site-packages/airflow/example_dags/example_branch_labels.py
[2023-10-13T16:17:37.991+0000] {processor.py:839} INFO - DAG(s) dict_keys(['example_branch_labels']) retrieved from /home/airflow/.local/lib/python3.8/site-packages/airflow/example_dags/example_branch_labels.py
[2023-10-13T16:17:38.000+0000] {logging_mixin.py:151} INFO - [2023-10-13T16:17:38.000+0000] {dag.py:2941} INFO - Sync 1 DAGs
[2023-10-13T16:17:38.018+0000] {logging_mixin.py:151} INFO - [2023-10-13T16:17:38.017+0000] {dag.py:3722} INFO - Setting next_dagrun for example_branch_labels to 2023-10-12T00:00:00+00:00, run_after=2023-10-13T00:00:00+00:00
[2023-10-13T16:17:38.032+0000] {processor.py:179} INFO - Processing /home/airflow/.local/lib/python3.8/site-packages/airflow/example_dags/example_branch_labels.py took 0.050 seconds
[2023-10-13T16:18:08.167+0000] {processor.py:157} INFO - Started process (PID=525) to work on /home/airflow/.local/lib/python3.8/site-packages/airflow/example_dags/example_branch_labels.py
[2023-10-13T16:18:08.177+0000] {processor.py:829} INFO - Processing file /home/airflow/.local/lib/python3.8/site-packages/airflow/example_dags/example_branch_labels.py for tasks to queue
[2023-10-13T16:18:08.178+0000] {logging_mixin.py:151} INFO - [2023-10-13T16:18:08.177+0000] {dagbag.py:536} INFO - Filling up the DagBag from /home/airflow/.local/lib/python3.8/site-packages/airflow/example_dags/example_branch_labels.py
[2023-10-13T16:18:08.183+0000] {processor.py:839} INFO - DAG(s) dict_keys(['example_branch_labels']) retrieved from /home/airflow/.local/lib/python3.8/site-packages/airflow/example_dags/example_branch_labels.py
[2023-10-13T16:18:08.200+0000] {logging_mixin.py:151} INFO - [2023-10-13T16:18:08.200+0000] {dag.py:2941} INFO - Sync 1 DAGs
[2023-10-13T16:18:08.218+0000] {logging_mixin.py:151} INFO - [2023-10-13T16:18:08.217+0000] {dag.py:3722} INFO - Setting next_dagrun for example_branch_labels to 2023-10-12T00:00:00+00:00, run_after=2023-10-13T00:00:00+00:00
[2023-10-13T16:18:08.238+0000] {processor.py:179} INFO - Processing /home/airflow/.local/lib/python3.8/site-packages/airflow/example_dags/example_branch_labels.py took 0.073 seconds
[2023-10-13T16:18:38.372+0000] {processor.py:157} INFO - Started process (PID=763) to work on /home/airflow/.local/lib/python3.8/site-packages/airflow/example_dags/example_branch_labels.py
[2023-10-13T16:18:38.373+0000] {processor.py:829} INFO - Processing file /home/airflow/.local/lib/python3.8/site-packages/airflow/example_dags/example_branch_labels.py for tasks to queue
[2023-10-13T16:18:38.373+0000] {logging_mixin.py:151} INFO - [2023-10-13T16:18:38.373+0000] {dagbag.py:536} INFO - Filling up the DagBag from /home/airflow/.local/lib/python3.8/site-packages/airflow/example_dags/example_branch_labels.py
[2023-10-13T16:18:38.379+0000] {processor.py:839} INFO - DAG(s) dict_keys(['example_branch_labels']) retrieved from /home/airflow/.local/lib/python3.8/site-packages/airflow/example_dags/example_branch_labels.py
[2023-10-13T16:18:38.395+0000] {logging_mixin.py:151} INFO - [2023-10-13T16:18:38.394+0000] {dag.py:2941} INFO - Sync 1 DAGs
[2023-10-13T16:18:38.412+0000] {logging_mixin.py:151} INFO - [2023-10-13T16:18:38.412+0000] {dag.py:3722} INFO - Setting next_dagrun for example_branch_labels to 2023-10-12T00:00:00+00:00, run_after=2023-10-13T00:00:00+00:00
[2023-10-13T16:18:38.432+0000] {processor.py:179} INFO - Processing /home/airflow/.local/lib/python3.8/site-packages/airflow/example_dags/example_branch_labels.py took 0.063 seconds
[2023-10-13T16:19:08.622+0000] {processor.py:157} INFO - Started process (PID=1001) to work on /home/airflow/.local/lib/python3.8/site-packages/airflow/example_dags/example_branch_labels.py
[2023-10-13T16:19:08.632+0000] {processor.py:829} INFO - Processing file /home/airflow/.local/lib/python3.8/site-packages/airflow/example_dags/example_branch_labels.py for tasks to queue
[2023-10-13T16:19:08.633+0000] {logging_mixin.py:151} INFO - [2023-10-13T16:19:08.632+0000] {dagbag.py:536} INFO - Filling up the DagBag from /home/airflow/.local/lib/python3.8/site-packages/airflow/example_dags/example_branch_labels.py
[2023-10-13T16:19:08.638+0000] {processor.py:839} INFO - DAG(s) dict_keys(['example_branch_labels']) retrieved from /home/airflow/.local/lib/python3.8/site-packages/airflow/example_dags/example_branch_labels.py
[2023-10-13T16:19:08.655+0000] {logging_mixin.py:151} INFO - [2023-10-13T16:19:08.654+0000] {dag.py:2941} INFO - Sync 1 DAGs
[2023-10-13T16:19:08.672+0000] {logging_mixin.py:151} INFO - [2023-10-13T16:19:08.672+0000] {dag.py:3722} INFO - Setting next_dagrun for example_branch_labels to 2023-10-12T00:00:00+00:00, run_after=2023-10-13T00:00:00+00:00
[2023-10-13T16:19:08.694+0000] {processor.py:179} INFO - Processing /home/airflow/.local/lib/python3.8/site-packages/airflow/example_dags/example_branch_labels.py took 0.074 seconds
[2023-10-13T16:19:38.950+0000] {processor.py:157} INFO - Started process (PID=1239) to work on /home/airflow/.local/lib/python3.8/site-packages/airflow/example_dags/example_branch_labels.py
[2023-10-13T16:19:38.950+0000] {processor.py:829} INFO - Processing file /home/airflow/.local/lib/python3.8/site-packages/airflow/example_dags/example_branch_labels.py for tasks to queue
[2023-10-13T16:19:38.951+0000] {logging_mixin.py:151} INFO - [2023-10-13T16:19:38.951+0000] {dagbag.py:536} INFO - Filling up the DagBag from /home/airflow/.local/lib/python3.8/site-packages/airflow/example_dags/example_branch_labels.py
[2023-10-13T16:19:38.958+0000] {processor.py:839} INFO - DAG(s) dict_keys(['example_branch_labels']) retrieved from /home/airflow/.local/lib/python3.8/site-packages/airflow/example_dags/example_branch_labels.py
[2023-10-13T16:19:38.974+0000] {logging_mixin.py:151} INFO - [2023-10-13T16:19:38.974+0000] {dag.py:2941} INFO - Sync 1 DAGs
[2023-10-13T16:19:38.992+0000] {logging_mixin.py:151} INFO - [2023-10-13T16:19:38.992+0000] {dag.py:3722} INFO - Setting next_dagrun for example_branch_labels to 2023-10-12T00:00:00+00:00, run_after=2023-10-13T00:00:00+00:00
[2023-10-13T16:19:39.008+0000] {processor.py:179} INFO - Processing /home/airflow/.local/lib/python3.8/site-packages/airflow/example_dags/example_branch_labels.py took 0.061 seconds
[2023-10-13T16:20:09.458+0000] {processor.py:157} INFO - Started process (PID=1476) to work on /home/airflow/.local/lib/python3.8/site-packages/airflow/example_dags/example_branch_labels.py
[2023-10-13T16:20:09.459+0000] {processor.py:829} INFO - Processing file /home/airflow/.local/lib/python3.8/site-packages/airflow/example_dags/example_branch_labels.py for tasks to queue
[2023-10-13T16:20:09.460+0000] {logging_mixin.py:151} INFO - [2023-10-13T16:20:09.459+0000] {dagbag.py:536} INFO - Filling up the DagBag from /home/airflow/.local/lib/python3.8/site-packages/airflow/example_dags/example_branch_labels.py
[2023-10-13T16:20:09.466+0000] {processor.py:839} INFO - DAG(s) dict_keys(['example_branch_labels']) retrieved from /home/airflow/.local/lib/python3.8/site-packages/airflow/example_dags/example_branch_labels.py
[2023-10-13T16:20:09.483+0000] {logging_mixin.py:151} INFO - [2023-10-13T16:20:09.483+0000] {dag.py:2941} INFO - Sync 1 DAGs
[2023-10-13T16:20:09.502+0000] {logging_mixin.py:151} INFO - [2023-10-13T16:20:09.502+0000] {dag.py:3722} INFO - Setting next_dagrun for example_branch_labels to 2023-10-12T00:00:00+00:00, run_after=2023-10-13T00:00:00+00:00
[2023-10-13T16:20:09.520+0000] {processor.py:179} INFO - Processing /home/airflow/.local/lib/python3.8/site-packages/airflow/example_dags/example_branch_labels.py took 0.065 seconds
[2023-10-13T16:20:40.620+0000] {processor.py:157} INFO - Started process (PID=1714) to work on /home/airflow/.local/lib/python3.8/site-packages/airflow/example_dags/example_branch_labels.py
[2023-10-13T16:20:40.621+0000] {processor.py:829} INFO - Processing file /home/airflow/.local/lib/python3.8/site-packages/airflow/example_dags/example_branch_labels.py for tasks to queue
[2023-10-13T16:20:40.623+0000] {logging_mixin.py:151} INFO - [2023-10-13T16:20:40.622+0000] {dagbag.py:536} INFO - Filling up the DagBag from /home/airflow/.local/lib/python3.8/site-packages/airflow/example_dags/example_branch_labels.py
[2023-10-13T16:20:40.631+0000] {processor.py:839} INFO - DAG(s) dict_keys(['example_branch_labels']) retrieved from /home/airflow/.local/lib/python3.8/site-packages/airflow/example_dags/example_branch_labels.py
[2023-10-13T16:20:40.657+0000] {logging_mixin.py:151} INFO - [2023-10-13T16:20:40.657+0000] {dag.py:2941} INFO - Sync 1 DAGs
[2023-10-13T16:20:40.687+0000] {logging_mixin.py:151} INFO - [2023-10-13T16:20:40.687+0000] {dag.py:3722} INFO - Setting next_dagrun for example_branch_labels to 2023-10-12T00:00:00+00:00, run_after=2023-10-13T00:00:00+00:00
[2023-10-13T16:20:40.715+0000] {processor.py:179} INFO - Processing /home/airflow/.local/lib/python3.8/site-packages/airflow/example_dags/example_branch_labels.py took 0.098 seconds
[2023-10-13T16:21:11.191+0000] {processor.py:157} INFO - Started process (PID=1952) to work on /home/airflow/.local/lib/python3.8/site-packages/airflow/example_dags/example_branch_labels.py
[2023-10-13T16:21:11.193+0000] {processor.py:829} INFO - Processing file /home/airflow/.local/lib/python3.8/site-packages/airflow/example_dags/example_branch_labels.py for tasks to queue
[2023-10-13T16:21:11.194+0000] {logging_mixin.py:151} INFO - [2023-10-13T16:21:11.194+0000] {dagbag.py:536} INFO - Filling up the DagBag from /home/airflow/.local/lib/python3.8/site-packages/airflow/example_dags/example_branch_labels.py
[2023-10-13T16:21:11.204+0000] {processor.py:839} INFO - DAG(s) dict_keys(['example_branch_labels']) retrieved from /home/airflow/.local/lib/python3.8/site-packages/airflow/example_dags/example_branch_labels.py
[2023-10-13T16:21:11.231+0000] {logging_mixin.py:151} INFO - [2023-10-13T16:21:11.230+0000] {dag.py:2941} INFO - Sync 1 DAGs
[2023-10-13T16:21:11.259+0000] {logging_mixin.py:151} INFO - [2023-10-13T16:21:11.258+0000] {dag.py:3722} INFO - Setting next_dagrun for example_branch_labels to 2023-10-12T00:00:00+00:00, run_after=2023-10-13T00:00:00+00:00
[2023-10-13T16:21:11.288+0000] {processor.py:179} INFO - Processing /home/airflow/.local/lib/python3.8/site-packages/airflow/example_dags/example_branch_labels.py took 0.100 seconds
[2023-10-13T16:21:41.403+0000] {processor.py:157} INFO - Started process (PID=2191) to work on /home/airflow/.local/lib/python3.8/site-packages/airflow/example_dags/example_branch_labels.py
[2023-10-13T16:21:41.404+0000] {processor.py:829} INFO - Processing file /home/airflow/.local/lib/python3.8/site-packages/airflow/example_dags/example_branch_labels.py for tasks to queue
[2023-10-13T16:21:41.405+0000] {logging_mixin.py:151} INFO - [2023-10-13T16:21:41.404+0000] {dagbag.py:536} INFO - Filling up the DagBag from /home/airflow/.local/lib/python3.8/site-packages/airflow/example_dags/example_branch_labels.py
[2023-10-13T16:21:41.416+0000] {processor.py:839} INFO - DAG(s) dict_keys(['example_branch_labels']) retrieved from /home/airflow/.local/lib/python3.8/site-packages/airflow/example_dags/example_branch_labels.py
[2023-10-13T16:21:41.442+0000] {logging_mixin.py:151} INFO - [2023-10-13T16:21:41.442+0000] {dag.py:2941} INFO - Sync 1 DAGs
[2023-10-13T16:21:41.471+0000] {logging_mixin.py:151} INFO - [2023-10-13T16:21:41.471+0000] {dag.py:3722} INFO - Setting next_dagrun for example_branch_labels to 2023-10-12T00:00:00+00:00, run_after=2023-10-13T00:00:00+00:00
[2023-10-13T16:21:41.498+0000] {processor.py:179} INFO - Processing /home/airflow/.local/lib/python3.8/site-packages/airflow/example_dags/example_branch_labels.py took 0.099 seconds
[2023-10-13T16:22:11.994+0000] {processor.py:157} INFO - Started process (PID=2430) to work on /home/airflow/.local/lib/python3.8/site-packages/airflow/example_dags/example_branch_labels.py
[2023-10-13T16:22:11.995+0000] {processor.py:829} INFO - Processing file /home/airflow/.local/lib/python3.8/site-packages/airflow/example_dags/example_branch_labels.py for tasks to queue
[2023-10-13T16:22:11.997+0000] {logging_mixin.py:151} INFO - [2023-10-13T16:22:11.996+0000] {dagbag.py:536} INFO - Filling up the DagBag from /home/airflow/.local/lib/python3.8/site-packages/airflow/example_dags/example_branch_labels.py
[2023-10-13T16:22:12.009+0000] {processor.py:839} INFO - DAG(s) dict_keys(['example_branch_labels']) retrieved from /home/airflow/.local/lib/python3.8/site-packages/airflow/example_dags/example_branch_labels.py
[2023-10-13T16:22:12.037+0000] {logging_mixin.py:151} INFO - [2023-10-13T16:22:12.037+0000] {dag.py:2941} INFO - Sync 1 DAGs
[2023-10-13T16:22:12.068+0000] {logging_mixin.py:151} INFO - [2023-10-13T16:22:12.068+0000] {dag.py:3722} INFO - Setting next_dagrun for example_branch_labels to 2023-10-12T00:00:00+00:00, run_after=2023-10-13T00:00:00+00:00
[2023-10-13T16:22:12.097+0000] {processor.py:179} INFO - Processing /home/airflow/.local/lib/python3.8/site-packages/airflow/example_dags/example_branch_labels.py took 0.106 seconds
[2023-10-13T16:22:42.155+0000] {processor.py:157} INFO - Started process (PID=2670) to work on /home/airflow/.local/lib/python3.8/site-packages/airflow/example_dags/example_branch_labels.py
[2023-10-13T16:22:42.156+0000] {processor.py:829} INFO - Processing file /home/airflow/.local/lib/python3.8/site-packages/airflow/example_dags/example_branch_labels.py for tasks to queue
[2023-10-13T16:22:42.156+0000] {logging_mixin.py:151} INFO - [2023-10-13T16:22:42.156+0000] {dagbag.py:536} INFO - Filling up the DagBag from /home/airflow/.local/lib/python3.8/site-packages/airflow/example_dags/example_branch_labels.py
[2023-10-13T16:22:42.164+0000] {processor.py:839} INFO - DAG(s) dict_keys(['example_branch_labels']) retrieved from /home/airflow/.local/lib/python3.8/site-packages/airflow/example_dags/example_branch_labels.py
[2023-10-13T16:22:42.185+0000] {logging_mixin.py:151} INFO - [2023-10-13T16:22:42.185+0000] {dag.py:2941} INFO - Sync 1 DAGs
[2023-10-13T16:22:42.203+0000] {logging_mixin.py:151} INFO - [2023-10-13T16:22:42.202+0000] {dag.py:3722} INFO - Setting next_dagrun for example_branch_labels to 2023-10-12T00:00:00+00:00, run_after=2023-10-13T00:00:00+00:00
[2023-10-13T16:22:42.227+0000] {processor.py:179} INFO - Processing /home/airflow/.local/lib/python3.8/site-packages/airflow/example_dags/example_branch_labels.py took 0.075 seconds
[2023-10-13T16:24:27.557+0000] {processor.py:157} INFO - Started process (PID=294) to work on /home/airflow/.local/lib/python3.8/site-packages/airflow/example_dags/example_branch_labels.py
[2023-10-13T16:24:27.558+0000] {processor.py:829} INFO - Processing file /home/airflow/.local/lib/python3.8/site-packages/airflow/example_dags/example_branch_labels.py for tasks to queue
[2023-10-13T16:24:27.559+0000] {logging_mixin.py:151} INFO - [2023-10-13T16:24:27.558+0000] {dagbag.py:536} INFO - Filling up the DagBag from /home/airflow/.local/lib/python3.8/site-packages/airflow/example_dags/example_branch_labels.py
[2023-10-13T16:24:27.564+0000] {processor.py:839} INFO - DAG(s) dict_keys(['example_branch_labels']) retrieved from /home/airflow/.local/lib/python3.8/site-packages/airflow/example_dags/example_branch_labels.py
[2023-10-13T16:24:27.573+0000] {logging_mixin.py:151} INFO - [2023-10-13T16:24:27.573+0000] {dag.py:2941} INFO - Sync 1 DAGs
[2023-10-13T16:24:27.591+0000] {logging_mixin.py:151} INFO - [2023-10-13T16:24:27.591+0000] {dag.py:3722} INFO - Setting next_dagrun for example_branch_labels to 2023-10-12T00:00:00+00:00, run_after=2023-10-13T00:00:00+00:00
[2023-10-13T16:24:27.615+0000] {processor.py:179} INFO - Processing /home/airflow/.local/lib/python3.8/site-packages/airflow/example_dags/example_branch_labels.py took 0.061 seconds
[2023-10-13T16:24:57.840+0000] {processor.py:157} INFO - Started process (PID=540) to work on /home/airflow/.local/lib/python3.8/site-packages/airflow/example_dags/example_branch_labels.py
[2023-10-13T16:24:57.852+0000] {processor.py:829} INFO - Processing file /home/airflow/.local/lib/python3.8/site-packages/airflow/example_dags/example_branch_labels.py for tasks to queue
[2023-10-13T16:24:57.852+0000] {logging_mixin.py:151} INFO - [2023-10-13T16:24:57.852+0000] {dagbag.py:536} INFO - Filling up the DagBag from /home/airflow/.local/lib/python3.8/site-packages/airflow/example_dags/example_branch_labels.py
[2023-10-13T16:24:57.858+0000] {processor.py:839} INFO - DAG(s) dict_keys(['example_branch_labels']) retrieved from /home/airflow/.local/lib/python3.8/site-packages/airflow/example_dags/example_branch_labels.py
[2023-10-13T16:24:57.874+0000] {logging_mixin.py:151} INFO - [2023-10-13T16:24:57.874+0000] {dag.py:2941} INFO - Sync 1 DAGs
[2023-10-13T16:24:57.891+0000] {logging_mixin.py:151} INFO - [2023-10-13T16:24:57.891+0000] {dag.py:3722} INFO - Setting next_dagrun for example_branch_labels to 2023-10-12T00:00:00+00:00, run_after=2023-10-13T00:00:00+00:00
[2023-10-13T16:24:57.910+0000] {processor.py:179} INFO - Processing /home/airflow/.local/lib/python3.8/site-packages/airflow/example_dags/example_branch_labels.py took 0.072 seconds
[2023-10-13T16:29:31.018+0000] {processor.py:157} INFO - Started process (PID=287) to work on /home/airflow/.local/lib/python3.8/site-packages/airflow/example_dags/example_branch_labels.py
[2023-10-13T16:29:31.019+0000] {processor.py:829} INFO - Processing file /home/airflow/.local/lib/python3.8/site-packages/airflow/example_dags/example_branch_labels.py for tasks to queue
[2023-10-13T16:29:31.020+0000] {logging_mixin.py:151} INFO - [2023-10-13T16:29:31.020+0000] {dagbag.py:536} INFO - Filling up the DagBag from /home/airflow/.local/lib/python3.8/site-packages/airflow/example_dags/example_branch_labels.py
[2023-10-13T16:29:31.026+0000] {processor.py:839} INFO - DAG(s) dict_keys(['example_branch_labels']) retrieved from /home/airflow/.local/lib/python3.8/site-packages/airflow/example_dags/example_branch_labels.py
[2023-10-13T16:29:31.036+0000] {logging_mixin.py:151} INFO - [2023-10-13T16:29:31.035+0000] {dag.py:2941} INFO - Sync 1 DAGs
[2023-10-13T16:29:31.055+0000] {logging_mixin.py:151} INFO - [2023-10-13T16:29:31.055+0000] {dag.py:3722} INFO - Setting next_dagrun for example_branch_labels to 2023-10-12T00:00:00+00:00, run_after=2023-10-13T00:00:00+00:00
[2023-10-13T16:29:31.076+0000] {processor.py:179} INFO - Processing /home/airflow/.local/lib/python3.8/site-packages/airflow/example_dags/example_branch_labels.py took 0.060 seconds
[2023-10-13T16:30:01.333+0000] {processor.py:157} INFO - Started process (PID=525) to work on /home/airflow/.local/lib/python3.8/site-packages/airflow/example_dags/example_branch_labels.py
[2023-10-13T16:30:01.334+0000] {processor.py:829} INFO - Processing file /home/airflow/.local/lib/python3.8/site-packages/airflow/example_dags/example_branch_labels.py for tasks to queue
[2023-10-13T16:30:01.335+0000] {logging_mixin.py:151} INFO - [2023-10-13T16:30:01.334+0000] {dagbag.py:536} INFO - Filling up the DagBag from /home/airflow/.local/lib/python3.8/site-packages/airflow/example_dags/example_branch_labels.py
[2023-10-13T16:30:01.344+0000] {processor.py:839} INFO - DAG(s) dict_keys(['example_branch_labels']) retrieved from /home/airflow/.local/lib/python3.8/site-packages/airflow/example_dags/example_branch_labels.py
[2023-10-13T16:30:01.365+0000] {logging_mixin.py:151} INFO - [2023-10-13T16:30:01.365+0000] {dag.py:2941} INFO - Sync 1 DAGs
[2023-10-13T16:30:01.384+0000] {logging_mixin.py:151} INFO - [2023-10-13T16:30:01.383+0000] {dag.py:3722} INFO - Setting next_dagrun for example_branch_labels to 2023-10-12T00:00:00+00:00, run_after=2023-10-13T00:00:00+00:00
[2023-10-13T16:30:01.411+0000] {processor.py:179} INFO - Processing /home/airflow/.local/lib/python3.8/site-packages/airflow/example_dags/example_branch_labels.py took 0.081 seconds
[2023-10-13T16:30:31.777+0000] {processor.py:157} INFO - Started process (PID=762) to work on /home/airflow/.local/lib/python3.8/site-packages/airflow/example_dags/example_branch_labels.py
[2023-10-13T16:30:31.778+0000] {processor.py:829} INFO - Processing file /home/airflow/.local/lib/python3.8/site-packages/airflow/example_dags/example_branch_labels.py for tasks to queue
[2023-10-13T16:30:31.779+0000] {logging_mixin.py:151} INFO - [2023-10-13T16:30:31.778+0000] {dagbag.py:536} INFO - Filling up the DagBag from /home/airflow/.local/lib/python3.8/site-packages/airflow/example_dags/example_branch_labels.py
[2023-10-13T16:30:31.785+0000] {processor.py:839} INFO - DAG(s) dict_keys(['example_branch_labels']) retrieved from /home/airflow/.local/lib/python3.8/site-packages/airflow/example_dags/example_branch_labels.py
[2023-10-13T16:30:31.801+0000] {logging_mixin.py:151} INFO - [2023-10-13T16:30:31.801+0000] {dag.py:2941} INFO - Sync 1 DAGs
[2023-10-13T16:30:31.819+0000] {logging_mixin.py:151} INFO - [2023-10-13T16:30:31.818+0000] {dag.py:3722} INFO - Setting next_dagrun for example_branch_labels to 2023-10-12T00:00:00+00:00, run_after=2023-10-13T00:00:00+00:00
[2023-10-13T16:30:31.849+0000] {processor.py:179} INFO - Processing /home/airflow/.local/lib/python3.8/site-packages/airflow/example_dags/example_branch_labels.py took 0.074 seconds
