[2023-10-13T16:17:38.422+0000] {processor.py:157} INFO - Started process (PID=347) to work on /home/airflow/.local/lib/python3.8/site-packages/airflow/example_dags/example_task_group.py
[2023-10-13T16:17:38.422+0000] {processor.py:829} INFO - Processing file /home/airflow/.local/lib/python3.8/site-packages/airflow/example_dags/example_task_group.py for tasks to queue
[2023-10-13T16:17:38.423+0000] {logging_mixin.py:151} INFO - [2023-10-13T16:17:38.423+0000] {dagbag.py:536} INFO - Filling up the DagBag from /home/airflow/.local/lib/python3.8/site-packages/airflow/example_dags/example_task_group.py
[2023-10-13T16:17:38.429+0000] {processor.py:839} INFO - DAG(s) dict_keys(['example_task_group']) retrieved from /home/airflow/.local/lib/python3.8/site-packages/airflow/example_dags/example_task_group.py
[2023-10-13T16:17:38.437+0000] {logging_mixin.py:151} INFO - [2023-10-13T16:17:38.437+0000] {dag.py:2941} INFO - Sync 1 DAGs
[2023-10-13T16:17:38.453+0000] {logging_mixin.py:151} INFO - [2023-10-13T16:17:38.453+0000] {dag.py:3722} INFO - Setting next_dagrun for example_task_group to 2023-10-12T16:17:38.453411+00:00, run_after=2023-10-13T16:17:38.453411+00:00
[2023-10-13T16:17:38.468+0000] {processor.py:179} INFO - Processing /home/airflow/.local/lib/python3.8/site-packages/airflow/example_dags/example_task_group.py took 0.050 seconds
[2023-10-13T16:18:08.637+0000] {processor.py:157} INFO - Started process (PID=585) to work on /home/airflow/.local/lib/python3.8/site-packages/airflow/example_dags/example_task_group.py
[2023-10-13T16:18:08.638+0000] {processor.py:829} INFO - Processing file /home/airflow/.local/lib/python3.8/site-packages/airflow/example_dags/example_task_group.py for tasks to queue
[2023-10-13T16:18:08.638+0000] {logging_mixin.py:151} INFO - [2023-10-13T16:18:08.638+0000] {dagbag.py:536} INFO - Filling up the DagBag from /home/airflow/.local/lib/python3.8/site-packages/airflow/example_dags/example_task_group.py
[2023-10-13T16:18:08.644+0000] {processor.py:839} INFO - DAG(s) dict_keys(['example_task_group']) retrieved from /home/airflow/.local/lib/python3.8/site-packages/airflow/example_dags/example_task_group.py
[2023-10-13T16:18:08.659+0000] {logging_mixin.py:151} INFO - [2023-10-13T16:18:08.659+0000] {dag.py:2941} INFO - Sync 1 DAGs
[2023-10-13T16:18:08.676+0000] {logging_mixin.py:151} INFO - [2023-10-13T16:18:08.676+0000] {dag.py:3722} INFO - Setting next_dagrun for example_task_group to 2023-10-12T16:18:08.675886+00:00, run_after=2023-10-13T16:18:08.675886+00:00
[2023-10-13T16:18:08.695+0000] {processor.py:179} INFO - Processing /home/airflow/.local/lib/python3.8/site-packages/airflow/example_dags/example_task_group.py took 0.061 seconds
[2023-10-13T16:18:38.866+0000] {processor.py:157} INFO - Started process (PID=823) to work on /home/airflow/.local/lib/python3.8/site-packages/airflow/example_dags/example_task_group.py
[2023-10-13T16:18:38.866+0000] {processor.py:829} INFO - Processing file /home/airflow/.local/lib/python3.8/site-packages/airflow/example_dags/example_task_group.py for tasks to queue
[2023-10-13T16:18:38.867+0000] {logging_mixin.py:151} INFO - [2023-10-13T16:18:38.867+0000] {dagbag.py:536} INFO - Filling up the DagBag from /home/airflow/.local/lib/python3.8/site-packages/airflow/example_dags/example_task_group.py
[2023-10-13T16:18:38.874+0000] {processor.py:839} INFO - DAG(s) dict_keys(['example_task_group']) retrieved from /home/airflow/.local/lib/python3.8/site-packages/airflow/example_dags/example_task_group.py
[2023-10-13T16:18:38.890+0000] {logging_mixin.py:151} INFO - [2023-10-13T16:18:38.890+0000] {dag.py:2941} INFO - Sync 1 DAGs
[2023-10-13T16:18:38.906+0000] {logging_mixin.py:151} INFO - [2023-10-13T16:18:38.906+0000] {dag.py:3722} INFO - Setting next_dagrun for example_task_group to 2023-10-12T16:18:38.906233+00:00, run_after=2023-10-13T16:18:38.906233+00:00
[2023-10-13T16:18:38.923+0000] {processor.py:179} INFO - Processing /home/airflow/.local/lib/python3.8/site-packages/airflow/example_dags/example_task_group.py took 0.060 seconds
[2023-10-13T16:19:09.144+0000] {processor.py:157} INFO - Started process (PID=1061) to work on /home/airflow/.local/lib/python3.8/site-packages/airflow/example_dags/example_task_group.py
[2023-10-13T16:19:09.145+0000] {processor.py:829} INFO - Processing file /home/airflow/.local/lib/python3.8/site-packages/airflow/example_dags/example_task_group.py for tasks to queue
[2023-10-13T16:19:09.146+0000] {logging_mixin.py:151} INFO - [2023-10-13T16:19:09.145+0000] {dagbag.py:536} INFO - Filling up the DagBag from /home/airflow/.local/lib/python3.8/site-packages/airflow/example_dags/example_task_group.py
[2023-10-13T16:19:09.151+0000] {processor.py:839} INFO - DAG(s) dict_keys(['example_task_group']) retrieved from /home/airflow/.local/lib/python3.8/site-packages/airflow/example_dags/example_task_group.py
[2023-10-13T16:19:09.168+0000] {logging_mixin.py:151} INFO - [2023-10-13T16:19:09.168+0000] {dag.py:2941} INFO - Sync 1 DAGs
[2023-10-13T16:19:09.184+0000] {logging_mixin.py:151} INFO - [2023-10-13T16:19:09.184+0000] {dag.py:3722} INFO - Setting next_dagrun for example_task_group to 2023-10-12T16:19:09.184030+00:00, run_after=2023-10-13T16:19:09.184030+00:00
[2023-10-13T16:19:09.207+0000] {processor.py:179} INFO - Processing /home/airflow/.local/lib/python3.8/site-packages/airflow/example_dags/example_task_group.py took 0.065 seconds
[2023-10-13T16:19:39.408+0000] {processor.py:157} INFO - Started process (PID=1299) to work on /home/airflow/.local/lib/python3.8/site-packages/airflow/example_dags/example_task_group.py
[2023-10-13T16:19:39.408+0000] {processor.py:829} INFO - Processing file /home/airflow/.local/lib/python3.8/site-packages/airflow/example_dags/example_task_group.py for tasks to queue
[2023-10-13T16:19:39.409+0000] {logging_mixin.py:151} INFO - [2023-10-13T16:19:39.409+0000] {dagbag.py:536} INFO - Filling up the DagBag from /home/airflow/.local/lib/python3.8/site-packages/airflow/example_dags/example_task_group.py
[2023-10-13T16:19:39.415+0000] {processor.py:839} INFO - DAG(s) dict_keys(['example_task_group']) retrieved from /home/airflow/.local/lib/python3.8/site-packages/airflow/example_dags/example_task_group.py
[2023-10-13T16:19:39.435+0000] {logging_mixin.py:151} INFO - [2023-10-13T16:19:39.435+0000] {dag.py:2941} INFO - Sync 1 DAGs
[2023-10-13T16:19:39.454+0000] {logging_mixin.py:151} INFO - [2023-10-13T16:19:39.454+0000] {dag.py:3722} INFO - Setting next_dagrun for example_task_group to 2023-10-12T16:19:39.454446+00:00, run_after=2023-10-13T16:19:39.454446+00:00
[2023-10-13T16:19:39.478+0000] {processor.py:179} INFO - Processing /home/airflow/.local/lib/python3.8/site-packages/airflow/example_dags/example_task_group.py took 0.073 seconds
[2023-10-13T16:20:10.037+0000] {processor.py:157} INFO - Started process (PID=1536) to work on /home/airflow/.local/lib/python3.8/site-packages/airflow/example_dags/example_task_group.py
[2023-10-13T16:20:10.098+0000] {processor.py:829} INFO - Processing file /home/airflow/.local/lib/python3.8/site-packages/airflow/example_dags/example_task_group.py for tasks to queue
[2023-10-13T16:20:10.098+0000] {logging_mixin.py:151} INFO - [2023-10-13T16:20:10.098+0000] {dagbag.py:536} INFO - Filling up the DagBag from /home/airflow/.local/lib/python3.8/site-packages/airflow/example_dags/example_task_group.py
[2023-10-13T16:20:10.104+0000] {processor.py:839} INFO - DAG(s) dict_keys(['example_task_group']) retrieved from /home/airflow/.local/lib/python3.8/site-packages/airflow/example_dags/example_task_group.py
[2023-10-13T16:20:10.121+0000] {logging_mixin.py:151} INFO - [2023-10-13T16:20:10.121+0000] {dag.py:2941} INFO - Sync 1 DAGs
[2023-10-13T16:20:10.138+0000] {logging_mixin.py:151} INFO - [2023-10-13T16:20:10.138+0000] {dag.py:3722} INFO - Setting next_dagrun for example_task_group to 2023-10-12T16:20:10.138509+00:00, run_after=2023-10-13T16:20:10.138509+00:00
[2023-10-13T16:20:10.194+0000] {processor.py:179} INFO - Processing /home/airflow/.local/lib/python3.8/site-packages/airflow/example_dags/example_task_group.py took 0.159 seconds
[2023-10-13T16:20:41.358+0000] {processor.py:157} INFO - Started process (PID=1774) to work on /home/airflow/.local/lib/python3.8/site-packages/airflow/example_dags/example_task_group.py
[2023-10-13T16:20:41.360+0000] {processor.py:829} INFO - Processing file /home/airflow/.local/lib/python3.8/site-packages/airflow/example_dags/example_task_group.py for tasks to queue
[2023-10-13T16:20:41.361+0000] {logging_mixin.py:151} INFO - [2023-10-13T16:20:41.361+0000] {dagbag.py:536} INFO - Filling up the DagBag from /home/airflow/.local/lib/python3.8/site-packages/airflow/example_dags/example_task_group.py
[2023-10-13T16:20:41.371+0000] {processor.py:839} INFO - DAG(s) dict_keys(['example_task_group']) retrieved from /home/airflow/.local/lib/python3.8/site-packages/airflow/example_dags/example_task_group.py
[2023-10-13T16:20:41.391+0000] {logging_mixin.py:151} INFO - [2023-10-13T16:20:41.391+0000] {dag.py:2941} INFO - Sync 1 DAGs
[2023-10-13T16:20:41.417+0000] {logging_mixin.py:151} INFO - [2023-10-13T16:20:41.417+0000] {dag.py:3722} INFO - Setting next_dagrun for example_task_group to 2023-10-12T16:20:41.416785+00:00, run_after=2023-10-13T16:20:41.416785+00:00
[2023-10-13T16:20:41.439+0000] {processor.py:179} INFO - Processing /home/airflow/.local/lib/python3.8/site-packages/airflow/example_dags/example_task_group.py took 0.084 seconds
[2023-10-13T16:21:11.897+0000] {processor.py:157} INFO - Started process (PID=2012) to work on /home/airflow/.local/lib/python3.8/site-packages/airflow/example_dags/example_task_group.py
[2023-10-13T16:21:11.898+0000] {processor.py:829} INFO - Processing file /home/airflow/.local/lib/python3.8/site-packages/airflow/example_dags/example_task_group.py for tasks to queue
[2023-10-13T16:21:11.899+0000] {logging_mixin.py:151} INFO - [2023-10-13T16:21:11.898+0000] {dagbag.py:536} INFO - Filling up the DagBag from /home/airflow/.local/lib/python3.8/site-packages/airflow/example_dags/example_task_group.py
[2023-10-13T16:21:11.906+0000] {processor.py:839} INFO - DAG(s) dict_keys(['example_task_group']) retrieved from /home/airflow/.local/lib/python3.8/site-packages/airflow/example_dags/example_task_group.py
[2023-10-13T16:21:11.931+0000] {logging_mixin.py:151} INFO - [2023-10-13T16:21:11.931+0000] {dag.py:2941} INFO - Sync 1 DAGs
[2023-10-13T16:21:11.954+0000] {logging_mixin.py:151} INFO - [2023-10-13T16:21:11.954+0000] {dag.py:3722} INFO - Setting next_dagrun for example_task_group to 2023-10-12T16:21:11.954143+00:00, run_after=2023-10-13T16:21:11.954143+00:00
[2023-10-13T16:21:11.981+0000] {processor.py:179} INFO - Processing /home/airflow/.local/lib/python3.8/site-packages/airflow/example_dags/example_task_group.py took 0.089 seconds
[2023-10-13T16:21:42.060+0000] {processor.py:157} INFO - Started process (PID=2251) to work on /home/airflow/.local/lib/python3.8/site-packages/airflow/example_dags/example_task_group.py
[2023-10-13T16:21:42.073+0000] {processor.py:829} INFO - Processing file /home/airflow/.local/lib/python3.8/site-packages/airflow/example_dags/example_task_group.py for tasks to queue
[2023-10-13T16:21:42.074+0000] {logging_mixin.py:151} INFO - [2023-10-13T16:21:42.074+0000] {dagbag.py:536} INFO - Filling up the DagBag from /home/airflow/.local/lib/python3.8/site-packages/airflow/example_dags/example_task_group.py
[2023-10-13T16:21:42.083+0000] {processor.py:839} INFO - DAG(s) dict_keys(['example_task_group']) retrieved from /home/airflow/.local/lib/python3.8/site-packages/airflow/example_dags/example_task_group.py
[2023-10-13T16:21:42.101+0000] {logging_mixin.py:151} INFO - [2023-10-13T16:21:42.100+0000] {dag.py:2941} INFO - Sync 1 DAGs
[2023-10-13T16:21:42.127+0000] {logging_mixin.py:151} INFO - [2023-10-13T16:21:42.127+0000] {dag.py:3722} INFO - Setting next_dagrun for example_task_group to 2023-10-12T16:21:42.126966+00:00, run_after=2023-10-13T16:21:42.126966+00:00
[2023-10-13T16:21:42.156+0000] {processor.py:179} INFO - Processing /home/airflow/.local/lib/python3.8/site-packages/airflow/example_dags/example_task_group.py took 0.099 seconds
[2023-10-13T16:22:12.654+0000] {processor.py:157} INFO - Started process (PID=2490) to work on /home/airflow/.local/lib/python3.8/site-packages/airflow/example_dags/example_task_group.py
[2023-10-13T16:22:12.656+0000] {processor.py:829} INFO - Processing file /home/airflow/.local/lib/python3.8/site-packages/airflow/example_dags/example_task_group.py for tasks to queue
[2023-10-13T16:22:12.657+0000] {logging_mixin.py:151} INFO - [2023-10-13T16:22:12.657+0000] {dagbag.py:536} INFO - Filling up the DagBag from /home/airflow/.local/lib/python3.8/site-packages/airflow/example_dags/example_task_group.py
[2023-10-13T16:22:12.665+0000] {processor.py:839} INFO - DAG(s) dict_keys(['example_task_group']) retrieved from /home/airflow/.local/lib/python3.8/site-packages/airflow/example_dags/example_task_group.py
[2023-10-13T16:22:12.689+0000] {logging_mixin.py:151} INFO - [2023-10-13T16:22:12.689+0000] {dag.py:2941} INFO - Sync 1 DAGs
[2023-10-13T16:22:12.712+0000] {logging_mixin.py:151} INFO - [2023-10-13T16:22:12.711+0000] {dag.py:3722} INFO - Setting next_dagrun for example_task_group to 2023-10-12T16:22:12.711700+00:00, run_after=2023-10-13T16:22:12.711700+00:00
[2023-10-13T16:22:12.853+0000] {processor.py:179} INFO - Processing /home/airflow/.local/lib/python3.8/site-packages/airflow/example_dags/example_task_group.py took 0.201 seconds
[2023-10-13T16:22:42.897+0000] {processor.py:157} INFO - Started process (PID=2730) to work on /home/airflow/.local/lib/python3.8/site-packages/airflow/example_dags/example_task_group.py
[2023-10-13T16:22:42.897+0000] {processor.py:829} INFO - Processing file /home/airflow/.local/lib/python3.8/site-packages/airflow/example_dags/example_task_group.py for tasks to queue
[2023-10-13T16:22:42.898+0000] {logging_mixin.py:151} INFO - [2023-10-13T16:22:42.898+0000] {dagbag.py:536} INFO - Filling up the DagBag from /home/airflow/.local/lib/python3.8/site-packages/airflow/example_dags/example_task_group.py
[2023-10-13T16:22:42.905+0000] {processor.py:839} INFO - DAG(s) dict_keys(['example_task_group']) retrieved from /home/airflow/.local/lib/python3.8/site-packages/airflow/example_dags/example_task_group.py
[2023-10-13T16:22:42.920+0000] {logging_mixin.py:151} INFO - [2023-10-13T16:22:42.920+0000] {dag.py:2941} INFO - Sync 1 DAGs
[2023-10-13T16:22:42.936+0000] {logging_mixin.py:151} INFO - [2023-10-13T16:22:42.936+0000] {dag.py:3722} INFO - Setting next_dagrun for example_task_group to 2023-10-12T16:22:42.936544+00:00, run_after=2023-10-13T16:22:42.936544+00:00
[2023-10-13T16:22:42.970+0000] {processor.py:179} INFO - Processing /home/airflow/.local/lib/python3.8/site-packages/airflow/example_dags/example_task_group.py took 0.077 seconds
[2023-10-13T16:24:28.028+0000] {processor.py:157} INFO - Started process (PID=352) to work on /home/airflow/.local/lib/python3.8/site-packages/airflow/example_dags/example_task_group.py
[2023-10-13T16:24:28.029+0000] {processor.py:829} INFO - Processing file /home/airflow/.local/lib/python3.8/site-packages/airflow/example_dags/example_task_group.py for tasks to queue
[2023-10-13T16:24:28.030+0000] {logging_mixin.py:151} INFO - [2023-10-13T16:24:28.029+0000] {dagbag.py:536} INFO - Filling up the DagBag from /home/airflow/.local/lib/python3.8/site-packages/airflow/example_dags/example_task_group.py
[2023-10-13T16:24:28.036+0000] {processor.py:839} INFO - DAG(s) dict_keys(['example_task_group']) retrieved from /home/airflow/.local/lib/python3.8/site-packages/airflow/example_dags/example_task_group.py
[2023-10-13T16:24:28.044+0000] {logging_mixin.py:151} INFO - [2023-10-13T16:24:28.044+0000] {dag.py:2941} INFO - Sync 1 DAGs
[2023-10-13T16:24:28.062+0000] {logging_mixin.py:151} INFO - [2023-10-13T16:24:28.062+0000] {dag.py:3722} INFO - Setting next_dagrun for example_task_group to 2023-10-12T16:24:28.062537+00:00, run_after=2023-10-13T16:24:28.062537+00:00
[2023-10-13T16:24:28.086+0000] {processor.py:179} INFO - Processing /home/airflow/.local/lib/python3.8/site-packages/airflow/example_dags/example_task_group.py took 0.060 seconds
[2023-10-13T16:24:58.341+0000] {processor.py:157} INFO - Started process (PID=600) to work on /home/airflow/.local/lib/python3.8/site-packages/airflow/example_dags/example_task_group.py
[2023-10-13T16:24:58.342+0000] {processor.py:829} INFO - Processing file /home/airflow/.local/lib/python3.8/site-packages/airflow/example_dags/example_task_group.py for tasks to queue
[2023-10-13T16:24:58.342+0000] {logging_mixin.py:151} INFO - [2023-10-13T16:24:58.342+0000] {dagbag.py:536} INFO - Filling up the DagBag from /home/airflow/.local/lib/python3.8/site-packages/airflow/example_dags/example_task_group.py
[2023-10-13T16:24:58.348+0000] {processor.py:839} INFO - DAG(s) dict_keys(['example_task_group']) retrieved from /home/airflow/.local/lib/python3.8/site-packages/airflow/example_dags/example_task_group.py
[2023-10-13T16:24:58.364+0000] {logging_mixin.py:151} INFO - [2023-10-13T16:24:58.364+0000] {dag.py:2941} INFO - Sync 1 DAGs
[2023-10-13T16:24:58.380+0000] {logging_mixin.py:151} INFO - [2023-10-13T16:24:58.380+0000] {dag.py:3722} INFO - Setting next_dagrun for example_task_group to 2023-10-12T16:24:58.380049+00:00, run_after=2023-10-13T16:24:58.380049+00:00
[2023-10-13T16:24:58.398+0000] {processor.py:179} INFO - Processing /home/airflow/.local/lib/python3.8/site-packages/airflow/example_dags/example_task_group.py took 0.060 seconds
[2023-10-13T16:29:31.465+0000] {processor.py:157} INFO - Started process (PID=347) to work on /home/airflow/.local/lib/python3.8/site-packages/airflow/example_dags/example_task_group.py
[2023-10-13T16:29:31.465+0000] {processor.py:829} INFO - Processing file /home/airflow/.local/lib/python3.8/site-packages/airflow/example_dags/example_task_group.py for tasks to queue
[2023-10-13T16:29:31.466+0000] {logging_mixin.py:151} INFO - [2023-10-13T16:29:31.466+0000] {dagbag.py:536} INFO - Filling up the DagBag from /home/airflow/.local/lib/python3.8/site-packages/airflow/example_dags/example_task_group.py
[2023-10-13T16:29:31.472+0000] {processor.py:839} INFO - DAG(s) dict_keys(['example_task_group']) retrieved from /home/airflow/.local/lib/python3.8/site-packages/airflow/example_dags/example_task_group.py
[2023-10-13T16:29:31.481+0000] {logging_mixin.py:151} INFO - [2023-10-13T16:29:31.481+0000] {dag.py:2941} INFO - Sync 1 DAGs
[2023-10-13T16:29:31.497+0000] {logging_mixin.py:151} INFO - [2023-10-13T16:29:31.497+0000] {dag.py:3722} INFO - Setting next_dagrun for example_task_group to 2023-10-12T16:29:31.497592+00:00, run_after=2023-10-13T16:29:31.497592+00:00
[2023-10-13T16:29:31.522+0000] {processor.py:179} INFO - Processing /home/airflow/.local/lib/python3.8/site-packages/airflow/example_dags/example_task_group.py took 0.060 seconds
[2023-10-13T16:30:01.920+0000] {processor.py:157} INFO - Started process (PID=585) to work on /home/airflow/.local/lib/python3.8/site-packages/airflow/example_dags/example_task_group.py
[2023-10-13T16:30:01.921+0000] {processor.py:829} INFO - Processing file /home/airflow/.local/lib/python3.8/site-packages/airflow/example_dags/example_task_group.py for tasks to queue
[2023-10-13T16:30:01.922+0000] {logging_mixin.py:151} INFO - [2023-10-13T16:30:01.922+0000] {dagbag.py:536} INFO - Filling up the DagBag from /home/airflow/.local/lib/python3.8/site-packages/airflow/example_dags/example_task_group.py
[2023-10-13T16:30:01.930+0000] {processor.py:839} INFO - DAG(s) dict_keys(['example_task_group']) retrieved from /home/airflow/.local/lib/python3.8/site-packages/airflow/example_dags/example_task_group.py
[2023-10-13T16:30:01.952+0000] {logging_mixin.py:151} INFO - [2023-10-13T16:30:01.952+0000] {dag.py:2941} INFO - Sync 1 DAGs
[2023-10-13T16:30:01.969+0000] {logging_mixin.py:151} INFO - [2023-10-13T16:30:01.969+0000] {dag.py:3722} INFO - Setting next_dagrun for example_task_group to 2023-10-12T16:30:01.969451+00:00, run_after=2023-10-13T16:30:01.969451+00:00
[2023-10-13T16:30:01.991+0000] {processor.py:179} INFO - Processing /home/airflow/.local/lib/python3.8/site-packages/airflow/example_dags/example_task_group.py took 0.073 seconds
[2023-10-13T16:30:32.344+0000] {processor.py:157} INFO - Started process (PID=822) to work on /home/airflow/.local/lib/python3.8/site-packages/airflow/example_dags/example_task_group.py
[2023-10-13T16:30:32.345+0000] {processor.py:829} INFO - Processing file /home/airflow/.local/lib/python3.8/site-packages/airflow/example_dags/example_task_group.py for tasks to queue
[2023-10-13T16:30:32.346+0000] {logging_mixin.py:151} INFO - [2023-10-13T16:30:32.345+0000] {dagbag.py:536} INFO - Filling up the DagBag from /home/airflow/.local/lib/python3.8/site-packages/airflow/example_dags/example_task_group.py
[2023-10-13T16:30:32.357+0000] {processor.py:839} INFO - DAG(s) dict_keys(['example_task_group']) retrieved from /home/airflow/.local/lib/python3.8/site-packages/airflow/example_dags/example_task_group.py
[2023-10-13T16:30:32.379+0000] {logging_mixin.py:151} INFO - [2023-10-13T16:30:32.379+0000] {dag.py:2941} INFO - Sync 1 DAGs
[2023-10-13T16:30:32.409+0000] {logging_mixin.py:151} INFO - [2023-10-13T16:30:32.409+0000] {dag.py:3722} INFO - Setting next_dagrun for example_task_group to 2023-10-12T16:30:32.409350+00:00, run_after=2023-10-13T16:30:32.409350+00:00
[2023-10-13T16:30:32.463+0000] {processor.py:179} INFO - Processing /home/airflow/.local/lib/python3.8/site-packages/airflow/example_dags/example_task_group.py took 0.122 seconds
