[2023-10-13T16:17:37.843+0000] {processor.py:157} INFO - Started process (PID=269) to work on /home/airflow/.local/lib/python3.8/site-packages/airflow/example_dags/example_external_task_marker_dag.py
[2023-10-13T16:17:37.844+0000] {processor.py:829} INFO - Processing file /home/airflow/.local/lib/python3.8/site-packages/airflow/example_dags/example_external_task_marker_dag.py for tasks to queue
[2023-10-13T16:17:37.844+0000] {logging_mixin.py:151} INFO - [2023-10-13T16:17:37.844+0000] {dagbag.py:536} INFO - Filling up the DagBag from /home/airflow/.local/lib/python3.8/site-packages/airflow/example_dags/example_external_task_marker_dag.py
[2023-10-13T16:17:37.849+0000] {processor.py:839} INFO - DAG(s) dict_keys(['example_external_task_marker_parent', 'example_external_task_marker_child']) retrieved from /home/airflow/.local/lib/python3.8/site-packages/airflow/example_dags/example_external_task_marker_dag.py
[2023-10-13T16:17:37.858+0000] {logging_mixin.py:151} INFO - [2023-10-13T16:17:37.858+0000] {dag.py:2941} INFO - Sync 2 DAGs
[2023-10-13T16:17:37.868+0000] {logging_mixin.py:151} INFO - [2023-10-13T16:17:37.868+0000] {dag.py:3722} INFO - Setting next_dagrun for example_external_task_marker_child to None, run_after=None
[2023-10-13T16:17:37.870+0000] {logging_mixin.py:151} INFO - [2023-10-13T16:17:37.870+0000] {dag.py:3722} INFO - Setting next_dagrun for example_external_task_marker_parent to None, run_after=None
[2023-10-13T16:17:37.887+0000] {processor.py:179} INFO - Processing /home/airflow/.local/lib/python3.8/site-packages/airflow/example_dags/example_external_task_marker_dag.py took 0.046 seconds
[2023-10-13T16:18:08.012+0000] {processor.py:157} INFO - Started process (PID=505) to work on /home/airflow/.local/lib/python3.8/site-packages/airflow/example_dags/example_external_task_marker_dag.py
[2023-10-13T16:18:08.012+0000] {processor.py:829} INFO - Processing file /home/airflow/.local/lib/python3.8/site-packages/airflow/example_dags/example_external_task_marker_dag.py for tasks to queue
[2023-10-13T16:18:08.013+0000] {logging_mixin.py:151} INFO - [2023-10-13T16:18:08.013+0000] {dagbag.py:536} INFO - Filling up the DagBag from /home/airflow/.local/lib/python3.8/site-packages/airflow/example_dags/example_external_task_marker_dag.py
[2023-10-13T16:18:08.017+0000] {processor.py:839} INFO - DAG(s) dict_keys(['example_external_task_marker_child', 'example_external_task_marker_parent']) retrieved from /home/airflow/.local/lib/python3.8/site-packages/airflow/example_dags/example_external_task_marker_dag.py
[2023-10-13T16:18:08.040+0000] {logging_mixin.py:151} INFO - [2023-10-13T16:18:08.040+0000] {dag.py:2941} INFO - Sync 2 DAGs
[2023-10-13T16:18:08.050+0000] {logging_mixin.py:151} INFO - [2023-10-13T16:18:08.049+0000] {dag.py:3722} INFO - Setting next_dagrun for example_external_task_marker_child to None, run_after=None
[2023-10-13T16:18:08.052+0000] {logging_mixin.py:151} INFO - [2023-10-13T16:18:08.052+0000] {dag.py:3722} INFO - Setting next_dagrun for example_external_task_marker_parent to None, run_after=None
[2023-10-13T16:18:08.071+0000] {processor.py:179} INFO - Processing /home/airflow/.local/lib/python3.8/site-packages/airflow/example_dags/example_external_task_marker_dag.py took 0.062 seconds
[2023-10-13T16:18:38.205+0000] {processor.py:157} INFO - Started process (PID=743) to work on /home/airflow/.local/lib/python3.8/site-packages/airflow/example_dags/example_external_task_marker_dag.py
[2023-10-13T16:18:38.205+0000] {processor.py:829} INFO - Processing file /home/airflow/.local/lib/python3.8/site-packages/airflow/example_dags/example_external_task_marker_dag.py for tasks to queue
[2023-10-13T16:18:38.206+0000] {logging_mixin.py:151} INFO - [2023-10-13T16:18:38.206+0000] {dagbag.py:536} INFO - Filling up the DagBag from /home/airflow/.local/lib/python3.8/site-packages/airflow/example_dags/example_external_task_marker_dag.py
[2023-10-13T16:18:38.210+0000] {processor.py:839} INFO - DAG(s) dict_keys(['example_external_task_marker_parent', 'example_external_task_marker_child']) retrieved from /home/airflow/.local/lib/python3.8/site-packages/airflow/example_dags/example_external_task_marker_dag.py
[2023-10-13T16:18:38.235+0000] {logging_mixin.py:151} INFO - [2023-10-13T16:18:38.235+0000] {dag.py:2941} INFO - Sync 2 DAGs
[2023-10-13T16:18:38.249+0000] {logging_mixin.py:151} INFO - [2023-10-13T16:18:38.249+0000] {dag.py:3722} INFO - Setting next_dagrun for example_external_task_marker_child to None, run_after=None
[2023-10-13T16:18:38.253+0000] {logging_mixin.py:151} INFO - [2023-10-13T16:18:38.253+0000] {dag.py:3722} INFO - Setting next_dagrun for example_external_task_marker_parent to None, run_after=None
[2023-10-13T16:18:38.276+0000] {processor.py:179} INFO - Processing /home/airflow/.local/lib/python3.8/site-packages/airflow/example_dags/example_external_task_marker_dag.py took 0.074 seconds
[2023-10-13T16:19:08.479+0000] {processor.py:157} INFO - Started process (PID=981) to work on /home/airflow/.local/lib/python3.8/site-packages/airflow/example_dags/example_external_task_marker_dag.py
[2023-10-13T16:19:08.479+0000] {processor.py:829} INFO - Processing file /home/airflow/.local/lib/python3.8/site-packages/airflow/example_dags/example_external_task_marker_dag.py for tasks to queue
[2023-10-13T16:19:08.480+0000] {logging_mixin.py:151} INFO - [2023-10-13T16:19:08.480+0000] {dagbag.py:536} INFO - Filling up the DagBag from /home/airflow/.local/lib/python3.8/site-packages/airflow/example_dags/example_external_task_marker_dag.py
[2023-10-13T16:19:08.485+0000] {processor.py:839} INFO - DAG(s) dict_keys(['example_external_task_marker_child', 'example_external_task_marker_parent']) retrieved from /home/airflow/.local/lib/python3.8/site-packages/airflow/example_dags/example_external_task_marker_dag.py
[2023-10-13T16:19:08.503+0000] {logging_mixin.py:151} INFO - [2023-10-13T16:19:08.503+0000] {dag.py:2941} INFO - Sync 2 DAGs
[2023-10-13T16:19:08.513+0000] {logging_mixin.py:151} INFO - [2023-10-13T16:19:08.513+0000] {dag.py:3722} INFO - Setting next_dagrun for example_external_task_marker_child to None, run_after=None
[2023-10-13T16:19:08.516+0000] {logging_mixin.py:151} INFO - [2023-10-13T16:19:08.516+0000] {dag.py:3722} INFO - Setting next_dagrun for example_external_task_marker_parent to None, run_after=None
[2023-10-13T16:19:08.538+0000] {processor.py:179} INFO - Processing /home/airflow/.local/lib/python3.8/site-packages/airflow/example_dags/example_external_task_marker_dag.py took 0.062 seconds
[2023-10-13T16:19:38.781+0000] {processor.py:157} INFO - Started process (PID=1219) to work on /home/airflow/.local/lib/python3.8/site-packages/airflow/example_dags/example_external_task_marker_dag.py
[2023-10-13T16:19:38.781+0000] {processor.py:829} INFO - Processing file /home/airflow/.local/lib/python3.8/site-packages/airflow/example_dags/example_external_task_marker_dag.py for tasks to queue
[2023-10-13T16:19:38.782+0000] {logging_mixin.py:151} INFO - [2023-10-13T16:19:38.782+0000] {dagbag.py:536} INFO - Filling up the DagBag from /home/airflow/.local/lib/python3.8/site-packages/airflow/example_dags/example_external_task_marker_dag.py
[2023-10-13T16:19:38.786+0000] {processor.py:839} INFO - DAG(s) dict_keys(['example_external_task_marker_child', 'example_external_task_marker_parent']) retrieved from /home/airflow/.local/lib/python3.8/site-packages/airflow/example_dags/example_external_task_marker_dag.py
[2023-10-13T16:19:38.807+0000] {logging_mixin.py:151} INFO - [2023-10-13T16:19:38.807+0000] {dag.py:2941} INFO - Sync 2 DAGs
[2023-10-13T16:19:38.817+0000] {logging_mixin.py:151} INFO - [2023-10-13T16:19:38.817+0000] {dag.py:3722} INFO - Setting next_dagrun for example_external_task_marker_child to None, run_after=None
[2023-10-13T16:19:38.820+0000] {logging_mixin.py:151} INFO - [2023-10-13T16:19:38.820+0000] {dag.py:3722} INFO - Setting next_dagrun for example_external_task_marker_parent to None, run_after=None
[2023-10-13T16:19:38.842+0000] {processor.py:179} INFO - Processing /home/airflow/.local/lib/python3.8/site-packages/airflow/example_dags/example_external_task_marker_dag.py took 0.064 seconds
[2023-10-13T16:20:09.194+0000] {processor.py:157} INFO - Started process (PID=1456) to work on /home/airflow/.local/lib/python3.8/site-packages/airflow/example_dags/example_external_task_marker_dag.py
[2023-10-13T16:20:09.202+0000] {processor.py:829} INFO - Processing file /home/airflow/.local/lib/python3.8/site-packages/airflow/example_dags/example_external_task_marker_dag.py for tasks to queue
[2023-10-13T16:20:09.203+0000] {logging_mixin.py:151} INFO - [2023-10-13T16:20:09.203+0000] {dagbag.py:536} INFO - Filling up the DagBag from /home/airflow/.local/lib/python3.8/site-packages/airflow/example_dags/example_external_task_marker_dag.py
[2023-10-13T16:20:09.207+0000] {processor.py:839} INFO - DAG(s) dict_keys(['example_external_task_marker_child', 'example_external_task_marker_parent']) retrieved from /home/airflow/.local/lib/python3.8/site-packages/airflow/example_dags/example_external_task_marker_dag.py
[2023-10-13T16:20:09.229+0000] {logging_mixin.py:151} INFO - [2023-10-13T16:20:09.229+0000] {dag.py:2941} INFO - Sync 2 DAGs
[2023-10-13T16:20:09.240+0000] {logging_mixin.py:151} INFO - [2023-10-13T16:20:09.240+0000] {dag.py:3722} INFO - Setting next_dagrun for example_external_task_marker_child to None, run_after=None
[2023-10-13T16:20:09.245+0000] {logging_mixin.py:151} INFO - [2023-10-13T16:20:09.244+0000] {dag.py:3722} INFO - Setting next_dagrun for example_external_task_marker_parent to None, run_after=None
[2023-10-13T16:20:09.299+0000] {processor.py:179} INFO - Processing /home/airflow/.local/lib/python3.8/site-packages/airflow/example_dags/example_external_task_marker_dag.py took 0.108 seconds
[2023-10-13T16:20:40.376+0000] {processor.py:157} INFO - Started process (PID=1696) to work on /home/airflow/.local/lib/python3.8/site-packages/airflow/example_dags/example_external_task_marker_dag.py
[2023-10-13T16:20:40.390+0000] {processor.py:829} INFO - Processing file /home/airflow/.local/lib/python3.8/site-packages/airflow/example_dags/example_external_task_marker_dag.py for tasks to queue
[2023-10-13T16:20:40.391+0000] {logging_mixin.py:151} INFO - [2023-10-13T16:20:40.390+0000] {dagbag.py:536} INFO - Filling up the DagBag from /home/airflow/.local/lib/python3.8/site-packages/airflow/example_dags/example_external_task_marker_dag.py
[2023-10-13T16:20:40.397+0000] {processor.py:839} INFO - DAG(s) dict_keys(['example_external_task_marker_child', 'example_external_task_marker_parent']) retrieved from /home/airflow/.local/lib/python3.8/site-packages/airflow/example_dags/example_external_task_marker_dag.py
[2023-10-13T16:20:40.420+0000] {logging_mixin.py:151} INFO - [2023-10-13T16:20:40.419+0000] {dag.py:2941} INFO - Sync 2 DAGs
[2023-10-13T16:20:40.432+0000] {logging_mixin.py:151} INFO - [2023-10-13T16:20:40.432+0000] {dag.py:3722} INFO - Setting next_dagrun for example_external_task_marker_child to None, run_after=None
[2023-10-13T16:20:40.435+0000] {logging_mixin.py:151} INFO - [2023-10-13T16:20:40.435+0000] {dag.py:3722} INFO - Setting next_dagrun for example_external_task_marker_parent to None, run_after=None
[2023-10-13T16:20:40.459+0000] {processor.py:179} INFO - Processing /home/airflow/.local/lib/python3.8/site-packages/airflow/example_dags/example_external_task_marker_dag.py took 0.087 seconds
[2023-10-13T16:21:10.990+0000] {processor.py:157} INFO - Started process (PID=1932) to work on /home/airflow/.local/lib/python3.8/site-packages/airflow/example_dags/example_external_task_marker_dag.py
[2023-10-13T16:21:10.999+0000] {processor.py:829} INFO - Processing file /home/airflow/.local/lib/python3.8/site-packages/airflow/example_dags/example_external_task_marker_dag.py for tasks to queue
[2023-10-13T16:21:11.000+0000] {logging_mixin.py:151} INFO - [2023-10-13T16:21:11.000+0000] {dagbag.py:536} INFO - Filling up the DagBag from /home/airflow/.local/lib/python3.8/site-packages/airflow/example_dags/example_external_task_marker_dag.py
[2023-10-13T16:21:11.006+0000] {processor.py:839} INFO - DAG(s) dict_keys(['example_external_task_marker_parent', 'example_external_task_marker_child']) retrieved from /home/airflow/.local/lib/python3.8/site-packages/airflow/example_dags/example_external_task_marker_dag.py
[2023-10-13T16:21:11.033+0000] {logging_mixin.py:151} INFO - [2023-10-13T16:21:11.033+0000] {dag.py:2941} INFO - Sync 2 DAGs
[2023-10-13T16:21:11.048+0000] {logging_mixin.py:151} INFO - [2023-10-13T16:21:11.048+0000] {dag.py:3722} INFO - Setting next_dagrun for example_external_task_marker_child to None, run_after=None
[2023-10-13T16:21:11.052+0000] {logging_mixin.py:151} INFO - [2023-10-13T16:21:11.052+0000] {dag.py:3722} INFO - Setting next_dagrun for example_external_task_marker_parent to None, run_after=None
[2023-10-13T16:21:11.075+0000] {processor.py:179} INFO - Processing /home/airflow/.local/lib/python3.8/site-packages/airflow/example_dags/example_external_task_marker_dag.py took 0.088 seconds
[2023-10-13T16:21:41.195+0000] {processor.py:157} INFO - Started process (PID=2171) to work on /home/airflow/.local/lib/python3.8/site-packages/airflow/example_dags/example_external_task_marker_dag.py
[2023-10-13T16:21:41.206+0000] {processor.py:829} INFO - Processing file /home/airflow/.local/lib/python3.8/site-packages/airflow/example_dags/example_external_task_marker_dag.py for tasks to queue
[2023-10-13T16:21:41.207+0000] {logging_mixin.py:151} INFO - [2023-10-13T16:21:41.206+0000] {dagbag.py:536} INFO - Filling up the DagBag from /home/airflow/.local/lib/python3.8/site-packages/airflow/example_dags/example_external_task_marker_dag.py
[2023-10-13T16:21:41.212+0000] {processor.py:839} INFO - DAG(s) dict_keys(['example_external_task_marker_child', 'example_external_task_marker_parent']) retrieved from /home/airflow/.local/lib/python3.8/site-packages/airflow/example_dags/example_external_task_marker_dag.py
[2023-10-13T16:21:41.238+0000] {logging_mixin.py:151} INFO - [2023-10-13T16:21:41.238+0000] {dag.py:2941} INFO - Sync 2 DAGs
[2023-10-13T16:21:41.252+0000] {logging_mixin.py:151} INFO - [2023-10-13T16:21:41.252+0000] {dag.py:3722} INFO - Setting next_dagrun for example_external_task_marker_child to None, run_after=None
[2023-10-13T16:21:41.255+0000] {logging_mixin.py:151} INFO - [2023-10-13T16:21:41.254+0000] {dag.py:3722} INFO - Setting next_dagrun for example_external_task_marker_parent to None, run_after=None
[2023-10-13T16:21:41.285+0000] {processor.py:179} INFO - Processing /home/airflow/.local/lib/python3.8/site-packages/airflow/example_dags/example_external_task_marker_dag.py took 0.094 seconds
[2023-10-13T16:22:11.796+0000] {processor.py:157} INFO - Started process (PID=2410) to work on /home/airflow/.local/lib/python3.8/site-packages/airflow/example_dags/example_external_task_marker_dag.py
[2023-10-13T16:22:11.797+0000] {processor.py:829} INFO - Processing file /home/airflow/.local/lib/python3.8/site-packages/airflow/example_dags/example_external_task_marker_dag.py for tasks to queue
[2023-10-13T16:22:11.798+0000] {logging_mixin.py:151} INFO - [2023-10-13T16:22:11.798+0000] {dagbag.py:536} INFO - Filling up the DagBag from /home/airflow/.local/lib/python3.8/site-packages/airflow/example_dags/example_external_task_marker_dag.py
[2023-10-13T16:22:11.804+0000] {processor.py:839} INFO - DAG(s) dict_keys(['example_external_task_marker_parent', 'example_external_task_marker_child']) retrieved from /home/airflow/.local/lib/python3.8/site-packages/airflow/example_dags/example_external_task_marker_dag.py
[2023-10-13T16:22:11.830+0000] {logging_mixin.py:151} INFO - [2023-10-13T16:22:11.829+0000] {dag.py:2941} INFO - Sync 2 DAGs
[2023-10-13T16:22:11.845+0000] {logging_mixin.py:151} INFO - [2023-10-13T16:22:11.845+0000] {dag.py:3722} INFO - Setting next_dagrun for example_external_task_marker_child to None, run_after=None
[2023-10-13T16:22:11.849+0000] {logging_mixin.py:151} INFO - [2023-10-13T16:22:11.849+0000] {dag.py:3722} INFO - Setting next_dagrun for example_external_task_marker_parent to None, run_after=None
[2023-10-13T16:22:11.872+0000] {processor.py:179} INFO - Processing /home/airflow/.local/lib/python3.8/site-packages/airflow/example_dags/example_external_task_marker_dag.py took 0.080 seconds
[2023-10-13T16:22:41.916+0000] {processor.py:157} INFO - Started process (PID=2648) to work on /home/airflow/.local/lib/python3.8/site-packages/airflow/example_dags/example_external_task_marker_dag.py
[2023-10-13T16:22:41.920+0000] {processor.py:829} INFO - Processing file /home/airflow/.local/lib/python3.8/site-packages/airflow/example_dags/example_external_task_marker_dag.py for tasks to queue
[2023-10-13T16:22:41.921+0000] {logging_mixin.py:151} INFO - [2023-10-13T16:22:41.921+0000] {dagbag.py:536} INFO - Filling up the DagBag from /home/airflow/.local/lib/python3.8/site-packages/airflow/example_dags/example_external_task_marker_dag.py
[2023-10-13T16:22:41.925+0000] {processor.py:839} INFO - DAG(s) dict_keys(['example_external_task_marker_parent', 'example_external_task_marker_child']) retrieved from /home/airflow/.local/lib/python3.8/site-packages/airflow/example_dags/example_external_task_marker_dag.py
[2023-10-13T16:22:41.945+0000] {logging_mixin.py:151} INFO - [2023-10-13T16:22:41.945+0000] {dag.py:2941} INFO - Sync 2 DAGs
[2023-10-13T16:22:41.955+0000] {logging_mixin.py:151} INFO - [2023-10-13T16:22:41.954+0000] {dag.py:3722} INFO - Setting next_dagrun for example_external_task_marker_child to None, run_after=None
[2023-10-13T16:22:41.957+0000] {logging_mixin.py:151} INFO - [2023-10-13T16:22:41.957+0000] {dag.py:3722} INFO - Setting next_dagrun for example_external_task_marker_parent to None, run_after=None
[2023-10-13T16:22:41.971+0000] {processor.py:179} INFO - Processing /home/airflow/.local/lib/python3.8/site-packages/airflow/example_dags/example_external_task_marker_dag.py took 0.057 seconds
[2023-10-13T16:24:27.311+0000] {processor.py:157} INFO - Started process (PID=272) to work on /home/airflow/.local/lib/python3.8/site-packages/airflow/example_dags/example_external_task_marker_dag.py
[2023-10-13T16:24:27.314+0000] {processor.py:829} INFO - Processing file /home/airflow/.local/lib/python3.8/site-packages/airflow/example_dags/example_external_task_marker_dag.py for tasks to queue
[2023-10-13T16:24:27.314+0000] {logging_mixin.py:151} INFO - [2023-10-13T16:24:27.314+0000] {dagbag.py:536} INFO - Filling up the DagBag from /home/airflow/.local/lib/python3.8/site-packages/airflow/example_dags/example_external_task_marker_dag.py
[2023-10-13T16:24:27.319+0000] {processor.py:839} INFO - DAG(s) dict_keys(['example_external_task_marker_parent', 'example_external_task_marker_child']) retrieved from /home/airflow/.local/lib/python3.8/site-packages/airflow/example_dags/example_external_task_marker_dag.py
[2023-10-13T16:24:27.329+0000] {logging_mixin.py:151} INFO - [2023-10-13T16:24:27.328+0000] {dag.py:2941} INFO - Sync 2 DAGs
[2023-10-13T16:24:27.340+0000] {logging_mixin.py:151} INFO - [2023-10-13T16:24:27.339+0000] {dag.py:3722} INFO - Setting next_dagrun for example_external_task_marker_child to None, run_after=None
[2023-10-13T16:24:27.342+0000] {logging_mixin.py:151} INFO - [2023-10-13T16:24:27.342+0000] {dag.py:3722} INFO - Setting next_dagrun for example_external_task_marker_parent to None, run_after=None
[2023-10-13T16:24:27.380+0000] {processor.py:179} INFO - Processing /home/airflow/.local/lib/python3.8/site-packages/airflow/example_dags/example_external_task_marker_dag.py took 0.071 seconds
[2023-10-13T16:24:57.660+0000] {processor.py:157} INFO - Started process (PID=520) to work on /home/airflow/.local/lib/python3.8/site-packages/airflow/example_dags/example_external_task_marker_dag.py
[2023-10-13T16:24:57.672+0000] {processor.py:829} INFO - Processing file /home/airflow/.local/lib/python3.8/site-packages/airflow/example_dags/example_external_task_marker_dag.py for tasks to queue
[2023-10-13T16:24:57.672+0000] {logging_mixin.py:151} INFO - [2023-10-13T16:24:57.672+0000] {dagbag.py:536} INFO - Filling up the DagBag from /home/airflow/.local/lib/python3.8/site-packages/airflow/example_dags/example_external_task_marker_dag.py
[2023-10-13T16:24:57.676+0000] {processor.py:839} INFO - DAG(s) dict_keys(['example_external_task_marker_child', 'example_external_task_marker_parent']) retrieved from /home/airflow/.local/lib/python3.8/site-packages/airflow/example_dags/example_external_task_marker_dag.py
[2023-10-13T16:24:57.695+0000] {logging_mixin.py:151} INFO - [2023-10-13T16:24:57.695+0000] {dag.py:2941} INFO - Sync 2 DAGs
[2023-10-13T16:24:57.705+0000] {logging_mixin.py:151} INFO - [2023-10-13T16:24:57.705+0000] {dag.py:3722} INFO - Setting next_dagrun for example_external_task_marker_child to None, run_after=None
[2023-10-13T16:24:57.708+0000] {logging_mixin.py:151} INFO - [2023-10-13T16:24:57.708+0000] {dag.py:3722} INFO - Setting next_dagrun for example_external_task_marker_parent to None, run_after=None
[2023-10-13T16:24:57.729+0000] {processor.py:179} INFO - Processing /home/airflow/.local/lib/python3.8/site-packages/airflow/example_dags/example_external_task_marker_dag.py took 0.071 seconds
[2023-10-13T16:29:30.844+0000] {processor.py:157} INFO - Started process (PID=267) to work on /home/airflow/.local/lib/python3.8/site-packages/airflow/example_dags/example_external_task_marker_dag.py
[2023-10-13T16:29:30.844+0000] {processor.py:829} INFO - Processing file /home/airflow/.local/lib/python3.8/site-packages/airflow/example_dags/example_external_task_marker_dag.py for tasks to queue
[2023-10-13T16:29:30.845+0000] {logging_mixin.py:151} INFO - [2023-10-13T16:29:30.845+0000] {dagbag.py:536} INFO - Filling up the DagBag from /home/airflow/.local/lib/python3.8/site-packages/airflow/example_dags/example_external_task_marker_dag.py
[2023-10-13T16:29:30.850+0000] {processor.py:839} INFO - DAG(s) dict_keys(['example_external_task_marker_parent', 'example_external_task_marker_child']) retrieved from /home/airflow/.local/lib/python3.8/site-packages/airflow/example_dags/example_external_task_marker_dag.py
[2023-10-13T16:29:30.858+0000] {logging_mixin.py:151} INFO - [2023-10-13T16:29:30.858+0000] {dag.py:2941} INFO - Sync 2 DAGs
[2023-10-13T16:29:30.870+0000] {logging_mixin.py:151} INFO - [2023-10-13T16:29:30.870+0000] {dag.py:3722} INFO - Setting next_dagrun for example_external_task_marker_child to None, run_after=None
[2023-10-13T16:29:30.873+0000] {logging_mixin.py:151} INFO - [2023-10-13T16:29:30.873+0000] {dag.py:3722} INFO - Setting next_dagrun for example_external_task_marker_parent to None, run_after=None
[2023-10-13T16:29:30.902+0000] {processor.py:179} INFO - Processing /home/airflow/.local/lib/python3.8/site-packages/airflow/example_dags/example_external_task_marker_dag.py took 0.061 seconds
[2023-10-13T16:30:01.150+0000] {processor.py:157} INFO - Started process (PID=505) to work on /home/airflow/.local/lib/python3.8/site-packages/airflow/example_dags/example_external_task_marker_dag.py
[2023-10-13T16:30:01.151+0000] {processor.py:829} INFO - Processing file /home/airflow/.local/lib/python3.8/site-packages/airflow/example_dags/example_external_task_marker_dag.py for tasks to queue
[2023-10-13T16:30:01.152+0000] {logging_mixin.py:151} INFO - [2023-10-13T16:30:01.151+0000] {dagbag.py:536} INFO - Filling up the DagBag from /home/airflow/.local/lib/python3.8/site-packages/airflow/example_dags/example_external_task_marker_dag.py
[2023-10-13T16:30:01.156+0000] {processor.py:839} INFO - DAG(s) dict_keys(['example_external_task_marker_child', 'example_external_task_marker_parent']) retrieved from /home/airflow/.local/lib/python3.8/site-packages/airflow/example_dags/example_external_task_marker_dag.py
[2023-10-13T16:30:01.174+0000] {logging_mixin.py:151} INFO - [2023-10-13T16:30:01.173+0000] {dag.py:2941} INFO - Sync 2 DAGs
[2023-10-13T16:30:01.183+0000] {logging_mixin.py:151} INFO - [2023-10-13T16:30:01.183+0000] {dag.py:3722} INFO - Setting next_dagrun for example_external_task_marker_child to None, run_after=None
[2023-10-13T16:30:01.186+0000] {logging_mixin.py:151} INFO - [2023-10-13T16:30:01.186+0000] {dag.py:3722} INFO - Setting next_dagrun for example_external_task_marker_parent to None, run_after=None
[2023-10-13T16:30:01.220+0000] {processor.py:179} INFO - Processing /home/airflow/.local/lib/python3.8/site-packages/airflow/example_dags/example_external_task_marker_dag.py took 0.072 seconds
[2023-10-13T16:30:31.633+0000] {processor.py:157} INFO - Started process (PID=742) to work on /home/airflow/.local/lib/python3.8/site-packages/airflow/example_dags/example_external_task_marker_dag.py
[2023-10-13T16:30:31.633+0000] {processor.py:829} INFO - Processing file /home/airflow/.local/lib/python3.8/site-packages/airflow/example_dags/example_external_task_marker_dag.py for tasks to queue
[2023-10-13T16:30:31.634+0000] {logging_mixin.py:151} INFO - [2023-10-13T16:30:31.634+0000] {dagbag.py:536} INFO - Filling up the DagBag from /home/airflow/.local/lib/python3.8/site-packages/airflow/example_dags/example_external_task_marker_dag.py
[2023-10-13T16:30:31.638+0000] {processor.py:839} INFO - DAG(s) dict_keys(['example_external_task_marker_child', 'example_external_task_marker_parent']) retrieved from /home/airflow/.local/lib/python3.8/site-packages/airflow/example_dags/example_external_task_marker_dag.py
[2023-10-13T16:30:31.657+0000] {logging_mixin.py:151} INFO - [2023-10-13T16:30:31.656+0000] {dag.py:2941} INFO - Sync 2 DAGs
[2023-10-13T16:30:31.666+0000] {logging_mixin.py:151} INFO - [2023-10-13T16:30:31.666+0000] {dag.py:3722} INFO - Setting next_dagrun for example_external_task_marker_child to None, run_after=None
[2023-10-13T16:30:31.669+0000] {logging_mixin.py:151} INFO - [2023-10-13T16:30:31.668+0000] {dag.py:3722} INFO - Setting next_dagrun for example_external_task_marker_parent to None, run_after=None
[2023-10-13T16:30:31.693+0000] {processor.py:179} INFO - Processing /home/airflow/.local/lib/python3.8/site-packages/airflow/example_dags/example_external_task_marker_dag.py took 0.062 seconds
