[2023-10-13T16:17:37.180+0000] {processor.py:157} INFO - Started process (PID=204) to work on /home/airflow/.local/lib/python3.8/site-packages/airflow/example_dags/example_dynamic_task_mapping_with_no_taskflow_operators.py
[2023-10-13T16:17:37.180+0000] {processor.py:829} INFO - Processing file /home/airflow/.local/lib/python3.8/site-packages/airflow/example_dags/example_dynamic_task_mapping_with_no_taskflow_operators.py for tasks to queue
[2023-10-13T16:17:37.181+0000] {logging_mixin.py:151} INFO - [2023-10-13T16:17:37.181+0000] {dagbag.py:536} INFO - Filling up the DagBag from /home/airflow/.local/lib/python3.8/site-packages/airflow/example_dags/example_dynamic_task_mapping_with_no_taskflow_operators.py
[2023-10-13T16:17:37.186+0000] {processor.py:839} INFO - DAG(s) dict_keys(['example_dynamic_task_mapping_with_no_taskflow_operators']) retrieved from /home/airflow/.local/lib/python3.8/site-packages/airflow/example_dags/example_dynamic_task_mapping_with_no_taskflow_operators.py
[2023-10-13T16:17:37.195+0000] {logging_mixin.py:151} INFO - [2023-10-13T16:17:37.194+0000] {dag.py:2941} INFO - Sync 1 DAGs
[2023-10-13T16:17:37.213+0000] {logging_mixin.py:151} INFO - [2023-10-13T16:17:37.212+0000] {dag.py:3722} INFO - Setting next_dagrun for example_dynamic_task_mapping_with_no_taskflow_operators to 2023-10-12T16:17:37.212769+00:00, run_after=2023-10-13T16:17:37.212769+00:00
[2023-10-13T16:17:37.228+0000] {processor.py:179} INFO - Processing /home/airflow/.local/lib/python3.8/site-packages/airflow/example_dags/example_dynamic_task_mapping_with_no_taskflow_operators.py took 0.051 seconds
[2023-10-13T16:18:07.363+0000] {processor.py:157} INFO - Started process (PID=440) to work on /home/airflow/.local/lib/python3.8/site-packages/airflow/example_dags/example_dynamic_task_mapping_with_no_taskflow_operators.py
[2023-10-13T16:18:07.364+0000] {processor.py:829} INFO - Processing file /home/airflow/.local/lib/python3.8/site-packages/airflow/example_dags/example_dynamic_task_mapping_with_no_taskflow_operators.py for tasks to queue
[2023-10-13T16:18:07.364+0000] {logging_mixin.py:151} INFO - [2023-10-13T16:18:07.364+0000] {dagbag.py:536} INFO - Filling up the DagBag from /home/airflow/.local/lib/python3.8/site-packages/airflow/example_dags/example_dynamic_task_mapping_with_no_taskflow_operators.py
[2023-10-13T16:18:07.369+0000] {processor.py:839} INFO - DAG(s) dict_keys(['example_dynamic_task_mapping_with_no_taskflow_operators']) retrieved from /home/airflow/.local/lib/python3.8/site-packages/airflow/example_dags/example_dynamic_task_mapping_with_no_taskflow_operators.py
[2023-10-13T16:18:07.385+0000] {logging_mixin.py:151} INFO - [2023-10-13T16:18:07.385+0000] {dag.py:2941} INFO - Sync 1 DAGs
[2023-10-13T16:18:07.401+0000] {logging_mixin.py:151} INFO - [2023-10-13T16:18:07.401+0000] {dag.py:3722} INFO - Setting next_dagrun for example_dynamic_task_mapping_with_no_taskflow_operators to 2023-10-12T16:18:07.401073+00:00, run_after=2023-10-13T16:18:07.401073+00:00
[2023-10-13T16:18:07.422+0000] {processor.py:179} INFO - Processing /home/airflow/.local/lib/python3.8/site-packages/airflow/example_dags/example_dynamic_task_mapping_with_no_taskflow_operators.py took 0.062 seconds
[2023-10-13T16:18:37.605+0000] {processor.py:157} INFO - Started process (PID=679) to work on /home/airflow/.local/lib/python3.8/site-packages/airflow/example_dags/example_dynamic_task_mapping_with_no_taskflow_operators.py
[2023-10-13T16:18:37.606+0000] {processor.py:829} INFO - Processing file /home/airflow/.local/lib/python3.8/site-packages/airflow/example_dags/example_dynamic_task_mapping_with_no_taskflow_operators.py for tasks to queue
[2023-10-13T16:18:37.606+0000] {logging_mixin.py:151} INFO - [2023-10-13T16:18:37.606+0000] {dagbag.py:536} INFO - Filling up the DagBag from /home/airflow/.local/lib/python3.8/site-packages/airflow/example_dags/example_dynamic_task_mapping_with_no_taskflow_operators.py
[2023-10-13T16:18:37.614+0000] {processor.py:839} INFO - DAG(s) dict_keys(['example_dynamic_task_mapping_with_no_taskflow_operators']) retrieved from /home/airflow/.local/lib/python3.8/site-packages/airflow/example_dags/example_dynamic_task_mapping_with_no_taskflow_operators.py
[2023-10-13T16:18:37.628+0000] {logging_mixin.py:151} INFO - [2023-10-13T16:18:37.628+0000] {dag.py:2941} INFO - Sync 1 DAGs
[2023-10-13T16:18:37.643+0000] {logging_mixin.py:151} INFO - [2023-10-13T16:18:37.643+0000] {dag.py:3722} INFO - Setting next_dagrun for example_dynamic_task_mapping_with_no_taskflow_operators to 2023-10-12T16:18:37.643634+00:00, run_after=2023-10-13T16:18:37.643634+00:00
[2023-10-13T16:18:37.665+0000] {processor.py:179} INFO - Processing /home/airflow/.local/lib/python3.8/site-packages/airflow/example_dags/example_dynamic_task_mapping_with_no_taskflow_operators.py took 0.063 seconds
[2023-10-13T16:19:07.710+0000] {processor.py:157} INFO - Started process (PID=916) to work on /home/airflow/.local/lib/python3.8/site-packages/airflow/example_dags/example_dynamic_task_mapping_with_no_taskflow_operators.py
[2023-10-13T16:19:07.711+0000] {processor.py:829} INFO - Processing file /home/airflow/.local/lib/python3.8/site-packages/airflow/example_dags/example_dynamic_task_mapping_with_no_taskflow_operators.py for tasks to queue
[2023-10-13T16:19:07.712+0000] {logging_mixin.py:151} INFO - [2023-10-13T16:19:07.711+0000] {dagbag.py:536} INFO - Filling up the DagBag from /home/airflow/.local/lib/python3.8/site-packages/airflow/example_dags/example_dynamic_task_mapping_with_no_taskflow_operators.py
[2023-10-13T16:19:07.716+0000] {processor.py:839} INFO - DAG(s) dict_keys(['example_dynamic_task_mapping_with_no_taskflow_operators']) retrieved from /home/airflow/.local/lib/python3.8/site-packages/airflow/example_dags/example_dynamic_task_mapping_with_no_taskflow_operators.py
[2023-10-13T16:19:07.730+0000] {logging_mixin.py:151} INFO - [2023-10-13T16:19:07.730+0000] {dag.py:2941} INFO - Sync 1 DAGs
[2023-10-13T16:19:07.747+0000] {logging_mixin.py:151} INFO - [2023-10-13T16:19:07.747+0000] {dag.py:3722} INFO - Setting next_dagrun for example_dynamic_task_mapping_with_no_taskflow_operators to 2023-10-12T16:19:07.746997+00:00, run_after=2023-10-13T16:19:07.746997+00:00
[2023-10-13T16:19:07.769+0000] {processor.py:179} INFO - Processing /home/airflow/.local/lib/python3.8/site-packages/airflow/example_dags/example_dynamic_task_mapping_with_no_taskflow_operators.py took 0.061 seconds
[2023-10-13T16:19:38.100+0000] {processor.py:157} INFO - Started process (PID=1154) to work on /home/airflow/.local/lib/python3.8/site-packages/airflow/example_dags/example_dynamic_task_mapping_with_no_taskflow_operators.py
[2023-10-13T16:19:38.101+0000] {processor.py:829} INFO - Processing file /home/airflow/.local/lib/python3.8/site-packages/airflow/example_dags/example_dynamic_task_mapping_with_no_taskflow_operators.py for tasks to queue
[2023-10-13T16:19:38.101+0000] {logging_mixin.py:151} INFO - [2023-10-13T16:19:38.101+0000] {dagbag.py:536} INFO - Filling up the DagBag from /home/airflow/.local/lib/python3.8/site-packages/airflow/example_dags/example_dynamic_task_mapping_with_no_taskflow_operators.py
[2023-10-13T16:19:38.106+0000] {processor.py:839} INFO - DAG(s) dict_keys(['example_dynamic_task_mapping_with_no_taskflow_operators']) retrieved from /home/airflow/.local/lib/python3.8/site-packages/airflow/example_dags/example_dynamic_task_mapping_with_no_taskflow_operators.py
[2023-10-13T16:19:38.119+0000] {logging_mixin.py:151} INFO - [2023-10-13T16:19:38.119+0000] {dag.py:2941} INFO - Sync 1 DAGs
[2023-10-13T16:19:38.135+0000] {logging_mixin.py:151} INFO - [2023-10-13T16:19:38.135+0000] {dag.py:3722} INFO - Setting next_dagrun for example_dynamic_task_mapping_with_no_taskflow_operators to 2023-10-12T16:19:38.135319+00:00, run_after=2023-10-13T16:19:38.135319+00:00
[2023-10-13T16:19:38.160+0000] {processor.py:179} INFO - Processing /home/airflow/.local/lib/python3.8/site-packages/airflow/example_dags/example_dynamic_task_mapping_with_no_taskflow_operators.py took 0.062 seconds
[2023-10-13T16:20:08.503+0000] {processor.py:157} INFO - Started process (PID=1391) to work on /home/airflow/.local/lib/python3.8/site-packages/airflow/example_dags/example_dynamic_task_mapping_with_no_taskflow_operators.py
[2023-10-13T16:20:08.504+0000] {processor.py:829} INFO - Processing file /home/airflow/.local/lib/python3.8/site-packages/airflow/example_dags/example_dynamic_task_mapping_with_no_taskflow_operators.py for tasks to queue
[2023-10-13T16:20:08.504+0000] {logging_mixin.py:151} INFO - [2023-10-13T16:20:08.504+0000] {dagbag.py:536} INFO - Filling up the DagBag from /home/airflow/.local/lib/python3.8/site-packages/airflow/example_dags/example_dynamic_task_mapping_with_no_taskflow_operators.py
[2023-10-13T16:20:08.509+0000] {processor.py:839} INFO - DAG(s) dict_keys(['example_dynamic_task_mapping_with_no_taskflow_operators']) retrieved from /home/airflow/.local/lib/python3.8/site-packages/airflow/example_dags/example_dynamic_task_mapping_with_no_taskflow_operators.py
[2023-10-13T16:20:08.524+0000] {logging_mixin.py:151} INFO - [2023-10-13T16:20:08.524+0000] {dag.py:2941} INFO - Sync 1 DAGs
[2023-10-13T16:20:08.542+0000] {logging_mixin.py:151} INFO - [2023-10-13T16:20:08.541+0000] {dag.py:3722} INFO - Setting next_dagrun for example_dynamic_task_mapping_with_no_taskflow_operators to 2023-10-12T16:20:08.541808+00:00, run_after=2023-10-13T16:20:08.541808+00:00
[2023-10-13T16:20:08.561+0000] {processor.py:179} INFO - Processing /home/airflow/.local/lib/python3.8/site-packages/airflow/example_dags/example_dynamic_task_mapping_with_no_taskflow_operators.py took 0.062 seconds
[2023-10-13T16:20:39.262+0000] {processor.py:157} INFO - Started process (PID=1629) to work on /home/airflow/.local/lib/python3.8/site-packages/airflow/example_dags/example_dynamic_task_mapping_with_no_taskflow_operators.py
[2023-10-13T16:20:39.263+0000] {processor.py:829} INFO - Processing file /home/airflow/.local/lib/python3.8/site-packages/airflow/example_dags/example_dynamic_task_mapping_with_no_taskflow_operators.py for tasks to queue
[2023-10-13T16:20:39.264+0000] {logging_mixin.py:151} INFO - [2023-10-13T16:20:39.264+0000] {dagbag.py:536} INFO - Filling up the DagBag from /home/airflow/.local/lib/python3.8/site-packages/airflow/example_dags/example_dynamic_task_mapping_with_no_taskflow_operators.py
[2023-10-13T16:20:39.270+0000] {processor.py:839} INFO - DAG(s) dict_keys(['example_dynamic_task_mapping_with_no_taskflow_operators']) retrieved from /home/airflow/.local/lib/python3.8/site-packages/airflow/example_dags/example_dynamic_task_mapping_with_no_taskflow_operators.py
[2023-10-13T16:20:39.296+0000] {logging_mixin.py:151} INFO - [2023-10-13T16:20:39.296+0000] {dag.py:2941} INFO - Sync 1 DAGs
[2023-10-13T16:20:39.322+0000] {logging_mixin.py:151} INFO - [2023-10-13T16:20:39.321+0000] {dag.py:3722} INFO - Setting next_dagrun for example_dynamic_task_mapping_with_no_taskflow_operators to 2023-10-12T16:20:39.321357+00:00, run_after=2023-10-13T16:20:39.321357+00:00
[2023-10-13T16:20:39.360+0000] {processor.py:179} INFO - Processing /home/airflow/.local/lib/python3.8/site-packages/airflow/example_dags/example_dynamic_task_mapping_with_no_taskflow_operators.py took 0.101 seconds
[2023-10-13T16:21:10.181+0000] {processor.py:157} INFO - Started process (PID=1867) to work on /home/airflow/.local/lib/python3.8/site-packages/airflow/example_dags/example_dynamic_task_mapping_with_no_taskflow_operators.py
[2023-10-13T16:21:10.182+0000] {processor.py:829} INFO - Processing file /home/airflow/.local/lib/python3.8/site-packages/airflow/example_dags/example_dynamic_task_mapping_with_no_taskflow_operators.py for tasks to queue
[2023-10-13T16:21:10.182+0000] {logging_mixin.py:151} INFO - [2023-10-13T16:21:10.182+0000] {dagbag.py:536} INFO - Filling up the DagBag from /home/airflow/.local/lib/python3.8/site-packages/airflow/example_dags/example_dynamic_task_mapping_with_no_taskflow_operators.py
[2023-10-13T16:21:10.189+0000] {processor.py:839} INFO - DAG(s) dict_keys(['example_dynamic_task_mapping_with_no_taskflow_operators']) retrieved from /home/airflow/.local/lib/python3.8/site-packages/airflow/example_dags/example_dynamic_task_mapping_with_no_taskflow_operators.py
[2023-10-13T16:21:10.206+0000] {logging_mixin.py:151} INFO - [2023-10-13T16:21:10.206+0000] {dag.py:2941} INFO - Sync 1 DAGs
[2023-10-13T16:21:10.229+0000] {logging_mixin.py:151} INFO - [2023-10-13T16:21:10.228+0000] {dag.py:3722} INFO - Setting next_dagrun for example_dynamic_task_mapping_with_no_taskflow_operators to 2023-10-12T16:21:10.228486+00:00, run_after=2023-10-13T16:21:10.228486+00:00
[2023-10-13T16:21:10.252+0000] {processor.py:179} INFO - Processing /home/airflow/.local/lib/python3.8/site-packages/airflow/example_dags/example_dynamic_task_mapping_with_no_taskflow_operators.py took 0.073 seconds
[2023-10-13T16:21:40.401+0000] {processor.py:157} INFO - Started process (PID=2108) to work on /home/airflow/.local/lib/python3.8/site-packages/airflow/example_dags/example_dynamic_task_mapping_with_no_taskflow_operators.py
[2023-10-13T16:21:40.405+0000] {processor.py:829} INFO - Processing file /home/airflow/.local/lib/python3.8/site-packages/airflow/example_dags/example_dynamic_task_mapping_with_no_taskflow_operators.py for tasks to queue
[2023-10-13T16:21:40.406+0000] {logging_mixin.py:151} INFO - [2023-10-13T16:21:40.406+0000] {dagbag.py:536} INFO - Filling up the DagBag from /home/airflow/.local/lib/python3.8/site-packages/airflow/example_dags/example_dynamic_task_mapping_with_no_taskflow_operators.py
[2023-10-13T16:21:40.415+0000] {processor.py:839} INFO - DAG(s) dict_keys(['example_dynamic_task_mapping_with_no_taskflow_operators']) retrieved from /home/airflow/.local/lib/python3.8/site-packages/airflow/example_dags/example_dynamic_task_mapping_with_no_taskflow_operators.py
[2023-10-13T16:21:40.432+0000] {logging_mixin.py:151} INFO - [2023-10-13T16:21:40.432+0000] {dag.py:2941} INFO - Sync 1 DAGs
[2023-10-13T16:21:40.453+0000] {logging_mixin.py:151} INFO - [2023-10-13T16:21:40.453+0000] {dag.py:3722} INFO - Setting next_dagrun for example_dynamic_task_mapping_with_no_taskflow_operators to 2023-10-12T16:21:40.453115+00:00, run_after=2023-10-13T16:21:40.453115+00:00
[2023-10-13T16:21:40.478+0000] {processor.py:179} INFO - Processing /home/airflow/.local/lib/python3.8/site-packages/airflow/example_dags/example_dynamic_task_mapping_with_no_taskflow_operators.py took 0.080 seconds
[2023-10-13T16:22:11.003+0000] {processor.py:157} INFO - Started process (PID=2345) to work on /home/airflow/.local/lib/python3.8/site-packages/airflow/example_dags/example_dynamic_task_mapping_with_no_taskflow_operators.py
[2023-10-13T16:22:11.004+0000] {processor.py:829} INFO - Processing file /home/airflow/.local/lib/python3.8/site-packages/airflow/example_dags/example_dynamic_task_mapping_with_no_taskflow_operators.py for tasks to queue
[2023-10-13T16:22:11.005+0000] {logging_mixin.py:151} INFO - [2023-10-13T16:22:11.004+0000] {dagbag.py:536} INFO - Filling up the DagBag from /home/airflow/.local/lib/python3.8/site-packages/airflow/example_dags/example_dynamic_task_mapping_with_no_taskflow_operators.py
[2023-10-13T16:22:11.011+0000] {processor.py:839} INFO - DAG(s) dict_keys(['example_dynamic_task_mapping_with_no_taskflow_operators']) retrieved from /home/airflow/.local/lib/python3.8/site-packages/airflow/example_dags/example_dynamic_task_mapping_with_no_taskflow_operators.py
[2023-10-13T16:22:11.032+0000] {logging_mixin.py:151} INFO - [2023-10-13T16:22:11.031+0000] {dag.py:2941} INFO - Sync 1 DAGs
[2023-10-13T16:22:11.057+0000] {logging_mixin.py:151} INFO - [2023-10-13T16:22:11.057+0000] {dag.py:3722} INFO - Setting next_dagrun for example_dynamic_task_mapping_with_no_taskflow_operators to 2023-10-12T16:22:11.057149+00:00, run_after=2023-10-13T16:22:11.057149+00:00
[2023-10-13T16:22:11.089+0000] {processor.py:179} INFO - Processing /home/airflow/.local/lib/python3.8/site-packages/airflow/example_dags/example_dynamic_task_mapping_with_no_taskflow_operators.py took 0.090 seconds
[2023-10-13T16:22:41.254+0000] {processor.py:157} INFO - Started process (PID=2583) to work on /home/airflow/.local/lib/python3.8/site-packages/airflow/example_dags/example_dynamic_task_mapping_with_no_taskflow_operators.py
[2023-10-13T16:22:41.260+0000] {processor.py:829} INFO - Processing file /home/airflow/.local/lib/python3.8/site-packages/airflow/example_dags/example_dynamic_task_mapping_with_no_taskflow_operators.py for tasks to queue
[2023-10-13T16:22:41.261+0000] {logging_mixin.py:151} INFO - [2023-10-13T16:22:41.261+0000] {dagbag.py:536} INFO - Filling up the DagBag from /home/airflow/.local/lib/python3.8/site-packages/airflow/example_dags/example_dynamic_task_mapping_with_no_taskflow_operators.py
[2023-10-13T16:22:41.267+0000] {processor.py:839} INFO - DAG(s) dict_keys(['example_dynamic_task_mapping_with_no_taskflow_operators']) retrieved from /home/airflow/.local/lib/python3.8/site-packages/airflow/example_dags/example_dynamic_task_mapping_with_no_taskflow_operators.py
[2023-10-13T16:22:41.281+0000] {logging_mixin.py:151} INFO - [2023-10-13T16:22:41.281+0000] {dag.py:2941} INFO - Sync 1 DAGs
[2023-10-13T16:22:41.298+0000] {logging_mixin.py:151} INFO - [2023-10-13T16:22:41.298+0000] {dag.py:3722} INFO - Setting next_dagrun for example_dynamic_task_mapping_with_no_taskflow_operators to 2023-10-12T16:22:41.298031+00:00, run_after=2023-10-13T16:22:41.298031+00:00
[2023-10-13T16:22:41.322+0000] {processor.py:179} INFO - Processing /home/airflow/.local/lib/python3.8/site-packages/airflow/example_dags/example_dynamic_task_mapping_with_no_taskflow_operators.py took 0.071 seconds
[2023-10-13T16:24:26.347+0000] {processor.py:157} INFO - Started process (PID=207) to work on /home/airflow/.local/lib/python3.8/site-packages/airflow/example_dags/example_dynamic_task_mapping_with_no_taskflow_operators.py
[2023-10-13T16:24:26.353+0000] {processor.py:829} INFO - Processing file /home/airflow/.local/lib/python3.8/site-packages/airflow/example_dags/example_dynamic_task_mapping_with_no_taskflow_operators.py for tasks to queue
[2023-10-13T16:24:26.354+0000] {logging_mixin.py:151} INFO - [2023-10-13T16:24:26.354+0000] {dagbag.py:536} INFO - Filling up the DagBag from /home/airflow/.local/lib/python3.8/site-packages/airflow/example_dags/example_dynamic_task_mapping_with_no_taskflow_operators.py
[2023-10-13T16:24:26.359+0000] {processor.py:839} INFO - DAG(s) dict_keys(['example_dynamic_task_mapping_with_no_taskflow_operators']) retrieved from /home/airflow/.local/lib/python3.8/site-packages/airflow/example_dags/example_dynamic_task_mapping_with_no_taskflow_operators.py
[2023-10-13T16:24:26.368+0000] {logging_mixin.py:151} INFO - [2023-10-13T16:24:26.368+0000] {dag.py:2941} INFO - Sync 1 DAGs
[2023-10-13T16:24:26.390+0000] {logging_mixin.py:151} INFO - [2023-10-13T16:24:26.390+0000] {dag.py:3722} INFO - Setting next_dagrun for example_dynamic_task_mapping_with_no_taskflow_operators to 2023-10-12T16:24:26.390202+00:00, run_after=2023-10-13T16:24:26.390202+00:00
[2023-10-13T16:24:26.417+0000] {processor.py:179} INFO - Processing /home/airflow/.local/lib/python3.8/site-packages/airflow/example_dags/example_dynamic_task_mapping_with_no_taskflow_operators.py took 0.072 seconds
[2023-10-13T16:24:56.862+0000] {processor.py:157} INFO - Started process (PID=455) to work on /home/airflow/.local/lib/python3.8/site-packages/airflow/example_dags/example_dynamic_task_mapping_with_no_taskflow_operators.py
[2023-10-13T16:24:56.870+0000] {processor.py:829} INFO - Processing file /home/airflow/.local/lib/python3.8/site-packages/airflow/example_dags/example_dynamic_task_mapping_with_no_taskflow_operators.py for tasks to queue
[2023-10-13T16:24:56.871+0000] {logging_mixin.py:151} INFO - [2023-10-13T16:24:56.871+0000] {dagbag.py:536} INFO - Filling up the DagBag from /home/airflow/.local/lib/python3.8/site-packages/airflow/example_dags/example_dynamic_task_mapping_with_no_taskflow_operators.py
[2023-10-13T16:24:56.876+0000] {processor.py:839} INFO - DAG(s) dict_keys(['example_dynamic_task_mapping_with_no_taskflow_operators']) retrieved from /home/airflow/.local/lib/python3.8/site-packages/airflow/example_dags/example_dynamic_task_mapping_with_no_taskflow_operators.py
[2023-10-13T16:24:56.890+0000] {logging_mixin.py:151} INFO - [2023-10-13T16:24:56.890+0000] {dag.py:2941} INFO - Sync 1 DAGs
[2023-10-13T16:24:56.906+0000] {logging_mixin.py:151} INFO - [2023-10-13T16:24:56.906+0000] {dag.py:3722} INFO - Setting next_dagrun for example_dynamic_task_mapping_with_no_taskflow_operators to 2023-10-12T16:24:56.906584+00:00, run_after=2023-10-13T16:24:56.906584+00:00
[2023-10-13T16:24:56.930+0000] {processor.py:179} INFO - Processing /home/airflow/.local/lib/python3.8/site-packages/airflow/example_dags/example_dynamic_task_mapping_with_no_taskflow_operators.py took 0.071 seconds
[2023-10-13T16:29:30.315+0000] {processor.py:157} INFO - Started process (PID=202) to work on /home/airflow/.local/lib/python3.8/site-packages/airflow/example_dags/example_dynamic_task_mapping_with_no_taskflow_operators.py
[2023-10-13T16:29:30.325+0000] {processor.py:829} INFO - Processing file /home/airflow/.local/lib/python3.8/site-packages/airflow/example_dags/example_dynamic_task_mapping_with_no_taskflow_operators.py for tasks to queue
[2023-10-13T16:29:30.325+0000] {logging_mixin.py:151} INFO - [2023-10-13T16:29:30.325+0000] {dagbag.py:536} INFO - Filling up the DagBag from /home/airflow/.local/lib/python3.8/site-packages/airflow/example_dags/example_dynamic_task_mapping_with_no_taskflow_operators.py
[2023-10-13T16:29:30.331+0000] {processor.py:839} INFO - DAG(s) dict_keys(['example_dynamic_task_mapping_with_no_taskflow_operators']) retrieved from /home/airflow/.local/lib/python3.8/site-packages/airflow/example_dags/example_dynamic_task_mapping_with_no_taskflow_operators.py
[2023-10-13T16:29:30.340+0000] {logging_mixin.py:151} INFO - [2023-10-13T16:29:30.340+0000] {dag.py:2941} INFO - Sync 1 DAGs
[2023-10-13T16:29:30.367+0000] {logging_mixin.py:151} INFO - [2023-10-13T16:29:30.367+0000] {dag.py:3722} INFO - Setting next_dagrun for example_dynamic_task_mapping_with_no_taskflow_operators to 2023-10-12T16:29:30.367153+00:00, run_after=2023-10-13T16:29:30.367153+00:00
[2023-10-13T16:29:30.388+0000] {processor.py:179} INFO - Processing /home/airflow/.local/lib/python3.8/site-packages/airflow/example_dags/example_dynamic_task_mapping_with_no_taskflow_operators.py took 0.075 seconds
[2023-10-13T16:30:00.506+0000] {processor.py:157} INFO - Started process (PID=441) to work on /home/airflow/.local/lib/python3.8/site-packages/airflow/example_dags/example_dynamic_task_mapping_with_no_taskflow_operators.py
[2023-10-13T16:30:00.506+0000] {processor.py:829} INFO - Processing file /home/airflow/.local/lib/python3.8/site-packages/airflow/example_dags/example_dynamic_task_mapping_with_no_taskflow_operators.py for tasks to queue
[2023-10-13T16:30:00.507+0000] {logging_mixin.py:151} INFO - [2023-10-13T16:30:00.506+0000] {dagbag.py:536} INFO - Filling up the DagBag from /home/airflow/.local/lib/python3.8/site-packages/airflow/example_dags/example_dynamic_task_mapping_with_no_taskflow_operators.py
[2023-10-13T16:30:00.512+0000] {processor.py:839} INFO - DAG(s) dict_keys(['example_dynamic_task_mapping_with_no_taskflow_operators']) retrieved from /home/airflow/.local/lib/python3.8/site-packages/airflow/example_dags/example_dynamic_task_mapping_with_no_taskflow_operators.py
[2023-10-13T16:30:00.527+0000] {logging_mixin.py:151} INFO - [2023-10-13T16:30:00.526+0000] {dag.py:2941} INFO - Sync 1 DAGs
[2023-10-13T16:30:00.544+0000] {logging_mixin.py:151} INFO - [2023-10-13T16:30:00.544+0000] {dag.py:3722} INFO - Setting next_dagrun for example_dynamic_task_mapping_with_no_taskflow_operators to 2023-10-12T16:30:00.544376+00:00, run_after=2023-10-13T16:30:00.544376+00:00
[2023-10-13T16:30:00.564+0000] {processor.py:179} INFO - Processing /home/airflow/.local/lib/python3.8/site-packages/airflow/example_dags/example_dynamic_task_mapping_with_no_taskflow_operators.py took 0.061 seconds
[2023-10-13T16:30:31.003+0000] {processor.py:157} INFO - Started process (PID=677) to work on /home/airflow/.local/lib/python3.8/site-packages/airflow/example_dags/example_dynamic_task_mapping_with_no_taskflow_operators.py
[2023-10-13T16:30:31.003+0000] {processor.py:829} INFO - Processing file /home/airflow/.local/lib/python3.8/site-packages/airflow/example_dags/example_dynamic_task_mapping_with_no_taskflow_operators.py for tasks to queue
[2023-10-13T16:30:31.004+0000] {logging_mixin.py:151} INFO - [2023-10-13T16:30:31.004+0000] {dagbag.py:536} INFO - Filling up the DagBag from /home/airflow/.local/lib/python3.8/site-packages/airflow/example_dags/example_dynamic_task_mapping_with_no_taskflow_operators.py
[2023-10-13T16:30:31.009+0000] {processor.py:839} INFO - DAG(s) dict_keys(['example_dynamic_task_mapping_with_no_taskflow_operators']) retrieved from /home/airflow/.local/lib/python3.8/site-packages/airflow/example_dags/example_dynamic_task_mapping_with_no_taskflow_operators.py
[2023-10-13T16:30:31.023+0000] {logging_mixin.py:151} INFO - [2023-10-13T16:30:31.023+0000] {dag.py:2941} INFO - Sync 1 DAGs
[2023-10-13T16:30:31.039+0000] {logging_mixin.py:151} INFO - [2023-10-13T16:30:31.039+0000] {dag.py:3722} INFO - Setting next_dagrun for example_dynamic_task_mapping_with_no_taskflow_operators to 2023-10-12T16:30:31.039100+00:00, run_after=2023-10-13T16:30:31.039100+00:00
[2023-10-13T16:30:31.057+0000] {processor.py:179} INFO - Processing /home/airflow/.local/lib/python3.8/site-packages/airflow/example_dags/example_dynamic_task_mapping_with_no_taskflow_operators.py took 0.057 seconds
