[2023-10-13T16:17:37.909+0000] {processor.py:157} INFO - Started process (PID=277) to work on /home/airflow/.local/lib/python3.8/site-packages/airflow/example_dags/tutorial_dag.py
[2023-10-13T16:17:37.909+0000] {processor.py:829} INFO - Processing file /home/airflow/.local/lib/python3.8/site-packages/airflow/example_dags/tutorial_dag.py for tasks to queue
[2023-10-13T16:17:37.910+0000] {logging_mixin.py:151} INFO - [2023-10-13T16:17:37.909+0000] {dagbag.py:536} INFO - Filling up the DagBag from /home/airflow/.local/lib/python3.8/site-packages/airflow/example_dags/tutorial_dag.py
[2023-10-13T16:17:37.914+0000] {processor.py:839} INFO - DAG(s) dict_keys(['tutorial_dag']) retrieved from /home/airflow/.local/lib/python3.8/site-packages/airflow/example_dags/tutorial_dag.py
[2023-10-13T16:17:37.922+0000] {logging_mixin.py:151} INFO - [2023-10-13T16:17:37.922+0000] {dag.py:2941} INFO - Sync 1 DAGs
[2023-10-13T16:17:37.932+0000] {logging_mixin.py:151} INFO - [2023-10-13T16:17:37.932+0000] {dag.py:3722} INFO - Setting next_dagrun for tutorial_dag to None, run_after=None
[2023-10-13T16:17:37.953+0000] {processor.py:179} INFO - Processing /home/airflow/.local/lib/python3.8/site-packages/airflow/example_dags/tutorial_dag.py took 0.047 seconds
[2023-10-13T16:18:08.089+0000] {processor.py:157} INFO - Started process (PID=515) to work on /home/airflow/.local/lib/python3.8/site-packages/airflow/example_dags/tutorial_dag.py
[2023-10-13T16:18:08.090+0000] {processor.py:829} INFO - Processing file /home/airflow/.local/lib/python3.8/site-packages/airflow/example_dags/tutorial_dag.py for tasks to queue
[2023-10-13T16:18:08.090+0000] {logging_mixin.py:151} INFO - [2023-10-13T16:18:08.090+0000] {dagbag.py:536} INFO - Filling up the DagBag from /home/airflow/.local/lib/python3.8/site-packages/airflow/example_dags/tutorial_dag.py
[2023-10-13T16:18:08.094+0000] {processor.py:839} INFO - DAG(s) dict_keys(['tutorial_dag']) retrieved from /home/airflow/.local/lib/python3.8/site-packages/airflow/example_dags/tutorial_dag.py
[2023-10-13T16:18:08.111+0000] {logging_mixin.py:151} INFO - [2023-10-13T16:18:08.111+0000] {dag.py:2941} INFO - Sync 1 DAGs
[2023-10-13T16:18:08.120+0000] {logging_mixin.py:151} INFO - [2023-10-13T16:18:08.120+0000] {dag.py:3722} INFO - Setting next_dagrun for tutorial_dag to None, run_after=None
[2023-10-13T16:18:08.149+0000] {processor.py:179} INFO - Processing /home/airflow/.local/lib/python3.8/site-packages/airflow/example_dags/tutorial_dag.py took 0.062 seconds
[2023-10-13T16:18:38.296+0000] {processor.py:157} INFO - Started process (PID=754) to work on /home/airflow/.local/lib/python3.8/site-packages/airflow/example_dags/tutorial_dag.py
[2023-10-13T16:18:38.304+0000] {processor.py:829} INFO - Processing file /home/airflow/.local/lib/python3.8/site-packages/airflow/example_dags/tutorial_dag.py for tasks to queue
[2023-10-13T16:18:38.305+0000] {logging_mixin.py:151} INFO - [2023-10-13T16:18:38.304+0000] {dagbag.py:536} INFO - Filling up the DagBag from /home/airflow/.local/lib/python3.8/site-packages/airflow/example_dags/tutorial_dag.py
[2023-10-13T16:18:38.308+0000] {processor.py:839} INFO - DAG(s) dict_keys(['tutorial_dag']) retrieved from /home/airflow/.local/lib/python3.8/site-packages/airflow/example_dags/tutorial_dag.py
[2023-10-13T16:18:38.323+0000] {logging_mixin.py:151} INFO - [2023-10-13T16:18:38.323+0000] {dag.py:2941} INFO - Sync 1 DAGs
[2023-10-13T16:18:38.332+0000] {logging_mixin.py:151} INFO - [2023-10-13T16:18:38.332+0000] {dag.py:3722} INFO - Setting next_dagrun for tutorial_dag to None, run_after=None
[2023-10-13T16:18:38.354+0000] {processor.py:179} INFO - Processing /home/airflow/.local/lib/python3.8/site-packages/airflow/example_dags/tutorial_dag.py took 0.061 seconds
[2023-10-13T16:19:08.556+0000] {processor.py:157} INFO - Started process (PID=991) to work on /home/airflow/.local/lib/python3.8/site-packages/airflow/example_dags/tutorial_dag.py
[2023-10-13T16:19:08.557+0000] {processor.py:829} INFO - Processing file /home/airflow/.local/lib/python3.8/site-packages/airflow/example_dags/tutorial_dag.py for tasks to queue
[2023-10-13T16:19:08.558+0000] {logging_mixin.py:151} INFO - [2023-10-13T16:19:08.557+0000] {dagbag.py:536} INFO - Filling up the DagBag from /home/airflow/.local/lib/python3.8/site-packages/airflow/example_dags/tutorial_dag.py
[2023-10-13T16:19:08.561+0000] {processor.py:839} INFO - DAG(s) dict_keys(['tutorial_dag']) retrieved from /home/airflow/.local/lib/python3.8/site-packages/airflow/example_dags/tutorial_dag.py
[2023-10-13T16:19:08.577+0000] {logging_mixin.py:151} INFO - [2023-10-13T16:19:08.577+0000] {dag.py:2941} INFO - Sync 1 DAGs
[2023-10-13T16:19:08.587+0000] {logging_mixin.py:151} INFO - [2023-10-13T16:19:08.587+0000] {dag.py:3722} INFO - Setting next_dagrun for tutorial_dag to None, run_after=None
[2023-10-13T16:19:08.604+0000] {processor.py:179} INFO - Processing /home/airflow/.local/lib/python3.8/site-packages/airflow/example_dags/tutorial_dag.py took 0.050 seconds
[2023-10-13T16:19:38.861+0000] {processor.py:157} INFO - Started process (PID=1229) to work on /home/airflow/.local/lib/python3.8/site-packages/airflow/example_dags/tutorial_dag.py
[2023-10-13T16:19:38.869+0000] {processor.py:829} INFO - Processing file /home/airflow/.local/lib/python3.8/site-packages/airflow/example_dags/tutorial_dag.py for tasks to queue
[2023-10-13T16:19:38.870+0000] {logging_mixin.py:151} INFO - [2023-10-13T16:19:38.870+0000] {dagbag.py:536} INFO - Filling up the DagBag from /home/airflow/.local/lib/python3.8/site-packages/airflow/example_dags/tutorial_dag.py
[2023-10-13T16:19:38.873+0000] {processor.py:839} INFO - DAG(s) dict_keys(['tutorial_dag']) retrieved from /home/airflow/.local/lib/python3.8/site-packages/airflow/example_dags/tutorial_dag.py
[2023-10-13T16:19:38.894+0000] {logging_mixin.py:151} INFO - [2023-10-13T16:19:38.894+0000] {dag.py:2941} INFO - Sync 1 DAGs
[2023-10-13T16:19:38.910+0000] {logging_mixin.py:151} INFO - [2023-10-13T16:19:38.909+0000] {dag.py:3722} INFO - Setting next_dagrun for tutorial_dag to None, run_after=None
[2023-10-13T16:19:38.931+0000] {processor.py:179} INFO - Processing /home/airflow/.local/lib/python3.8/site-packages/airflow/example_dags/tutorial_dag.py took 0.073 seconds
[2023-10-13T16:20:09.318+0000] {processor.py:157} INFO - Started process (PID=1466) to work on /home/airflow/.local/lib/python3.8/site-packages/airflow/example_dags/tutorial_dag.py
[2023-10-13T16:20:09.338+0000] {processor.py:829} INFO - Processing file /home/airflow/.local/lib/python3.8/site-packages/airflow/example_dags/tutorial_dag.py for tasks to queue
[2023-10-13T16:20:09.341+0000] {logging_mixin.py:151} INFO - [2023-10-13T16:20:09.340+0000] {dagbag.py:536} INFO - Filling up the DagBag from /home/airflow/.local/lib/python3.8/site-packages/airflow/example_dags/tutorial_dag.py
[2023-10-13T16:20:09.362+0000] {processor.py:839} INFO - DAG(s) dict_keys(['tutorial_dag']) retrieved from /home/airflow/.local/lib/python3.8/site-packages/airflow/example_dags/tutorial_dag.py
[2023-10-13T16:20:09.393+0000] {logging_mixin.py:151} INFO - [2023-10-13T16:20:09.393+0000] {dag.py:2941} INFO - Sync 1 DAGs
[2023-10-13T16:20:09.409+0000] {logging_mixin.py:151} INFO - [2023-10-13T16:20:09.409+0000] {dag.py:3722} INFO - Setting next_dagrun for tutorial_dag to None, run_after=None
[2023-10-13T16:20:09.435+0000] {processor.py:179} INFO - Processing /home/airflow/.local/lib/python3.8/site-packages/airflow/example_dags/tutorial_dag.py took 0.120 seconds
[2023-10-13T16:20:40.489+0000] {processor.py:157} INFO - Started process (PID=1704) to work on /home/airflow/.local/lib/python3.8/site-packages/airflow/example_dags/tutorial_dag.py
[2023-10-13T16:20:40.490+0000] {processor.py:829} INFO - Processing file /home/airflow/.local/lib/python3.8/site-packages/airflow/example_dags/tutorial_dag.py for tasks to queue
[2023-10-13T16:20:40.491+0000] {logging_mixin.py:151} INFO - [2023-10-13T16:20:40.491+0000] {dagbag.py:536} INFO - Filling up the DagBag from /home/airflow/.local/lib/python3.8/site-packages/airflow/example_dags/tutorial_dag.py
[2023-10-13T16:20:40.497+0000] {processor.py:839} INFO - DAG(s) dict_keys(['tutorial_dag']) retrieved from /home/airflow/.local/lib/python3.8/site-packages/airflow/example_dags/tutorial_dag.py
[2023-10-13T16:20:40.520+0000] {logging_mixin.py:151} INFO - [2023-10-13T16:20:40.520+0000] {dag.py:2941} INFO - Sync 1 DAGs
[2023-10-13T16:20:40.535+0000] {logging_mixin.py:151} INFO - [2023-10-13T16:20:40.535+0000] {dag.py:3722} INFO - Setting next_dagrun for tutorial_dag to None, run_after=None
[2023-10-13T16:20:40.557+0000] {processor.py:179} INFO - Processing /home/airflow/.local/lib/python3.8/site-packages/airflow/example_dags/tutorial_dag.py took 0.071 seconds
[2023-10-13T16:21:11.101+0000] {processor.py:157} INFO - Started process (PID=1942) to work on /home/airflow/.local/lib/python3.8/site-packages/airflow/example_dags/tutorial_dag.py
[2023-10-13T16:21:11.102+0000] {processor.py:829} INFO - Processing file /home/airflow/.local/lib/python3.8/site-packages/airflow/example_dags/tutorial_dag.py for tasks to queue
[2023-10-13T16:21:11.103+0000] {logging_mixin.py:151} INFO - [2023-10-13T16:21:11.103+0000] {dagbag.py:536} INFO - Filling up the DagBag from /home/airflow/.local/lib/python3.8/site-packages/airflow/example_dags/tutorial_dag.py
[2023-10-13T16:21:11.107+0000] {processor.py:839} INFO - DAG(s) dict_keys(['tutorial_dag']) retrieved from /home/airflow/.local/lib/python3.8/site-packages/airflow/example_dags/tutorial_dag.py
[2023-10-13T16:21:11.130+0000] {logging_mixin.py:151} INFO - [2023-10-13T16:21:11.130+0000] {dag.py:2941} INFO - Sync 1 DAGs
[2023-10-13T16:21:11.143+0000] {logging_mixin.py:151} INFO - [2023-10-13T16:21:11.143+0000] {dag.py:3722} INFO - Setting next_dagrun for tutorial_dag to None, run_after=None
[2023-10-13T16:21:11.166+0000] {processor.py:179} INFO - Processing /home/airflow/.local/lib/python3.8/site-packages/airflow/example_dags/tutorial_dag.py took 0.068 seconds
[2023-10-13T16:21:41.308+0000] {processor.py:157} INFO - Started process (PID=2181) to work on /home/airflow/.local/lib/python3.8/site-packages/airflow/example_dags/tutorial_dag.py
[2023-10-13T16:21:41.308+0000] {processor.py:829} INFO - Processing file /home/airflow/.local/lib/python3.8/site-packages/airflow/example_dags/tutorial_dag.py for tasks to queue
[2023-10-13T16:21:41.309+0000] {logging_mixin.py:151} INFO - [2023-10-13T16:21:41.309+0000] {dagbag.py:536} INFO - Filling up the DagBag from /home/airflow/.local/lib/python3.8/site-packages/airflow/example_dags/tutorial_dag.py
[2023-10-13T16:21:41.316+0000] {processor.py:839} INFO - DAG(s) dict_keys(['tutorial_dag']) retrieved from /home/airflow/.local/lib/python3.8/site-packages/airflow/example_dags/tutorial_dag.py
[2023-10-13T16:21:41.335+0000] {logging_mixin.py:151} INFO - [2023-10-13T16:21:41.335+0000] {dag.py:2941} INFO - Sync 1 DAGs
[2023-10-13T16:21:41.347+0000] {logging_mixin.py:151} INFO - [2023-10-13T16:21:41.346+0000] {dag.py:3722} INFO - Setting next_dagrun for tutorial_dag to None, run_after=None
[2023-10-13T16:21:41.374+0000] {processor.py:179} INFO - Processing /home/airflow/.local/lib/python3.8/site-packages/airflow/example_dags/tutorial_dag.py took 0.070 seconds
[2023-10-13T16:22:11.895+0000] {processor.py:157} INFO - Started process (PID=2420) to work on /home/airflow/.local/lib/python3.8/site-packages/airflow/example_dags/tutorial_dag.py
[2023-10-13T16:22:11.896+0000] {processor.py:829} INFO - Processing file /home/airflow/.local/lib/python3.8/site-packages/airflow/example_dags/tutorial_dag.py for tasks to queue
[2023-10-13T16:22:11.897+0000] {logging_mixin.py:151} INFO - [2023-10-13T16:22:11.897+0000] {dagbag.py:536} INFO - Filling up the DagBag from /home/airflow/.local/lib/python3.8/site-packages/airflow/example_dags/tutorial_dag.py
[2023-10-13T16:22:11.902+0000] {processor.py:839} INFO - DAG(s) dict_keys(['tutorial_dag']) retrieved from /home/airflow/.local/lib/python3.8/site-packages/airflow/example_dags/tutorial_dag.py
[2023-10-13T16:22:11.923+0000] {logging_mixin.py:151} INFO - [2023-10-13T16:22:11.923+0000] {dag.py:2941} INFO - Sync 1 DAGs
[2023-10-13T16:22:11.941+0000] {logging_mixin.py:151} INFO - [2023-10-13T16:22:11.941+0000] {dag.py:3722} INFO - Setting next_dagrun for tutorial_dag to None, run_after=None
[2023-10-13T16:22:11.969+0000] {processor.py:179} INFO - Processing /home/airflow/.local/lib/python3.8/site-packages/airflow/example_dags/tutorial_dag.py took 0.078 seconds
[2023-10-13T16:22:42.034+0000] {processor.py:157} INFO - Started process (PID=2658) to work on /home/airflow/.local/lib/python3.8/site-packages/airflow/example_dags/tutorial_dag.py
[2023-10-13T16:22:42.034+0000] {processor.py:829} INFO - Processing file /home/airflow/.local/lib/python3.8/site-packages/airflow/example_dags/tutorial_dag.py for tasks to queue
[2023-10-13T16:22:42.035+0000] {logging_mixin.py:151} INFO - [2023-10-13T16:22:42.035+0000] {dagbag.py:536} INFO - Filling up the DagBag from /home/airflow/.local/lib/python3.8/site-packages/airflow/example_dags/tutorial_dag.py
[2023-10-13T16:22:42.038+0000] {processor.py:839} INFO - DAG(s) dict_keys(['tutorial_dag']) retrieved from /home/airflow/.local/lib/python3.8/site-packages/airflow/example_dags/tutorial_dag.py
[2023-10-13T16:22:42.054+0000] {logging_mixin.py:151} INFO - [2023-10-13T16:22:42.053+0000] {dag.py:2941} INFO - Sync 1 DAGs
[2023-10-13T16:22:42.063+0000] {logging_mixin.py:151} INFO - [2023-10-13T16:22:42.063+0000] {dag.py:3722} INFO - Setting next_dagrun for tutorial_dag to None, run_after=None
[2023-10-13T16:22:42.081+0000] {processor.py:179} INFO - Processing /home/airflow/.local/lib/python3.8/site-packages/airflow/example_dags/tutorial_dag.py took 0.050 seconds
[2023-10-13T16:24:27.479+0000] {processor.py:157} INFO - Started process (PID=284) to work on /home/airflow/.local/lib/python3.8/site-packages/airflow/example_dags/tutorial_dag.py
[2023-10-13T16:24:27.492+0000] {processor.py:829} INFO - Processing file /home/airflow/.local/lib/python3.8/site-packages/airflow/example_dags/tutorial_dag.py for tasks to queue
[2023-10-13T16:24:27.493+0000] {logging_mixin.py:151} INFO - [2023-10-13T16:24:27.492+0000] {dagbag.py:536} INFO - Filling up the DagBag from /home/airflow/.local/lib/python3.8/site-packages/airflow/example_dags/tutorial_dag.py
[2023-10-13T16:24:27.497+0000] {processor.py:839} INFO - DAG(s) dict_keys(['tutorial_dag']) retrieved from /home/airflow/.local/lib/python3.8/site-packages/airflow/example_dags/tutorial_dag.py
[2023-10-13T16:24:27.506+0000] {logging_mixin.py:151} INFO - [2023-10-13T16:24:27.506+0000] {dag.py:2941} INFO - Sync 1 DAGs
[2023-10-13T16:24:27.516+0000] {logging_mixin.py:151} INFO - [2023-10-13T16:24:27.516+0000] {dag.py:3722} INFO - Setting next_dagrun for tutorial_dag to None, run_after=None
[2023-10-13T16:24:27.538+0000] {processor.py:179} INFO - Processing /home/airflow/.local/lib/python3.8/site-packages/airflow/example_dags/tutorial_dag.py took 0.061 seconds
[2023-10-13T16:24:57.761+0000] {processor.py:157} INFO - Started process (PID=530) to work on /home/airflow/.local/lib/python3.8/site-packages/airflow/example_dags/tutorial_dag.py
[2023-10-13T16:24:57.772+0000] {processor.py:829} INFO - Processing file /home/airflow/.local/lib/python3.8/site-packages/airflow/example_dags/tutorial_dag.py for tasks to queue
[2023-10-13T16:24:57.772+0000] {logging_mixin.py:151} INFO - [2023-10-13T16:24:57.772+0000] {dagbag.py:536} INFO - Filling up the DagBag from /home/airflow/.local/lib/python3.8/site-packages/airflow/example_dags/tutorial_dag.py
[2023-10-13T16:24:57.776+0000] {processor.py:839} INFO - DAG(s) dict_keys(['tutorial_dag']) retrieved from /home/airflow/.local/lib/python3.8/site-packages/airflow/example_dags/tutorial_dag.py
[2023-10-13T16:24:57.791+0000] {logging_mixin.py:151} INFO - [2023-10-13T16:24:57.791+0000] {dag.py:2941} INFO - Sync 1 DAGs
[2023-10-13T16:24:57.800+0000] {logging_mixin.py:151} INFO - [2023-10-13T16:24:57.800+0000] {dag.py:3722} INFO - Setting next_dagrun for tutorial_dag to None, run_after=None
[2023-10-13T16:24:57.819+0000] {processor.py:179} INFO - Processing /home/airflow/.local/lib/python3.8/site-packages/airflow/example_dags/tutorial_dag.py took 0.060 seconds
[2023-10-13T16:29:30.923+0000] {processor.py:157} INFO - Started process (PID=277) to work on /home/airflow/.local/lib/python3.8/site-packages/airflow/example_dags/tutorial_dag.py
[2023-10-13T16:29:30.954+0000] {processor.py:829} INFO - Processing file /home/airflow/.local/lib/python3.8/site-packages/airflow/example_dags/tutorial_dag.py for tasks to queue
[2023-10-13T16:29:30.955+0000] {logging_mixin.py:151} INFO - [2023-10-13T16:29:30.955+0000] {dagbag.py:536} INFO - Filling up the DagBag from /home/airflow/.local/lib/python3.8/site-packages/airflow/example_dags/tutorial_dag.py
[2023-10-13T16:29:30.959+0000] {processor.py:839} INFO - DAG(s) dict_keys(['tutorial_dag']) retrieved from /home/airflow/.local/lib/python3.8/site-packages/airflow/example_dags/tutorial_dag.py
[2023-10-13T16:29:30.968+0000] {logging_mixin.py:151} INFO - [2023-10-13T16:29:30.968+0000] {dag.py:2941} INFO - Sync 1 DAGs
[2023-10-13T16:29:30.978+0000] {logging_mixin.py:151} INFO - [2023-10-13T16:29:30.978+0000] {dag.py:3722} INFO - Setting next_dagrun for tutorial_dag to None, run_after=None
[2023-10-13T16:29:30.998+0000] {processor.py:179} INFO - Processing /home/airflow/.local/lib/python3.8/site-packages/airflow/example_dags/tutorial_dag.py took 0.077 seconds
[2023-10-13T16:30:01.243+0000] {processor.py:157} INFO - Started process (PID=515) to work on /home/airflow/.local/lib/python3.8/site-packages/airflow/example_dags/tutorial_dag.py
[2023-10-13T16:30:01.243+0000] {processor.py:829} INFO - Processing file /home/airflow/.local/lib/python3.8/site-packages/airflow/example_dags/tutorial_dag.py for tasks to queue
[2023-10-13T16:30:01.244+0000] {logging_mixin.py:151} INFO - [2023-10-13T16:30:01.244+0000] {dagbag.py:536} INFO - Filling up the DagBag from /home/airflow/.local/lib/python3.8/site-packages/airflow/example_dags/tutorial_dag.py
[2023-10-13T16:30:01.247+0000] {processor.py:839} INFO - DAG(s) dict_keys(['tutorial_dag']) retrieved from /home/airflow/.local/lib/python3.8/site-packages/airflow/example_dags/tutorial_dag.py
[2023-10-13T16:30:01.263+0000] {logging_mixin.py:151} INFO - [2023-10-13T16:30:01.262+0000] {dag.py:2941} INFO - Sync 1 DAGs
[2023-10-13T16:30:01.272+0000] {logging_mixin.py:151} INFO - [2023-10-13T16:30:01.272+0000] {dag.py:3722} INFO - Setting next_dagrun for tutorial_dag to None, run_after=None
[2023-10-13T16:30:01.298+0000] {processor.py:179} INFO - Processing /home/airflow/.local/lib/python3.8/site-packages/airflow/example_dags/tutorial_dag.py took 0.058 seconds
[2023-10-13T16:30:31.712+0000] {processor.py:157} INFO - Started process (PID=753) to work on /home/airflow/.local/lib/python3.8/site-packages/airflow/example_dags/tutorial_dag.py
[2023-10-13T16:30:31.713+0000] {processor.py:829} INFO - Processing file /home/airflow/.local/lib/python3.8/site-packages/airflow/example_dags/tutorial_dag.py for tasks to queue
[2023-10-13T16:30:31.714+0000] {logging_mixin.py:151} INFO - [2023-10-13T16:30:31.714+0000] {dagbag.py:536} INFO - Filling up the DagBag from /home/airflow/.local/lib/python3.8/site-packages/airflow/example_dags/tutorial_dag.py
[2023-10-13T16:30:31.718+0000] {processor.py:839} INFO - DAG(s) dict_keys(['tutorial_dag']) retrieved from /home/airflow/.local/lib/python3.8/site-packages/airflow/example_dags/tutorial_dag.py
[2023-10-13T16:30:31.734+0000] {logging_mixin.py:151} INFO - [2023-10-13T16:30:31.734+0000] {dag.py:2941} INFO - Sync 1 DAGs
[2023-10-13T16:30:31.743+0000] {logging_mixin.py:151} INFO - [2023-10-13T16:30:31.743+0000] {dag.py:3722} INFO - Setting next_dagrun for tutorial_dag to None, run_after=None
[2023-10-13T16:30:31.759+0000] {processor.py:179} INFO - Processing /home/airflow/.local/lib/python3.8/site-packages/airflow/example_dags/tutorial_dag.py took 0.050 seconds
