[2023-10-13T16:17:36.940+0000] {processor.py:157} INFO - Started process (PID=187) to work on /home/airflow/.local/lib/python3.8/site-packages/airflow/example_dags/tutorial.py
[2023-10-13T16:17:36.940+0000] {processor.py:829} INFO - Processing file /home/airflow/.local/lib/python3.8/site-packages/airflow/example_dags/tutorial.py for tasks to queue
[2023-10-13T16:17:36.941+0000] {logging_mixin.py:151} INFO - [2023-10-13T16:17:36.941+0000] {dagbag.py:536} INFO - Filling up the DagBag from /home/airflow/.local/lib/python3.8/site-packages/airflow/example_dags/tutorial.py
[2023-10-13T16:17:36.949+0000] {processor.py:839} INFO - DAG(s) dict_keys(['tutorial']) retrieved from /home/airflow/.local/lib/python3.8/site-packages/airflow/example_dags/tutorial.py
[2023-10-13T16:17:36.957+0000] {logging_mixin.py:151} INFO - [2023-10-13T16:17:36.957+0000] {dag.py:2941} INFO - Sync 1 DAGs
[2023-10-13T16:17:36.974+0000] {logging_mixin.py:151} INFO - [2023-10-13T16:17:36.974+0000] {dag.py:3722} INFO - Setting next_dagrun for tutorial to 2023-10-12T16:17:36.973899+00:00, run_after=2023-10-13T16:17:36.973899+00:00
[2023-10-13T16:17:36.994+0000] {processor.py:179} INFO - Processing /home/airflow/.local/lib/python3.8/site-packages/airflow/example_dags/tutorial.py took 0.058 seconds
[2023-10-13T16:18:07.091+0000] {processor.py:157} INFO - Started process (PID=420) to work on /home/airflow/.local/lib/python3.8/site-packages/airflow/example_dags/tutorial.py
[2023-10-13T16:18:07.092+0000] {processor.py:829} INFO - Processing file /home/airflow/.local/lib/python3.8/site-packages/airflow/example_dags/tutorial.py for tasks to queue
[2023-10-13T16:18:07.092+0000] {logging_mixin.py:151} INFO - [2023-10-13T16:18:07.092+0000] {dagbag.py:536} INFO - Filling up the DagBag from /home/airflow/.local/lib/python3.8/site-packages/airflow/example_dags/tutorial.py
[2023-10-13T16:18:07.099+0000] {processor.py:839} INFO - DAG(s) dict_keys(['tutorial']) retrieved from /home/airflow/.local/lib/python3.8/site-packages/airflow/example_dags/tutorial.py
[2023-10-13T16:18:07.117+0000] {logging_mixin.py:151} INFO - [2023-10-13T16:18:07.117+0000] {dag.py:2941} INFO - Sync 1 DAGs
[2023-10-13T16:18:07.134+0000] {logging_mixin.py:151} INFO - [2023-10-13T16:18:07.134+0000] {dag.py:3722} INFO - Setting next_dagrun for tutorial to 2023-10-12T16:18:07.134018+00:00, run_after=2023-10-13T16:18:07.134018+00:00
[2023-10-13T16:18:07.155+0000] {processor.py:179} INFO - Processing /home/airflow/.local/lib/python3.8/site-packages/airflow/example_dags/tutorial.py took 0.068 seconds
[2023-10-13T16:18:37.349+0000] {processor.py:157} INFO - Started process (PID=658) to work on /home/airflow/.local/lib/python3.8/site-packages/airflow/example_dags/tutorial.py
[2023-10-13T16:18:37.349+0000] {processor.py:829} INFO - Processing file /home/airflow/.local/lib/python3.8/site-packages/airflow/example_dags/tutorial.py for tasks to queue
[2023-10-13T16:18:37.350+0000] {logging_mixin.py:151} INFO - [2023-10-13T16:18:37.350+0000] {dagbag.py:536} INFO - Filling up the DagBag from /home/airflow/.local/lib/python3.8/site-packages/airflow/example_dags/tutorial.py
[2023-10-13T16:18:37.355+0000] {processor.py:839} INFO - DAG(s) dict_keys(['tutorial']) retrieved from /home/airflow/.local/lib/python3.8/site-packages/airflow/example_dags/tutorial.py
[2023-10-13T16:18:37.369+0000] {logging_mixin.py:151} INFO - [2023-10-13T16:18:37.369+0000] {dag.py:2941} INFO - Sync 1 DAGs
[2023-10-13T16:18:37.384+0000] {logging_mixin.py:151} INFO - [2023-10-13T16:18:37.384+0000] {dag.py:3722} INFO - Setting next_dagrun for tutorial to 2023-10-12T16:18:37.384551+00:00, run_after=2023-10-13T16:18:37.384551+00:00
[2023-10-13T16:18:37.418+0000] {processor.py:179} INFO - Processing /home/airflow/.local/lib/python3.8/site-packages/airflow/example_dags/tutorial.py took 0.072 seconds
[2023-10-13T16:19:07.516+0000] {processor.py:157} INFO - Started process (PID=896) to work on /home/airflow/.local/lib/python3.8/site-packages/airflow/example_dags/tutorial.py
[2023-10-13T16:19:07.517+0000] {processor.py:829} INFO - Processing file /home/airflow/.local/lib/python3.8/site-packages/airflow/example_dags/tutorial.py for tasks to queue
[2023-10-13T16:19:07.518+0000] {logging_mixin.py:151} INFO - [2023-10-13T16:19:07.517+0000] {dagbag.py:536} INFO - Filling up the DagBag from /home/airflow/.local/lib/python3.8/site-packages/airflow/example_dags/tutorial.py
[2023-10-13T16:19:07.525+0000] {processor.py:839} INFO - DAG(s) dict_keys(['tutorial']) retrieved from /home/airflow/.local/lib/python3.8/site-packages/airflow/example_dags/tutorial.py
[2023-10-13T16:19:07.542+0000] {logging_mixin.py:151} INFO - [2023-10-13T16:19:07.542+0000] {dag.py:2941} INFO - Sync 1 DAGs
[2023-10-13T16:19:07.559+0000] {logging_mixin.py:151} INFO - [2023-10-13T16:19:07.559+0000] {dag.py:3722} INFO - Setting next_dagrun for tutorial to 2023-10-12T16:19:07.559436+00:00, run_after=2023-10-13T16:19:07.559436+00:00
[2023-10-13T16:19:07.593+0000] {processor.py:179} INFO - Processing /home/airflow/.local/lib/python3.8/site-packages/airflow/example_dags/tutorial.py took 0.081 seconds
[2023-10-13T16:19:37.899+0000] {processor.py:157} INFO - Started process (PID=1134) to work on /home/airflow/.local/lib/python3.8/site-packages/airflow/example_dags/tutorial.py
[2023-10-13T16:19:37.904+0000] {processor.py:829} INFO - Processing file /home/airflow/.local/lib/python3.8/site-packages/airflow/example_dags/tutorial.py for tasks to queue
[2023-10-13T16:19:37.905+0000] {logging_mixin.py:151} INFO - [2023-10-13T16:19:37.905+0000] {dagbag.py:536} INFO - Filling up the DagBag from /home/airflow/.local/lib/python3.8/site-packages/airflow/example_dags/tutorial.py
[2023-10-13T16:19:37.910+0000] {processor.py:839} INFO - DAG(s) dict_keys(['tutorial']) retrieved from /home/airflow/.local/lib/python3.8/site-packages/airflow/example_dags/tutorial.py
[2023-10-13T16:19:37.933+0000] {logging_mixin.py:151} INFO - [2023-10-13T16:19:37.933+0000] {dag.py:2941} INFO - Sync 1 DAGs
[2023-10-13T16:19:37.959+0000] {logging_mixin.py:151} INFO - [2023-10-13T16:19:37.959+0000] {dag.py:3722} INFO - Setting next_dagrun for tutorial to 2023-10-12T16:19:37.958811+00:00, run_after=2023-10-13T16:19:37.958811+00:00
[2023-10-13T16:19:37.982+0000] {processor.py:179} INFO - Processing /home/airflow/.local/lib/python3.8/site-packages/airflow/example_dags/tutorial.py took 0.086 seconds
[2023-10-13T16:20:08.227+0000] {processor.py:157} INFO - Started process (PID=1371) to work on /home/airflow/.local/lib/python3.8/site-packages/airflow/example_dags/tutorial.py
[2023-10-13T16:20:08.230+0000] {processor.py:829} INFO - Processing file /home/airflow/.local/lib/python3.8/site-packages/airflow/example_dags/tutorial.py for tasks to queue
[2023-10-13T16:20:08.231+0000] {logging_mixin.py:151} INFO - [2023-10-13T16:20:08.230+0000] {dagbag.py:536} INFO - Filling up the DagBag from /home/airflow/.local/lib/python3.8/site-packages/airflow/example_dags/tutorial.py
[2023-10-13T16:20:08.236+0000] {processor.py:839} INFO - DAG(s) dict_keys(['tutorial']) retrieved from /home/airflow/.local/lib/python3.8/site-packages/airflow/example_dags/tutorial.py
[2023-10-13T16:20:08.251+0000] {logging_mixin.py:151} INFO - [2023-10-13T16:20:08.250+0000] {dag.py:2941} INFO - Sync 1 DAGs
[2023-10-13T16:20:08.267+0000] {logging_mixin.py:151} INFO - [2023-10-13T16:20:08.267+0000] {dag.py:3722} INFO - Setting next_dagrun for tutorial to 2023-10-12T16:20:08.267086+00:00, run_after=2023-10-13T16:20:08.267086+00:00
[2023-10-13T16:20:08.304+0000] {processor.py:179} INFO - Processing /home/airflow/.local/lib/python3.8/site-packages/airflow/example_dags/tutorial.py took 0.080 seconds
[2023-10-13T16:20:38.961+0000] {processor.py:157} INFO - Started process (PID=1614) to work on /home/airflow/.local/lib/python3.8/site-packages/airflow/example_dags/tutorial.py
[2023-10-13T16:20:38.979+0000] {processor.py:829} INFO - Processing file /home/airflow/.local/lib/python3.8/site-packages/airflow/example_dags/tutorial.py for tasks to queue
[2023-10-13T16:20:38.979+0000] {logging_mixin.py:151} INFO - [2023-10-13T16:20:38.979+0000] {dagbag.py:536} INFO - Filling up the DagBag from /home/airflow/.local/lib/python3.8/site-packages/airflow/example_dags/tutorial.py
[2023-10-13T16:20:38.985+0000] {processor.py:839} INFO - DAG(s) dict_keys(['tutorial']) retrieved from /home/airflow/.local/lib/python3.8/site-packages/airflow/example_dags/tutorial.py
[2023-10-13T16:20:39.007+0000] {logging_mixin.py:151} INFO - [2023-10-13T16:20:39.007+0000] {dag.py:2941} INFO - Sync 1 DAGs
[2023-10-13T16:20:39.030+0000] {logging_mixin.py:151} INFO - [2023-10-13T16:20:39.029+0000] {dag.py:3722} INFO - Setting next_dagrun for tutorial to 2023-10-12T16:20:39.029691+00:00, run_after=2023-10-13T16:20:39.029691+00:00
[2023-10-13T16:20:39.053+0000] {processor.py:179} INFO - Processing /home/airflow/.local/lib/python3.8/site-packages/airflow/example_dags/tutorial.py took 0.094 seconds
[2023-10-13T16:21:09.417+0000] {processor.py:157} INFO - Started process (PID=1847) to work on /home/airflow/.local/lib/python3.8/site-packages/airflow/example_dags/tutorial.py
[2023-10-13T16:21:09.422+0000] {processor.py:829} INFO - Processing file /home/airflow/.local/lib/python3.8/site-packages/airflow/example_dags/tutorial.py for tasks to queue
[2023-10-13T16:21:09.423+0000] {logging_mixin.py:151} INFO - [2023-10-13T16:21:09.422+0000] {dagbag.py:536} INFO - Filling up the DagBag from /home/airflow/.local/lib/python3.8/site-packages/airflow/example_dags/tutorial.py
[2023-10-13T16:21:09.432+0000] {processor.py:839} INFO - DAG(s) dict_keys(['tutorial']) retrieved from /home/airflow/.local/lib/python3.8/site-packages/airflow/example_dags/tutorial.py
[2023-10-13T16:21:09.468+0000] {logging_mixin.py:151} INFO - [2023-10-13T16:21:09.468+0000] {dag.py:2941} INFO - Sync 1 DAGs
[2023-10-13T16:21:09.518+0000] {logging_mixin.py:151} INFO - [2023-10-13T16:21:09.517+0000] {dag.py:3722} INFO - Setting next_dagrun for tutorial to 2023-10-12T16:21:09.516446+00:00, run_after=2023-10-13T16:21:09.516446+00:00
[2023-10-13T16:21:09.570+0000] {processor.py:179} INFO - Processing /home/airflow/.local/lib/python3.8/site-packages/airflow/example_dags/tutorial.py took 0.158 seconds
[2023-10-13T16:21:39.905+0000] {processor.py:157} INFO - Started process (PID=2086) to work on /home/airflow/.local/lib/python3.8/site-packages/airflow/example_dags/tutorial.py
[2023-10-13T16:21:39.916+0000] {processor.py:829} INFO - Processing file /home/airflow/.local/lib/python3.8/site-packages/airflow/example_dags/tutorial.py for tasks to queue
[2023-10-13T16:21:39.917+0000] {logging_mixin.py:151} INFO - [2023-10-13T16:21:39.917+0000] {dagbag.py:536} INFO - Filling up the DagBag from /home/airflow/.local/lib/python3.8/site-packages/airflow/example_dags/tutorial.py
[2023-10-13T16:21:39.924+0000] {processor.py:839} INFO - DAG(s) dict_keys(['tutorial']) retrieved from /home/airflow/.local/lib/python3.8/site-packages/airflow/example_dags/tutorial.py
[2023-10-13T16:21:39.945+0000] {logging_mixin.py:151} INFO - [2023-10-13T16:21:39.944+0000] {dag.py:2941} INFO - Sync 1 DAGs
[2023-10-13T16:21:39.971+0000] {logging_mixin.py:151} INFO - [2023-10-13T16:21:39.971+0000] {dag.py:3722} INFO - Setting next_dagrun for tutorial to 2023-10-12T16:21:39.970807+00:00, run_after=2023-10-13T16:21:39.970807+00:00
[2023-10-13T16:21:40.001+0000] {processor.py:179} INFO - Processing /home/airflow/.local/lib/python3.8/site-packages/airflow/example_dags/tutorial.py took 0.099 seconds
[2023-10-13T16:22:10.515+0000] {processor.py:157} INFO - Started process (PID=2325) to work on /home/airflow/.local/lib/python3.8/site-packages/airflow/example_dags/tutorial.py
[2023-10-13T16:22:10.518+0000] {processor.py:829} INFO - Processing file /home/airflow/.local/lib/python3.8/site-packages/airflow/example_dags/tutorial.py for tasks to queue
[2023-10-13T16:22:10.521+0000] {logging_mixin.py:151} INFO - [2023-10-13T16:22:10.520+0000] {dagbag.py:536} INFO - Filling up the DagBag from /home/airflow/.local/lib/python3.8/site-packages/airflow/example_dags/tutorial.py
[2023-10-13T16:22:10.539+0000] {processor.py:839} INFO - DAG(s) dict_keys(['tutorial']) retrieved from /home/airflow/.local/lib/python3.8/site-packages/airflow/example_dags/tutorial.py
[2023-10-13T16:22:10.577+0000] {logging_mixin.py:151} INFO - [2023-10-13T16:22:10.576+0000] {dag.py:2941} INFO - Sync 1 DAGs
[2023-10-13T16:22:10.607+0000] {logging_mixin.py:151} INFO - [2023-10-13T16:22:10.607+0000] {dag.py:3722} INFO - Setting next_dagrun for tutorial to 2023-10-12T16:22:10.607384+00:00, run_after=2023-10-13T16:22:10.607384+00:00
[2023-10-13T16:22:10.643+0000] {processor.py:179} INFO - Processing /home/airflow/.local/lib/python3.8/site-packages/airflow/example_dags/tutorial.py took 0.136 seconds
[2023-10-13T16:22:40.987+0000] {processor.py:157} INFO - Started process (PID=2563) to work on /home/airflow/.local/lib/python3.8/site-packages/airflow/example_dags/tutorial.py
[2023-10-13T16:22:40.991+0000] {processor.py:829} INFO - Processing file /home/airflow/.local/lib/python3.8/site-packages/airflow/example_dags/tutorial.py for tasks to queue
[2023-10-13T16:22:40.992+0000] {logging_mixin.py:151} INFO - [2023-10-13T16:22:40.992+0000] {dagbag.py:536} INFO - Filling up the DagBag from /home/airflow/.local/lib/python3.8/site-packages/airflow/example_dags/tutorial.py
[2023-10-13T16:22:40.997+0000] {processor.py:839} INFO - DAG(s) dict_keys(['tutorial']) retrieved from /home/airflow/.local/lib/python3.8/site-packages/airflow/example_dags/tutorial.py
[2023-10-13T16:22:41.011+0000] {logging_mixin.py:151} INFO - [2023-10-13T16:22:41.011+0000] {dag.py:2941} INFO - Sync 1 DAGs
[2023-10-13T16:22:41.027+0000] {logging_mixin.py:151} INFO - [2023-10-13T16:22:41.027+0000] {dag.py:3722} INFO - Setting next_dagrun for tutorial to 2023-10-12T16:22:41.027079+00:00, run_after=2023-10-13T16:22:41.027079+00:00
[2023-10-13T16:22:41.055+0000] {processor.py:179} INFO - Processing /home/airflow/.local/lib/python3.8/site-packages/airflow/example_dags/tutorial.py took 0.070 seconds
[2023-10-13T16:24:26.167+0000] {processor.py:157} INFO - Started process (PID=192) to work on /home/airflow/.local/lib/python3.8/site-packages/airflow/example_dags/tutorial.py
[2023-10-13T16:24:26.176+0000] {processor.py:829} INFO - Processing file /home/airflow/.local/lib/python3.8/site-packages/airflow/example_dags/tutorial.py for tasks to queue
[2023-10-13T16:24:26.176+0000] {logging_mixin.py:151} INFO - [2023-10-13T16:24:26.176+0000] {dagbag.py:536} INFO - Filling up the DagBag from /home/airflow/.local/lib/python3.8/site-packages/airflow/example_dags/tutorial.py
[2023-10-13T16:24:26.183+0000] {processor.py:839} INFO - DAG(s) dict_keys(['tutorial']) retrieved from /home/airflow/.local/lib/python3.8/site-packages/airflow/example_dags/tutorial.py
[2023-10-13T16:24:26.192+0000] {logging_mixin.py:151} INFO - [2023-10-13T16:24:26.192+0000] {dag.py:2941} INFO - Sync 1 DAGs
[2023-10-13T16:24:26.208+0000] {logging_mixin.py:151} INFO - [2023-10-13T16:24:26.208+0000] {dag.py:3722} INFO - Setting next_dagrun for tutorial to 2023-10-12T16:24:26.208392+00:00, run_after=2023-10-13T16:24:26.208392+00:00
[2023-10-13T16:24:26.226+0000] {processor.py:179} INFO - Processing /home/airflow/.local/lib/python3.8/site-packages/airflow/example_dags/tutorial.py took 0.061 seconds
[2023-10-13T16:24:56.671+0000] {processor.py:157} INFO - Started process (PID=440) to work on /home/airflow/.local/lib/python3.8/site-packages/airflow/example_dags/tutorial.py
[2023-10-13T16:24:56.681+0000] {processor.py:829} INFO - Processing file /home/airflow/.local/lib/python3.8/site-packages/airflow/example_dags/tutorial.py for tasks to queue
[2023-10-13T16:24:56.682+0000] {logging_mixin.py:151} INFO - [2023-10-13T16:24:56.682+0000] {dagbag.py:536} INFO - Filling up the DagBag from /home/airflow/.local/lib/python3.8/site-packages/airflow/example_dags/tutorial.py
[2023-10-13T16:24:56.687+0000] {processor.py:839} INFO - DAG(s) dict_keys(['tutorial']) retrieved from /home/airflow/.local/lib/python3.8/site-packages/airflow/example_dags/tutorial.py
[2023-10-13T16:24:56.702+0000] {logging_mixin.py:151} INFO - [2023-10-13T16:24:56.702+0000] {dag.py:2941} INFO - Sync 1 DAGs
[2023-10-13T16:24:56.721+0000] {logging_mixin.py:151} INFO - [2023-10-13T16:24:56.721+0000] {dag.py:3722} INFO - Setting next_dagrun for tutorial to 2023-10-12T16:24:56.721198+00:00, run_after=2023-10-13T16:24:56.721198+00:00
[2023-10-13T16:24:56.741+0000] {processor.py:179} INFO - Processing /home/airflow/.local/lib/python3.8/site-packages/airflow/example_dags/tutorial.py took 0.072 seconds
[2023-10-13T16:29:30.084+0000] {processor.py:157} INFO - Started process (PID=187) to work on /home/airflow/.local/lib/python3.8/site-packages/airflow/example_dags/tutorial.py
[2023-10-13T16:29:30.126+0000] {processor.py:829} INFO - Processing file /home/airflow/.local/lib/python3.8/site-packages/airflow/example_dags/tutorial.py for tasks to queue
[2023-10-13T16:29:30.126+0000] {logging_mixin.py:151} INFO - [2023-10-13T16:29:30.126+0000] {dagbag.py:536} INFO - Filling up the DagBag from /home/airflow/.local/lib/python3.8/site-packages/airflow/example_dags/tutorial.py
[2023-10-13T16:29:30.134+0000] {processor.py:839} INFO - DAG(s) dict_keys(['tutorial']) retrieved from /home/airflow/.local/lib/python3.8/site-packages/airflow/example_dags/tutorial.py
[2023-10-13T16:29:30.143+0000] {logging_mixin.py:151} INFO - [2023-10-13T16:29:30.143+0000] {dag.py:2941} INFO - Sync 1 DAGs
[2023-10-13T16:29:30.160+0000] {logging_mixin.py:151} INFO - [2023-10-13T16:29:30.160+0000] {dag.py:3722} INFO - Setting next_dagrun for tutorial to 2023-10-12T16:29:30.160480+00:00, run_after=2023-10-13T16:29:30.160480+00:00
[2023-10-13T16:29:30.196+0000] {processor.py:179} INFO - Processing /home/airflow/.local/lib/python3.8/site-packages/airflow/example_dags/tutorial.py took 0.115 seconds
[2023-10-13T16:30:00.263+0000] {processor.py:157} INFO - Started process (PID=425) to work on /home/airflow/.local/lib/python3.8/site-packages/airflow/example_dags/tutorial.py
[2023-10-13T16:30:00.263+0000] {processor.py:829} INFO - Processing file /home/airflow/.local/lib/python3.8/site-packages/airflow/example_dags/tutorial.py for tasks to queue
[2023-10-13T16:30:00.264+0000] {logging_mixin.py:151} INFO - [2023-10-13T16:30:00.263+0000] {dagbag.py:536} INFO - Filling up the DagBag from /home/airflow/.local/lib/python3.8/site-packages/airflow/example_dags/tutorial.py
[2023-10-13T16:30:00.269+0000] {processor.py:839} INFO - DAG(s) dict_keys(['tutorial']) retrieved from /home/airflow/.local/lib/python3.8/site-packages/airflow/example_dags/tutorial.py
[2023-10-13T16:30:00.283+0000] {logging_mixin.py:151} INFO - [2023-10-13T16:30:00.283+0000] {dag.py:2941} INFO - Sync 1 DAGs
[2023-10-13T16:30:00.299+0000] {logging_mixin.py:151} INFO - [2023-10-13T16:30:00.299+0000] {dag.py:3722} INFO - Setting next_dagrun for tutorial to 2023-10-12T16:30:00.299344+00:00, run_after=2023-10-13T16:30:00.299344+00:00
[2023-10-13T16:30:00.319+0000] {processor.py:179} INFO - Processing /home/airflow/.local/lib/python3.8/site-packages/airflow/example_dags/tutorial.py took 0.059 seconds
[2023-10-13T16:30:30.823+0000] {processor.py:157} INFO - Started process (PID=662) to work on /home/airflow/.local/lib/python3.8/site-packages/airflow/example_dags/tutorial.py
[2023-10-13T16:30:30.823+0000] {processor.py:829} INFO - Processing file /home/airflow/.local/lib/python3.8/site-packages/airflow/example_dags/tutorial.py for tasks to queue
[2023-10-13T16:30:30.824+0000] {logging_mixin.py:151} INFO - [2023-10-13T16:30:30.824+0000] {dagbag.py:536} INFO - Filling up the DagBag from /home/airflow/.local/lib/python3.8/site-packages/airflow/example_dags/tutorial.py
[2023-10-13T16:30:30.829+0000] {processor.py:839} INFO - DAG(s) dict_keys(['tutorial']) retrieved from /home/airflow/.local/lib/python3.8/site-packages/airflow/example_dags/tutorial.py
[2023-10-13T16:30:30.843+0000] {logging_mixin.py:151} INFO - [2023-10-13T16:30:30.843+0000] {dag.py:2941} INFO - Sync 1 DAGs
[2023-10-13T16:30:30.859+0000] {logging_mixin.py:151} INFO - [2023-10-13T16:30:30.859+0000] {dag.py:3722} INFO - Setting next_dagrun for tutorial to 2023-10-12T16:30:30.858910+00:00, run_after=2023-10-13T16:30:30.858910+00:00
[2023-10-13T16:30:30.879+0000] {processor.py:179} INFO - Processing /home/airflow/.local/lib/python3.8/site-packages/airflow/example_dags/tutorial.py took 0.058 seconds
