[2023-11-05T11:33:55.638+0000] {processor.py:157} INFO - Started process (PID=168) to work on /opt/airflow/dags/dag.py
[2023-11-05T11:33:55.640+0000] {processor.py:829} INFO - Processing file /opt/airflow/dags/dag.py for tasks to queue
[2023-11-05T11:33:55.642+0000] {logging_mixin.py:151} INFO - [2023-11-05T11:33:55.641+0000] {dagbag.py:539} INFO - Filling up the DagBag from /opt/airflow/dags/dag.py
[2023-11-05T11:33:58.090+0000] {processor.py:839} INFO - DAG(s) dict_keys(['random_names']) retrieved from /opt/airflow/dags/dag.py
[2023-11-05T11:34:00.789+0000] {logging_mixin.py:151} INFO - [2023-11-05T11:34:00.789+0000] {security.py:708} INFO - Not syncing DAG-level permissions for DAG 'DAG:random_names' as access control is unset.
[2023-11-05T11:34:00.789+0000] {logging_mixin.py:151} INFO - [2023-11-05T11:34:00.789+0000] {dag.py:2915} INFO - Sync 1 DAGs
[2023-11-05T11:34:00.917+0000] {logging_mixin.py:151} INFO - [2023-11-05T11:34:00.917+0000] {dag.py:3696} INFO - Setting next_dagrun for random_names to 2023-11-05T11:25:00+00:00, run_after=2023-11-05T11:30:00+00:00
[2023-11-05T11:34:02.015+0000] {processor.py:179} INFO - Processing /opt/airflow/dags/dag.py took 6.386 seconds
[2023-11-05T11:34:32.190+0000] {processor.py:157} INFO - Started process (PID=181) to work on /opt/airflow/dags/dag.py
[2023-11-05T11:34:32.251+0000] {processor.py:829} INFO - Processing file /opt/airflow/dags/dag.py for tasks to queue
[2023-11-05T11:34:32.254+0000] {logging_mixin.py:151} INFO - [2023-11-05T11:34:32.253+0000] {dagbag.py:539} INFO - Filling up the DagBag from /opt/airflow/dags/dag.py
[2023-11-05T11:34:32.840+0000] {processor.py:839} INFO - DAG(s) dict_keys(['random_names']) retrieved from /opt/airflow/dags/dag.py
[2023-11-05T11:34:32.901+0000] {logging_mixin.py:151} INFO - [2023-11-05T11:34:32.901+0000] {dag.py:2915} INFO - Sync 1 DAGs
[2023-11-05T11:34:32.932+0000] {logging_mixin.py:151} INFO - [2023-11-05T11:34:32.932+0000] {dag.py:3696} INFO - Setting next_dagrun for random_names to 2023-11-05T11:25:00+00:00, run_after=2023-11-05T11:30:00+00:00
[2023-11-05T11:34:33.035+0000] {processor.py:179} INFO - Processing /opt/airflow/dags/dag.py took 0.847 seconds
[2023-11-05T11:35:03.151+0000] {processor.py:157} INFO - Started process (PID=193) to work on /opt/airflow/dags/dag.py
[2023-11-05T11:35:03.336+0000] {processor.py:829} INFO - Processing file /opt/airflow/dags/dag.py for tasks to queue
[2023-11-05T11:35:03.338+0000] {logging_mixin.py:151} INFO - [2023-11-05T11:35:03.337+0000] {dagbag.py:539} INFO - Filling up the DagBag from /opt/airflow/dags/dag.py
[2023-11-05T11:35:07.125+0000] {processor.py:839} INFO - DAG(s) dict_keys(['random_names']) retrieved from /opt/airflow/dags/dag.py
[2023-11-05T11:35:10.238+0000] {logging_mixin.py:151} INFO - [2023-11-05T11:35:10.237+0000] {dag.py:2915} INFO - Sync 1 DAGs
[2023-11-05T11:35:10.285+0000] {logging_mixin.py:151} INFO - [2023-11-05T11:35:10.285+0000] {dag.py:3696} INFO - Setting next_dagrun for random_names to 2023-11-05T11:30:00+00:00, run_after=2023-11-05T11:35:00+00:00
[2023-11-05T11:35:10.422+0000] {processor.py:179} INFO - Processing /opt/airflow/dags/dag.py took 7.281 seconds
[2023-11-05T11:35:40.663+0000] {processor.py:157} INFO - Started process (PID=212) to work on /opt/airflow/dags/dag.py
[2023-11-05T11:35:40.846+0000] {processor.py:829} INFO - Processing file /opt/airflow/dags/dag.py for tasks to queue
[2023-11-05T11:35:40.848+0000] {logging_mixin.py:151} INFO - [2023-11-05T11:35:40.847+0000] {dagbag.py:539} INFO - Filling up the DagBag from /opt/airflow/dags/dag.py
[2023-11-05T11:35:43.494+0000] {processor.py:839} INFO - DAG(s) dict_keys(['random_names']) retrieved from /opt/airflow/dags/dag.py
[2023-11-05T11:35:44.770+0000] {logging_mixin.py:151} INFO - [2023-11-05T11:35:44.770+0000] {dag.py:2915} INFO - Sync 1 DAGs
[2023-11-05T11:35:44.817+0000] {logging_mixin.py:151} INFO - [2023-11-05T11:35:44.816+0000] {dag.py:3696} INFO - Setting next_dagrun for random_names to 2023-11-05T11:30:00+00:00, run_after=2023-11-05T11:35:00+00:00
[2023-11-05T11:35:44.933+0000] {processor.py:179} INFO - Processing /opt/airflow/dags/dag.py took 4.274 seconds
[2023-11-05T11:36:18.376+0000] {processor.py:157} INFO - Started process (PID=225) to work on /opt/airflow/dags/dag.py
[2023-11-05T11:36:19.071+0000] {processor.py:829} INFO - Processing file /opt/airflow/dags/dag.py for tasks to queue
[2023-11-05T11:36:19.234+0000] {logging_mixin.py:151} INFO - [2023-11-05T11:36:19.072+0000] {dagbag.py:539} INFO - Filling up the DagBag from /opt/airflow/dags/dag.py
[2023-11-05T11:36:26.895+0000] {processor.py:839} INFO - DAG(s) dict_keys(['random_names']) retrieved from /opt/airflow/dags/dag.py
[2023-11-05T11:36:29.410+0000] {logging_mixin.py:151} INFO - [2023-11-05T11:36:29.409+0000] {dag.py:2915} INFO - Sync 1 DAGs
[2023-11-05T11:36:29.462+0000] {logging_mixin.py:151} INFO - [2023-11-05T11:36:29.462+0000] {dag.py:3696} INFO - Setting next_dagrun for random_names to 2023-11-05T11:35:00+00:00, run_after=2023-11-05T11:40:00+00:00
[2023-11-05T11:36:29.685+0000] {processor.py:179} INFO - Processing /opt/airflow/dags/dag.py took 11.829 seconds
[2023-11-05T11:36:59.886+0000] {processor.py:157} INFO - Started process (PID=242) to work on /opt/airflow/dags/dag.py
[2023-11-05T11:36:59.938+0000] {processor.py:829} INFO - Processing file /opt/airflow/dags/dag.py for tasks to queue
[2023-11-05T11:36:59.940+0000] {logging_mixin.py:151} INFO - [2023-11-05T11:36:59.939+0000] {dagbag.py:539} INFO - Filling up the DagBag from /opt/airflow/dags/dag.py
[2023-11-05T11:37:00.117+0000] {processor.py:839} INFO - DAG(s) dict_keys(['random_names']) retrieved from /opt/airflow/dags/dag.py
[2023-11-05T11:37:00.136+0000] {logging_mixin.py:151} INFO - [2023-11-05T11:37:00.136+0000] {dag.py:2915} INFO - Sync 1 DAGs
[2023-11-05T11:37:00.156+0000] {logging_mixin.py:151} INFO - [2023-11-05T11:37:00.156+0000] {dag.py:3696} INFO - Setting next_dagrun for random_names to 2023-11-05T11:35:00+00:00, run_after=2023-11-05T11:40:00+00:00
[2023-11-05T11:37:00.221+0000] {processor.py:179} INFO - Processing /opt/airflow/dags/dag.py took 0.344 seconds
[2023-11-05T11:37:30.321+0000] {processor.py:157} INFO - Started process (PID=254) to work on /opt/airflow/dags/dag.py
[2023-11-05T11:37:30.512+0000] {processor.py:829} INFO - Processing file /opt/airflow/dags/dag.py for tasks to queue
[2023-11-05T11:37:30.513+0000] {logging_mixin.py:151} INFO - [2023-11-05T11:37:30.512+0000] {dagbag.py:539} INFO - Filling up the DagBag from /opt/airflow/dags/dag.py
[2023-11-05T11:37:30.570+0000] {processor.py:839} INFO - DAG(s) dict_keys(['random_names']) retrieved from /opt/airflow/dags/dag.py
[2023-11-05T11:37:31.777+0000] {logging_mixin.py:151} INFO - [2023-11-05T11:37:31.776+0000] {dag.py:2915} INFO - Sync 1 DAGs
[2023-11-05T11:37:31.818+0000] {logging_mixin.py:151} INFO - [2023-11-05T11:37:31.818+0000] {dag.py:3696} INFO - Setting next_dagrun for random_names to 2023-11-05T11:35:00+00:00, run_after=2023-11-05T11:40:00+00:00
[2023-11-05T11:37:31.910+0000] {processor.py:179} INFO - Processing /opt/airflow/dags/dag.py took 1.594 seconds
[2023-11-05T11:38:02.166+0000] {processor.py:157} INFO - Started process (PID=259) to work on /opt/airflow/dags/dag.py
[2023-11-05T11:38:02.356+0000] {processor.py:829} INFO - Processing file /opt/airflow/dags/dag.py for tasks to queue
[2023-11-05T11:38:02.359+0000] {logging_mixin.py:151} INFO - [2023-11-05T11:38:02.358+0000] {dagbag.py:539} INFO - Filling up the DagBag from /opt/airflow/dags/dag.py
[2023-11-05T11:38:04.612+0000] {processor.py:839} INFO - DAG(s) dict_keys(['random_names']) retrieved from /opt/airflow/dags/dag.py
[2023-11-05T11:38:05.613+0000] {logging_mixin.py:151} INFO - [2023-11-05T11:38:05.612+0000] {dag.py:2915} INFO - Sync 1 DAGs
[2023-11-05T11:38:05.655+0000] {logging_mixin.py:151} INFO - [2023-11-05T11:38:05.655+0000] {dag.py:3696} INFO - Setting next_dagrun for random_names to 2023-11-05T11:35:00+00:00, run_after=2023-11-05T11:40:00+00:00
[2023-11-05T11:38:05.764+0000] {processor.py:179} INFO - Processing /opt/airflow/dags/dag.py took 3.611 seconds
[2023-11-05T11:38:36.039+0000] {processor.py:157} INFO - Started process (PID=277) to work on /opt/airflow/dags/dag.py
[2023-11-05T11:38:36.257+0000] {processor.py:829} INFO - Processing file /opt/airflow/dags/dag.py for tasks to queue
[2023-11-05T11:38:36.260+0000] {logging_mixin.py:151} INFO - [2023-11-05T11:38:36.259+0000] {dagbag.py:539} INFO - Filling up the DagBag from /opt/airflow/dags/dag.py
[2023-11-05T11:38:37.760+0000] {processor.py:839} INFO - DAG(s) dict_keys(['random_names']) retrieved from /opt/airflow/dags/dag.py
[2023-11-05T11:38:38.224+0000] {logging_mixin.py:151} INFO - [2023-11-05T11:38:38.223+0000] {dag.py:2915} INFO - Sync 1 DAGs
[2023-11-05T11:38:38.298+0000] {logging_mixin.py:151} INFO - [2023-11-05T11:38:38.298+0000] {dag.py:3696} INFO - Setting next_dagrun for random_names to 2023-11-05T11:35:00+00:00, run_after=2023-11-05T11:40:00+00:00
[2023-11-05T11:38:38.488+0000] {processor.py:179} INFO - Processing /opt/airflow/dags/dag.py took 2.457 seconds
[2023-11-05T11:39:08.610+0000] {processor.py:157} INFO - Started process (PID=290) to work on /opt/airflow/dags/dag.py
[2023-11-05T11:39:08.615+0000] {processor.py:829} INFO - Processing file /opt/airflow/dags/dag.py for tasks to queue
[2023-11-05T11:39:08.616+0000] {logging_mixin.py:151} INFO - [2023-11-05T11:39:08.616+0000] {dagbag.py:539} INFO - Filling up the DagBag from /opt/airflow/dags/dag.py
[2023-11-05T11:39:08.669+0000] {processor.py:839} INFO - DAG(s) dict_keys(['random_names']) retrieved from /opt/airflow/dags/dag.py
[2023-11-05T11:39:08.690+0000] {logging_mixin.py:151} INFO - [2023-11-05T11:39:08.690+0000] {dag.py:2915} INFO - Sync 1 DAGs
[2023-11-05T11:39:08.712+0000] {logging_mixin.py:151} INFO - [2023-11-05T11:39:08.712+0000] {dag.py:3696} INFO - Setting next_dagrun for random_names to 2023-11-05T11:35:00+00:00, run_after=2023-11-05T11:40:00+00:00
[2023-11-05T11:39:08.736+0000] {processor.py:179} INFO - Processing /opt/airflow/dags/dag.py took 0.137 seconds
[2023-11-05T11:39:38.931+0000] {processor.py:157} INFO - Started process (PID=302) to work on /opt/airflow/dags/dag.py
[2023-11-05T11:39:39.040+0000] {processor.py:829} INFO - Processing file /opt/airflow/dags/dag.py for tasks to queue
[2023-11-05T11:39:39.043+0000] {logging_mixin.py:151} INFO - [2023-11-05T11:39:39.042+0000] {dagbag.py:539} INFO - Filling up the DagBag from /opt/airflow/dags/dag.py
[2023-11-05T11:39:39.121+0000] {processor.py:839} INFO - DAG(s) dict_keys(['random_names']) retrieved from /opt/airflow/dags/dag.py
[2023-11-05T11:39:39.140+0000] {logging_mixin.py:151} INFO - [2023-11-05T11:39:39.140+0000] {dag.py:2915} INFO - Sync 1 DAGs
[2023-11-05T11:39:39.159+0000] {logging_mixin.py:151} INFO - [2023-11-05T11:39:39.158+0000] {dag.py:3696} INFO - Setting next_dagrun for random_names to 2023-11-05T11:35:00+00:00, run_after=2023-11-05T11:40:00+00:00
[2023-11-05T11:39:39.224+0000] {processor.py:179} INFO - Processing /opt/airflow/dags/dag.py took 0.303 seconds
[2023-11-05T11:40:09.530+0000] {processor.py:157} INFO - Started process (PID=307) to work on /opt/airflow/dags/dag.py
[2023-11-05T11:40:10.053+0000] {processor.py:829} INFO - Processing file /opt/airflow/dags/dag.py for tasks to queue
[2023-11-05T11:40:10.054+0000] {logging_mixin.py:151} INFO - [2023-11-05T11:40:10.053+0000] {dagbag.py:539} INFO - Filling up the DagBag from /opt/airflow/dags/dag.py
[2023-11-05T11:40:12.165+0000] {processor.py:839} INFO - DAG(s) dict_keys(['random_names']) retrieved from /opt/airflow/dags/dag.py
[2023-11-05T11:40:16.638+0000] {logging_mixin.py:151} INFO - [2023-11-05T11:40:16.638+0000] {dag.py:2915} INFO - Sync 1 DAGs
[2023-11-05T11:40:16.718+0000] {logging_mixin.py:151} INFO - [2023-11-05T11:40:16.718+0000] {dag.py:3696} INFO - Setting next_dagrun for random_names to 2023-11-05T11:35:00+00:00, run_after=2023-11-05T11:40:00+00:00
[2023-11-05T11:40:16.856+0000] {processor.py:179} INFO - Processing /opt/airflow/dags/dag.py took 7.334 seconds
[2023-11-05T11:40:47.536+0000] {processor.py:157} INFO - Started process (PID=326) to work on /opt/airflow/dags/dag.py
[2023-11-05T11:40:47.943+0000] {processor.py:829} INFO - Processing file /opt/airflow/dags/dag.py for tasks to queue
[2023-11-05T11:40:47.946+0000] {logging_mixin.py:151} INFO - [2023-11-05T11:40:47.945+0000] {dagbag.py:539} INFO - Filling up the DagBag from /opt/airflow/dags/dag.py
[2023-11-05T11:40:52.224+0000] {processor.py:839} INFO - DAG(s) dict_keys(['random_names']) retrieved from /opt/airflow/dags/dag.py
[2023-11-05T11:40:53.760+0000] {logging_mixin.py:151} INFO - [2023-11-05T11:40:53.759+0000] {dag.py:2915} INFO - Sync 1 DAGs
[2023-11-05T11:40:54.037+0000] {logging_mixin.py:151} INFO - [2023-11-05T11:40:54.037+0000] {dag.py:3696} INFO - Setting next_dagrun for random_names to 2023-11-05T11:35:00+00:00, run_after=2023-11-05T11:40:00+00:00
[2023-11-05T11:40:54.442+0000] {processor.py:179} INFO - Processing /opt/airflow/dags/dag.py took 6.913 seconds
[2023-11-05T11:41:24.821+0000] {processor.py:157} INFO - Started process (PID=338) to work on /opt/airflow/dags/dag.py
[2023-11-05T11:41:24.948+0000] {processor.py:829} INFO - Processing file /opt/airflow/dags/dag.py for tasks to queue
[2023-11-05T11:41:24.951+0000] {logging_mixin.py:151} INFO - [2023-11-05T11:41:24.950+0000] {dagbag.py:539} INFO - Filling up the DagBag from /opt/airflow/dags/dag.py
[2023-11-05T11:41:29.780+0000] {processor.py:839} INFO - DAG(s) dict_keys(['random_names']) retrieved from /opt/airflow/dags/dag.py
[2023-11-05T11:41:33.388+0000] {logging_mixin.py:151} INFO - [2023-11-05T11:41:33.388+0000] {dag.py:2915} INFO - Sync 1 DAGs
[2023-11-05T11:41:33.578+0000] {logging_mixin.py:151} INFO - [2023-11-05T11:41:33.578+0000] {dag.py:3696} INFO - Setting next_dagrun for random_names to 2023-11-05T11:35:00+00:00, run_after=2023-11-05T11:40:00+00:00
[2023-11-05T11:41:33.974+0000] {processor.py:179} INFO - Processing /opt/airflow/dags/dag.py took 9.157 seconds
[2023-11-05T11:42:04.088+0000] {processor.py:157} INFO - Started process (PID=351) to work on /opt/airflow/dags/dag.py
[2023-11-05T11:42:04.104+0000] {processor.py:829} INFO - Processing file /opt/airflow/dags/dag.py for tasks to queue
[2023-11-05T11:42:04.106+0000] {logging_mixin.py:151} INFO - [2023-11-05T11:42:04.106+0000] {dagbag.py:539} INFO - Filling up the DagBag from /opt/airflow/dags/dag.py
[2023-11-05T11:42:04.750+0000] {processor.py:839} INFO - DAG(s) dict_keys(['random_names']) retrieved from /opt/airflow/dags/dag.py
[2023-11-05T11:42:05.105+0000] {logging_mixin.py:151} INFO - [2023-11-05T11:42:05.105+0000] {dag.py:2915} INFO - Sync 1 DAGs
[2023-11-05T11:42:05.128+0000] {logging_mixin.py:151} INFO - [2023-11-05T11:42:05.128+0000] {dag.py:3696} INFO - Setting next_dagrun for random_names to 2023-11-05T11:35:00+00:00, run_after=2023-11-05T11:40:00+00:00
[2023-11-05T11:42:05.383+0000] {processor.py:179} INFO - Processing /opt/airflow/dags/dag.py took 1.303 seconds
[2023-11-05T11:42:35.465+0000] {processor.py:157} INFO - Started process (PID=363) to work on /opt/airflow/dags/dag.py
[2023-11-05T11:42:35.628+0000] {processor.py:829} INFO - Processing file /opt/airflow/dags/dag.py for tasks to queue
[2023-11-05T11:42:35.631+0000] {logging_mixin.py:151} INFO - [2023-11-05T11:42:35.630+0000] {dagbag.py:539} INFO - Filling up the DagBag from /opt/airflow/dags/dag.py
[2023-11-05T11:42:37.118+0000] {processor.py:839} INFO - DAG(s) dict_keys(['random_names']) retrieved from /opt/airflow/dags/dag.py
[2023-11-05T11:42:38.564+0000] {logging_mixin.py:151} INFO - [2023-11-05T11:42:38.564+0000] {dag.py:2915} INFO - Sync 1 DAGs
[2023-11-05T11:42:38.942+0000] {logging_mixin.py:151} INFO - [2023-11-05T11:42:38.942+0000] {dag.py:3696} INFO - Setting next_dagrun for random_names to 2023-11-05T11:35:00+00:00, run_after=2023-11-05T11:40:00+00:00
[2023-11-05T11:42:39.465+0000] {processor.py:179} INFO - Processing /opt/airflow/dags/dag.py took 4.015 seconds
[2023-11-05T11:43:10.242+0000] {processor.py:157} INFO - Started process (PID=374) to work on /opt/airflow/dags/dag.py
[2023-11-05T11:43:10.369+0000] {processor.py:829} INFO - Processing file /opt/airflow/dags/dag.py for tasks to queue
[2023-11-05T11:43:10.371+0000] {logging_mixin.py:151} INFO - [2023-11-05T11:43:10.370+0000] {dagbag.py:539} INFO - Filling up the DagBag from /opt/airflow/dags/dag.py
[2023-11-05T11:43:13.003+0000] {processor.py:839} INFO - DAG(s) dict_keys(['random_names']) retrieved from /opt/airflow/dags/dag.py
[2023-11-05T11:43:15.378+0000] {logging_mixin.py:151} INFO - [2023-11-05T11:43:15.377+0000] {dag.py:2915} INFO - Sync 1 DAGs
[2023-11-05T11:43:15.490+0000] {logging_mixin.py:151} INFO - [2023-11-05T11:43:15.490+0000] {dag.py:3696} INFO - Setting next_dagrun for random_names to 2023-11-05T11:35:00+00:00, run_after=2023-11-05T11:40:00+00:00
[2023-11-05T11:43:15.606+0000] {processor.py:179} INFO - Processing /opt/airflow/dags/dag.py took 5.407 seconds
[2023-11-05T11:43:45.984+0000] {processor.py:157} INFO - Started process (PID=387) to work on /opt/airflow/dags/dag.py
[2023-11-05T11:43:46.082+0000] {processor.py:829} INFO - Processing file /opt/airflow/dags/dag.py for tasks to queue
[2023-11-05T11:43:46.085+0000] {logging_mixin.py:151} INFO - [2023-11-05T11:43:46.084+0000] {dagbag.py:539} INFO - Filling up the DagBag from /opt/airflow/dags/dag.py
[2023-11-05T11:43:46.741+0000] {processor.py:839} INFO - DAG(s) dict_keys(['random_names']) retrieved from /opt/airflow/dags/dag.py
[2023-11-05T11:43:47.064+0000] {logging_mixin.py:151} INFO - [2023-11-05T11:43:47.063+0000] {dag.py:2915} INFO - Sync 1 DAGs
[2023-11-05T11:43:47.136+0000] {logging_mixin.py:151} INFO - [2023-11-05T11:43:47.135+0000] {dag.py:3696} INFO - Setting next_dagrun for random_names to 2023-11-05T11:35:00+00:00, run_after=2023-11-05T11:40:00+00:00
[2023-11-05T11:43:47.241+0000] {processor.py:179} INFO - Processing /opt/airflow/dags/dag.py took 1.267 seconds
[2023-11-05T11:44:17.537+0000] {processor.py:157} INFO - Started process (PID=399) to work on /opt/airflow/dags/dag.py
[2023-11-05T11:44:17.577+0000] {processor.py:829} INFO - Processing file /opt/airflow/dags/dag.py for tasks to queue
[2023-11-05T11:44:17.578+0000] {logging_mixin.py:151} INFO - [2023-11-05T11:44:17.578+0000] {dagbag.py:539} INFO - Filling up the DagBag from /opt/airflow/dags/dag.py
[2023-11-05T11:44:17.625+0000] {processor.py:839} INFO - DAG(s) dict_keys(['random_names']) retrieved from /opt/airflow/dags/dag.py
[2023-11-05T11:44:17.660+0000] {logging_mixin.py:151} INFO - [2023-11-05T11:44:17.660+0000] {dag.py:2915} INFO - Sync 1 DAGs
[2023-11-05T11:44:17.696+0000] {logging_mixin.py:151} INFO - [2023-11-05T11:44:17.696+0000] {dag.py:3696} INFO - Setting next_dagrun for random_names to 2023-11-05T11:35:00+00:00, run_after=2023-11-05T11:40:00+00:00
[2023-11-05T11:44:17.747+0000] {processor.py:179} INFO - Processing /opt/airflow/dags/dag.py took 0.213 seconds
[2023-11-05T11:44:48.089+0000] {processor.py:157} INFO - Started process (PID=411) to work on /opt/airflow/dags/dag.py
[2023-11-05T11:44:49.067+0000] {processor.py:829} INFO - Processing file /opt/airflow/dags/dag.py for tasks to queue
[2023-11-05T11:44:49.070+0000] {logging_mixin.py:151} INFO - [2023-11-05T11:44:49.069+0000] {dagbag.py:539} INFO - Filling up the DagBag from /opt/airflow/dags/dag.py
[2023-11-05T11:44:51.007+0000] {processor.py:839} INFO - DAG(s) dict_keys(['random_names']) retrieved from /opt/airflow/dags/dag.py
[2023-11-05T11:44:51.335+0000] {logging_mixin.py:151} INFO - [2023-11-05T11:44:51.335+0000] {dag.py:2915} INFO - Sync 1 DAGs
[2023-11-05T11:44:51.375+0000] {logging_mixin.py:151} INFO - [2023-11-05T11:44:51.375+0000] {dag.py:3696} INFO - Setting next_dagrun for random_names to 2023-11-05T11:35:00+00:00, run_after=2023-11-05T11:40:00+00:00
[2023-11-05T11:44:52.264+0000] {processor.py:179} INFO - Processing /opt/airflow/dags/dag.py took 4.181 seconds
[2023-11-05T11:45:22.412+0000] {processor.py:157} INFO - Started process (PID=422) to work on /opt/airflow/dags/dag.py
[2023-11-05T11:45:22.675+0000] {processor.py:829} INFO - Processing file /opt/airflow/dags/dag.py for tasks to queue
[2023-11-05T11:45:22.677+0000] {logging_mixin.py:151} INFO - [2023-11-05T11:45:22.676+0000] {dagbag.py:539} INFO - Filling up the DagBag from /opt/airflow/dags/dag.py
[2023-11-05T11:45:24.488+0000] {processor.py:839} INFO - DAG(s) dict_keys(['random_names']) retrieved from /opt/airflow/dags/dag.py
[2023-11-05T11:45:30.385+0000] {logging_mixin.py:151} INFO - [2023-11-05T11:45:30.384+0000] {dag.py:2915} INFO - Sync 1 DAGs
[2023-11-05T11:45:30.503+0000] {logging_mixin.py:151} INFO - [2023-11-05T11:45:30.503+0000] {dag.py:3696} INFO - Setting next_dagrun for random_names to 2023-11-05T11:40:00+00:00, run_after=2023-11-05T11:45:00+00:00
[2023-11-05T11:45:31.084+0000] {processor.py:179} INFO - Processing /opt/airflow/dags/dag.py took 8.682 seconds
[2023-11-05T11:46:01.373+0000] {processor.py:157} INFO - Started process (PID=435) to work on /opt/airflow/dags/dag.py
[2023-11-05T11:46:01.552+0000] {processor.py:829} INFO - Processing file /opt/airflow/dags/dag.py for tasks to queue
[2023-11-05T11:46:01.554+0000] {logging_mixin.py:151} INFO - [2023-11-05T11:46:01.553+0000] {dagbag.py:539} INFO - Filling up the DagBag from /opt/airflow/dags/dag.py
[2023-11-05T11:46:01.637+0000] {processor.py:839} INFO - DAG(s) dict_keys(['random_names']) retrieved from /opt/airflow/dags/dag.py
[2023-11-05T11:46:01.666+0000] {logging_mixin.py:151} INFO - [2023-11-05T11:46:01.666+0000] {dag.py:2915} INFO - Sync 1 DAGs
[2023-11-05T11:46:01.732+0000] {logging_mixin.py:151} INFO - [2023-11-05T11:46:01.732+0000] {dag.py:3696} INFO - Setting next_dagrun for random_names to 2023-11-05T11:40:00+00:00, run_after=2023-11-05T11:45:00+00:00
[2023-11-05T11:46:01.937+0000] {processor.py:179} INFO - Processing /opt/airflow/dags/dag.py took 0.567 seconds
[2023-11-05T11:46:32.036+0000] {processor.py:157} INFO - Started process (PID=447) to work on /opt/airflow/dags/dag.py
[2023-11-05T11:46:32.057+0000] {processor.py:829} INFO - Processing file /opt/airflow/dags/dag.py for tasks to queue
[2023-11-05T11:46:32.060+0000] {logging_mixin.py:151} INFO - [2023-11-05T11:46:32.058+0000] {dagbag.py:539} INFO - Filling up the DagBag from /opt/airflow/dags/dag.py
[2023-11-05T11:46:32.132+0000] {processor.py:839} INFO - DAG(s) dict_keys(['random_names']) retrieved from /opt/airflow/dags/dag.py
[2023-11-05T11:46:32.160+0000] {logging_mixin.py:151} INFO - [2023-11-05T11:46:32.160+0000] {dag.py:2915} INFO - Sync 1 DAGs
[2023-11-05T11:46:32.182+0000] {logging_mixin.py:151} INFO - [2023-11-05T11:46:32.182+0000] {dag.py:3696} INFO - Setting next_dagrun for random_names to 2023-11-05T11:40:00+00:00, run_after=2023-11-05T11:45:00+00:00
[2023-11-05T11:46:32.280+0000] {processor.py:179} INFO - Processing /opt/airflow/dags/dag.py took 0.250 seconds
[2023-11-05T11:47:02.335+0000] {processor.py:157} INFO - Started process (PID=459) to work on /opt/airflow/dags/dag.py
[2023-11-05T11:47:02.521+0000] {processor.py:829} INFO - Processing file /opt/airflow/dags/dag.py for tasks to queue
[2023-11-05T11:47:02.524+0000] {logging_mixin.py:151} INFO - [2023-11-05T11:47:02.523+0000] {dagbag.py:539} INFO - Filling up the DagBag from /opt/airflow/dags/dag.py
[2023-11-05T11:47:02.608+0000] {processor.py:839} INFO - DAG(s) dict_keys(['random_names']) retrieved from /opt/airflow/dags/dag.py
[2023-11-05T11:47:02.634+0000] {logging_mixin.py:151} INFO - [2023-11-05T11:47:02.634+0000] {dag.py:2915} INFO - Sync 1 DAGs
[2023-11-05T11:47:02.659+0000] {logging_mixin.py:151} INFO - [2023-11-05T11:47:02.659+0000] {dag.py:3696} INFO - Setting next_dagrun for random_names to 2023-11-05T11:40:00+00:00, run_after=2023-11-05T11:45:00+00:00
[2023-11-05T11:47:02.820+0000] {processor.py:179} INFO - Processing /opt/airflow/dags/dag.py took 0.489 seconds
[2023-11-05T11:47:33.182+0000] {processor.py:157} INFO - Started process (PID=471) to work on /opt/airflow/dags/dag.py
[2023-11-05T11:47:33.356+0000] {processor.py:829} INFO - Processing file /opt/airflow/dags/dag.py for tasks to queue
[2023-11-05T11:47:33.358+0000] {logging_mixin.py:151} INFO - [2023-11-05T11:47:33.357+0000] {dagbag.py:539} INFO - Filling up the DagBag from /opt/airflow/dags/dag.py
[2023-11-05T11:47:34.322+0000] {processor.py:839} INFO - DAG(s) dict_keys(['random_names']) retrieved from /opt/airflow/dags/dag.py
[2023-11-05T11:47:34.397+0000] {logging_mixin.py:151} INFO - [2023-11-05T11:47:34.397+0000] {dag.py:2915} INFO - Sync 1 DAGs
[2023-11-05T11:47:34.456+0000] {logging_mixin.py:151} INFO - [2023-11-05T11:47:34.456+0000] {dag.py:3696} INFO - Setting next_dagrun for random_names to 2023-11-05T11:40:00+00:00, run_after=2023-11-05T11:45:00+00:00
[2023-11-05T11:47:34.517+0000] {processor.py:179} INFO - Processing /opt/airflow/dags/dag.py took 1.338 seconds
[2023-11-05T11:48:04.720+0000] {processor.py:157} INFO - Started process (PID=483) to work on /opt/airflow/dags/dag.py
[2023-11-05T11:48:04.866+0000] {processor.py:829} INFO - Processing file /opt/airflow/dags/dag.py for tasks to queue
[2023-11-05T11:48:04.868+0000] {logging_mixin.py:151} INFO - [2023-11-05T11:48:04.867+0000] {dagbag.py:539} INFO - Filling up the DagBag from /opt/airflow/dags/dag.py
[2023-11-05T11:48:04.932+0000] {processor.py:839} INFO - DAG(s) dict_keys(['random_names']) retrieved from /opt/airflow/dags/dag.py
[2023-11-05T11:48:04.955+0000] {logging_mixin.py:151} INFO - [2023-11-05T11:48:04.955+0000] {dag.py:2915} INFO - Sync 1 DAGs
[2023-11-05T11:48:04.977+0000] {logging_mixin.py:151} INFO - [2023-11-05T11:48:04.976+0000] {dag.py:3696} INFO - Setting next_dagrun for random_names to 2023-11-05T11:40:00+00:00, run_after=2023-11-05T11:45:00+00:00
[2023-11-05T11:48:05.023+0000] {processor.py:179} INFO - Processing /opt/airflow/dags/dag.py took 0.314 seconds
[2023-11-05T11:48:35.193+0000] {processor.py:157} INFO - Started process (PID=495) to work on /opt/airflow/dags/dag.py
[2023-11-05T11:48:35.211+0000] {processor.py:829} INFO - Processing file /opt/airflow/dags/dag.py for tasks to queue
[2023-11-05T11:48:35.212+0000] {logging_mixin.py:151} INFO - [2023-11-05T11:48:35.212+0000] {dagbag.py:539} INFO - Filling up the DagBag from /opt/airflow/dags/dag.py
[2023-11-05T11:48:35.262+0000] {processor.py:839} INFO - DAG(s) dict_keys(['random_names']) retrieved from /opt/airflow/dags/dag.py
[2023-11-05T11:48:35.289+0000] {logging_mixin.py:151} INFO - [2023-11-05T11:48:35.289+0000] {dag.py:2915} INFO - Sync 1 DAGs
[2023-11-05T11:48:35.350+0000] {logging_mixin.py:151} INFO - [2023-11-05T11:48:35.350+0000] {dag.py:3696} INFO - Setting next_dagrun for random_names to 2023-11-05T11:40:00+00:00, run_after=2023-11-05T11:45:00+00:00
[2023-11-05T11:48:35.502+0000] {processor.py:179} INFO - Processing /opt/airflow/dags/dag.py took 0.312 seconds
[2023-11-05T11:49:05.708+0000] {processor.py:157} INFO - Started process (PID=507) to work on /opt/airflow/dags/dag.py
[2023-11-05T11:49:05.740+0000] {processor.py:829} INFO - Processing file /opt/airflow/dags/dag.py for tasks to queue
[2023-11-05T11:49:05.741+0000] {logging_mixin.py:151} INFO - [2023-11-05T11:49:05.741+0000] {dagbag.py:539} INFO - Filling up the DagBag from /opt/airflow/dags/dag.py
[2023-11-05T11:49:05.784+0000] {processor.py:839} INFO - DAG(s) dict_keys(['random_names']) retrieved from /opt/airflow/dags/dag.py
[2023-11-05T11:49:05.803+0000] {logging_mixin.py:151} INFO - [2023-11-05T11:49:05.803+0000] {dag.py:2915} INFO - Sync 1 DAGs
[2023-11-05T11:49:05.823+0000] {logging_mixin.py:151} INFO - [2023-11-05T11:49:05.823+0000] {dag.py:3696} INFO - Setting next_dagrun for random_names to 2023-11-05T11:40:00+00:00, run_after=2023-11-05T11:45:00+00:00
[2023-11-05T11:49:05.842+0000] {processor.py:179} INFO - Processing /opt/airflow/dags/dag.py took 0.136 seconds
[2023-11-05T11:49:35.911+0000] {processor.py:157} INFO - Started process (PID=519) to work on /opt/airflow/dags/dag.py
[2023-11-05T11:49:35.937+0000] {processor.py:829} INFO - Processing file /opt/airflow/dags/dag.py for tasks to queue
[2023-11-05T11:49:35.941+0000] {logging_mixin.py:151} INFO - [2023-11-05T11:49:35.938+0000] {dagbag.py:539} INFO - Filling up the DagBag from /opt/airflow/dags/dag.py
[2023-11-05T11:49:36.010+0000] {processor.py:839} INFO - DAG(s) dict_keys(['random_names']) retrieved from /opt/airflow/dags/dag.py
[2023-11-05T11:49:36.031+0000] {logging_mixin.py:151} INFO - [2023-11-05T11:49:36.031+0000] {dag.py:2915} INFO - Sync 1 DAGs
[2023-11-05T11:49:36.050+0000] {logging_mixin.py:151} INFO - [2023-11-05T11:49:36.050+0000] {dag.py:3696} INFO - Setting next_dagrun for random_names to 2023-11-05T11:40:00+00:00, run_after=2023-11-05T11:45:00+00:00
[2023-11-05T11:49:36.073+0000] {processor.py:179} INFO - Processing /opt/airflow/dags/dag.py took 0.164 seconds
[2023-11-05T11:50:06.237+0000] {processor.py:157} INFO - Started process (PID=531) to work on /opt/airflow/dags/dag.py
[2023-11-05T11:50:06.250+0000] {processor.py:829} INFO - Processing file /opt/airflow/dags/dag.py for tasks to queue
[2023-11-05T11:50:06.251+0000] {logging_mixin.py:151} INFO - [2023-11-05T11:50:06.250+0000] {dagbag.py:539} INFO - Filling up the DagBag from /opt/airflow/dags/dag.py
[2023-11-05T11:50:06.291+0000] {processor.py:839} INFO - DAG(s) dict_keys(['random_names']) retrieved from /opt/airflow/dags/dag.py
[2023-11-05T11:50:06.310+0000] {logging_mixin.py:151} INFO - [2023-11-05T11:50:06.310+0000] {dag.py:2915} INFO - Sync 1 DAGs
[2023-11-05T11:50:06.331+0000] {logging_mixin.py:151} INFO - [2023-11-05T11:50:06.331+0000] {dag.py:3696} INFO - Setting next_dagrun for random_names to 2023-11-05T11:45:00+00:00, run_after=2023-11-05T11:50:00+00:00
[2023-11-05T11:50:06.351+0000] {processor.py:179} INFO - Processing /opt/airflow/dags/dag.py took 0.117 seconds
[2023-11-05T11:50:36.478+0000] {processor.py:157} INFO - Started process (PID=543) to work on /opt/airflow/dags/dag.py
[2023-11-05T11:50:36.511+0000] {processor.py:829} INFO - Processing file /opt/airflow/dags/dag.py for tasks to queue
[2023-11-05T11:50:36.514+0000] {logging_mixin.py:151} INFO - [2023-11-05T11:50:36.513+0000] {dagbag.py:539} INFO - Filling up the DagBag from /opt/airflow/dags/dag.py
[2023-11-05T11:50:36.585+0000] {processor.py:839} INFO - DAG(s) dict_keys(['random_names']) retrieved from /opt/airflow/dags/dag.py
[2023-11-05T11:50:36.605+0000] {logging_mixin.py:151} INFO - [2023-11-05T11:50:36.605+0000] {dag.py:2915} INFO - Sync 1 DAGs
[2023-11-05T11:50:36.623+0000] {logging_mixin.py:151} INFO - [2023-11-05T11:50:36.623+0000] {dag.py:3696} INFO - Setting next_dagrun for random_names to 2023-11-05T11:45:00+00:00, run_after=2023-11-05T11:50:00+00:00
[2023-11-05T11:50:36.652+0000] {processor.py:179} INFO - Processing /opt/airflow/dags/dag.py took 0.177 seconds
[2023-11-05T11:51:06.781+0000] {processor.py:157} INFO - Started process (PID=555) to work on /opt/airflow/dags/dag.py
[2023-11-05T11:51:06.795+0000] {processor.py:829} INFO - Processing file /opt/airflow/dags/dag.py for tasks to queue
[2023-11-05T11:51:06.797+0000] {logging_mixin.py:151} INFO - [2023-11-05T11:51:06.796+0000] {dagbag.py:539} INFO - Filling up the DagBag from /opt/airflow/dags/dag.py
[2023-11-05T11:51:06.856+0000] {processor.py:839} INFO - DAG(s) dict_keys(['random_names']) retrieved from /opt/airflow/dags/dag.py
[2023-11-05T11:51:06.877+0000] {logging_mixin.py:151} INFO - [2023-11-05T11:51:06.877+0000] {dag.py:2915} INFO - Sync 1 DAGs
[2023-11-05T11:51:06.900+0000] {logging_mixin.py:151} INFO - [2023-11-05T11:51:06.899+0000] {dag.py:3696} INFO - Setting next_dagrun for random_names to 2023-11-05T11:45:00+00:00, run_after=2023-11-05T11:50:00+00:00
[2023-11-05T11:51:06.924+0000] {processor.py:179} INFO - Processing /opt/airflow/dags/dag.py took 0.152 seconds
[2023-11-05T11:51:37.107+0000] {processor.py:157} INFO - Started process (PID=567) to work on /opt/airflow/dags/dag.py
[2023-11-05T11:51:37.124+0000] {processor.py:829} INFO - Processing file /opt/airflow/dags/dag.py for tasks to queue
[2023-11-05T11:51:37.125+0000] {logging_mixin.py:151} INFO - [2023-11-05T11:51:37.125+0000] {dagbag.py:539} INFO - Filling up the DagBag from /opt/airflow/dags/dag.py
[2023-11-05T11:51:37.305+0000] {processor.py:839} INFO - DAG(s) dict_keys(['random_names']) retrieved from /opt/airflow/dags/dag.py
[2023-11-05T11:51:37.503+0000] {logging_mixin.py:151} INFO - [2023-11-05T11:51:37.503+0000] {dag.py:2915} INFO - Sync 1 DAGs
[2023-11-05T11:51:37.579+0000] {logging_mixin.py:151} INFO - [2023-11-05T11:51:37.579+0000] {dag.py:3696} INFO - Setting next_dagrun for random_names to 2023-11-05T11:45:00+00:00, run_after=2023-11-05T11:50:00+00:00
[2023-11-05T11:51:37.654+0000] {processor.py:179} INFO - Processing /opt/airflow/dags/dag.py took 0.550 seconds
[2023-11-05T11:52:07.850+0000] {processor.py:157} INFO - Started process (PID=579) to work on /opt/airflow/dags/dag.py
[2023-11-05T11:52:07.981+0000] {processor.py:829} INFO - Processing file /opt/airflow/dags/dag.py for tasks to queue
[2023-11-05T11:52:07.982+0000] {logging_mixin.py:151} INFO - [2023-11-05T11:52:07.981+0000] {dagbag.py:539} INFO - Filling up the DagBag from /opt/airflow/dags/dag.py
[2023-11-05T11:52:08.047+0000] {processor.py:839} INFO - DAG(s) dict_keys(['random_names']) retrieved from /opt/airflow/dags/dag.py
[2023-11-05T11:52:08.111+0000] {logging_mixin.py:151} INFO - [2023-11-05T11:52:08.111+0000] {dag.py:2915} INFO - Sync 1 DAGs
[2023-11-05T11:52:08.135+0000] {logging_mixin.py:151} INFO - [2023-11-05T11:52:08.135+0000] {dag.py:3696} INFO - Setting next_dagrun for random_names to 2023-11-05T11:45:00+00:00, run_after=2023-11-05T11:50:00+00:00
[2023-11-05T11:52:08.243+0000] {processor.py:179} INFO - Processing /opt/airflow/dags/dag.py took 0.402 seconds
[2023-11-05T11:52:38.429+0000] {processor.py:157} INFO - Started process (PID=591) to work on /opt/airflow/dags/dag.py
[2023-11-05T11:52:38.602+0000] {processor.py:829} INFO - Processing file /opt/airflow/dags/dag.py for tasks to queue
[2023-11-05T11:52:38.604+0000] {logging_mixin.py:151} INFO - [2023-11-05T11:52:38.603+0000] {dagbag.py:539} INFO - Filling up the DagBag from /opt/airflow/dags/dag.py
[2023-11-05T11:52:38.940+0000] {processor.py:839} INFO - DAG(s) dict_keys(['random_names']) retrieved from /opt/airflow/dags/dag.py
[2023-11-05T11:52:39.075+0000] {logging_mixin.py:151} INFO - [2023-11-05T11:52:39.074+0000] {dag.py:2915} INFO - Sync 1 DAGs
[2023-11-05T11:52:39.098+0000] {logging_mixin.py:151} INFO - [2023-11-05T11:52:39.098+0000] {dag.py:3696} INFO - Setting next_dagrun for random_names to 2023-11-05T11:45:00+00:00, run_after=2023-11-05T11:50:00+00:00
[2023-11-05T11:52:39.155+0000] {processor.py:179} INFO - Processing /opt/airflow/dags/dag.py took 0.734 seconds
[2023-11-05T11:53:09.404+0000] {processor.py:157} INFO - Started process (PID=603) to work on /opt/airflow/dags/dag.py
[2023-11-05T11:53:09.438+0000] {processor.py:829} INFO - Processing file /opt/airflow/dags/dag.py for tasks to queue
[2023-11-05T11:53:09.441+0000] {logging_mixin.py:151} INFO - [2023-11-05T11:53:09.439+0000] {dagbag.py:539} INFO - Filling up the DagBag from /opt/airflow/dags/dag.py
[2023-11-05T11:53:09.514+0000] {processor.py:839} INFO - DAG(s) dict_keys(['random_names']) retrieved from /opt/airflow/dags/dag.py
[2023-11-05T11:53:09.668+0000] {logging_mixin.py:151} INFO - [2023-11-05T11:53:09.668+0000] {dag.py:2915} INFO - Sync 1 DAGs
[2023-11-05T11:53:09.691+0000] {logging_mixin.py:151} INFO - [2023-11-05T11:53:09.691+0000] {dag.py:3696} INFO - Setting next_dagrun for random_names to 2023-11-05T11:45:00+00:00, run_after=2023-11-05T11:50:00+00:00
[2023-11-05T11:53:09.736+0000] {processor.py:179} INFO - Processing /opt/airflow/dags/dag.py took 0.342 seconds
[2023-11-05T11:53:39.856+0000] {processor.py:157} INFO - Started process (PID=615) to work on /opt/airflow/dags/dag.py
[2023-11-05T11:53:39.942+0000] {processor.py:829} INFO - Processing file /opt/airflow/dags/dag.py for tasks to queue
[2023-11-05T11:53:39.944+0000] {logging_mixin.py:151} INFO - [2023-11-05T11:53:39.943+0000] {dagbag.py:539} INFO - Filling up the DagBag from /opt/airflow/dags/dag.py
[2023-11-05T11:53:40.000+0000] {processor.py:839} INFO - DAG(s) dict_keys(['random_names']) retrieved from /opt/airflow/dags/dag.py
[2023-11-05T11:53:40.112+0000] {logging_mixin.py:151} INFO - [2023-11-05T11:53:40.112+0000] {dag.py:2915} INFO - Sync 1 DAGs
[2023-11-05T11:53:40.140+0000] {logging_mixin.py:151} INFO - [2023-11-05T11:53:40.140+0000] {dag.py:3696} INFO - Setting next_dagrun for random_names to 2023-11-05T11:45:00+00:00, run_after=2023-11-05T11:50:00+00:00
[2023-11-05T11:53:40.186+0000] {processor.py:179} INFO - Processing /opt/airflow/dags/dag.py took 0.339 seconds
[2023-11-05T11:54:10.399+0000] {processor.py:157} INFO - Started process (PID=627) to work on /opt/airflow/dags/dag.py
[2023-11-05T11:54:10.425+0000] {processor.py:829} INFO - Processing file /opt/airflow/dags/dag.py for tasks to queue
[2023-11-05T11:54:10.428+0000] {logging_mixin.py:151} INFO - [2023-11-05T11:54:10.427+0000] {dagbag.py:539} INFO - Filling up the DagBag from /opt/airflow/dags/dag.py
[2023-11-05T11:54:10.495+0000] {processor.py:839} INFO - DAG(s) dict_keys(['random_names']) retrieved from /opt/airflow/dags/dag.py
[2023-11-05T11:54:10.514+0000] {logging_mixin.py:151} INFO - [2023-11-05T11:54:10.514+0000] {dag.py:2915} INFO - Sync 1 DAGs
[2023-11-05T11:54:10.533+0000] {logging_mixin.py:151} INFO - [2023-11-05T11:54:10.533+0000] {dag.py:3696} INFO - Setting next_dagrun for random_names to 2023-11-05T11:45:00+00:00, run_after=2023-11-05T11:50:00+00:00
[2023-11-05T11:54:10.549+0000] {processor.py:179} INFO - Processing /opt/airflow/dags/dag.py took 0.158 seconds
[2023-11-05T11:54:40.708+0000] {processor.py:157} INFO - Started process (PID=639) to work on /opt/airflow/dags/dag.py
[2023-11-05T11:54:40.709+0000] {processor.py:829} INFO - Processing file /opt/airflow/dags/dag.py for tasks to queue
[2023-11-05T11:54:40.767+0000] {logging_mixin.py:151} INFO - [2023-11-05T11:54:40.709+0000] {dagbag.py:539} INFO - Filling up the DagBag from /opt/airflow/dags/dag.py
[2023-11-05T11:54:41.264+0000] {processor.py:839} INFO - DAG(s) dict_keys(['random_names']) retrieved from /opt/airflow/dags/dag.py
[2023-11-05T11:54:41.512+0000] {logging_mixin.py:151} INFO - [2023-11-05T11:54:41.512+0000] {dag.py:2915} INFO - Sync 1 DAGs
[2023-11-05T11:54:41.631+0000] {logging_mixin.py:151} INFO - [2023-11-05T11:54:41.630+0000] {dag.py:3696} INFO - Setting next_dagrun for random_names to 2023-11-05T11:45:00+00:00, run_after=2023-11-05T11:50:00+00:00
[2023-11-05T11:54:41.715+0000] {processor.py:179} INFO - Processing /opt/airflow/dags/dag.py took 1.054 seconds
[2023-11-05T11:55:12.421+0000] {processor.py:157} INFO - Started process (PID=650) to work on /opt/airflow/dags/dag.py
[2023-11-05T11:55:12.995+0000] {processor.py:829} INFO - Processing file /opt/airflow/dags/dag.py for tasks to queue
[2023-11-05T11:55:12.998+0000] {logging_mixin.py:151} INFO - [2023-11-05T11:55:12.997+0000] {dagbag.py:539} INFO - Filling up the DagBag from /opt/airflow/dags/dag.py
[2023-11-05T11:55:16.591+0000] {processor.py:839} INFO - DAG(s) dict_keys(['random_names']) retrieved from /opt/airflow/dags/dag.py
[2023-11-05T11:55:17.310+0000] {logging_mixin.py:151} INFO - [2023-11-05T11:55:17.309+0000] {dag.py:2915} INFO - Sync 1 DAGs
[2023-11-05T11:55:17.905+0000] {logging_mixin.py:151} INFO - [2023-11-05T11:55:17.904+0000] {dag.py:3696} INFO - Setting next_dagrun for random_names to 2023-11-05T11:50:00+00:00, run_after=2023-11-05T11:55:00+00:00
[2023-11-05T11:55:18.270+0000] {processor.py:179} INFO - Processing /opt/airflow/dags/dag.py took 6.180 seconds
[2023-11-05T11:55:48.462+0000] {processor.py:157} INFO - Started process (PID=663) to work on /opt/airflow/dags/dag.py
[2023-11-05T11:55:48.463+0000] {processor.py:829} INFO - Processing file /opt/airflow/dags/dag.py for tasks to queue
[2023-11-05T11:55:48.464+0000] {logging_mixin.py:151} INFO - [2023-11-05T11:55:48.463+0000] {dagbag.py:539} INFO - Filling up the DagBag from /opt/airflow/dags/dag.py
[2023-11-05T11:55:48.509+0000] {processor.py:839} INFO - DAG(s) dict_keys(['random_names']) retrieved from /opt/airflow/dags/dag.py
[2023-11-05T11:55:48.530+0000] {logging_mixin.py:151} INFO - [2023-11-05T11:55:48.530+0000] {dag.py:2915} INFO - Sync 1 DAGs
[2023-11-05T11:55:48.554+0000] {logging_mixin.py:151} INFO - [2023-11-05T11:55:48.554+0000] {dag.py:3696} INFO - Setting next_dagrun for random_names to 2023-11-05T11:50:00+00:00, run_after=2023-11-05T11:55:00+00:00
[2023-11-05T11:55:48.605+0000] {processor.py:179} INFO - Processing /opt/airflow/dags/dag.py took 0.146 seconds
[2023-11-05T11:56:18.709+0000] {processor.py:157} INFO - Started process (PID=675) to work on /opt/airflow/dags/dag.py
[2023-11-05T11:56:18.710+0000] {processor.py:829} INFO - Processing file /opt/airflow/dags/dag.py for tasks to queue
[2023-11-05T11:56:18.711+0000] {logging_mixin.py:151} INFO - [2023-11-05T11:56:18.711+0000] {dagbag.py:539} INFO - Filling up the DagBag from /opt/airflow/dags/dag.py
[2023-11-05T11:56:18.770+0000] {processor.py:839} INFO - DAG(s) dict_keys(['random_names']) retrieved from /opt/airflow/dags/dag.py
[2023-11-05T11:56:18.794+0000] {logging_mixin.py:151} INFO - [2023-11-05T11:56:18.794+0000] {dag.py:2915} INFO - Sync 1 DAGs
[2023-11-05T11:56:18.821+0000] {logging_mixin.py:151} INFO - [2023-11-05T11:56:18.821+0000] {dag.py:3696} INFO - Setting next_dagrun for random_names to 2023-11-05T11:50:00+00:00, run_after=2023-11-05T11:55:00+00:00
[2023-11-05T11:56:18.852+0000] {processor.py:179} INFO - Processing /opt/airflow/dags/dag.py took 0.148 seconds
[2023-11-05T11:56:49.028+0000] {processor.py:157} INFO - Started process (PID=687) to work on /opt/airflow/dags/dag.py
[2023-11-05T11:56:49.051+0000] {processor.py:829} INFO - Processing file /opt/airflow/dags/dag.py for tasks to queue
[2023-11-05T11:56:49.052+0000] {logging_mixin.py:151} INFO - [2023-11-05T11:56:49.051+0000] {dagbag.py:539} INFO - Filling up the DagBag from /opt/airflow/dags/dag.py
[2023-11-05T11:56:50.039+0000] {processor.py:839} INFO - DAG(s) dict_keys(['random_names']) retrieved from /opt/airflow/dags/dag.py
[2023-11-05T11:56:50.592+0000] {logging_mixin.py:151} INFO - [2023-11-05T11:56:50.592+0000] {dag.py:2915} INFO - Sync 1 DAGs
[2023-11-05T11:56:50.635+0000] {logging_mixin.py:151} INFO - [2023-11-05T11:56:50.634+0000] {dag.py:3696} INFO - Setting next_dagrun for random_names to 2023-11-05T11:50:00+00:00, run_after=2023-11-05T11:55:00+00:00
[2023-11-05T11:56:50.714+0000] {processor.py:179} INFO - Processing /opt/airflow/dags/dag.py took 1.689 seconds
[2023-11-05T11:57:21.160+0000] {processor.py:157} INFO - Started process (PID=692) to work on /opt/airflow/dags/dag.py
[2023-11-05T11:57:22.355+0000] {processor.py:829} INFO - Processing file /opt/airflow/dags/dag.py for tasks to queue
[2023-11-05T11:57:22.358+0000] {logging_mixin.py:151} INFO - [2023-11-05T11:57:22.357+0000] {dagbag.py:539} INFO - Filling up the DagBag from /opt/airflow/dags/dag.py
[2023-11-05T11:57:25.740+0000] {processor.py:839} INFO - DAG(s) dict_keys(['random_names']) retrieved from /opt/airflow/dags/dag.py
[2023-11-05T11:57:30.050+0000] {logging_mixin.py:151} INFO - [2023-11-05T11:57:30.050+0000] {dag.py:2915} INFO - Sync 1 DAGs
[2023-11-05T11:57:30.867+0000] {logging_mixin.py:151} INFO - [2023-11-05T11:57:30.866+0000] {dag.py:3696} INFO - Setting next_dagrun for random_names to 2023-11-05T11:50:00+00:00, run_after=2023-11-05T11:55:00+00:00
[2023-11-05T11:57:31.579+0000] {processor.py:179} INFO - Processing /opt/airflow/dags/dag.py took 10.428 seconds
[2023-11-05T11:58:01.828+0000] {processor.py:157} INFO - Started process (PID=704) to work on /opt/airflow/dags/dag.py
[2023-11-05T11:58:02.177+0000] {processor.py:829} INFO - Processing file /opt/airflow/dags/dag.py for tasks to queue
[2023-11-05T11:58:02.241+0000] {logging_mixin.py:151} INFO - [2023-11-05T11:58:02.179+0000] {dagbag.py:539} INFO - Filling up the DagBag from /opt/airflow/dags/dag.py
[2023-11-05T11:58:03.441+0000] {processor.py:839} INFO - DAG(s) dict_keys(['random_names']) retrieved from /opt/airflow/dags/dag.py
[2023-11-05T11:58:03.605+0000] {logging_mixin.py:151} INFO - [2023-11-05T11:58:03.604+0000] {dag.py:2915} INFO - Sync 1 DAGs
[2023-11-05T11:58:03.642+0000] {logging_mixin.py:151} INFO - [2023-11-05T11:58:03.641+0000] {dag.py:3696} INFO - Setting next_dagrun for random_names to 2023-11-05T11:50:00+00:00, run_after=2023-11-05T11:55:00+00:00
[2023-11-05T11:58:03.741+0000] {processor.py:179} INFO - Processing /opt/airflow/dags/dag.py took 1.924 seconds
[2023-11-05T11:58:33.792+0000] {processor.py:157} INFO - Started process (PID=716) to work on /opt/airflow/dags/dag.py
[2023-11-05T11:58:33.793+0000] {processor.py:829} INFO - Processing file /opt/airflow/dags/dag.py for tasks to queue
[2023-11-05T11:58:33.794+0000] {logging_mixin.py:151} INFO - [2023-11-05T11:58:33.794+0000] {dagbag.py:539} INFO - Filling up the DagBag from /opt/airflow/dags/dag.py
[2023-11-05T11:58:34.164+0000] {processor.py:839} INFO - DAG(s) dict_keys(['random_names']) retrieved from /opt/airflow/dags/dag.py
[2023-11-05T11:58:34.184+0000] {logging_mixin.py:151} INFO - [2023-11-05T11:58:34.184+0000] {dag.py:2915} INFO - Sync 1 DAGs
[2023-11-05T11:58:34.204+0000] {logging_mixin.py:151} INFO - [2023-11-05T11:58:34.203+0000] {dag.py:3696} INFO - Setting next_dagrun for random_names to 2023-11-05T11:50:00+00:00, run_after=2023-11-05T11:55:00+00:00
[2023-11-05T11:58:34.236+0000] {processor.py:179} INFO - Processing /opt/airflow/dags/dag.py took 0.449 seconds
[2023-11-05T11:59:04.812+0000] {processor.py:157} INFO - Started process (PID=728) to work on /opt/airflow/dags/dag.py
[2023-11-05T11:59:05.176+0000] {processor.py:829} INFO - Processing file /opt/airflow/dags/dag.py for tasks to queue
[2023-11-05T11:59:05.179+0000] {logging_mixin.py:151} INFO - [2023-11-05T11:59:05.178+0000] {dagbag.py:539} INFO - Filling up the DagBag from /opt/airflow/dags/dag.py
[2023-11-05T11:59:06.920+0000] {processor.py:839} INFO - DAG(s) dict_keys(['random_names']) retrieved from /opt/airflow/dags/dag.py
[2023-11-05T11:59:14.729+0000] {logging_mixin.py:151} INFO - [2023-11-05T11:59:14.729+0000] {dag.py:2915} INFO - Sync 1 DAGs
[2023-11-05T11:59:14.870+0000] {logging_mixin.py:151} INFO - [2023-11-05T11:59:14.870+0000] {dag.py:3696} INFO - Setting next_dagrun for random_names to 2023-11-05T11:50:00+00:00, run_after=2023-11-05T11:55:00+00:00
[2023-11-05T11:59:15.153+0000] {processor.py:179} INFO - Processing /opt/airflow/dags/dag.py took 10.348 seconds
[2023-11-05T11:59:46.120+0000] {processor.py:157} INFO - Started process (PID=741) to work on /opt/airflow/dags/dag.py
[2023-11-05T11:59:46.175+0000] {processor.py:829} INFO - Processing file /opt/airflow/dags/dag.py for tasks to queue
[2023-11-05T11:59:46.243+0000] {logging_mixin.py:151} INFO - [2023-11-05T11:59:46.176+0000] {dagbag.py:539} INFO - Filling up the DagBag from /opt/airflow/dags/dag.py
[2023-11-05T11:59:47.845+0000] {processor.py:839} INFO - DAG(s) dict_keys(['random_names']) retrieved from /opt/airflow/dags/dag.py
[2023-11-05T11:59:48.167+0000] {logging_mixin.py:151} INFO - [2023-11-05T11:59:48.167+0000] {dag.py:2915} INFO - Sync 1 DAGs
[2023-11-05T11:59:48.298+0000] {logging_mixin.py:151} INFO - [2023-11-05T11:59:48.298+0000] {dag.py:3696} INFO - Setting next_dagrun for random_names to 2023-11-05T11:50:00+00:00, run_after=2023-11-05T11:55:00+00:00
[2023-11-05T11:59:48.463+0000] {processor.py:179} INFO - Processing /opt/airflow/dags/dag.py took 2.347 seconds
[2023-11-05T12:00:18.692+0000] {processor.py:157} INFO - Started process (PID=753) to work on /opt/airflow/dags/dag.py
[2023-11-05T12:00:18.694+0000] {processor.py:829} INFO - Processing file /opt/airflow/dags/dag.py for tasks to queue
[2023-11-05T12:00:18.696+0000] {logging_mixin.py:151} INFO - [2023-11-05T12:00:18.695+0000] {dagbag.py:539} INFO - Filling up the DagBag from /opt/airflow/dags/dag.py
[2023-11-05T12:00:18.752+0000] {processor.py:839} INFO - DAG(s) dict_keys(['random_names']) retrieved from /opt/airflow/dags/dag.py
[2023-11-05T12:00:18.778+0000] {logging_mixin.py:151} INFO - [2023-11-05T12:00:18.778+0000] {dag.py:2915} INFO - Sync 1 DAGs
[2023-11-05T12:00:18.816+0000] {logging_mixin.py:151} INFO - [2023-11-05T12:00:18.816+0000] {dag.py:3696} INFO - Setting next_dagrun for random_names to 2023-11-05T11:55:00+00:00, run_after=2023-11-05T12:00:00+00:00
[2023-11-05T12:00:18.986+0000] {processor.py:179} INFO - Processing /opt/airflow/dags/dag.py took 0.303 seconds
[2023-11-05T12:00:49.189+0000] {processor.py:157} INFO - Started process (PID=765) to work on /opt/airflow/dags/dag.py
[2023-11-05T12:00:49.190+0000] {processor.py:829} INFO - Processing file /opt/airflow/dags/dag.py for tasks to queue
[2023-11-05T12:00:49.191+0000] {logging_mixin.py:151} INFO - [2023-11-05T12:00:49.191+0000] {dagbag.py:539} INFO - Filling up the DagBag from /opt/airflow/dags/dag.py
[2023-11-05T12:00:49.241+0000] {processor.py:839} INFO - DAG(s) dict_keys(['random_names']) retrieved from /opt/airflow/dags/dag.py
[2023-11-05T12:00:49.269+0000] {logging_mixin.py:151} INFO - [2023-11-05T12:00:49.269+0000] {dag.py:2915} INFO - Sync 1 DAGs
[2023-11-05T12:00:49.317+0000] {logging_mixin.py:151} INFO - [2023-11-05T12:00:49.316+0000] {dag.py:3696} INFO - Setting next_dagrun for random_names to 2023-11-05T11:55:00+00:00, run_after=2023-11-05T12:00:00+00:00
[2023-11-05T12:00:49.345+0000] {processor.py:179} INFO - Processing /opt/airflow/dags/dag.py took 0.160 seconds
[2023-11-05T12:01:21.244+0000] {processor.py:157} INFO - Started process (PID=777) to work on /opt/airflow/dags/dag.py
[2023-11-05T12:01:21.474+0000] {processor.py:829} INFO - Processing file /opt/airflow/dags/dag.py for tasks to queue
[2023-11-05T12:01:21.550+0000] {logging_mixin.py:151} INFO - [2023-11-05T12:01:21.477+0000] {dagbag.py:539} INFO - Filling up the DagBag from /opt/airflow/dags/dag.py
[2023-11-05T12:01:25.965+0000] {processor.py:839} INFO - DAG(s) dict_keys(['random_names']) retrieved from /opt/airflow/dags/dag.py
[2023-11-05T12:01:36.144+0000] {logging_mixin.py:151} INFO - [2023-11-05T12:01:36.143+0000] {dag.py:2915} INFO - Sync 1 DAGs
[2023-11-05T12:01:36.488+0000] {logging_mixin.py:151} INFO - [2023-11-05T12:01:36.487+0000] {dag.py:3696} INFO - Setting next_dagrun for random_names to 2023-11-05T11:55:00+00:00, run_after=2023-11-05T12:00:00+00:00
[2023-11-05T12:01:36.866+0000] {processor.py:179} INFO - Processing /opt/airflow/dags/dag.py took 15.938 seconds
[2023-11-05T12:02:07.436+0000] {processor.py:157} INFO - Started process (PID=789) to work on /opt/airflow/dags/dag.py
[2023-11-05T12:02:08.049+0000] {processor.py:829} INFO - Processing file /opt/airflow/dags/dag.py for tasks to queue
[2023-11-05T12:02:08.052+0000] {logging_mixin.py:151} INFO - [2023-11-05T12:02:08.051+0000] {dagbag.py:539} INFO - Filling up the DagBag from /opt/airflow/dags/dag.py
[2023-11-05T12:02:09.440+0000] {processor.py:839} INFO - DAG(s) dict_keys(['random_names']) retrieved from /opt/airflow/dags/dag.py
[2023-11-05T12:02:10.317+0000] {logging_mixin.py:151} INFO - [2023-11-05T12:02:10.317+0000] {dag.py:2915} INFO - Sync 1 DAGs
[2023-11-05T12:02:10.344+0000] {logging_mixin.py:151} INFO - [2023-11-05T12:02:10.343+0000] {dag.py:3696} INFO - Setting next_dagrun for random_names to 2023-11-05T11:55:00+00:00, run_after=2023-11-05T12:00:00+00:00
[2023-11-05T12:02:10.523+0000] {processor.py:179} INFO - Processing /opt/airflow/dags/dag.py took 3.093 seconds
[2023-11-05T12:02:41.056+0000] {processor.py:157} INFO - Started process (PID=801) to work on /opt/airflow/dags/dag.py
[2023-11-05T12:02:41.084+0000] {processor.py:829} INFO - Processing file /opt/airflow/dags/dag.py for tasks to queue
[2023-11-05T12:02:41.087+0000] {logging_mixin.py:151} INFO - [2023-11-05T12:02:41.086+0000] {dagbag.py:539} INFO - Filling up the DagBag from /opt/airflow/dags/dag.py
[2023-11-05T12:02:41.148+0000] {processor.py:839} INFO - DAG(s) dict_keys(['random_names']) retrieved from /opt/airflow/dags/dag.py
[2023-11-05T12:02:41.174+0000] {logging_mixin.py:151} INFO - [2023-11-05T12:02:41.174+0000] {dag.py:2915} INFO - Sync 1 DAGs
[2023-11-05T12:02:41.197+0000] {logging_mixin.py:151} INFO - [2023-11-05T12:02:41.197+0000] {dag.py:3696} INFO - Setting next_dagrun for random_names to 2023-11-05T11:55:00+00:00, run_after=2023-11-05T12:00:00+00:00
[2023-11-05T12:02:41.255+0000] {processor.py:179} INFO - Processing /opt/airflow/dags/dag.py took 0.206 seconds
[2023-11-05T12:03:11.613+0000] {processor.py:157} INFO - Started process (PID=813) to work on /opt/airflow/dags/dag.py
[2023-11-05T12:03:11.989+0000] {processor.py:829} INFO - Processing file /opt/airflow/dags/dag.py for tasks to queue
[2023-11-05T12:03:12.021+0000] {logging_mixin.py:151} INFO - [2023-11-05T12:03:11.991+0000] {dagbag.py:539} INFO - Filling up the DagBag from /opt/airflow/dags/dag.py
[2023-11-05T12:03:12.922+0000] {processor.py:839} INFO - DAG(s) dict_keys(['random_names']) retrieved from /opt/airflow/dags/dag.py
[2023-11-05T12:03:15.212+0000] {logging_mixin.py:151} INFO - [2023-11-05T12:03:15.211+0000] {dag.py:2915} INFO - Sync 1 DAGs
[2023-11-05T12:03:15.393+0000] {logging_mixin.py:151} INFO - [2023-11-05T12:03:15.392+0000] {dag.py:3696} INFO - Setting next_dagrun for random_names to 2023-11-05T11:55:00+00:00, run_after=2023-11-05T12:00:00+00:00
[2023-11-05T12:03:15.821+0000] {processor.py:179} INFO - Processing /opt/airflow/dags/dag.py took 4.255 seconds
