[2023-10-30T11:20:07.025+0000] {taskinstance.py:1157} INFO - Dependencies all met for dep_context=non-requeueable deps ti=<TaskInstance: random_names.streaming_to_kafka scheduled__2023-10-30T11:15:00+00:00 [queued]>
[2023-10-30T11:20:07.033+0000] {taskinstance.py:1157} INFO - Dependencies all met for dep_context=requeueable deps ti=<TaskInstance: random_names.streaming_to_kafka scheduled__2023-10-30T11:15:00+00:00 [queued]>
[2023-10-30T11:20:07.033+0000] {taskinstance.py:1359} INFO - Starting attempt 1 of 1
[2023-10-30T11:20:07.102+0000] {taskinstance.py:1380} INFO - Executing <Task(PythonOperator): streaming_to_kafka> on 2023-10-30 11:15:00+00:00
[2023-10-30T11:20:07.111+0000] {standard_task_runner.py:57} INFO - Started process 227 to run task
[2023-10-30T11:20:07.117+0000] {standard_task_runner.py:84} INFO - Running: ['***', 'tasks', 'run', 'random_names', 'streaming_to_kafka', 'scheduled__2023-10-30T11:15:00+00:00', '--job-id', '44', '--raw', '--subdir', 'DAGS_FOLDER/dag.py', '--cfg-path', '/tmp/tmptqomd3u8']
[2023-10-30T11:20:07.123+0000] {standard_task_runner.py:85} INFO - Job 44: Subtask streaming_to_kafka
[2023-10-30T11:20:07.225+0000] {task_command.py:415} INFO - Running <TaskInstance: random_names.streaming_to_kafka scheduled__2023-10-30T11:15:00+00:00 [running]> on host df75f57c0534
[2023-10-30T11:20:07.369+0000] {taskinstance.py:1660} INFO - Exporting env vars: AIRFLOW_CTX_DAG_OWNER='***' AIRFLOW_CTX_DAG_ID='random_names' AIRFLOW_CTX_TASK_ID='streaming_to_kafka' AIRFLOW_CTX_EXECUTION_DATE='2023-10-30T11:15:00+00:00' AIRFLOW_CTX_TRY_NUMBER='1' AIRFLOW_CTX_DAG_RUN_ID='scheduled__2023-10-30T11:15:00+00:00'
[2023-10-30T11:20:08.157+0000] {logging_mixin.py:151} INFO - {'full name': 'Mr Emil Hock', 'gender': 'male', 'location': 'Kirchgasse 8619', 'city': 'Oberwesel', 'country': 'Germany', 'postcode': 92055, 'latitude': '-53.1692', 'longtitude': '-15.5485', 'email': 'emil.hock@example.com'}
[2023-10-30T11:20:08.166+0000] {conn.py:380} INFO - <BrokerConnection node_id=bootstrap-0 host=localhost:29092 <connecting> [IPv4 ('127.0.0.1', 29092)]>: connecting to localhost:29092 [('127.0.0.1', 29092) IPv4]
[2023-10-30T11:20:08.167+0000] {conn.py:1205} INFO - Probing node bootstrap-0 broker version
[2023-10-30T11:20:08.168+0000] {conn.py:418} ERROR - Connect attempt to <BrokerConnection node_id=bootstrap-0 host=localhost:29092 <connecting> [IPv4 ('127.0.0.1', 29092)]> returned error 111. Disconnecting.
[2023-10-30T11:20:08.169+0000] {conn.py:919} INFO - <BrokerConnection node_id=bootstrap-0 host=localhost:29092 <connecting> [IPv4 ('127.0.0.1', 29092)]>: Closing connection. KafkaConnectionError: 111 ECONNREFUSED
[2023-10-30T11:20:08.215+0000] {conn.py:380} INFO - <BrokerConnection node_id=bootstrap-0 host=localhost:29092 <connecting> [IPv4 ('127.0.0.1', 29092)]>: connecting to localhost:29092 [('127.0.0.1', 29092) IPv4]
[2023-10-30T11:20:08.238+0000] {conn.py:418} ERROR - Connect attempt to <BrokerConnection node_id=bootstrap-0 host=localhost:29092 <connecting> [IPv4 ('127.0.0.1', 29092)]> returned error 111. Disconnecting.
[2023-10-30T11:20:08.239+0000] {conn.py:919} INFO - <BrokerConnection node_id=bootstrap-0 host=localhost:29092 <connecting> [IPv4 ('127.0.0.1', 29092)]>: Closing connection. KafkaConnectionError: 111 ECONNREFUSED
[2023-10-30T11:20:08.265+0000] {conn.py:380} INFO - <BrokerConnection node_id=bootstrap-0 host=localhost:29092 <connecting> [IPv6 ('::1', 29092, 0, 0)]>: connecting to localhost:29092 [('::1', 29092, 0, 0) IPv6]
[2023-10-30T11:20:08.265+0000] {conn.py:418} ERROR - Connect attempt to <BrokerConnection node_id=bootstrap-0 host=localhost:29092 <connecting> [IPv6 ('::1', 29092, 0, 0)]> returned error 99. Disconnecting.
[2023-10-30T11:20:08.266+0000] {conn.py:919} INFO - <BrokerConnection node_id=bootstrap-0 host=localhost:29092 <connecting> [IPv6 ('::1', 29092, 0, 0)]>: Closing connection. KafkaConnectionError: 99 EADDRNOTAVAIL
[2023-10-30T11:20:08.266+0000] {taskinstance.py:1935} ERROR - Task failed with exception
Traceback (most recent call last):
  File "/home/airflow/.local/lib/python3.8/site-packages/airflow/operators/python.py", line 192, in execute
    return_value = self.execute_callable()
  File "/home/airflow/.local/lib/python3.8/site-packages/airflow/operators/python.py", line 209, in execute_callable
    return self.python_callable(*self.op_args, **self.op_kwargs)
  File "/opt/airflow/dags/scripts/script.py", line 50, in start_streaming
    producer = get_kafka_producer()
  File "/opt/airflow/dags/scripts/script.py", line 31, in get_kafka_producer
    producer = KafkaProducer(
  File "/home/airflow/.local/lib/python3.8/site-packages/kafka/producer/kafka.py", line 381, in __init__
    client = KafkaClient(metrics=self._metrics, metric_group_prefix='producer',
  File "/home/airflow/.local/lib/python3.8/site-packages/kafka/client_async.py", line 244, in __init__
    self.config['api_version'] = self.check_version(timeout=check_timeout)
  File "/home/airflow/.local/lib/python3.8/site-packages/kafka/client_async.py", line 900, in check_version
    raise Errors.NoBrokersAvailable()
kafka.errors.NoBrokersAvailable: NoBrokersAvailable
[2023-10-30T11:20:08.414+0000] {taskinstance.py:1398} INFO - Marking task as FAILED. dag_id=random_names, task_id=streaming_to_kafka, execution_date=20231030T111500, start_date=20231030T112007, end_date=20231030T112008
[2023-10-30T11:20:08.474+0000] {standard_task_runner.py:104} ERROR - Failed to execute job 44 for task streaming_to_kafka (NoBrokersAvailable; 227)
[2023-10-30T11:20:08.533+0000] {local_task_job_runner.py:228} INFO - Task exited with return code 1
[2023-10-30T11:20:08.572+0000] {taskinstance.py:2776} INFO - 0 downstream tasks scheduled from follow-on schedule check
