[2023-11-03T19:48:48.394+0000] {processor.py:157} INFO - Started process (PID=169) to work on /opt/airflow/dags/dag.py
[2023-11-03T19:48:48.395+0000] {processor.py:829} INFO - Processing file /opt/airflow/dags/dag.py for tasks to queue
[2023-11-03T19:48:48.396+0000] {logging_mixin.py:151} INFO - [2023-11-03T19:48:48.396+0000] {dagbag.py:539} INFO - Filling up the DagBag from /opt/airflow/dags/dag.py
[2023-11-03T19:48:50.103+0000] {processor.py:839} INFO - DAG(s) dict_keys(['random_names']) retrieved from /opt/airflow/dags/dag.py
[2023-11-03T19:48:52.116+0000] {logging_mixin.py:151} INFO - [2023-11-03T19:48:52.116+0000] {security.py:708} INFO - Not syncing DAG-level permissions for DAG 'DAG:random_names' as access control is unset.
[2023-11-03T19:48:52.116+0000] {logging_mixin.py:151} INFO - [2023-11-03T19:48:52.116+0000] {dag.py:2915} INFO - Sync 1 DAGs
[2023-11-03T19:48:52.380+0000] {logging_mixin.py:151} INFO - [2023-11-03T19:48:52.379+0000] {dag.py:3696} INFO - Setting next_dagrun for random_names to 2023-11-03T19:40:00+00:00, run_after=2023-11-03T19:45:00+00:00
[2023-11-03T19:48:56.258+0000] {processor.py:179} INFO - Processing /opt/airflow/dags/dag.py took 7.867 seconds
[2023-11-03T19:49:26.443+0000] {processor.py:157} INFO - Started process (PID=184) to work on /opt/airflow/dags/dag.py
[2023-11-03T19:49:26.537+0000] {processor.py:829} INFO - Processing file /opt/airflow/dags/dag.py for tasks to queue
[2023-11-03T19:49:26.538+0000] {logging_mixin.py:151} INFO - [2023-11-03T19:49:26.538+0000] {dagbag.py:539} INFO - Filling up the DagBag from /opt/airflow/dags/dag.py
[2023-11-03T19:49:26.761+0000] {processor.py:839} INFO - DAG(s) dict_keys(['random_names']) retrieved from /opt/airflow/dags/dag.py
[2023-11-03T19:49:26.793+0000] {logging_mixin.py:151} INFO - [2023-11-03T19:49:26.793+0000] {dag.py:2915} INFO - Sync 1 DAGs
[2023-11-03T19:49:26.817+0000] {logging_mixin.py:151} INFO - [2023-11-03T19:49:26.817+0000] {dag.py:3696} INFO - Setting next_dagrun for random_names to 2023-11-03T19:45:00+00:00, run_after=2023-11-03T19:50:00+00:00
[2023-11-03T19:49:26.893+0000] {processor.py:179} INFO - Processing /opt/airflow/dags/dag.py took 0.452 seconds
[2023-11-03T19:49:57.082+0000] {processor.py:157} INFO - Started process (PID=196) to work on /opt/airflow/dags/dag.py
[2023-11-03T19:49:57.195+0000] {processor.py:829} INFO - Processing file /opt/airflow/dags/dag.py for tasks to queue
[2023-11-03T19:49:57.197+0000] {logging_mixin.py:151} INFO - [2023-11-03T19:49:57.196+0000] {dagbag.py:539} INFO - Filling up the DagBag from /opt/airflow/dags/dag.py
[2023-11-03T19:49:57.367+0000] {processor.py:839} INFO - DAG(s) dict_keys(['random_names']) retrieved from /opt/airflow/dags/dag.py
[2023-11-03T19:49:57.386+0000] {logging_mixin.py:151} INFO - [2023-11-03T19:49:57.386+0000] {dag.py:2915} INFO - Sync 1 DAGs
[2023-11-03T19:49:57.405+0000] {logging_mixin.py:151} INFO - [2023-11-03T19:49:57.405+0000] {dag.py:3696} INFO - Setting next_dagrun for random_names to 2023-11-03T19:45:00+00:00, run_after=2023-11-03T19:50:00+00:00
[2023-11-03T19:49:57.543+0000] {processor.py:179} INFO - Processing /opt/airflow/dags/dag.py took 0.470 seconds
[2023-11-03T19:50:27.789+0000] {processor.py:157} INFO - Started process (PID=211) to work on /opt/airflow/dags/dag.py
[2023-11-03T19:50:27.801+0000] {processor.py:829} INFO - Processing file /opt/airflow/dags/dag.py for tasks to queue
[2023-11-03T19:50:27.803+0000] {logging_mixin.py:151} INFO - [2023-11-03T19:50:27.802+0000] {dagbag.py:539} INFO - Filling up the DagBag from /opt/airflow/dags/dag.py
[2023-11-03T19:50:27.956+0000] {processor.py:839} INFO - DAG(s) dict_keys(['random_names']) retrieved from /opt/airflow/dags/dag.py
[2023-11-03T19:50:27.975+0000] {logging_mixin.py:151} INFO - [2023-11-03T19:50:27.975+0000] {dag.py:2915} INFO - Sync 1 DAGs
[2023-11-03T19:50:27.993+0000] {logging_mixin.py:151} INFO - [2023-11-03T19:50:27.993+0000] {dag.py:3696} INFO - Setting next_dagrun for random_names to 2023-11-03T19:50:00+00:00, run_after=2023-11-03T19:55:00+00:00
[2023-11-03T19:50:28.107+0000] {processor.py:179} INFO - Processing /opt/airflow/dags/dag.py took 0.325 seconds
[2023-11-03T19:50:58.349+0000] {processor.py:157} INFO - Started process (PID=223) to work on /opt/airflow/dags/dag.py
[2023-11-03T19:50:58.374+0000] {processor.py:829} INFO - Processing file /opt/airflow/dags/dag.py for tasks to queue
[2023-11-03T19:50:58.377+0000] {logging_mixin.py:151} INFO - [2023-11-03T19:50:58.376+0000] {dagbag.py:539} INFO - Filling up the DagBag from /opt/airflow/dags/dag.py
[2023-11-03T19:50:58.556+0000] {processor.py:839} INFO - DAG(s) dict_keys(['random_names']) retrieved from /opt/airflow/dags/dag.py
[2023-11-03T19:50:58.589+0000] {logging_mixin.py:151} INFO - [2023-11-03T19:50:58.589+0000] {dag.py:2915} INFO - Sync 1 DAGs
[2023-11-03T19:50:58.615+0000] {logging_mixin.py:151} INFO - [2023-11-03T19:50:58.614+0000] {dag.py:3696} INFO - Setting next_dagrun for random_names to 2023-11-03T19:50:00+00:00, run_after=2023-11-03T19:55:00+00:00
[2023-11-03T19:50:58.702+0000] {processor.py:179} INFO - Processing /opt/airflow/dags/dag.py took 0.360 seconds
[2023-11-03T19:51:28.887+0000] {processor.py:157} INFO - Started process (PID=235) to work on /opt/airflow/dags/dag.py
[2023-11-03T19:51:28.912+0000] {processor.py:829} INFO - Processing file /opt/airflow/dags/dag.py for tasks to queue
[2023-11-03T19:51:28.913+0000] {logging_mixin.py:151} INFO - [2023-11-03T19:51:28.913+0000] {dagbag.py:539} INFO - Filling up the DagBag from /opt/airflow/dags/dag.py
[2023-11-03T19:51:29.081+0000] {processor.py:839} INFO - DAG(s) dict_keys(['random_names']) retrieved from /opt/airflow/dags/dag.py
[2023-11-03T19:51:29.101+0000] {logging_mixin.py:151} INFO - [2023-11-03T19:51:29.100+0000] {dag.py:2915} INFO - Sync 1 DAGs
[2023-11-03T19:51:29.119+0000] {logging_mixin.py:151} INFO - [2023-11-03T19:51:29.119+0000] {dag.py:3696} INFO - Setting next_dagrun for random_names to 2023-11-03T19:50:00+00:00, run_after=2023-11-03T19:55:00+00:00
[2023-11-03T19:51:29.145+0000] {processor.py:179} INFO - Processing /opt/airflow/dags/dag.py took 0.263 seconds
[2023-11-03T19:51:59.494+0000] {processor.py:157} INFO - Started process (PID=247) to work on /opt/airflow/dags/dag.py
[2023-11-03T19:51:59.521+0000] {processor.py:829} INFO - Processing file /opt/airflow/dags/dag.py for tasks to queue
[2023-11-03T19:51:59.524+0000] {logging_mixin.py:151} INFO - [2023-11-03T19:51:59.523+0000] {dagbag.py:539} INFO - Filling up the DagBag from /opt/airflow/dags/dag.py
[2023-11-03T19:51:59.585+0000] {processor.py:839} INFO - DAG(s) dict_keys(['random_names']) retrieved from /opt/airflow/dags/dag.py
[2023-11-03T19:51:59.608+0000] {logging_mixin.py:151} INFO - [2023-11-03T19:51:59.608+0000] {dag.py:2915} INFO - Sync 1 DAGs
[2023-11-03T19:51:59.630+0000] {logging_mixin.py:151} INFO - [2023-11-03T19:51:59.630+0000] {dag.py:3696} INFO - Setting next_dagrun for random_names to 2023-11-03T19:50:00+00:00, run_after=2023-11-03T19:55:00+00:00
[2023-11-03T19:51:59.667+0000] {processor.py:179} INFO - Processing /opt/airflow/dags/dag.py took 0.176 seconds
[2023-11-03T19:52:29.891+0000] {processor.py:157} INFO - Started process (PID=259) to work on /opt/airflow/dags/dag.py
[2023-11-03T19:52:30.044+0000] {processor.py:829} INFO - Processing file /opt/airflow/dags/dag.py for tasks to queue
[2023-11-03T19:52:30.047+0000] {logging_mixin.py:151} INFO - [2023-11-03T19:52:30.046+0000] {dagbag.py:539} INFO - Filling up the DagBag from /opt/airflow/dags/dag.py
[2023-11-03T19:52:31.063+0000] {processor.py:839} INFO - DAG(s) dict_keys(['random_names']) retrieved from /opt/airflow/dags/dag.py
[2023-11-03T19:52:31.154+0000] {logging_mixin.py:151} INFO - [2023-11-03T19:52:31.154+0000] {dag.py:2915} INFO - Sync 1 DAGs
[2023-11-03T19:52:31.183+0000] {logging_mixin.py:151} INFO - [2023-11-03T19:52:31.182+0000] {dag.py:3696} INFO - Setting next_dagrun for random_names to 2023-11-03T19:50:00+00:00, run_after=2023-11-03T19:55:00+00:00
[2023-11-03T19:52:31.217+0000] {processor.py:179} INFO - Processing /opt/airflow/dags/dag.py took 1.329 seconds
[2023-11-03T19:53:01.409+0000] {processor.py:157} INFO - Started process (PID=271) to work on /opt/airflow/dags/dag.py
[2023-11-03T19:53:01.523+0000] {processor.py:829} INFO - Processing file /opt/airflow/dags/dag.py for tasks to queue
[2023-11-03T19:53:01.526+0000] {logging_mixin.py:151} INFO - [2023-11-03T19:53:01.525+0000] {dagbag.py:539} INFO - Filling up the DagBag from /opt/airflow/dags/dag.py
[2023-11-03T19:53:01.936+0000] {processor.py:839} INFO - DAG(s) dict_keys(['random_names']) retrieved from /opt/airflow/dags/dag.py
[2023-11-03T19:53:02.048+0000] {logging_mixin.py:151} INFO - [2023-11-03T19:53:02.048+0000] {dag.py:2915} INFO - Sync 1 DAGs
[2023-11-03T19:53:02.081+0000] {logging_mixin.py:151} INFO - [2023-11-03T19:53:02.080+0000] {dag.py:3696} INFO - Setting next_dagrun for random_names to 2023-11-03T19:50:00+00:00, run_after=2023-11-03T19:55:00+00:00
[2023-11-03T19:53:02.116+0000] {processor.py:179} INFO - Processing /opt/airflow/dags/dag.py took 0.718 seconds
[2023-11-03T19:53:32.279+0000] {processor.py:157} INFO - Started process (PID=283) to work on /opt/airflow/dags/dag.py
[2023-11-03T19:53:32.327+0000] {processor.py:829} INFO - Processing file /opt/airflow/dags/dag.py for tasks to queue
[2023-11-03T19:53:32.330+0000] {logging_mixin.py:151} INFO - [2023-11-03T19:53:32.329+0000] {dagbag.py:539} INFO - Filling up the DagBag from /opt/airflow/dags/dag.py
[2023-11-03T19:53:34.202+0000] {processor.py:839} INFO - DAG(s) dict_keys(['random_names']) retrieved from /opt/airflow/dags/dag.py
[2023-11-03T19:53:34.579+0000] {logging_mixin.py:151} INFO - [2023-11-03T19:53:34.579+0000] {dag.py:2915} INFO - Sync 1 DAGs
[2023-11-03T19:53:34.690+0000] {logging_mixin.py:151} INFO - [2023-11-03T19:53:34.690+0000] {dag.py:3696} INFO - Setting next_dagrun for random_names to 2023-11-03T19:50:00+00:00, run_after=2023-11-03T19:55:00+00:00
[2023-11-03T19:53:34.943+0000] {processor.py:179} INFO - Processing /opt/airflow/dags/dag.py took 2.676 seconds
[2023-11-03T19:54:05.642+0000] {processor.py:157} INFO - Started process (PID=295) to work on /opt/airflow/dags/dag.py
[2023-11-03T19:54:05.875+0000] {processor.py:829} INFO - Processing file /opt/airflow/dags/dag.py for tasks to queue
[2023-11-03T19:54:05.877+0000] {logging_mixin.py:151} INFO - [2023-11-03T19:54:05.876+0000] {dagbag.py:539} INFO - Filling up the DagBag from /opt/airflow/dags/dag.py
[2023-11-03T19:54:06.976+0000] {processor.py:839} INFO - DAG(s) dict_keys(['random_names']) retrieved from /opt/airflow/dags/dag.py
[2023-11-03T19:54:07.161+0000] {logging_mixin.py:151} INFO - [2023-11-03T19:54:07.160+0000] {dag.py:2915} INFO - Sync 1 DAGs
[2023-11-03T19:54:07.196+0000] {logging_mixin.py:151} INFO - [2023-11-03T19:54:07.196+0000] {dag.py:3696} INFO - Setting next_dagrun for random_names to 2023-11-03T19:50:00+00:00, run_after=2023-11-03T19:55:00+00:00
[2023-11-03T19:54:07.270+0000] {processor.py:179} INFO - Processing /opt/airflow/dags/dag.py took 1.636 seconds
[2023-11-03T19:54:37.506+0000] {processor.py:157} INFO - Started process (PID=307) to work on /opt/airflow/dags/dag.py
[2023-11-03T19:54:37.672+0000] {processor.py:829} INFO - Processing file /opt/airflow/dags/dag.py for tasks to queue
[2023-11-03T19:54:37.675+0000] {logging_mixin.py:151} INFO - [2023-11-03T19:54:37.674+0000] {dagbag.py:539} INFO - Filling up the DagBag from /opt/airflow/dags/dag.py
[2023-11-03T19:54:38.017+0000] {processor.py:839} INFO - DAG(s) dict_keys(['random_names']) retrieved from /opt/airflow/dags/dag.py
[2023-11-03T19:54:38.157+0000] {logging_mixin.py:151} INFO - [2023-11-03T19:54:38.156+0000] {dag.py:2915} INFO - Sync 1 DAGs
[2023-11-03T19:54:38.192+0000] {logging_mixin.py:151} INFO - [2023-11-03T19:54:38.191+0000] {dag.py:3696} INFO - Setting next_dagrun for random_names to 2023-11-03T19:50:00+00:00, run_after=2023-11-03T19:55:00+00:00
[2023-11-03T19:54:38.233+0000] {processor.py:179} INFO - Processing /opt/airflow/dags/dag.py took 0.736 seconds
[2023-11-03T19:55:08.432+0000] {processor.py:157} INFO - Started process (PID=320) to work on /opt/airflow/dags/dag.py
[2023-11-03T19:55:08.485+0000] {processor.py:829} INFO - Processing file /opt/airflow/dags/dag.py for tasks to queue
[2023-11-03T19:55:08.488+0000] {logging_mixin.py:151} INFO - [2023-11-03T19:55:08.487+0000] {dagbag.py:539} INFO - Filling up the DagBag from /opt/airflow/dags/dag.py
[2023-11-03T19:55:08.560+0000] {processor.py:839} INFO - DAG(s) dict_keys(['random_names']) retrieved from /opt/airflow/dags/dag.py
[2023-11-03T19:55:09.435+0000] {logging_mixin.py:151} INFO - [2023-11-03T19:55:09.435+0000] {dag.py:2915} INFO - Sync 1 DAGs
[2023-11-03T19:55:09.476+0000] {logging_mixin.py:151} INFO - [2023-11-03T19:55:09.475+0000] {dag.py:3696} INFO - Setting next_dagrun for random_names to 2023-11-03T19:55:00+00:00, run_after=2023-11-03T20:00:00+00:00
[2023-11-03T19:55:09.624+0000] {processor.py:179} INFO - Processing /opt/airflow/dags/dag.py took 1.201 seconds
[2023-11-03T19:55:39.693+0000] {processor.py:157} INFO - Started process (PID=334) to work on /opt/airflow/dags/dag.py
[2023-11-03T19:55:39.752+0000] {processor.py:829} INFO - Processing file /opt/airflow/dags/dag.py for tasks to queue
[2023-11-03T19:55:39.755+0000] {logging_mixin.py:151} INFO - [2023-11-03T19:55:39.754+0000] {dagbag.py:539} INFO - Filling up the DagBag from /opt/airflow/dags/dag.py
[2023-11-03T19:55:39.828+0000] {processor.py:839} INFO - DAG(s) dict_keys(['random_names']) retrieved from /opt/airflow/dags/dag.py
[2023-11-03T19:55:39.849+0000] {logging_mixin.py:151} INFO - [2023-11-03T19:55:39.849+0000] {dag.py:2915} INFO - Sync 1 DAGs
[2023-11-03T19:55:39.870+0000] {logging_mixin.py:151} INFO - [2023-11-03T19:55:39.869+0000] {dag.py:3696} INFO - Setting next_dagrun for random_names to 2023-11-03T19:55:00+00:00, run_after=2023-11-03T20:00:00+00:00
[2023-11-03T19:55:39.886+0000] {processor.py:179} INFO - Processing /opt/airflow/dags/dag.py took 0.204 seconds
[2023-11-03T19:56:10.096+0000] {processor.py:157} INFO - Started process (PID=346) to work on /opt/airflow/dags/dag.py
[2023-11-03T19:56:10.140+0000] {processor.py:829} INFO - Processing file /opt/airflow/dags/dag.py for tasks to queue
[2023-11-03T19:56:10.143+0000] {logging_mixin.py:151} INFO - [2023-11-03T19:56:10.142+0000] {dagbag.py:539} INFO - Filling up the DagBag from /opt/airflow/dags/dag.py
[2023-11-03T19:56:10.214+0000] {processor.py:839} INFO - DAG(s) dict_keys(['random_names']) retrieved from /opt/airflow/dags/dag.py
[2023-11-03T19:56:10.235+0000] {logging_mixin.py:151} INFO - [2023-11-03T19:56:10.235+0000] {dag.py:2915} INFO - Sync 1 DAGs
[2023-11-03T19:56:10.253+0000] {logging_mixin.py:151} INFO - [2023-11-03T19:56:10.253+0000] {dag.py:3696} INFO - Setting next_dagrun for random_names to 2023-11-03T19:55:00+00:00, run_after=2023-11-03T20:00:00+00:00
[2023-11-03T19:56:10.300+0000] {processor.py:179} INFO - Processing /opt/airflow/dags/dag.py took 0.214 seconds
[2023-11-03T19:56:40.493+0000] {processor.py:157} INFO - Started process (PID=359) to work on /opt/airflow/dags/dag.py
[2023-11-03T19:56:40.532+0000] {processor.py:829} INFO - Processing file /opt/airflow/dags/dag.py for tasks to queue
[2023-11-03T19:56:40.534+0000] {logging_mixin.py:151} INFO - [2023-11-03T19:56:40.533+0000] {dagbag.py:539} INFO - Filling up the DagBag from /opt/airflow/dags/dag.py
[2023-11-03T19:56:40.599+0000] {processor.py:839} INFO - DAG(s) dict_keys(['random_names']) retrieved from /opt/airflow/dags/dag.py
[2023-11-03T19:56:40.621+0000] {logging_mixin.py:151} INFO - [2023-11-03T19:56:40.621+0000] {dag.py:2915} INFO - Sync 1 DAGs
[2023-11-03T19:56:40.641+0000] {logging_mixin.py:151} INFO - [2023-11-03T19:56:40.641+0000] {dag.py:3696} INFO - Setting next_dagrun for random_names to 2023-11-03T19:55:00+00:00, run_after=2023-11-03T20:00:00+00:00
[2023-11-03T19:56:40.686+0000] {processor.py:179} INFO - Processing /opt/airflow/dags/dag.py took 0.196 seconds
[2023-11-03T19:57:10.735+0000] {processor.py:157} INFO - Started process (PID=371) to work on /opt/airflow/dags/dag.py
[2023-11-03T19:57:10.841+0000] {processor.py:829} INFO - Processing file /opt/airflow/dags/dag.py for tasks to queue
[2023-11-03T19:57:10.842+0000] {logging_mixin.py:151} INFO - [2023-11-03T19:57:10.842+0000] {dagbag.py:539} INFO - Filling up the DagBag from /opt/airflow/dags/dag.py
[2023-11-03T19:57:10.904+0000] {processor.py:839} INFO - DAG(s) dict_keys(['random_names']) retrieved from /opt/airflow/dags/dag.py
[2023-11-03T19:57:10.925+0000] {logging_mixin.py:151} INFO - [2023-11-03T19:57:10.925+0000] {dag.py:2915} INFO - Sync 1 DAGs
[2023-11-03T19:57:10.947+0000] {logging_mixin.py:151} INFO - [2023-11-03T19:57:10.946+0000] {dag.py:3696} INFO - Setting next_dagrun for random_names to 2023-11-03T19:55:00+00:00, run_after=2023-11-03T20:00:00+00:00
[2023-11-03T19:57:10.972+0000] {processor.py:179} INFO - Processing /opt/airflow/dags/dag.py took 0.247 seconds
[2023-11-03T19:57:41.139+0000] {processor.py:157} INFO - Started process (PID=383) to work on /opt/airflow/dags/dag.py
[2023-11-03T19:57:41.269+0000] {processor.py:829} INFO - Processing file /opt/airflow/dags/dag.py for tasks to queue
[2023-11-03T19:57:41.273+0000] {logging_mixin.py:151} INFO - [2023-11-03T19:57:41.271+0000] {dagbag.py:539} INFO - Filling up the DagBag from /opt/airflow/dags/dag.py
[2023-11-03T19:57:41.407+0000] {processor.py:839} INFO - DAG(s) dict_keys(['random_names']) retrieved from /opt/airflow/dags/dag.py
[2023-11-03T19:57:44.783+0000] {logging_mixin.py:151} INFO - [2023-11-03T19:57:44.782+0000] {dag.py:2915} INFO - Sync 1 DAGs
[2023-11-03T19:57:45.043+0000] {logging_mixin.py:151} INFO - [2023-11-03T19:57:45.043+0000] {dag.py:3696} INFO - Setting next_dagrun for random_names to 2023-11-03T19:55:00+00:00, run_after=2023-11-03T20:00:00+00:00
[2023-11-03T19:57:45.330+0000] {processor.py:179} INFO - Processing /opt/airflow/dags/dag.py took 4.194 seconds
[2023-11-03T19:58:15.730+0000] {processor.py:157} INFO - Started process (PID=395) to work on /opt/airflow/dags/dag.py
[2023-11-03T19:58:15.743+0000] {processor.py:829} INFO - Processing file /opt/airflow/dags/dag.py for tasks to queue
[2023-11-03T19:58:15.746+0000] {logging_mixin.py:151} INFO - [2023-11-03T19:58:15.744+0000] {dagbag.py:539} INFO - Filling up the DagBag from /opt/airflow/dags/dag.py
[2023-11-03T19:58:16.160+0000] {processor.py:839} INFO - DAG(s) dict_keys(['random_names']) retrieved from /opt/airflow/dags/dag.py
[2023-11-03T19:58:16.180+0000] {logging_mixin.py:151} INFO - [2023-11-03T19:58:16.179+0000] {dag.py:2915} INFO - Sync 1 DAGs
[2023-11-03T19:58:16.201+0000] {logging_mixin.py:151} INFO - [2023-11-03T19:58:16.201+0000] {dag.py:3696} INFO - Setting next_dagrun for random_names to 2023-11-03T19:55:00+00:00, run_after=2023-11-03T20:00:00+00:00
[2023-11-03T19:58:16.244+0000] {processor.py:179} INFO - Processing /opt/airflow/dags/dag.py took 0.520 seconds
[2023-11-03T19:58:46.472+0000] {processor.py:157} INFO - Started process (PID=407) to work on /opt/airflow/dags/dag.py
[2023-11-03T19:58:46.516+0000] {processor.py:829} INFO - Processing file /opt/airflow/dags/dag.py for tasks to queue
[2023-11-03T19:58:46.517+0000] {logging_mixin.py:151} INFO - [2023-11-03T19:58:46.516+0000] {dagbag.py:539} INFO - Filling up the DagBag from /opt/airflow/dags/dag.py
[2023-11-03T19:58:46.566+0000] {processor.py:839} INFO - DAG(s) dict_keys(['random_names']) retrieved from /opt/airflow/dags/dag.py
[2023-11-03T19:58:46.591+0000] {logging_mixin.py:151} INFO - [2023-11-03T19:58:46.590+0000] {dag.py:2915} INFO - Sync 1 DAGs
[2023-11-03T19:58:46.615+0000] {logging_mixin.py:151} INFO - [2023-11-03T19:58:46.614+0000] {dag.py:3696} INFO - Setting next_dagrun for random_names to 2023-11-03T19:55:00+00:00, run_after=2023-11-03T20:00:00+00:00
[2023-11-03T19:58:46.634+0000] {processor.py:179} INFO - Processing /opt/airflow/dags/dag.py took 0.165 seconds
[2023-11-03T19:59:16.823+0000] {processor.py:157} INFO - Started process (PID=418) to work on /opt/airflow/dags/dag.py
[2023-11-03T19:59:16.843+0000] {processor.py:829} INFO - Processing file /opt/airflow/dags/dag.py for tasks to queue
[2023-11-03T19:59:16.845+0000] {logging_mixin.py:151} INFO - [2023-11-03T19:59:16.845+0000] {dagbag.py:539} INFO - Filling up the DagBag from /opt/airflow/dags/dag.py
[2023-11-03T19:59:16.896+0000] {processor.py:839} INFO - DAG(s) dict_keys(['random_names']) retrieved from /opt/airflow/dags/dag.py
[2023-11-03T19:59:16.916+0000] {logging_mixin.py:151} INFO - [2023-11-03T19:59:16.916+0000] {dag.py:2915} INFO - Sync 1 DAGs
[2023-11-03T19:59:16.937+0000] {logging_mixin.py:151} INFO - [2023-11-03T19:59:16.936+0000] {dag.py:3696} INFO - Setting next_dagrun for random_names to 2023-11-03T19:55:00+00:00, run_after=2023-11-03T20:00:00+00:00
[2023-11-03T19:59:16.963+0000] {processor.py:179} INFO - Processing /opt/airflow/dags/dag.py took 0.143 seconds
[2023-11-03T19:59:47.050+0000] {processor.py:157} INFO - Started process (PID=430) to work on /opt/airflow/dags/dag.py
[2023-11-03T19:59:47.116+0000] {processor.py:829} INFO - Processing file /opt/airflow/dags/dag.py for tasks to queue
[2023-11-03T19:59:47.118+0000] {logging_mixin.py:151} INFO - [2023-11-03T19:59:47.118+0000] {dagbag.py:539} INFO - Filling up the DagBag from /opt/airflow/dags/dag.py
[2023-11-03T19:59:47.191+0000] {processor.py:839} INFO - DAG(s) dict_keys(['random_names']) retrieved from /opt/airflow/dags/dag.py
[2023-11-03T19:59:47.211+0000] {logging_mixin.py:151} INFO - [2023-11-03T19:59:47.211+0000] {dag.py:2915} INFO - Sync 1 DAGs
[2023-11-03T19:59:47.229+0000] {logging_mixin.py:151} INFO - [2023-11-03T19:59:47.229+0000] {dag.py:3696} INFO - Setting next_dagrun for random_names to 2023-11-03T19:55:00+00:00, run_after=2023-11-03T20:00:00+00:00
[2023-11-03T19:59:47.247+0000] {processor.py:179} INFO - Processing /opt/airflow/dags/dag.py took 0.211 seconds
[2023-11-03T20:00:17.351+0000] {processor.py:157} INFO - Started process (PID=445) to work on /opt/airflow/dags/dag.py
[2023-11-03T20:00:17.377+0000] {processor.py:829} INFO - Processing file /opt/airflow/dags/dag.py for tasks to queue
[2023-11-03T20:00:17.378+0000] {logging_mixin.py:151} INFO - [2023-11-03T20:00:17.378+0000] {dagbag.py:539} INFO - Filling up the DagBag from /opt/airflow/dags/dag.py
[2023-11-03T20:00:17.669+0000] {processor.py:839} INFO - DAG(s) dict_keys(['random_names']) retrieved from /opt/airflow/dags/dag.py
[2023-11-03T20:00:17.866+0000] {logging_mixin.py:151} INFO - [2023-11-03T20:00:17.865+0000] {dag.py:2915} INFO - Sync 1 DAGs
[2023-11-03T20:00:17.902+0000] {logging_mixin.py:151} INFO - [2023-11-03T20:00:17.902+0000] {dag.py:3696} INFO - Setting next_dagrun for random_names to 2023-11-03T20:00:00+00:00, run_after=2023-11-03T20:05:00+00:00
[2023-11-03T20:00:17.935+0000] {processor.py:179} INFO - Processing /opt/airflow/dags/dag.py took 0.587 seconds
[2023-11-03T20:00:48.157+0000] {processor.py:157} INFO - Started process (PID=457) to work on /opt/airflow/dags/dag.py
[2023-11-03T20:00:48.158+0000] {processor.py:829} INFO - Processing file /opt/airflow/dags/dag.py for tasks to queue
[2023-11-03T20:00:48.160+0000] {logging_mixin.py:151} INFO - [2023-11-03T20:00:48.159+0000] {dagbag.py:539} INFO - Filling up the DagBag from /opt/airflow/dags/dag.py
[2023-11-03T20:00:48.210+0000] {processor.py:839} INFO - DAG(s) dict_keys(['random_names']) retrieved from /opt/airflow/dags/dag.py
[2023-11-03T20:00:48.232+0000] {logging_mixin.py:151} INFO - [2023-11-03T20:00:48.232+0000] {dag.py:2915} INFO - Sync 1 DAGs
[2023-11-03T20:00:48.255+0000] {logging_mixin.py:151} INFO - [2023-11-03T20:00:48.254+0000] {dag.py:3696} INFO - Setting next_dagrun for random_names to 2023-11-03T20:00:00+00:00, run_after=2023-11-03T20:05:00+00:00
[2023-11-03T20:00:48.276+0000] {processor.py:179} INFO - Processing /opt/airflow/dags/dag.py took 0.128 seconds
[2023-11-03T20:01:18.351+0000] {processor.py:157} INFO - Started process (PID=469) to work on /opt/airflow/dags/dag.py
[2023-11-03T20:01:18.436+0000] {processor.py:829} INFO - Processing file /opt/airflow/dags/dag.py for tasks to queue
[2023-11-03T20:01:18.439+0000] {logging_mixin.py:151} INFO - [2023-11-03T20:01:18.438+0000] {dagbag.py:539} INFO - Filling up the DagBag from /opt/airflow/dags/dag.py
[2023-11-03T20:01:18.515+0000] {processor.py:839} INFO - DAG(s) dict_keys(['random_names']) retrieved from /opt/airflow/dags/dag.py
[2023-11-03T20:01:18.534+0000] {logging_mixin.py:151} INFO - [2023-11-03T20:01:18.534+0000] {dag.py:2915} INFO - Sync 1 DAGs
[2023-11-03T20:01:18.554+0000] {logging_mixin.py:151} INFO - [2023-11-03T20:01:18.554+0000] {dag.py:3696} INFO - Setting next_dagrun for random_names to 2023-11-03T20:00:00+00:00, run_after=2023-11-03T20:05:00+00:00
[2023-11-03T20:01:18.600+0000] {processor.py:179} INFO - Processing /opt/airflow/dags/dag.py took 0.261 seconds
[2023-11-03T20:01:48.685+0000] {processor.py:157} INFO - Started process (PID=481) to work on /opt/airflow/dags/dag.py
[2023-11-03T20:01:48.686+0000] {processor.py:829} INFO - Processing file /opt/airflow/dags/dag.py for tasks to queue
[2023-11-03T20:01:48.687+0000] {logging_mixin.py:151} INFO - [2023-11-03T20:01:48.686+0000] {dagbag.py:539} INFO - Filling up the DagBag from /opt/airflow/dags/dag.py
[2023-11-03T20:01:48.731+0000] {processor.py:839} INFO - DAG(s) dict_keys(['random_names']) retrieved from /opt/airflow/dags/dag.py
[2023-11-03T20:01:48.753+0000] {logging_mixin.py:151} INFO - [2023-11-03T20:01:48.753+0000] {dag.py:2915} INFO - Sync 1 DAGs
[2023-11-03T20:01:48.774+0000] {logging_mixin.py:151} INFO - [2023-11-03T20:01:48.774+0000] {dag.py:3696} INFO - Setting next_dagrun for random_names to 2023-11-03T20:00:00+00:00, run_after=2023-11-03T20:05:00+00:00
[2023-11-03T20:01:48.795+0000] {processor.py:179} INFO - Processing /opt/airflow/dags/dag.py took 0.112 seconds
[2023-11-03T20:02:19.021+0000] {processor.py:157} INFO - Started process (PID=493) to work on /opt/airflow/dags/dag.py
[2023-11-03T20:02:19.058+0000] {processor.py:829} INFO - Processing file /opt/airflow/dags/dag.py for tasks to queue
[2023-11-03T20:02:19.061+0000] {logging_mixin.py:151} INFO - [2023-11-03T20:02:19.060+0000] {dagbag.py:539} INFO - Filling up the DagBag from /opt/airflow/dags/dag.py
[2023-11-03T20:02:19.135+0000] {processor.py:839} INFO - DAG(s) dict_keys(['random_names']) retrieved from /opt/airflow/dags/dag.py
[2023-11-03T20:02:19.155+0000] {logging_mixin.py:151} INFO - [2023-11-03T20:02:19.155+0000] {dag.py:2915} INFO - Sync 1 DAGs
[2023-11-03T20:02:19.173+0000] {logging_mixin.py:151} INFO - [2023-11-03T20:02:19.173+0000] {dag.py:3696} INFO - Setting next_dagrun for random_names to 2023-11-03T20:00:00+00:00, run_after=2023-11-03T20:05:00+00:00
[2023-11-03T20:02:19.198+0000] {processor.py:179} INFO - Processing /opt/airflow/dags/dag.py took 0.185 seconds
[2023-11-03T20:02:49.255+0000] {processor.py:157} INFO - Started process (PID=505) to work on /opt/airflow/dags/dag.py
[2023-11-03T20:02:49.256+0000] {processor.py:829} INFO - Processing file /opt/airflow/dags/dag.py for tasks to queue
[2023-11-03T20:02:49.258+0000] {logging_mixin.py:151} INFO - [2023-11-03T20:02:49.257+0000] {dagbag.py:539} INFO - Filling up the DagBag from /opt/airflow/dags/dag.py
[2023-11-03T20:02:49.308+0000] {processor.py:839} INFO - DAG(s) dict_keys(['random_names']) retrieved from /opt/airflow/dags/dag.py
[2023-11-03T20:02:49.329+0000] {logging_mixin.py:151} INFO - [2023-11-03T20:02:49.329+0000] {dag.py:2915} INFO - Sync 1 DAGs
[2023-11-03T20:02:49.351+0000] {logging_mixin.py:151} INFO - [2023-11-03T20:02:49.351+0000] {dag.py:3696} INFO - Setting next_dagrun for random_names to 2023-11-03T20:00:00+00:00, run_after=2023-11-03T20:05:00+00:00
[2023-11-03T20:02:49.376+0000] {processor.py:179} INFO - Processing /opt/airflow/dags/dag.py took 0.128 seconds
[2023-11-03T20:03:19.601+0000] {processor.py:157} INFO - Started process (PID=517) to work on /opt/airflow/dags/dag.py
[2023-11-03T20:03:19.636+0000] {processor.py:829} INFO - Processing file /opt/airflow/dags/dag.py for tasks to queue
[2023-11-03T20:03:19.636+0000] {logging_mixin.py:151} INFO - [2023-11-03T20:03:19.636+0000] {dagbag.py:539} INFO - Filling up the DagBag from /opt/airflow/dags/dag.py
[2023-11-03T20:03:19.682+0000] {processor.py:839} INFO - DAG(s) dict_keys(['random_names']) retrieved from /opt/airflow/dags/dag.py
[2023-11-03T20:03:19.703+0000] {logging_mixin.py:151} INFO - [2023-11-03T20:03:19.703+0000] {dag.py:2915} INFO - Sync 1 DAGs
[2023-11-03T20:03:19.727+0000] {logging_mixin.py:151} INFO - [2023-11-03T20:03:19.726+0000] {dag.py:3696} INFO - Setting next_dagrun for random_names to 2023-11-03T20:00:00+00:00, run_after=2023-11-03T20:05:00+00:00
[2023-11-03T20:03:19.746+0000] {processor.py:179} INFO - Processing /opt/airflow/dags/dag.py took 0.149 seconds
[2023-11-03T20:03:49.841+0000] {processor.py:157} INFO - Started process (PID=529) to work on /opt/airflow/dags/dag.py
[2023-11-03T20:03:49.842+0000] {processor.py:829} INFO - Processing file /opt/airflow/dags/dag.py for tasks to queue
[2023-11-03T20:03:49.843+0000] {logging_mixin.py:151} INFO - [2023-11-03T20:03:49.842+0000] {dagbag.py:539} INFO - Filling up the DagBag from /opt/airflow/dags/dag.py
[2023-11-03T20:03:49.899+0000] {processor.py:839} INFO - DAG(s) dict_keys(['random_names']) retrieved from /opt/airflow/dags/dag.py
[2023-11-03T20:03:49.925+0000] {logging_mixin.py:151} INFO - [2023-11-03T20:03:49.925+0000] {dag.py:2915} INFO - Sync 1 DAGs
[2023-11-03T20:03:49.961+0000] {logging_mixin.py:151} INFO - [2023-11-03T20:03:49.960+0000] {dag.py:3696} INFO - Setting next_dagrun for random_names to 2023-11-03T20:00:00+00:00, run_after=2023-11-03T20:05:00+00:00
[2023-11-03T20:03:49.986+0000] {processor.py:179} INFO - Processing /opt/airflow/dags/dag.py took 0.149 seconds
[2023-11-03T20:04:20.105+0000] {processor.py:157} INFO - Started process (PID=541) to work on /opt/airflow/dags/dag.py
[2023-11-03T20:04:20.125+0000] {processor.py:829} INFO - Processing file /opt/airflow/dags/dag.py for tasks to queue
[2023-11-03T20:04:20.126+0000] {logging_mixin.py:151} INFO - [2023-11-03T20:04:20.125+0000] {dagbag.py:539} INFO - Filling up the DagBag from /opt/airflow/dags/dag.py
[2023-11-03T20:04:20.197+0000] {processor.py:839} INFO - DAG(s) dict_keys(['random_names']) retrieved from /opt/airflow/dags/dag.py
[2023-11-03T20:04:20.233+0000] {logging_mixin.py:151} INFO - [2023-11-03T20:04:20.233+0000] {dag.py:2915} INFO - Sync 1 DAGs
[2023-11-03T20:04:20.286+0000] {logging_mixin.py:151} INFO - [2023-11-03T20:04:20.286+0000] {dag.py:3696} INFO - Setting next_dagrun for random_names to 2023-11-03T20:00:00+00:00, run_after=2023-11-03T20:05:00+00:00
[2023-11-03T20:04:20.318+0000] {processor.py:179} INFO - Processing /opt/airflow/dags/dag.py took 0.219 seconds
[2023-11-03T20:04:50.346+0000] {processor.py:157} INFO - Started process (PID=553) to work on /opt/airflow/dags/dag.py
[2023-11-03T20:04:50.347+0000] {processor.py:829} INFO - Processing file /opt/airflow/dags/dag.py for tasks to queue
[2023-11-03T20:04:50.347+0000] {logging_mixin.py:151} INFO - [2023-11-03T20:04:50.347+0000] {dagbag.py:539} INFO - Filling up the DagBag from /opt/airflow/dags/dag.py
[2023-11-03T20:04:50.414+0000] {processor.py:839} INFO - DAG(s) dict_keys(['random_names']) retrieved from /opt/airflow/dags/dag.py
[2023-11-03T20:04:50.446+0000] {logging_mixin.py:151} INFO - [2023-11-03T20:04:50.446+0000] {dag.py:2915} INFO - Sync 1 DAGs
[2023-11-03T20:04:50.477+0000] {logging_mixin.py:151} INFO - [2023-11-03T20:04:50.477+0000] {dag.py:3696} INFO - Setting next_dagrun for random_names to 2023-11-03T20:00:00+00:00, run_after=2023-11-03T20:05:00+00:00
[2023-11-03T20:04:50.519+0000] {processor.py:179} INFO - Processing /opt/airflow/dags/dag.py took 0.176 seconds
[2023-11-03T20:05:20.686+0000] {processor.py:157} INFO - Started process (PID=568) to work on /opt/airflow/dags/dag.py
[2023-11-03T20:05:20.719+0000] {processor.py:829} INFO - Processing file /opt/airflow/dags/dag.py for tasks to queue
[2023-11-03T20:05:20.720+0000] {logging_mixin.py:151} INFO - [2023-11-03T20:05:20.719+0000] {dagbag.py:539} INFO - Filling up the DagBag from /opt/airflow/dags/dag.py
[2023-11-03T20:05:21.129+0000] {processor.py:839} INFO - DAG(s) dict_keys(['random_names']) retrieved from /opt/airflow/dags/dag.py
[2023-11-03T20:05:21.274+0000] {logging_mixin.py:151} INFO - [2023-11-03T20:05:21.274+0000] {dag.py:2915} INFO - Sync 1 DAGs
[2023-11-03T20:05:21.316+0000] {logging_mixin.py:151} INFO - [2023-11-03T20:05:21.315+0000] {dag.py:3696} INFO - Setting next_dagrun for random_names to 2023-11-03T20:05:00+00:00, run_after=2023-11-03T20:10:00+00:00
[2023-11-03T20:05:21.353+0000] {processor.py:179} INFO - Processing /opt/airflow/dags/dag.py took 0.669 seconds
[2023-11-03T20:05:51.565+0000] {processor.py:157} INFO - Started process (PID=580) to work on /opt/airflow/dags/dag.py
[2023-11-03T20:05:51.567+0000] {processor.py:829} INFO - Processing file /opt/airflow/dags/dag.py for tasks to queue
[2023-11-03T20:05:51.567+0000] {logging_mixin.py:151} INFO - [2023-11-03T20:05:51.567+0000] {dagbag.py:539} INFO - Filling up the DagBag from /opt/airflow/dags/dag.py
[2023-11-03T20:05:51.610+0000] {processor.py:839} INFO - DAG(s) dict_keys(['random_names']) retrieved from /opt/airflow/dags/dag.py
[2023-11-03T20:05:51.629+0000] {logging_mixin.py:151} INFO - [2023-11-03T20:05:51.629+0000] {dag.py:2915} INFO - Sync 1 DAGs
[2023-11-03T20:05:51.647+0000] {logging_mixin.py:151} INFO - [2023-11-03T20:05:51.647+0000] {dag.py:3696} INFO - Setting next_dagrun for random_names to 2023-11-03T20:05:00+00:00, run_after=2023-11-03T20:10:00+00:00
[2023-11-03T20:05:51.696+0000] {processor.py:179} INFO - Processing /opt/airflow/dags/dag.py took 0.133 seconds
[2023-11-03T20:06:21.781+0000] {processor.py:157} INFO - Started process (PID=592) to work on /opt/airflow/dags/dag.py
[2023-11-03T20:06:21.783+0000] {processor.py:829} INFO - Processing file /opt/airflow/dags/dag.py for tasks to queue
[2023-11-03T20:06:21.784+0000] {logging_mixin.py:151} INFO - [2023-11-03T20:06:21.784+0000] {dagbag.py:539} INFO - Filling up the DagBag from /opt/airflow/dags/dag.py
[2023-11-03T20:06:21.838+0000] {processor.py:839} INFO - DAG(s) dict_keys(['random_names']) retrieved from /opt/airflow/dags/dag.py
[2023-11-03T20:06:21.862+0000] {logging_mixin.py:151} INFO - [2023-11-03T20:06:21.862+0000] {dag.py:2915} INFO - Sync 1 DAGs
[2023-11-03T20:06:21.894+0000] {logging_mixin.py:151} INFO - [2023-11-03T20:06:21.894+0000] {dag.py:3696} INFO - Setting next_dagrun for random_names to 2023-11-03T20:05:00+00:00, run_after=2023-11-03T20:10:00+00:00
[2023-11-03T20:06:22.018+0000] {processor.py:179} INFO - Processing /opt/airflow/dags/dag.py took 0.244 seconds
[2023-11-03T20:06:52.072+0000] {processor.py:157} INFO - Started process (PID=604) to work on /opt/airflow/dags/dag.py
[2023-11-03T20:06:52.074+0000] {processor.py:829} INFO - Processing file /opt/airflow/dags/dag.py for tasks to queue
[2023-11-03T20:06:52.075+0000] {logging_mixin.py:151} INFO - [2023-11-03T20:06:52.075+0000] {dagbag.py:539} INFO - Filling up the DagBag from /opt/airflow/dags/dag.py
[2023-11-03T20:06:52.178+0000] {processor.py:839} INFO - DAG(s) dict_keys(['random_names']) retrieved from /opt/airflow/dags/dag.py
[2023-11-03T20:06:52.294+0000] {logging_mixin.py:151} INFO - [2023-11-03T20:06:52.294+0000] {dag.py:2915} INFO - Sync 1 DAGs
[2023-11-03T20:06:52.320+0000] {logging_mixin.py:151} INFO - [2023-11-03T20:06:52.320+0000] {dag.py:3696} INFO - Setting next_dagrun for random_names to 2023-11-03T20:05:00+00:00, run_after=2023-11-03T20:10:00+00:00
[2023-11-03T20:06:52.339+0000] {processor.py:179} INFO - Processing /opt/airflow/dags/dag.py took 0.276 seconds
[2023-11-03T20:07:22.411+0000] {processor.py:157} INFO - Started process (PID=616) to work on /opt/airflow/dags/dag.py
[2023-11-03T20:07:22.414+0000] {processor.py:829} INFO - Processing file /opt/airflow/dags/dag.py for tasks to queue
[2023-11-03T20:07:22.418+0000] {logging_mixin.py:151} INFO - [2023-11-03T20:07:22.416+0000] {dagbag.py:539} INFO - Filling up the DagBag from /opt/airflow/dags/dag.py
[2023-11-03T20:07:22.480+0000] {processor.py:839} INFO - DAG(s) dict_keys(['random_names']) retrieved from /opt/airflow/dags/dag.py
[2023-11-03T20:07:22.501+0000] {logging_mixin.py:151} INFO - [2023-11-03T20:07:22.501+0000] {dag.py:2915} INFO - Sync 1 DAGs
[2023-11-03T20:07:22.524+0000] {logging_mixin.py:151} INFO - [2023-11-03T20:07:22.524+0000] {dag.py:3696} INFO - Setting next_dagrun for random_names to 2023-11-03T20:05:00+00:00, run_after=2023-11-03T20:10:00+00:00
[2023-11-03T20:07:22.541+0000] {processor.py:179} INFO - Processing /opt/airflow/dags/dag.py took 0.141 seconds
[2023-11-03T20:07:52.711+0000] {processor.py:157} INFO - Started process (PID=627) to work on /opt/airflow/dags/dag.py
[2023-11-03T20:07:52.732+0000] {processor.py:829} INFO - Processing file /opt/airflow/dags/dag.py for tasks to queue
[2023-11-03T20:07:52.733+0000] {logging_mixin.py:151} INFO - [2023-11-03T20:07:52.733+0000] {dagbag.py:539} INFO - Filling up the DagBag from /opt/airflow/dags/dag.py
[2023-11-03T20:07:52.781+0000] {processor.py:839} INFO - DAG(s) dict_keys(['random_names']) retrieved from /opt/airflow/dags/dag.py
[2023-11-03T20:07:52.805+0000] {logging_mixin.py:151} INFO - [2023-11-03T20:07:52.805+0000] {dag.py:2915} INFO - Sync 1 DAGs
[2023-11-03T20:07:52.830+0000] {logging_mixin.py:151} INFO - [2023-11-03T20:07:52.830+0000] {dag.py:3696} INFO - Setting next_dagrun for random_names to 2023-11-03T20:05:00+00:00, run_after=2023-11-03T20:10:00+00:00
[2023-11-03T20:07:52.856+0000] {processor.py:179} INFO - Processing /opt/airflow/dags/dag.py took 0.148 seconds
[2023-11-03T20:08:22.944+0000] {processor.py:157} INFO - Started process (PID=639) to work on /opt/airflow/dags/dag.py
[2023-11-03T20:08:22.946+0000] {processor.py:829} INFO - Processing file /opt/airflow/dags/dag.py for tasks to queue
[2023-11-03T20:08:22.948+0000] {logging_mixin.py:151} INFO - [2023-11-03T20:08:22.947+0000] {dagbag.py:539} INFO - Filling up the DagBag from /opt/airflow/dags/dag.py
[2023-11-03T20:08:23.003+0000] {processor.py:839} INFO - DAG(s) dict_keys(['random_names']) retrieved from /opt/airflow/dags/dag.py
[2023-11-03T20:08:23.023+0000] {logging_mixin.py:151} INFO - [2023-11-03T20:08:23.022+0000] {dag.py:2915} INFO - Sync 1 DAGs
[2023-11-03T20:08:23.042+0000] {logging_mixin.py:151} INFO - [2023-11-03T20:08:23.042+0000] {dag.py:3696} INFO - Setting next_dagrun for random_names to 2023-11-03T20:05:00+00:00, run_after=2023-11-03T20:10:00+00:00
[2023-11-03T20:08:23.057+0000] {processor.py:179} INFO - Processing /opt/airflow/dags/dag.py took 0.124 seconds
[2023-11-03T20:08:53.273+0000] {processor.py:157} INFO - Started process (PID=651) to work on /opt/airflow/dags/dag.py
[2023-11-03T20:08:53.320+0000] {processor.py:829} INFO - Processing file /opt/airflow/dags/dag.py for tasks to queue
[2023-11-03T20:08:53.321+0000] {logging_mixin.py:151} INFO - [2023-11-03T20:08:53.321+0000] {dagbag.py:539} INFO - Filling up the DagBag from /opt/airflow/dags/dag.py
[2023-11-03T20:08:53.370+0000] {processor.py:839} INFO - DAG(s) dict_keys(['random_names']) retrieved from /opt/airflow/dags/dag.py
[2023-11-03T20:08:53.389+0000] {logging_mixin.py:151} INFO - [2023-11-03T20:08:53.389+0000] {dag.py:2915} INFO - Sync 1 DAGs
[2023-11-03T20:08:53.410+0000] {logging_mixin.py:151} INFO - [2023-11-03T20:08:53.410+0000] {dag.py:3696} INFO - Setting next_dagrun for random_names to 2023-11-03T20:05:00+00:00, run_after=2023-11-03T20:10:00+00:00
[2023-11-03T20:08:53.434+0000] {processor.py:179} INFO - Processing /opt/airflow/dags/dag.py took 0.167 seconds
[2023-11-03T20:09:23.467+0000] {processor.py:157} INFO - Started process (PID=663) to work on /opt/airflow/dags/dag.py
[2023-11-03T20:09:23.467+0000] {processor.py:829} INFO - Processing file /opt/airflow/dags/dag.py for tasks to queue
[2023-11-03T20:09:23.468+0000] {logging_mixin.py:151} INFO - [2023-11-03T20:09:23.468+0000] {dagbag.py:539} INFO - Filling up the DagBag from /opt/airflow/dags/dag.py
[2023-11-03T20:09:23.510+0000] {processor.py:839} INFO - DAG(s) dict_keys(['random_names']) retrieved from /opt/airflow/dags/dag.py
[2023-11-03T20:09:23.529+0000] {logging_mixin.py:151} INFO - [2023-11-03T20:09:23.529+0000] {dag.py:2915} INFO - Sync 1 DAGs
[2023-11-03T20:09:23.549+0000] {logging_mixin.py:151} INFO - [2023-11-03T20:09:23.549+0000] {dag.py:3696} INFO - Setting next_dagrun for random_names to 2023-11-03T20:05:00+00:00, run_after=2023-11-03T20:10:00+00:00
[2023-11-03T20:09:23.565+0000] {processor.py:179} INFO - Processing /opt/airflow/dags/dag.py took 0.101 seconds
[2023-11-03T20:09:53.690+0000] {processor.py:157} INFO - Started process (PID=674) to work on /opt/airflow/dags/dag.py
[2023-11-03T20:09:53.728+0000] {processor.py:829} INFO - Processing file /opt/airflow/dags/dag.py for tasks to queue
[2023-11-03T20:09:53.730+0000] {logging_mixin.py:151} INFO - [2023-11-03T20:09:53.729+0000] {dagbag.py:539} INFO - Filling up the DagBag from /opt/airflow/dags/dag.py
[2023-11-03T20:09:53.999+0000] {processor.py:839} INFO - DAG(s) dict_keys(['random_names']) retrieved from /opt/airflow/dags/dag.py
[2023-11-03T20:09:54.073+0000] {logging_mixin.py:151} INFO - [2023-11-03T20:09:54.073+0000] {dag.py:2915} INFO - Sync 1 DAGs
[2023-11-03T20:09:54.140+0000] {logging_mixin.py:151} INFO - [2023-11-03T20:09:54.140+0000] {dag.py:3696} INFO - Setting next_dagrun for random_names to 2023-11-03T20:05:00+00:00, run_after=2023-11-03T20:10:00+00:00
[2023-11-03T20:09:54.176+0000] {processor.py:179} INFO - Processing /opt/airflow/dags/dag.py took 0.491 seconds
[2023-11-03T20:10:24.402+0000] {processor.py:157} INFO - Started process (PID=689) to work on /opt/airflow/dags/dag.py
[2023-11-03T20:10:24.403+0000] {processor.py:829} INFO - Processing file /opt/airflow/dags/dag.py for tasks to queue
[2023-11-03T20:10:24.404+0000] {logging_mixin.py:151} INFO - [2023-11-03T20:10:24.404+0000] {dagbag.py:539} INFO - Filling up the DagBag from /opt/airflow/dags/dag.py
[2023-11-03T20:10:24.530+0000] {processor.py:839} INFO - DAG(s) dict_keys(['random_names']) retrieved from /opt/airflow/dags/dag.py
[2023-11-03T20:10:24.649+0000] {logging_mixin.py:151} INFO - [2023-11-03T20:10:24.648+0000] {dag.py:2915} INFO - Sync 1 DAGs
[2023-11-03T20:10:24.692+0000] {logging_mixin.py:151} INFO - [2023-11-03T20:10:24.691+0000] {dag.py:3696} INFO - Setting next_dagrun for random_names to 2023-11-03T20:10:00+00:00, run_after=2023-11-03T20:15:00+00:00
[2023-11-03T20:10:24.729+0000] {processor.py:179} INFO - Processing /opt/airflow/dags/dag.py took 0.330 seconds
[2023-11-03T20:10:55.233+0000] {processor.py:157} INFO - Started process (PID=701) to work on /opt/airflow/dags/dag.py
[2023-11-03T20:10:55.267+0000] {processor.py:829} INFO - Processing file /opt/airflow/dags/dag.py for tasks to queue
[2023-11-03T20:10:55.268+0000] {logging_mixin.py:151} INFO - [2023-11-03T20:10:55.267+0000] {dagbag.py:539} INFO - Filling up the DagBag from /opt/airflow/dags/dag.py
[2023-11-03T20:10:55.328+0000] {processor.py:839} INFO - DAG(s) dict_keys(['random_names']) retrieved from /opt/airflow/dags/dag.py
[2023-11-03T20:10:55.351+0000] {logging_mixin.py:151} INFO - [2023-11-03T20:10:55.351+0000] {dag.py:2915} INFO - Sync 1 DAGs
[2023-11-03T20:10:55.372+0000] {logging_mixin.py:151} INFO - [2023-11-03T20:10:55.372+0000] {dag.py:3696} INFO - Setting next_dagrun for random_names to 2023-11-03T20:10:00+00:00, run_after=2023-11-03T20:15:00+00:00
[2023-11-03T20:10:55.395+0000] {processor.py:179} INFO - Processing /opt/airflow/dags/dag.py took 0.174 seconds
[2023-11-03T20:11:25.610+0000] {processor.py:157} INFO - Started process (PID=713) to work on /opt/airflow/dags/dag.py
[2023-11-03T20:11:25.612+0000] {processor.py:829} INFO - Processing file /opt/airflow/dags/dag.py for tasks to queue
[2023-11-03T20:11:25.614+0000] {logging_mixin.py:151} INFO - [2023-11-03T20:11:25.614+0000] {dagbag.py:539} INFO - Filling up the DagBag from /opt/airflow/dags/dag.py
[2023-11-03T20:11:25.671+0000] {processor.py:839} INFO - DAG(s) dict_keys(['random_names']) retrieved from /opt/airflow/dags/dag.py
[2023-11-03T20:11:25.692+0000] {logging_mixin.py:151} INFO - [2023-11-03T20:11:25.692+0000] {dag.py:2915} INFO - Sync 1 DAGs
[2023-11-03T20:11:25.713+0000] {logging_mixin.py:151} INFO - [2023-11-03T20:11:25.712+0000] {dag.py:3696} INFO - Setting next_dagrun for random_names to 2023-11-03T20:10:00+00:00, run_after=2023-11-03T20:15:00+00:00
[2023-11-03T20:11:25.745+0000] {processor.py:179} INFO - Processing /opt/airflow/dags/dag.py took 0.144 seconds
[2023-11-03T20:11:55.823+0000] {processor.py:157} INFO - Started process (PID=725) to work on /opt/airflow/dags/dag.py
[2023-11-03T20:11:55.851+0000] {processor.py:829} INFO - Processing file /opt/airflow/dags/dag.py for tasks to queue
[2023-11-03T20:11:55.853+0000] {logging_mixin.py:151} INFO - [2023-11-03T20:11:55.853+0000] {dagbag.py:539} INFO - Filling up the DagBag from /opt/airflow/dags/dag.py
[2023-11-03T20:11:55.929+0000] {processor.py:839} INFO - DAG(s) dict_keys(['random_names']) retrieved from /opt/airflow/dags/dag.py
[2023-11-03T20:11:55.952+0000] {logging_mixin.py:151} INFO - [2023-11-03T20:11:55.952+0000] {dag.py:2915} INFO - Sync 1 DAGs
[2023-11-03T20:11:55.974+0000] {logging_mixin.py:151} INFO - [2023-11-03T20:11:55.974+0000] {dag.py:3696} INFO - Setting next_dagrun for random_names to 2023-11-03T20:10:00+00:00, run_after=2023-11-03T20:15:00+00:00
[2023-11-03T20:11:56.033+0000] {processor.py:179} INFO - Processing /opt/airflow/dags/dag.py took 0.213 seconds
[2023-11-03T20:12:26.156+0000] {processor.py:157} INFO - Started process (PID=737) to work on /opt/airflow/dags/dag.py
[2023-11-03T20:12:26.159+0000] {processor.py:829} INFO - Processing file /opt/airflow/dags/dag.py for tasks to queue
[2023-11-03T20:12:26.162+0000] {logging_mixin.py:151} INFO - [2023-11-03T20:12:26.161+0000] {dagbag.py:539} INFO - Filling up the DagBag from /opt/airflow/dags/dag.py
[2023-11-03T20:12:26.217+0000] {processor.py:839} INFO - DAG(s) dict_keys(['random_names']) retrieved from /opt/airflow/dags/dag.py
[2023-11-03T20:12:26.237+0000] {logging_mixin.py:151} INFO - [2023-11-03T20:12:26.237+0000] {dag.py:2915} INFO - Sync 1 DAGs
[2023-11-03T20:12:26.257+0000] {logging_mixin.py:151} INFO - [2023-11-03T20:12:26.257+0000] {dag.py:3696} INFO - Setting next_dagrun for random_names to 2023-11-03T20:10:00+00:00, run_after=2023-11-03T20:15:00+00:00
[2023-11-03T20:12:26.280+0000] {processor.py:179} INFO - Processing /opt/airflow/dags/dag.py took 0.135 seconds
[2023-11-03T20:12:56.398+0000] {processor.py:157} INFO - Started process (PID=749) to work on /opt/airflow/dags/dag.py
[2023-11-03T20:12:56.401+0000] {processor.py:829} INFO - Processing file /opt/airflow/dags/dag.py for tasks to queue
[2023-11-03T20:12:56.402+0000] {logging_mixin.py:151} INFO - [2023-11-03T20:12:56.401+0000] {dagbag.py:539} INFO - Filling up the DagBag from /opt/airflow/dags/dag.py
[2023-11-03T20:12:56.455+0000] {processor.py:839} INFO - DAG(s) dict_keys(['random_names']) retrieved from /opt/airflow/dags/dag.py
[2023-11-03T20:12:56.480+0000] {logging_mixin.py:151} INFO - [2023-11-03T20:12:56.480+0000] {dag.py:2915} INFO - Sync 1 DAGs
[2023-11-03T20:12:56.507+0000] {logging_mixin.py:151} INFO - [2023-11-03T20:12:56.507+0000] {dag.py:3696} INFO - Setting next_dagrun for random_names to 2023-11-03T20:10:00+00:00, run_after=2023-11-03T20:15:00+00:00
[2023-11-03T20:12:56.533+0000] {processor.py:179} INFO - Processing /opt/airflow/dags/dag.py took 0.138 seconds
[2023-11-03T20:13:26.656+0000] {processor.py:157} INFO - Started process (PID=761) to work on /opt/airflow/dags/dag.py
[2023-11-03T20:13:26.673+0000] {processor.py:829} INFO - Processing file /opt/airflow/dags/dag.py for tasks to queue
[2023-11-03T20:13:26.675+0000] {logging_mixin.py:151} INFO - [2023-11-03T20:13:26.674+0000] {dagbag.py:539} INFO - Filling up the DagBag from /opt/airflow/dags/dag.py
[2023-11-03T20:13:26.744+0000] {processor.py:839} INFO - DAG(s) dict_keys(['random_names']) retrieved from /opt/airflow/dags/dag.py
[2023-11-03T20:13:26.768+0000] {logging_mixin.py:151} INFO - [2023-11-03T20:13:26.768+0000] {dag.py:2915} INFO - Sync 1 DAGs
[2023-11-03T20:13:26.797+0000] {logging_mixin.py:151} INFO - [2023-11-03T20:13:26.797+0000] {dag.py:3696} INFO - Setting next_dagrun for random_names to 2023-11-03T20:10:00+00:00, run_after=2023-11-03T20:15:00+00:00
[2023-11-03T20:13:26.841+0000] {processor.py:179} INFO - Processing /opt/airflow/dags/dag.py took 0.196 seconds
[2023-11-03T20:13:56.949+0000] {processor.py:157} INFO - Started process (PID=773) to work on /opt/airflow/dags/dag.py
[2023-11-03T20:13:56.950+0000] {processor.py:829} INFO - Processing file /opt/airflow/dags/dag.py for tasks to queue
[2023-11-03T20:13:56.950+0000] {logging_mixin.py:151} INFO - [2023-11-03T20:13:56.950+0000] {dagbag.py:539} INFO - Filling up the DagBag from /opt/airflow/dags/dag.py
[2023-11-03T20:13:56.995+0000] {processor.py:839} INFO - DAG(s) dict_keys(['random_names']) retrieved from /opt/airflow/dags/dag.py
[2023-11-03T20:13:57.017+0000] {logging_mixin.py:151} INFO - [2023-11-03T20:13:57.017+0000] {dag.py:2915} INFO - Sync 1 DAGs
[2023-11-03T20:13:57.037+0000] {logging_mixin.py:151} INFO - [2023-11-03T20:13:57.037+0000] {dag.py:3696} INFO - Setting next_dagrun for random_names to 2023-11-03T20:10:00+00:00, run_after=2023-11-03T20:15:00+00:00
[2023-11-03T20:13:57.058+0000] {processor.py:179} INFO - Processing /opt/airflow/dags/dag.py took 0.112 seconds
[2023-11-03T20:14:27.247+0000] {processor.py:157} INFO - Started process (PID=785) to work on /opt/airflow/dags/dag.py
[2023-11-03T20:14:27.252+0000] {processor.py:829} INFO - Processing file /opt/airflow/dags/dag.py for tasks to queue
[2023-11-03T20:14:27.253+0000] {logging_mixin.py:151} INFO - [2023-11-03T20:14:27.253+0000] {dagbag.py:539} INFO - Filling up the DagBag from /opt/airflow/dags/dag.py
[2023-11-03T20:14:27.298+0000] {processor.py:839} INFO - DAG(s) dict_keys(['random_names']) retrieved from /opt/airflow/dags/dag.py
[2023-11-03T20:14:27.317+0000] {logging_mixin.py:151} INFO - [2023-11-03T20:14:27.317+0000] {dag.py:2915} INFO - Sync 1 DAGs
[2023-11-03T20:14:27.337+0000] {logging_mixin.py:151} INFO - [2023-11-03T20:14:27.337+0000] {dag.py:3696} INFO - Setting next_dagrun for random_names to 2023-11-03T20:10:00+00:00, run_after=2023-11-03T20:15:00+00:00
[2023-11-03T20:14:27.434+0000] {processor.py:179} INFO - Processing /opt/airflow/dags/dag.py took 0.192 seconds
[2023-11-03T20:14:57.741+0000] {processor.py:157} INFO - Started process (PID=797) to work on /opt/airflow/dags/dag.py
[2023-11-03T20:14:57.742+0000] {processor.py:829} INFO - Processing file /opt/airflow/dags/dag.py for tasks to queue
[2023-11-03T20:14:57.742+0000] {logging_mixin.py:151} INFO - [2023-11-03T20:14:57.742+0000] {dagbag.py:539} INFO - Filling up the DagBag from /opt/airflow/dags/dag.py
[2023-11-03T20:14:59.719+0000] {processor.py:839} INFO - DAG(s) dict_keys(['random_names']) retrieved from /opt/airflow/dags/dag.py
[2023-11-03T20:15:00.769+0000] {logging_mixin.py:151} INFO - [2023-11-03T20:15:00.768+0000] {dag.py:2915} INFO - Sync 1 DAGs
[2023-11-03T20:15:00.822+0000] {logging_mixin.py:151} INFO - [2023-11-03T20:15:00.821+0000] {dag.py:3696} INFO - Setting next_dagrun for random_names to 2023-11-03T20:10:00+00:00, run_after=2023-11-03T20:15:00+00:00
[2023-11-03T20:15:01.030+0000] {processor.py:179} INFO - Processing /opt/airflow/dags/dag.py took 3.292 seconds
[2023-11-03T20:15:31.398+0000] {processor.py:157} INFO - Started process (PID=812) to work on /opt/airflow/dags/dag.py
[2023-11-03T20:15:32.148+0000] {processor.py:829} INFO - Processing file /opt/airflow/dags/dag.py for tasks to queue
[2023-11-03T20:15:32.151+0000] {logging_mixin.py:151} INFO - [2023-11-03T20:15:32.150+0000] {dagbag.py:539} INFO - Filling up the DagBag from /opt/airflow/dags/dag.py
[2023-11-03T20:15:36.615+0000] {processor.py:839} INFO - DAG(s) dict_keys(['random_names']) retrieved from /opt/airflow/dags/dag.py
[2023-11-03T20:15:37.820+0000] {logging_mixin.py:151} INFO - [2023-11-03T20:15:37.820+0000] {dag.py:2915} INFO - Sync 1 DAGs
[2023-11-03T20:15:37.857+0000] {logging_mixin.py:151} INFO - [2023-11-03T20:15:37.857+0000] {dag.py:3696} INFO - Setting next_dagrun for random_names to 2023-11-03T20:15:00+00:00, run_after=2023-11-03T20:20:00+00:00
[2023-11-03T20:15:38.465+0000] {processor.py:179} INFO - Processing /opt/airflow/dags/dag.py took 7.085 seconds
[2023-11-03T20:16:09.282+0000] {processor.py:157} INFO - Started process (PID=824) to work on /opt/airflow/dags/dag.py
[2023-11-03T20:16:09.951+0000] {processor.py:829} INFO - Processing file /opt/airflow/dags/dag.py for tasks to queue
[2023-11-03T20:16:09.953+0000] {logging_mixin.py:151} INFO - [2023-11-03T20:16:09.953+0000] {dagbag.py:539} INFO - Filling up the DagBag from /opt/airflow/dags/dag.py
[2023-11-03T20:16:12.985+0000] {processor.py:839} INFO - DAG(s) dict_keys(['random_names']) retrieved from /opt/airflow/dags/dag.py
[2023-11-03T20:16:16.171+0000] {logging_mixin.py:151} INFO - [2023-11-03T20:16:16.171+0000] {dag.py:2915} INFO - Sync 1 DAGs
[2023-11-03T20:16:16.360+0000] {logging_mixin.py:151} INFO - [2023-11-03T20:16:16.360+0000] {dag.py:3696} INFO - Setting next_dagrun for random_names to 2023-11-03T20:15:00+00:00, run_after=2023-11-03T20:20:00+00:00
[2023-11-03T20:16:16.574+0000] {processor.py:179} INFO - Processing /opt/airflow/dags/dag.py took 7.300 seconds
[2023-11-03T20:16:46.745+0000] {processor.py:157} INFO - Started process (PID=835) to work on /opt/airflow/dags/dag.py
[2023-11-03T20:16:46.821+0000] {processor.py:829} INFO - Processing file /opt/airflow/dags/dag.py for tasks to queue
[2023-11-03T20:16:46.823+0000] {logging_mixin.py:151} INFO - [2023-11-03T20:16:46.822+0000] {dagbag.py:539} INFO - Filling up the DagBag from /opt/airflow/dags/dag.py
[2023-11-03T20:16:47.624+0000] {processor.py:839} INFO - DAG(s) dict_keys(['random_names']) retrieved from /opt/airflow/dags/dag.py
[2023-11-03T20:16:52.611+0000] {logging_mixin.py:151} INFO - [2023-11-03T20:16:52.611+0000] {dag.py:2915} INFO - Sync 1 DAGs
[2023-11-03T20:16:53.080+0000] {logging_mixin.py:151} INFO - [2023-11-03T20:16:53.079+0000] {dag.py:3696} INFO - Setting next_dagrun for random_names to 2023-11-03T20:15:00+00:00, run_after=2023-11-03T20:20:00+00:00
[2023-11-03T20:16:53.914+0000] {processor.py:179} INFO - Processing /opt/airflow/dags/dag.py took 7.180 seconds
[2023-11-03T20:17:24.053+0000] {processor.py:157} INFO - Started process (PID=847) to work on /opt/airflow/dags/dag.py
[2023-11-03T20:17:24.096+0000] {processor.py:829} INFO - Processing file /opt/airflow/dags/dag.py for tasks to queue
[2023-11-03T20:17:24.100+0000] {logging_mixin.py:151} INFO - [2023-11-03T20:17:24.099+0000] {dagbag.py:539} INFO - Filling up the DagBag from /opt/airflow/dags/dag.py
[2023-11-03T20:17:24.356+0000] {processor.py:839} INFO - DAG(s) dict_keys(['random_names']) retrieved from /opt/airflow/dags/dag.py
[2023-11-03T20:17:24.375+0000] {logging_mixin.py:151} INFO - [2023-11-03T20:17:24.375+0000] {dag.py:2915} INFO - Sync 1 DAGs
[2023-11-03T20:17:24.418+0000] {logging_mixin.py:151} INFO - [2023-11-03T20:17:24.418+0000] {dag.py:3696} INFO - Setting next_dagrun for random_names to 2023-11-03T20:15:00+00:00, run_after=2023-11-03T20:20:00+00:00
[2023-11-03T20:17:24.554+0000] {processor.py:179} INFO - Processing /opt/airflow/dags/dag.py took 0.511 seconds
[2023-11-03T20:17:54.774+0000] {processor.py:157} INFO - Started process (PID=859) to work on /opt/airflow/dags/dag.py
[2023-11-03T20:17:54.775+0000] {processor.py:829} INFO - Processing file /opt/airflow/dags/dag.py for tasks to queue
[2023-11-03T20:17:54.777+0000] {logging_mixin.py:151} INFO - [2023-11-03T20:17:54.776+0000] {dagbag.py:539} INFO - Filling up the DagBag from /opt/airflow/dags/dag.py
[2023-11-03T20:17:55.845+0000] {processor.py:839} INFO - DAG(s) dict_keys(['random_names']) retrieved from /opt/airflow/dags/dag.py
[2023-11-03T20:17:56.567+0000] {logging_mixin.py:151} INFO - [2023-11-03T20:17:56.566+0000] {dag.py:2915} INFO - Sync 1 DAGs
[2023-11-03T20:17:56.609+0000] {logging_mixin.py:151} INFO - [2023-11-03T20:17:56.609+0000] {dag.py:3696} INFO - Setting next_dagrun for random_names to 2023-11-03T20:15:00+00:00, run_after=2023-11-03T20:20:00+00:00
[2023-11-03T20:17:56.670+0000] {processor.py:179} INFO - Processing /opt/airflow/dags/dag.py took 1.903 seconds
[2023-11-03T20:18:28.814+0000] {processor.py:157} INFO - Started process (PID=871) to work on /opt/airflow/dags/dag.py
[2023-11-03T20:18:29.585+0000] {processor.py:829} INFO - Processing file /opt/airflow/dags/dag.py for tasks to queue
[2023-11-03T20:18:29.771+0000] {logging_mixin.py:151} INFO - [2023-11-03T20:18:29.587+0000] {dagbag.py:539} INFO - Filling up the DagBag from /opt/airflow/dags/dag.py
[2023-11-03T20:18:33.003+0000] {processor.py:839} INFO - DAG(s) dict_keys(['random_names']) retrieved from /opt/airflow/dags/dag.py
[2023-11-03T20:18:36.983+0000] {logging_mixin.py:151} INFO - [2023-11-03T20:18:36.982+0000] {dag.py:2915} INFO - Sync 1 DAGs
[2023-11-03T20:18:37.774+0000] {logging_mixin.py:151} INFO - [2023-11-03T20:18:37.773+0000] {dag.py:3696} INFO - Setting next_dagrun for random_names to 2023-11-03T20:15:00+00:00, run_after=2023-11-03T20:20:00+00:00
[2023-11-03T20:18:39.616+0000] {processor.py:179} INFO - Processing /opt/airflow/dags/dag.py took 11.355 seconds
[2023-11-03T20:19:11.577+0000] {processor.py:157} INFO - Started process (PID=882) to work on /opt/airflow/dags/dag.py
[2023-11-03T20:19:11.770+0000] {processor.py:829} INFO - Processing file /opt/airflow/dags/dag.py for tasks to queue
[2023-11-03T20:19:11.772+0000] {logging_mixin.py:151} INFO - [2023-11-03T20:19:11.771+0000] {dagbag.py:539} INFO - Filling up the DagBag from /opt/airflow/dags/dag.py
[2023-11-03T20:19:15.454+0000] {processor.py:839} INFO - DAG(s) dict_keys(['random_names']) retrieved from /opt/airflow/dags/dag.py
[2023-11-03T20:19:20.833+0000] {logging_mixin.py:151} INFO - [2023-11-03T20:19:20.833+0000] {dag.py:2915} INFO - Sync 1 DAGs
[2023-11-03T20:19:21.301+0000] {logging_mixin.py:151} INFO - [2023-11-03T20:19:21.300+0000] {dag.py:3696} INFO - Setting next_dagrun for random_names to 2023-11-03T20:15:00+00:00, run_after=2023-11-03T20:20:00+00:00
[2023-11-03T20:19:21.681+0000] {processor.py:179} INFO - Processing /opt/airflow/dags/dag.py took 10.107 seconds
[2023-11-03T20:19:52.504+0000] {processor.py:157} INFO - Started process (PID=895) to work on /opt/airflow/dags/dag.py
[2023-11-03T20:19:52.652+0000] {processor.py:829} INFO - Processing file /opt/airflow/dags/dag.py for tasks to queue
[2023-11-03T20:19:52.653+0000] {logging_mixin.py:151} INFO - [2023-11-03T20:19:52.652+0000] {dagbag.py:539} INFO - Filling up the DagBag from /opt/airflow/dags/dag.py
[2023-11-03T20:19:53.369+0000] {processor.py:839} INFO - DAG(s) dict_keys(['random_names']) retrieved from /opt/airflow/dags/dag.py
[2023-11-03T20:19:53.487+0000] {logging_mixin.py:151} INFO - [2023-11-03T20:19:53.486+0000] {dag.py:2915} INFO - Sync 1 DAGs
[2023-11-03T20:19:53.512+0000] {logging_mixin.py:151} INFO - [2023-11-03T20:19:53.512+0000] {dag.py:3696} INFO - Setting next_dagrun for random_names to 2023-11-03T20:15:00+00:00, run_after=2023-11-03T20:20:00+00:00
[2023-11-03T20:19:53.549+0000] {processor.py:179} INFO - Processing /opt/airflow/dags/dag.py took 1.048 seconds
[2023-11-03T20:20:23.777+0000] {processor.py:157} INFO - Started process (PID=907) to work on /opt/airflow/dags/dag.py
[2023-11-03T20:20:23.779+0000] {processor.py:829} INFO - Processing file /opt/airflow/dags/dag.py for tasks to queue
[2023-11-03T20:20:23.779+0000] {logging_mixin.py:151} INFO - [2023-11-03T20:20:23.779+0000] {dagbag.py:539} INFO - Filling up the DagBag from /opt/airflow/dags/dag.py
[2023-11-03T20:20:23.831+0000] {processor.py:839} INFO - DAG(s) dict_keys(['random_names']) retrieved from /opt/airflow/dags/dag.py
[2023-11-03T20:20:23.901+0000] {logging_mixin.py:151} INFO - [2023-11-03T20:20:23.901+0000] {dag.py:2915} INFO - Sync 1 DAGs
[2023-11-03T20:20:23.926+0000] {logging_mixin.py:151} INFO - [2023-11-03T20:20:23.925+0000] {dag.py:3696} INFO - Setting next_dagrun for random_names to 2023-11-03T20:15:00+00:00, run_after=2023-11-03T20:20:00+00:00
[2023-11-03T20:20:23.956+0000] {processor.py:179} INFO - Processing /opt/airflow/dags/dag.py took 0.183 seconds
[2023-11-03T20:20:54.911+0000] {processor.py:157} INFO - Started process (PID=919) to work on /opt/airflow/dags/dag.py
[2023-11-03T20:20:55.736+0000] {processor.py:829} INFO - Processing file /opt/airflow/dags/dag.py for tasks to queue
[2023-11-03T20:20:55.739+0000] {logging_mixin.py:151} INFO - [2023-11-03T20:20:55.738+0000] {dagbag.py:539} INFO - Filling up the DagBag from /opt/airflow/dags/dag.py
